<!DOCTYPE html>
<html>
<head>
<meta http-equiv="Content-Type" content="text/html; charset=utf-8"/>
<meta http-equiv="x-ua-compatible" content="IE=edge"/>
<title>Test results - Class ingraph.cypher2relalg.tck.tests.ColumnNameAcceptanceParserTest</title>
<link href="../css/base-style.css" rel="stylesheet" type="text/css"/>
<link href="../css/style.css" rel="stylesheet" type="text/css"/>
<script src="../js/report.js" type="text/javascript"></script>
</head>
<body>
<div id="content">
<h1>Class ingraph.cypher2relalg.tck.tests.ColumnNameAcceptanceParserTest</h1>
<div class="breadcrumbs">
<a href="../index.html">all</a> &gt; 
<a href="../packages/ingraph.cypher2relalg.tck.tests.html">ingraph.cypher2relalg.tck.tests</a> &gt; ColumnNameAcceptanceParserTest</div>
<div id="summary">
<table>
<tr>
<td>
<div class="summaryGroup">
<table>
<tr>
<td>
<div class="infoBox" id="tests">
<div class="counter">4</div>
<p>tests</p>
</div>
</td>
<td>
<div class="infoBox" id="failures">
<div class="counter">3</div>
<p>failures</p>
</div>
</td>
<td>
<div class="infoBox" id="ignored">
<div class="counter">0</div>
<p>ignored</p>
</div>
</td>
<td>
<div class="infoBox" id="duration">
<div class="counter">1.005s</div>
<p>duration</p>
</div>
</td>
</tr>
</table>
</div>
</td>
<td>
<div class="infoBox failures" id="successRate">
<div class="percent">25%</div>
<p>successful</p>
</div>
</td>
</tr>
</table>
</div>
<div id="tabs">
<ul class="tabLinks">
<li>
<a href="#tab0">Failed tests</a>
</li>
<li>
<a href="#tab1">Tests</a>
</li>
<li>
<a href="#tab2">Standard error</a>
</li>
</ul>
<div id="tab0" class="tab">
<h2>Failed tests</h2>
<div class="test">
<a name="testColumnNameAcceptance_02"></a>
<h3 class="failures">testColumnNameAcceptance_02</h3>
<span class="code">
<pre>java.lang.UnsupportedOperationException: Not supported (yet) Variable assignment not supported for PatternPart (in MATCH clause)
	at ingraph.cypher2relalg.util.IngraphLogger.unsupported(IngraphLogger.java:75)
	at ingraph.cypher2relalg.RelalgBuilder._buildRelalg(RelalgBuilder.java:1470)
	at ingraph.cypher2relalg.RelalgBuilder.buildRelalg(RelalgBuilder.java:1632)
	at ingraph.cypher2relalg.RelalgBuilder.lambda$_buildRelalg$17(RelalgBuilder.java:658)
	at org.eclipse.xtext.xbase.lib.internal.FunctionDelegate.apply(FunctionDelegate.java:42)
	at com.google.common.collect.Lists$TransformingRandomAccessList$1.transform(Lists.java:651)
	at com.google.common.collect.TransformedIterator.next(TransformedIterator.java:47)
	at ingraph.cypher2relalg.util.Cypher2RelalgUtil.buildLeftDeepTree(Cypher2RelalgUtil.java:69)
	at ingraph.cypher2relalg.RelalgBuilder.lambda$_buildRelalg$18(RelalgBuilder.java:667)
	at org.eclipse.xtext.xbase.lib.ObjectExtensions.operator_doubleArrow(ObjectExtensions.java:139)
	at ingraph.cypher2relalg.RelalgBuilder._buildRelalg(RelalgBuilder.java:670)
	at ingraph.cypher2relalg.RelalgBuilder.buildRelalg(RelalgBuilder.java:1628)
	at ingraph.cypher2relalg.RelalgBuilder.lambda$null$2(RelalgBuilder.java:329)
	at org.eclipse.xtext.xbase.lib.ObjectExtensions.operator_doubleArrow(ObjectExtensions.java:139)
	at ingraph.cypher2relalg.RelalgBuilder.lambda$_buildRelalgSubQuery$3(RelalgBuilder.java:332)
	at org.eclipse.xtext.xbase.lib.internal.FunctionDelegate.apply(FunctionDelegate.java:42)
	at com.google.common.collect.Iterators$7.transform(Iterators.java:750)
	at com.google.common.collect.TransformedIterator.next(TransformedIterator.java:47)
	at org.eclipse.xtext.xbase.lib.IteratorExtensions.head(IteratorExtensions.java:140)
	at org.eclipse.xtext.xbase.lib.IterableExtensions.head(IterableExtensions.java:119)
	at ingraph.cypher2relalg.RelalgBuilder._buildRelalgSubQuery(RelalgBuilder.java:338)
	at ingraph.cypher2relalg.RelalgBuilder._buildRelalg(RelalgBuilder.java:283)
	at ingraph.cypher2relalg.RelalgBuilder.buildRelalg(RelalgBuilder.java:1622)
	at ingraph.cypher2relalg.RelalgBuilder.build(RelalgBuilder.java:214)
	at ingraph.cypher2relalg.Cypher2Relalg.processCypher(Cypher2Relalg.java:22)
	at ingraph.cypher2relalg.tck.tests.ColumnNameAcceptanceParserTest.testColumnNameAcceptance_02(ColumnNameAcceptanceParserTest.java:46)
	at sun.reflect.NativeMethodAccessorImpl.invoke0(Native Method)
	at sun.reflect.NativeMethodAccessorImpl.invoke(NativeMethodAccessorImpl.java:62)
	at sun.reflect.DelegatingMethodAccessorImpl.invoke(DelegatingMethodAccessorImpl.java:43)
	at java.lang.reflect.Method.invoke(Method.java:498)
	at org.junit.runners.model.FrameworkMethod$1.runReflectiveCall(FrameworkMethod.java:50)
	at org.junit.internal.runners.model.ReflectiveCallable.run(ReflectiveCallable.java:12)
	at org.junit.runners.model.FrameworkMethod.invokeExplosively(FrameworkMethod.java:47)
	at org.junit.internal.runners.statements.InvokeMethod.evaluate(InvokeMethod.java:17)
	at org.junit.runners.ParentRunner.runLeaf(ParentRunner.java:325)
	at org.junit.runners.BlockJUnit4ClassRunner.runChild(BlockJUnit4ClassRunner.java:78)
	at org.junit.runners.BlockJUnit4ClassRunner.runChild(BlockJUnit4ClassRunner.java:57)
	at org.junit.runners.ParentRunner$3.run(ParentRunner.java:290)
	at org.junit.runners.ParentRunner$1.schedule(ParentRunner.java:71)
	at org.junit.runners.ParentRunner.runChildren(ParentRunner.java:288)
	at org.junit.runners.ParentRunner.access$000(ParentRunner.java:58)
	at org.junit.runners.ParentRunner$2.evaluate(ParentRunner.java:268)
	at org.junit.runners.ParentRunner.run(ParentRunner.java:363)
	at org.gradle.api.internal.tasks.testing.junit.JUnitTestClassExecuter.runTestClass(JUnitTestClassExecuter.java:114)
	at org.gradle.api.internal.tasks.testing.junit.JUnitTestClassExecuter.execute(JUnitTestClassExecuter.java:57)
	at org.gradle.api.internal.tasks.testing.junit.JUnitTestClassProcessor.processTestClass(JUnitTestClassProcessor.java:66)
	at org.gradle.api.internal.tasks.testing.SuiteTestClassProcessor.processTestClass(SuiteTestClassProcessor.java:51)
	at sun.reflect.NativeMethodAccessorImpl.invoke0(Native Method)
	at sun.reflect.NativeMethodAccessorImpl.invoke(NativeMethodAccessorImpl.java:62)
	at sun.reflect.DelegatingMethodAccessorImpl.invoke(DelegatingMethodAccessorImpl.java:43)
	at java.lang.reflect.Method.invoke(Method.java:498)
	at org.gradle.internal.dispatch.ReflectionDispatch.dispatch(ReflectionDispatch.java:35)
	at org.gradle.internal.dispatch.ReflectionDispatch.dispatch(ReflectionDispatch.java:24)
	at org.gradle.internal.dispatch.ContextClassLoaderDispatch.dispatch(ContextClassLoaderDispatch.java:32)
	at org.gradle.internal.dispatch.ProxyDispatchAdapter$DispatchingInvocationHandler.invoke(ProxyDispatchAdapter.java:93)
	at com.sun.proxy.$Proxy2.processTestClass(Unknown Source)
	at org.gradle.api.internal.tasks.testing.worker.TestWorker.processTestClass(TestWorker.java:109)
	at sun.reflect.NativeMethodAccessorImpl.invoke0(Native Method)
	at sun.reflect.NativeMethodAccessorImpl.invoke(NativeMethodAccessorImpl.java:62)
	at sun.reflect.DelegatingMethodAccessorImpl.invoke(DelegatingMethodAccessorImpl.java:43)
	at java.lang.reflect.Method.invoke(Method.java:498)
	at org.gradle.internal.dispatch.ReflectionDispatch.dispatch(ReflectionDispatch.java:35)
	at org.gradle.internal.dispatch.ReflectionDispatch.dispatch(ReflectionDispatch.java:24)
	at org.gradle.internal.remote.internal.hub.MessageHub$Handler.run(MessageHub.java:377)
	at org.gradle.internal.concurrent.ExecutorPolicy$CatchAndRecordFailures.onExecute(ExecutorPolicy.java:54)
	at org.gradle.internal.concurrent.StoppableExecutorImpl$1.run(StoppableExecutorImpl.java:40)
	at java.util.concurrent.ThreadPoolExecutor.runWorker(ThreadPoolExecutor.java:1142)
	at java.util.concurrent.ThreadPoolExecutor$Worker.run(ThreadPoolExecutor.java:617)
	at java.lang.Thread.run(Thread.java:745)
</pre>
</span>
</div>
<div class="test">
<a name="testColumnNameAcceptance_03"></a>
<h3 class="failures">testColumnNameAcceptance_03</h3>
<span class="code">
<pre>java.lang.UnsupportedOperationException: Not supported (yet) Variable assignment not supported for PatternPart (in MATCH clause)
	at ingraph.cypher2relalg.util.IngraphLogger.unsupported(IngraphLogger.java:75)
	at ingraph.cypher2relalg.RelalgBuilder._buildRelalg(RelalgBuilder.java:1470)
	at ingraph.cypher2relalg.RelalgBuilder.buildRelalg(RelalgBuilder.java:1632)
	at ingraph.cypher2relalg.RelalgBuilder.lambda$_buildRelalg$17(RelalgBuilder.java:658)
	at org.eclipse.xtext.xbase.lib.internal.FunctionDelegate.apply(FunctionDelegate.java:42)
	at com.google.common.collect.Lists$TransformingRandomAccessList$1.transform(Lists.java:651)
	at com.google.common.collect.TransformedIterator.next(TransformedIterator.java:47)
	at ingraph.cypher2relalg.util.Cypher2RelalgUtil.buildLeftDeepTree(Cypher2RelalgUtil.java:69)
	at ingraph.cypher2relalg.RelalgBuilder.lambda$_buildRelalg$18(RelalgBuilder.java:667)
	at org.eclipse.xtext.xbase.lib.ObjectExtensions.operator_doubleArrow(ObjectExtensions.java:139)
	at ingraph.cypher2relalg.RelalgBuilder._buildRelalg(RelalgBuilder.java:670)
	at ingraph.cypher2relalg.RelalgBuilder.buildRelalg(RelalgBuilder.java:1628)
	at ingraph.cypher2relalg.RelalgBuilder.lambda$null$2(RelalgBuilder.java:329)
	at org.eclipse.xtext.xbase.lib.ObjectExtensions.operator_doubleArrow(ObjectExtensions.java:139)
	at ingraph.cypher2relalg.RelalgBuilder.lambda$_buildRelalgSubQuery$3(RelalgBuilder.java:332)
	at org.eclipse.xtext.xbase.lib.internal.FunctionDelegate.apply(FunctionDelegate.java:42)
	at com.google.common.collect.Iterators$7.transform(Iterators.java:750)
	at com.google.common.collect.TransformedIterator.next(TransformedIterator.java:47)
	at org.eclipse.xtext.xbase.lib.IteratorExtensions.head(IteratorExtensions.java:140)
	at org.eclipse.xtext.xbase.lib.IterableExtensions.head(IterableExtensions.java:119)
	at ingraph.cypher2relalg.RelalgBuilder._buildRelalgSubQuery(RelalgBuilder.java:338)
	at ingraph.cypher2relalg.RelalgBuilder._buildRelalg(RelalgBuilder.java:283)
	at ingraph.cypher2relalg.RelalgBuilder.buildRelalg(RelalgBuilder.java:1622)
	at ingraph.cypher2relalg.RelalgBuilder.build(RelalgBuilder.java:214)
	at ingraph.cypher2relalg.Cypher2Relalg.processCypher(Cypher2Relalg.java:22)
	at ingraph.cypher2relalg.tck.tests.ColumnNameAcceptanceParserTest.testColumnNameAcceptance_03(ColumnNameAcceptanceParserTest.java:63)
	at sun.reflect.NativeMethodAccessorImpl.invoke0(Native Method)
	at sun.reflect.NativeMethodAccessorImpl.invoke(NativeMethodAccessorImpl.java:62)
	at sun.reflect.DelegatingMethodAccessorImpl.invoke(DelegatingMethodAccessorImpl.java:43)
	at java.lang.reflect.Method.invoke(Method.java:498)
	at org.junit.runners.model.FrameworkMethod$1.runReflectiveCall(FrameworkMethod.java:50)
	at org.junit.internal.runners.model.ReflectiveCallable.run(ReflectiveCallable.java:12)
	at org.junit.runners.model.FrameworkMethod.invokeExplosively(FrameworkMethod.java:47)
	at org.junit.internal.runners.statements.InvokeMethod.evaluate(InvokeMethod.java:17)
	at org.junit.runners.ParentRunner.runLeaf(ParentRunner.java:325)
	at org.junit.runners.BlockJUnit4ClassRunner.runChild(BlockJUnit4ClassRunner.java:78)
	at org.junit.runners.BlockJUnit4ClassRunner.runChild(BlockJUnit4ClassRunner.java:57)
	at org.junit.runners.ParentRunner$3.run(ParentRunner.java:290)
	at org.junit.runners.ParentRunner$1.schedule(ParentRunner.java:71)
	at org.junit.runners.ParentRunner.runChildren(ParentRunner.java:288)
	at org.junit.runners.ParentRunner.access$000(ParentRunner.java:58)
	at org.junit.runners.ParentRunner$2.evaluate(ParentRunner.java:268)
	at org.junit.runners.ParentRunner.run(ParentRunner.java:363)
	at org.gradle.api.internal.tasks.testing.junit.JUnitTestClassExecuter.runTestClass(JUnitTestClassExecuter.java:114)
	at org.gradle.api.internal.tasks.testing.junit.JUnitTestClassExecuter.execute(JUnitTestClassExecuter.java:57)
	at org.gradle.api.internal.tasks.testing.junit.JUnitTestClassProcessor.processTestClass(JUnitTestClassProcessor.java:66)
	at org.gradle.api.internal.tasks.testing.SuiteTestClassProcessor.processTestClass(SuiteTestClassProcessor.java:51)
	at sun.reflect.NativeMethodAccessorImpl.invoke0(Native Method)
	at sun.reflect.NativeMethodAccessorImpl.invoke(NativeMethodAccessorImpl.java:62)
	at sun.reflect.DelegatingMethodAccessorImpl.invoke(DelegatingMethodAccessorImpl.java:43)
	at java.lang.reflect.Method.invoke(Method.java:498)
	at org.gradle.internal.dispatch.ReflectionDispatch.dispatch(ReflectionDispatch.java:35)
	at org.gradle.internal.dispatch.ReflectionDispatch.dispatch(ReflectionDispatch.java:24)
	at org.gradle.internal.dispatch.ContextClassLoaderDispatch.dispatch(ContextClassLoaderDispatch.java:32)
	at org.gradle.internal.dispatch.ProxyDispatchAdapter$DispatchingInvocationHandler.invoke(ProxyDispatchAdapter.java:93)
	at com.sun.proxy.$Proxy2.processTestClass(Unknown Source)
	at org.gradle.api.internal.tasks.testing.worker.TestWorker.processTestClass(TestWorker.java:109)
	at sun.reflect.NativeMethodAccessorImpl.invoke0(Native Method)
	at sun.reflect.NativeMethodAccessorImpl.invoke(NativeMethodAccessorImpl.java:62)
	at sun.reflect.DelegatingMethodAccessorImpl.invoke(DelegatingMethodAccessorImpl.java:43)
	at java.lang.reflect.Method.invoke(Method.java:498)
	at org.gradle.internal.dispatch.ReflectionDispatch.dispatch(ReflectionDispatch.java:35)
	at org.gradle.internal.dispatch.ReflectionDispatch.dispatch(ReflectionDispatch.java:24)
	at org.gradle.internal.remote.internal.hub.MessageHub$Handler.run(MessageHub.java:377)
	at org.gradle.internal.concurrent.ExecutorPolicy$CatchAndRecordFailures.onExecute(ExecutorPolicy.java:54)
	at org.gradle.internal.concurrent.StoppableExecutorImpl$1.run(StoppableExecutorImpl.java:40)
	at java.util.concurrent.ThreadPoolExecutor.runWorker(ThreadPoolExecutor.java:1142)
	at java.util.concurrent.ThreadPoolExecutor$Worker.run(ThreadPoolExecutor.java:617)
	at java.lang.Thread.run(Thread.java:745)
</pre>
</span>
</div>
<div class="test">
<a name="testColumnNameAcceptance_04"></a>
<h3 class="failures">testColumnNameAcceptance_04</h3>
<span class="code">
<pre>java.lang.UnsupportedOperationException: Not supported (yet) Variable assignment not supported for PatternPart (in MATCH clause)
	at ingraph.cypher2relalg.util.IngraphLogger.unsupported(IngraphLogger.java:75)
	at ingraph.cypher2relalg.RelalgBuilder._buildRelalg(RelalgBuilder.java:1470)
	at ingraph.cypher2relalg.RelalgBuilder.buildRelalg(RelalgBuilder.java:1632)
	at ingraph.cypher2relalg.RelalgBuilder.lambda$_buildRelalg$17(RelalgBuilder.java:658)
	at org.eclipse.xtext.xbase.lib.internal.FunctionDelegate.apply(FunctionDelegate.java:42)
	at com.google.common.collect.Lists$TransformingRandomAccessList$1.transform(Lists.java:651)
	at com.google.common.collect.TransformedIterator.next(TransformedIterator.java:47)
	at ingraph.cypher2relalg.util.Cypher2RelalgUtil.buildLeftDeepTree(Cypher2RelalgUtil.java:69)
	at ingraph.cypher2relalg.RelalgBuilder.lambda$_buildRelalg$18(RelalgBuilder.java:667)
	at org.eclipse.xtext.xbase.lib.ObjectExtensions.operator_doubleArrow(ObjectExtensions.java:139)
	at ingraph.cypher2relalg.RelalgBuilder._buildRelalg(RelalgBuilder.java:670)
	at ingraph.cypher2relalg.RelalgBuilder.buildRelalg(RelalgBuilder.java:1628)
	at ingraph.cypher2relalg.RelalgBuilder.lambda$null$2(RelalgBuilder.java:329)
	at org.eclipse.xtext.xbase.lib.ObjectExtensions.operator_doubleArrow(ObjectExtensions.java:139)
	at ingraph.cypher2relalg.RelalgBuilder.lambda$_buildRelalgSubQuery$3(RelalgBuilder.java:332)
	at org.eclipse.xtext.xbase.lib.internal.FunctionDelegate.apply(FunctionDelegate.java:42)
	at com.google.common.collect.Iterators$7.transform(Iterators.java:750)
	at com.google.common.collect.TransformedIterator.next(TransformedIterator.java:47)
	at org.eclipse.xtext.xbase.lib.IteratorExtensions.head(IteratorExtensions.java:140)
	at org.eclipse.xtext.xbase.lib.IterableExtensions.head(IterableExtensions.java:119)
	at ingraph.cypher2relalg.RelalgBuilder._buildRelalgSubQuery(RelalgBuilder.java:338)
	at ingraph.cypher2relalg.RelalgBuilder._buildRelalg(RelalgBuilder.java:283)
	at ingraph.cypher2relalg.RelalgBuilder.buildRelalg(RelalgBuilder.java:1622)
	at ingraph.cypher2relalg.RelalgBuilder.build(RelalgBuilder.java:214)
	at ingraph.cypher2relalg.Cypher2Relalg.processCypher(Cypher2Relalg.java:22)
	at ingraph.cypher2relalg.tck.tests.ColumnNameAcceptanceParserTest.testColumnNameAcceptance_04(ColumnNameAcceptanceParserTest.java:80)
	at sun.reflect.NativeMethodAccessorImpl.invoke0(Native Method)
	at sun.reflect.NativeMethodAccessorImpl.invoke(NativeMethodAccessorImpl.java:62)
	at sun.reflect.DelegatingMethodAccessorImpl.invoke(DelegatingMethodAccessorImpl.java:43)
	at java.lang.reflect.Method.invoke(Method.java:498)
	at org.junit.runners.model.FrameworkMethod$1.runReflectiveCall(FrameworkMethod.java:50)
	at org.junit.internal.runners.model.ReflectiveCallable.run(ReflectiveCallable.java:12)
	at org.junit.runners.model.FrameworkMethod.invokeExplosively(FrameworkMethod.java:47)
	at org.junit.internal.runners.statements.InvokeMethod.evaluate(InvokeMethod.java:17)
	at org.junit.runners.ParentRunner.runLeaf(ParentRunner.java:325)
	at org.junit.runners.BlockJUnit4ClassRunner.runChild(BlockJUnit4ClassRunner.java:78)
	at org.junit.runners.BlockJUnit4ClassRunner.runChild(BlockJUnit4ClassRunner.java:57)
	at org.junit.runners.ParentRunner$3.run(ParentRunner.java:290)
	at org.junit.runners.ParentRunner$1.schedule(ParentRunner.java:71)
	at org.junit.runners.ParentRunner.runChildren(ParentRunner.java:288)
	at org.junit.runners.ParentRunner.access$000(ParentRunner.java:58)
	at org.junit.runners.ParentRunner$2.evaluate(ParentRunner.java:268)
	at org.junit.runners.ParentRunner.run(ParentRunner.java:363)
	at org.gradle.api.internal.tasks.testing.junit.JUnitTestClassExecuter.runTestClass(JUnitTestClassExecuter.java:114)
	at org.gradle.api.internal.tasks.testing.junit.JUnitTestClassExecuter.execute(JUnitTestClassExecuter.java:57)
	at org.gradle.api.internal.tasks.testing.junit.JUnitTestClassProcessor.processTestClass(JUnitTestClassProcessor.java:66)
	at org.gradle.api.internal.tasks.testing.SuiteTestClassProcessor.processTestClass(SuiteTestClassProcessor.java:51)
	at sun.reflect.NativeMethodAccessorImpl.invoke0(Native Method)
	at sun.reflect.NativeMethodAccessorImpl.invoke(NativeMethodAccessorImpl.java:62)
	at sun.reflect.DelegatingMethodAccessorImpl.invoke(DelegatingMethodAccessorImpl.java:43)
	at java.lang.reflect.Method.invoke(Method.java:498)
	at org.gradle.internal.dispatch.ReflectionDispatch.dispatch(ReflectionDispatch.java:35)
	at org.gradle.internal.dispatch.ReflectionDispatch.dispatch(ReflectionDispatch.java:24)
	at org.gradle.internal.dispatch.ContextClassLoaderDispatch.dispatch(ContextClassLoaderDispatch.java:32)
	at org.gradle.internal.dispatch.ProxyDispatchAdapter$DispatchingInvocationHandler.invoke(ProxyDispatchAdapter.java:93)
	at com.sun.proxy.$Proxy2.processTestClass(Unknown Source)
	at org.gradle.api.internal.tasks.testing.worker.TestWorker.processTestClass(TestWorker.java:109)
	at sun.reflect.NativeMethodAccessorImpl.invoke0(Native Method)
	at sun.reflect.NativeMethodAccessorImpl.invoke(NativeMethodAccessorImpl.java:62)
	at sun.reflect.DelegatingMethodAccessorImpl.invoke(DelegatingMethodAccessorImpl.java:43)
	at java.lang.reflect.Method.invoke(Method.java:498)
	at org.gradle.internal.dispatch.ReflectionDispatch.dispatch(ReflectionDispatch.java:35)
	at org.gradle.internal.dispatch.ReflectionDispatch.dispatch(ReflectionDispatch.java:24)
	at org.gradle.internal.remote.internal.hub.MessageHub$Handler.run(MessageHub.java:377)
	at org.gradle.internal.concurrent.ExecutorPolicy$CatchAndRecordFailures.onExecute(ExecutorPolicy.java:54)
	at org.gradle.internal.concurrent.StoppableExecutorImpl$1.run(StoppableExecutorImpl.java:40)
	at java.util.concurrent.ThreadPoolExecutor.runWorker(ThreadPoolExecutor.java:1142)
	at java.util.concurrent.ThreadPoolExecutor$Worker.run(ThreadPoolExecutor.java:617)
	at java.lang.Thread.run(Thread.java:745)
</pre>
</span>
</div>
</div>
<div id="tab1" class="tab">
<h2>Tests</h2>
<table>
<thead>
<tr>
<th>Test</th>
<th>Duration</th>
<th>Result</th>
</tr>
</thead>
<tr>
<td class="success">testColumnNameAcceptance_01</td>
<td>0.179s</td>
<td class="success">passed</td>
</tr>
<tr>
<td class="failures">testColumnNameAcceptance_02</td>
<td>0.474s</td>
<td class="failures">failed</td>
</tr>
<tr>
<td class="failures">testColumnNameAcceptance_03</td>
<td>0.182s</td>
<td class="failures">failed</td>
</tr>
<tr>
<td class="failures">testColumnNameAcceptance_04</td>
<td>0.170s</td>
<td class="failures">failed</td>
</tr>
</table>
</div>
<div id="tab2" class="tab">
<h2>Standard error</h2>
<span class="code">
<pre>Mar 03, 2017 8:49:48 AM ingraph.cypher2relalg.util.IngraphLogger log
SEVERE: Variable assignment not supported for PatternPart (in MATCH clause)
Mar 03, 2017 8:49:48 AM ingraph.cypher2relalg.util.IngraphLogger log
SEVERE: Variable assignment not supported for PatternPart (in MATCH clause)
Mar 03, 2017 8:49:48 AM ingraph.cypher2relalg.util.IngraphLogger log
SEVERE: Variable assignment not supported for PatternPart (in MATCH clause)
Mar 03, 2017 8:49:48 AM ingraph.cypher2relalg.util.IngraphLogger log
SEVERE: Variable assignment not supported for PatternPart (in MATCH clause)
Mar 03, 2017 8:49:48 AM ingraph.cypher2relalg.util.IngraphLogger log
SEVERE: Variable assignment not supported for PatternPart (in MATCH clause)
Mar 03, 2017 8:49:48 AM ingraph.cypher2relalg.util.IngraphLogger log
SEVERE: Variable assignment not supported for PatternPart (in MATCH clause)
Mar 03, 2017 8:49:48 AM ingraph.cypher2relalg.util.IngraphLogger log
SEVERE: Variable assignment not supported for PatternPart (in MATCH clause)
Mar 03, 2017 8:49:48 AM ingraph.cypher2relalg.util.IngraphLogger log
SEVERE: Variable assignment not supported for PatternPart (in MATCH clause)
Mar 03, 2017 8:49:48 AM ingraph.cypher2relalg.util.IngraphLogger log
SEVERE: Variable assignment not supported for PatternPart (in MATCH clause)
Mar 03, 2017 8:49:48 AM ingraph.cypher2relalg.util.IngraphLogger log
SEVERE: Variable assignment not supported for PatternPart (in MATCH clause)
Mar 03, 2017 8:49:48 AM ingraph.cypher2relalg.util.IngraphLogger log
SEVERE: Variable assignment not supported for PatternPart (in MATCH clause)
Mar 03, 2017 8:49:48 AM ingraph.cypher2relalg.util.IngraphLogger log
SEVERE: Variable assignment not supported for PatternPart (in MATCH clause)
Mar 03, 2017 8:49:48 AM ingraph.cypher2relalg.util.IngraphLogger log
SEVERE: Variable assignment not supported for PatternPart (in MATCH clause)
Mar 03, 2017 8:49:48 AM ingraph.cypher2relalg.util.IngraphLogger log
SEVERE: Variable assignment not supported for PatternPart (in MATCH clause)
Mar 03, 2017 8:49:48 AM ingraph.cypher2relalg.util.IngraphLogger log
SEVERE: Variable assignment not supported for PatternPart (in MATCH clause)
Mar 03, 2017 8:49:48 AM ingraph.cypher2relalg.util.IngraphLogger log
SEVERE: Variable assignment not supported for PatternPart (in MATCH clause)
Mar 03, 2017 8:49:48 AM ingraph.cypher2relalg.util.IngraphLogger log
SEVERE: Variable assignment not supported for PatternPart (in MATCH clause)
Mar 03, 2017 8:49:48 AM ingraph.cypher2relalg.util.IngraphLogger log
SEVERE: Variable assignment not supported for PatternPart (in MATCH clause)
Mar 03, 2017 8:49:48 AM ingraph.cypher2relalg.util.IngraphLogger log
SEVERE: Variable assignment not supported for PatternPart (in MATCH clause)
Mar 03, 2017 8:49:48 AM ingraph.cypher2relalg.util.IngraphLogger log
SEVERE: Variable assignment not supported for PatternPart (in MATCH clause)
Mar 03, 2017 8:49:48 AM ingraph.cypher2relalg.util.IngraphLogger log
SEVERE: Variable assignment not supported for PatternPart (in MATCH clause)
Mar 03, 2017 8:49:48 AM ingraph.cypher2relalg.util.IngraphLogger log
SEVERE: Variable assignment not supported for PatternPart (in MATCH clause)
Mar 03, 2017 8:49:48 AM ingraph.cypher2relalg.util.IngraphLogger log
SEVERE: Variable assignment not supported for PatternPart (in MATCH clause)
Mar 03, 2017 8:49:48 AM ingraph.cypher2relalg.util.IngraphLogger log
SEVERE: Variable assignment not supported for PatternPart (in MATCH clause)
</pre>
</span>
</div>
</div>
<div id="footer">
<p>
<div>
<label class="hidden" id="label-for-line-wrapping-toggle" for="line-wrapping-toggle">Wrap lines
<input id="line-wrapping-toggle" type="checkbox" autocomplete="off"/>
</label>
</div>Generated by 
<a href="http://www.gradle.org">Gradle 3.0</a> at Mar 3, 2017 8:50:47 AM</p>
</div>
</div>
</body>
</html>
