<!DOCTYPE html>
<html>
<head>
<meta http-equiv="Content-Type" content="text/html; charset=utf-8"/>
<meta http-equiv="x-ua-compatible" content="IE=edge"/>
<title>Test results - Class ingraph.cypher2relalg.tck.tests.AggregationAcceptanceParserTest</title>
<link href="../css/base-style.css" rel="stylesheet" type="text/css"/>
<link href="../css/style.css" rel="stylesheet" type="text/css"/>
<script src="../js/report.js" type="text/javascript"></script>
</head>
<body>
<div id="content">
<h1>Class ingraph.cypher2relalg.tck.tests.AggregationAcceptanceParserTest</h1>
<div class="breadcrumbs">
<a href="../index.html">all</a> &gt; 
<a href="../packages/ingraph.cypher2relalg.tck.tests.html">ingraph.cypher2relalg.tck.tests</a> &gt; AggregationAcceptanceParserTest</div>
<div id="summary">
<table>
<tr>
<td>
<div class="summaryGroup">
<table>
<tr>
<td>
<div class="infoBox" id="tests">
<div class="counter">25</div>
<p>tests</p>
</div>
</td>
<td>
<div class="infoBox" id="failures">
<div class="counter">10</div>
<p>failures</p>
</div>
</td>
<td>
<div class="infoBox" id="ignored">
<div class="counter">0</div>
<p>ignored</p>
</div>
</td>
<td>
<div class="infoBox" id="duration">
<div class="counter">21.442s</div>
<p>duration</p>
</div>
</td>
</tr>
</table>
</div>
</td>
<td>
<div class="infoBox failures" id="successRate">
<div class="percent">60%</div>
<p>successful</p>
</div>
</td>
</tr>
</table>
</div>
<div id="tabs">
<ul class="tabLinks">
<li>
<a href="#tab0">Failed tests</a>
</li>
<li>
<a href="#tab1">Tests</a>
</li>
<li>
<a href="#tab2">Standard error</a>
</li>
</ul>
<div id="tab0" class="tab">
<h2>Failed tests</h2>
<div class="test">
<a name="testAggregationAcceptance_03"></a>
<h3 class="failures">testAggregationAcceptance_03</h3>
<span class="code">
<pre>java.lang.IllegalArgumentException: No enum constant relalg.function.Function.COLLECT
	at java.lang.Enum.valueOf(Enum.java:238)
	at relalg.function.Function.valueOf(Function.java:20)
	at ingraph.cypher2relalg.RelalgBuilder.populateFunctionExpression(RelalgBuilder.java:1607)
	at ingraph.cypher2relalg.RelalgBuilder._buildRelalgExpression(RelalgBuilder.java:1147)
	at ingraph.cypher2relalg.RelalgBuilder.buildRelalgExpression(RelalgBuilder.java:1720)
	at ingraph.cypher2relalg.RelalgBuilder.lambda$populateFunctionExpression$64(RelalgBuilder.java:1612)
	at org.eclipse.xtext.xbase.lib.internal.FunctionDelegate.apply(FunctionDelegate.java:42)
	at com.google.common.collect.Lists$TransformingRandomAccessList$1.transform(Lists.java:651)
	at com.google.common.collect.TransformedIterator.next(TransformedIterator.java:47)
	at java.util.AbstractCollection.addAll(AbstractCollection.java:343)
	at java.util.LinkedHashSet.&lt;init&gt;(LinkedHashSet.java:169)
	at org.eclipse.emf.common.util.AbstractEList.getNonDuplicates(AbstractEList.java:1164)
	at org.eclipse.emf.common.util.AbstractEList.addAll(AbstractEList.java:368)
	at ingraph.cypher2relalg.RelalgBuilder.populateFunctionExpression(RelalgBuilder.java:1615)
	at ingraph.cypher2relalg.RelalgBuilder._buildRelalgExpression(RelalgBuilder.java:1147)
	at ingraph.cypher2relalg.RelalgBuilder.buildRelalgExpression(RelalgBuilder.java:1720)
	at ingraph.cypher2relalg.RelalgBuilder.lambda$null$8(RelalgBuilder.java:450)
	at org.eclipse.xtext.xbase.lib.internal.FunctionDelegate.apply(FunctionDelegate.java:42)
	at com.google.common.collect.Lists$TransformingRandomAccessList$1.transform(Lists.java:651)
	at com.google.common.collect.TransformedIterator.next(TransformedIterator.java:47)
	at java.util.AbstractCollection.addAll(AbstractCollection.java:343)
	at java.util.LinkedHashSet.&lt;init&gt;(LinkedHashSet.java:169)
	at org.eclipse.emf.common.util.AbstractEList.getNonDuplicates(AbstractEList.java:1164)
	at org.eclipse.emf.common.util.AbstractEList.addAll(AbstractEList.java:368)
	at ingraph.cypher2relalg.RelalgBuilder.lambda$buildRelalgReturnBody$9(RelalgBuilder.java:454)
	at org.eclipse.xtext.xbase.lib.ObjectExtensions.operator_doubleArrow(ObjectExtensions.java:139)
	at ingraph.cypher2relalg.RelalgBuilder.buildRelalgReturnBody(RelalgBuilder.java:456)
	at ingraph.cypher2relalg.RelalgBuilder._buildRelalgReturn(RelalgBuilder.java:601)
	at ingraph.cypher2relalg.RelalgBuilder.buildRelalgReturn(RelalgBuilder.java:1641)
	at ingraph.cypher2relalg.RelalgBuilder._buildRelalgSubQuery(RelalgBuilder.java:363)
	at ingraph.cypher2relalg.RelalgBuilder._buildRelalg(RelalgBuilder.java:283)
	at ingraph.cypher2relalg.RelalgBuilder.buildRelalg(RelalgBuilder.java:1622)
	at ingraph.cypher2relalg.RelalgBuilder.build(RelalgBuilder.java:214)
	at ingraph.cypher2relalg.Cypher2Relalg.processCypher(Cypher2Relalg.java:22)
	at ingraph.cypher2relalg.tck.tests.AggregationAcceptanceParserTest.testAggregationAcceptance_03(AggregationAcceptanceParserTest.java:82)
	at sun.reflect.NativeMethodAccessorImpl.invoke0(Native Method)
	at sun.reflect.NativeMethodAccessorImpl.invoke(NativeMethodAccessorImpl.java:62)
	at sun.reflect.DelegatingMethodAccessorImpl.invoke(DelegatingMethodAccessorImpl.java:43)
	at java.lang.reflect.Method.invoke(Method.java:498)
	at org.junit.runners.model.FrameworkMethod$1.runReflectiveCall(FrameworkMethod.java:50)
	at org.junit.internal.runners.model.ReflectiveCallable.run(ReflectiveCallable.java:12)
	at org.junit.runners.model.FrameworkMethod.invokeExplosively(FrameworkMethod.java:47)
	at org.junit.internal.runners.statements.InvokeMethod.evaluate(InvokeMethod.java:17)
	at org.junit.runners.ParentRunner.runLeaf(ParentRunner.java:325)
	at org.junit.runners.BlockJUnit4ClassRunner.runChild(BlockJUnit4ClassRunner.java:78)
	at org.junit.runners.BlockJUnit4ClassRunner.runChild(BlockJUnit4ClassRunner.java:57)
	at org.junit.runners.ParentRunner$3.run(ParentRunner.java:290)
	at org.junit.runners.ParentRunner$1.schedule(ParentRunner.java:71)
	at org.junit.runners.ParentRunner.runChildren(ParentRunner.java:288)
	at org.junit.runners.ParentRunner.access$000(ParentRunner.java:58)
	at org.junit.runners.ParentRunner$2.evaluate(ParentRunner.java:268)
	at org.junit.runners.ParentRunner.run(ParentRunner.java:363)
	at org.gradle.api.internal.tasks.testing.junit.JUnitTestClassExecuter.runTestClass(JUnitTestClassExecuter.java:114)
	at org.gradle.api.internal.tasks.testing.junit.JUnitTestClassExecuter.execute(JUnitTestClassExecuter.java:57)
	at org.gradle.api.internal.tasks.testing.junit.JUnitTestClassProcessor.processTestClass(JUnitTestClassProcessor.java:66)
	at org.gradle.api.internal.tasks.testing.SuiteTestClassProcessor.processTestClass(SuiteTestClassProcessor.java:51)
	at sun.reflect.NativeMethodAccessorImpl.invoke0(Native Method)
	at sun.reflect.NativeMethodAccessorImpl.invoke(NativeMethodAccessorImpl.java:62)
	at sun.reflect.DelegatingMethodAccessorImpl.invoke(DelegatingMethodAccessorImpl.java:43)
	at java.lang.reflect.Method.invoke(Method.java:498)
	at org.gradle.internal.dispatch.ReflectionDispatch.dispatch(ReflectionDispatch.java:35)
	at org.gradle.internal.dispatch.ReflectionDispatch.dispatch(ReflectionDispatch.java:24)
	at org.gradle.internal.dispatch.ContextClassLoaderDispatch.dispatch(ContextClassLoaderDispatch.java:32)
	at org.gradle.internal.dispatch.ProxyDispatchAdapter$DispatchingInvocationHandler.invoke(ProxyDispatchAdapter.java:93)
	at com.sun.proxy.$Proxy2.processTestClass(Unknown Source)
	at org.gradle.api.internal.tasks.testing.worker.TestWorker.processTestClass(TestWorker.java:109)
	at sun.reflect.NativeMethodAccessorImpl.invoke0(Native Method)
	at sun.reflect.NativeMethodAccessorImpl.invoke(NativeMethodAccessorImpl.java:62)
	at sun.reflect.DelegatingMethodAccessorImpl.invoke(DelegatingMethodAccessorImpl.java:43)
	at java.lang.reflect.Method.invoke(Method.java:498)
	at org.gradle.internal.dispatch.ReflectionDispatch.dispatch(ReflectionDispatch.java:35)
	at org.gradle.internal.dispatch.ReflectionDispatch.dispatch(ReflectionDispatch.java:24)
	at org.gradle.internal.remote.internal.hub.MessageHub$Handler.run(MessageHub.java:377)
	at org.gradle.internal.concurrent.ExecutorPolicy$CatchAndRecordFailures.onExecute(ExecutorPolicy.java:54)
	at org.gradle.internal.concurrent.StoppableExecutorImpl$1.run(StoppableExecutorImpl.java:40)
	at java.util.concurrent.ThreadPoolExecutor.runWorker(ThreadPoolExecutor.java:1142)
	at java.util.concurrent.ThreadPoolExecutor$Worker.run(ThreadPoolExecutor.java:617)
	at java.lang.Thread.run(Thread.java:745)
</pre>
</span>
</div>
<div class="test">
<a name="testAggregationAcceptance_10"></a>
<h3 class="failures">testAggregationAcceptance_10</h3>
<span class="code">
<pre>java.lang.UnsupportedOperationException: Not supported (yet) Variable assignment not supported for PatternPart (in MATCH clause)
	at ingraph.cypher2relalg.util.IngraphLogger.unsupported(IngraphLogger.java:75)
	at ingraph.cypher2relalg.RelalgBuilder._buildRelalg(RelalgBuilder.java:1470)
	at ingraph.cypher2relalg.RelalgBuilder.buildRelalg(RelalgBuilder.java:1632)
	at ingraph.cypher2relalg.RelalgBuilder.lambda$_buildRelalg$17(RelalgBuilder.java:658)
	at org.eclipse.xtext.xbase.lib.internal.FunctionDelegate.apply(FunctionDelegate.java:42)
	at com.google.common.collect.Lists$TransformingRandomAccessList$1.transform(Lists.java:651)
	at com.google.common.collect.TransformedIterator.next(TransformedIterator.java:47)
	at ingraph.cypher2relalg.util.Cypher2RelalgUtil.buildLeftDeepTree(Cypher2RelalgUtil.java:69)
	at ingraph.cypher2relalg.RelalgBuilder.lambda$_buildRelalg$18(RelalgBuilder.java:667)
	at org.eclipse.xtext.xbase.lib.ObjectExtensions.operator_doubleArrow(ObjectExtensions.java:139)
	at ingraph.cypher2relalg.RelalgBuilder._buildRelalg(RelalgBuilder.java:670)
	at ingraph.cypher2relalg.RelalgBuilder.buildRelalg(RelalgBuilder.java:1628)
	at ingraph.cypher2relalg.RelalgBuilder.lambda$null$2(RelalgBuilder.java:329)
	at org.eclipse.xtext.xbase.lib.ObjectExtensions.operator_doubleArrow(ObjectExtensions.java:139)
	at ingraph.cypher2relalg.RelalgBuilder.lambda$_buildRelalgSubQuery$3(RelalgBuilder.java:332)
	at org.eclipse.xtext.xbase.lib.internal.FunctionDelegate.apply(FunctionDelegate.java:42)
	at com.google.common.collect.Iterators$7.transform(Iterators.java:750)
	at com.google.common.collect.TransformedIterator.next(TransformedIterator.java:47)
	at org.eclipse.xtext.xbase.lib.IteratorExtensions.head(IteratorExtensions.java:140)
	at org.eclipse.xtext.xbase.lib.IterableExtensions.head(IterableExtensions.java:119)
	at ingraph.cypher2relalg.RelalgBuilder._buildRelalgSubQuery(RelalgBuilder.java:338)
	at ingraph.cypher2relalg.RelalgBuilder._buildRelalg(RelalgBuilder.java:283)
	at ingraph.cypher2relalg.RelalgBuilder.buildRelalg(RelalgBuilder.java:1622)
	at ingraph.cypher2relalg.RelalgBuilder.build(RelalgBuilder.java:214)
	at ingraph.cypher2relalg.Cypher2Relalg.processCypher(Cypher2Relalg.java:22)
	at ingraph.cypher2relalg.tck.tests.AggregationAcceptanceParserTest.testAggregationAcceptance_10(AggregationAcceptanceParserTest.java:245)
	at sun.reflect.NativeMethodAccessorImpl.invoke0(Native Method)
	at sun.reflect.NativeMethodAccessorImpl.invoke(NativeMethodAccessorImpl.java:62)
	at sun.reflect.DelegatingMethodAccessorImpl.invoke(DelegatingMethodAccessorImpl.java:43)
	at java.lang.reflect.Method.invoke(Method.java:498)
	at org.junit.runners.model.FrameworkMethod$1.runReflectiveCall(FrameworkMethod.java:50)
	at org.junit.internal.runners.model.ReflectiveCallable.run(ReflectiveCallable.java:12)
	at org.junit.runners.model.FrameworkMethod.invokeExplosively(FrameworkMethod.java:47)
	at org.junit.internal.runners.statements.InvokeMethod.evaluate(InvokeMethod.java:17)
	at org.junit.runners.ParentRunner.runLeaf(ParentRunner.java:325)
	at org.junit.runners.BlockJUnit4ClassRunner.runChild(BlockJUnit4ClassRunner.java:78)
	at org.junit.runners.BlockJUnit4ClassRunner.runChild(BlockJUnit4ClassRunner.java:57)
	at org.junit.runners.ParentRunner$3.run(ParentRunner.java:290)
	at org.junit.runners.ParentRunner$1.schedule(ParentRunner.java:71)
	at org.junit.runners.ParentRunner.runChildren(ParentRunner.java:288)
	at org.junit.runners.ParentRunner.access$000(ParentRunner.java:58)
	at org.junit.runners.ParentRunner$2.evaluate(ParentRunner.java:268)
	at org.junit.runners.ParentRunner.run(ParentRunner.java:363)
	at org.gradle.api.internal.tasks.testing.junit.JUnitTestClassExecuter.runTestClass(JUnitTestClassExecuter.java:114)
	at org.gradle.api.internal.tasks.testing.junit.JUnitTestClassExecuter.execute(JUnitTestClassExecuter.java:57)
	at org.gradle.api.internal.tasks.testing.junit.JUnitTestClassProcessor.processTestClass(JUnitTestClassProcessor.java:66)
	at org.gradle.api.internal.tasks.testing.SuiteTestClassProcessor.processTestClass(SuiteTestClassProcessor.java:51)
	at sun.reflect.NativeMethodAccessorImpl.invoke0(Native Method)
	at sun.reflect.NativeMethodAccessorImpl.invoke(NativeMethodAccessorImpl.java:62)
	at sun.reflect.DelegatingMethodAccessorImpl.invoke(DelegatingMethodAccessorImpl.java:43)
	at java.lang.reflect.Method.invoke(Method.java:498)
	at org.gradle.internal.dispatch.ReflectionDispatch.dispatch(ReflectionDispatch.java:35)
	at org.gradle.internal.dispatch.ReflectionDispatch.dispatch(ReflectionDispatch.java:24)
	at org.gradle.internal.dispatch.ContextClassLoaderDispatch.dispatch(ContextClassLoaderDispatch.java:32)
	at org.gradle.internal.dispatch.ProxyDispatchAdapter$DispatchingInvocationHandler.invoke(ProxyDispatchAdapter.java:93)
	at com.sun.proxy.$Proxy2.processTestClass(Unknown Source)
	at org.gradle.api.internal.tasks.testing.worker.TestWorker.processTestClass(TestWorker.java:109)
	at sun.reflect.NativeMethodAccessorImpl.invoke0(Native Method)
	at sun.reflect.NativeMethodAccessorImpl.invoke(NativeMethodAccessorImpl.java:62)
	at sun.reflect.DelegatingMethodAccessorImpl.invoke(DelegatingMethodAccessorImpl.java:43)
	at java.lang.reflect.Method.invoke(Method.java:498)
	at org.gradle.internal.dispatch.ReflectionDispatch.dispatch(ReflectionDispatch.java:35)
	at org.gradle.internal.dispatch.ReflectionDispatch.dispatch(ReflectionDispatch.java:24)
	at org.gradle.internal.remote.internal.hub.MessageHub$Handler.run(MessageHub.java:377)
	at org.gradle.internal.concurrent.ExecutorPolicy$CatchAndRecordFailures.onExecute(ExecutorPolicy.java:54)
	at org.gradle.internal.concurrent.StoppableExecutorImpl$1.run(StoppableExecutorImpl.java:40)
	at java.util.concurrent.ThreadPoolExecutor.runWorker(ThreadPoolExecutor.java:1142)
	at java.util.concurrent.ThreadPoolExecutor$Worker.run(ThreadPoolExecutor.java:617)
	at java.lang.Thread.run(Thread.java:745)
</pre>
</span>
</div>
<div class="test">
<a name="testAggregationAcceptance_13"></a>
<h3 class="failures">testAggregationAcceptance_13</h3>
<span class="code">
<pre>java.lang.UnsupportedOperationException: Not supported (yet) Currently we only support MATCH, WITH and RETURN clauses in a single query. Found: org.slizaa.neo4j.opencypher.openCypher.impl.UnwindImpl.
	at ingraph.cypher2relalg.util.IngraphLogger.unsupported(IngraphLogger.java:75)
	at ingraph.cypher2relalg.util.Validator.checkSingleQueryClauseSequence(Validator.java:72)
	at ingraph.cypher2relalg.RelalgBuilder._buildRelalg(RelalgBuilder.java:270)
	at ingraph.cypher2relalg.RelalgBuilder.buildRelalg(RelalgBuilder.java:1622)
	at ingraph.cypher2relalg.RelalgBuilder.build(RelalgBuilder.java:214)
	at ingraph.cypher2relalg.Cypher2Relalg.processCypher(Cypher2Relalg.java:22)
	at ingraph.cypher2relalg.tck.tests.AggregationAcceptanceParserTest.testAggregationAcceptance_13(AggregationAcceptanceParserTest.java:303)
	at sun.reflect.NativeMethodAccessorImpl.invoke0(Native Method)
	at sun.reflect.NativeMethodAccessorImpl.invoke(NativeMethodAccessorImpl.java:62)
	at sun.reflect.DelegatingMethodAccessorImpl.invoke(DelegatingMethodAccessorImpl.java:43)
	at java.lang.reflect.Method.invoke(Method.java:498)
	at org.junit.runners.model.FrameworkMethod$1.runReflectiveCall(FrameworkMethod.java:50)
	at org.junit.internal.runners.model.ReflectiveCallable.run(ReflectiveCallable.java:12)
	at org.junit.runners.model.FrameworkMethod.invokeExplosively(FrameworkMethod.java:47)
	at org.junit.internal.runners.statements.InvokeMethod.evaluate(InvokeMethod.java:17)
	at org.junit.runners.ParentRunner.runLeaf(ParentRunner.java:325)
	at org.junit.runners.BlockJUnit4ClassRunner.runChild(BlockJUnit4ClassRunner.java:78)
	at org.junit.runners.BlockJUnit4ClassRunner.runChild(BlockJUnit4ClassRunner.java:57)
	at org.junit.runners.ParentRunner$3.run(ParentRunner.java:290)
	at org.junit.runners.ParentRunner$1.schedule(ParentRunner.java:71)
	at org.junit.runners.ParentRunner.runChildren(ParentRunner.java:288)
	at org.junit.runners.ParentRunner.access$000(ParentRunner.java:58)
	at org.junit.runners.ParentRunner$2.evaluate(ParentRunner.java:268)
	at org.junit.runners.ParentRunner.run(ParentRunner.java:363)
	at org.gradle.api.internal.tasks.testing.junit.JUnitTestClassExecuter.runTestClass(JUnitTestClassExecuter.java:114)
	at org.gradle.api.internal.tasks.testing.junit.JUnitTestClassExecuter.execute(JUnitTestClassExecuter.java:57)
	at org.gradle.api.internal.tasks.testing.junit.JUnitTestClassProcessor.processTestClass(JUnitTestClassProcessor.java:66)
	at org.gradle.api.internal.tasks.testing.SuiteTestClassProcessor.processTestClass(SuiteTestClassProcessor.java:51)
	at sun.reflect.NativeMethodAccessorImpl.invoke0(Native Method)
	at sun.reflect.NativeMethodAccessorImpl.invoke(NativeMethodAccessorImpl.java:62)
	at sun.reflect.DelegatingMethodAccessorImpl.invoke(DelegatingMethodAccessorImpl.java:43)
	at java.lang.reflect.Method.invoke(Method.java:498)
	at org.gradle.internal.dispatch.ReflectionDispatch.dispatch(ReflectionDispatch.java:35)
	at org.gradle.internal.dispatch.ReflectionDispatch.dispatch(ReflectionDispatch.java:24)
	at org.gradle.internal.dispatch.ContextClassLoaderDispatch.dispatch(ContextClassLoaderDispatch.java:32)
	at org.gradle.internal.dispatch.ProxyDispatchAdapter$DispatchingInvocationHandler.invoke(ProxyDispatchAdapter.java:93)
	at com.sun.proxy.$Proxy2.processTestClass(Unknown Source)
	at org.gradle.api.internal.tasks.testing.worker.TestWorker.processTestClass(TestWorker.java:109)
	at sun.reflect.NativeMethodAccessorImpl.invoke0(Native Method)
	at sun.reflect.NativeMethodAccessorImpl.invoke(NativeMethodAccessorImpl.java:62)
	at sun.reflect.DelegatingMethodAccessorImpl.invoke(DelegatingMethodAccessorImpl.java:43)
	at java.lang.reflect.Method.invoke(Method.java:498)
	at org.gradle.internal.dispatch.ReflectionDispatch.dispatch(ReflectionDispatch.java:35)
	at org.gradle.internal.dispatch.ReflectionDispatch.dispatch(ReflectionDispatch.java:24)
	at org.gradle.internal.remote.internal.hub.MessageHub$Handler.run(MessageHub.java:377)
	at org.gradle.internal.concurrent.ExecutorPolicy$CatchAndRecordFailures.onExecute(ExecutorPolicy.java:54)
	at org.gradle.internal.concurrent.StoppableExecutorImpl$1.run(StoppableExecutorImpl.java:40)
	at java.util.concurrent.ThreadPoolExecutor.runWorker(ThreadPoolExecutor.java:1142)
	at java.util.concurrent.ThreadPoolExecutor$Worker.run(ThreadPoolExecutor.java:617)
	at java.lang.Thread.run(Thread.java:745)
</pre>
</span>
</div>
<div class="test">
<a name="testAggregationAcceptance_14"></a>
<h3 class="failures">testAggregationAcceptance_14</h3>
<span class="code">
<pre>java.lang.UnsupportedOperationException: Not supported (yet) Currently we only support MATCH, WITH and RETURN clauses in a single query. Found: org.slizaa.neo4j.opencypher.openCypher.impl.UnwindImpl.
	at ingraph.cypher2relalg.util.IngraphLogger.unsupported(IngraphLogger.java:75)
	at ingraph.cypher2relalg.util.Validator.checkSingleQueryClauseSequence(Validator.java:72)
	at ingraph.cypher2relalg.RelalgBuilder._buildRelalg(RelalgBuilder.java:270)
	at ingraph.cypher2relalg.RelalgBuilder.buildRelalg(RelalgBuilder.java:1622)
	at ingraph.cypher2relalg.RelalgBuilder.build(RelalgBuilder.java:214)
	at ingraph.cypher2relalg.Cypher2Relalg.processCypher(Cypher2Relalg.java:22)
	at ingraph.cypher2relalg.tck.tests.AggregationAcceptanceParserTest.testAggregationAcceptance_14(AggregationAcceptanceParserTest.java:321)
	at sun.reflect.NativeMethodAccessorImpl.invoke0(Native Method)
	at sun.reflect.NativeMethodAccessorImpl.invoke(NativeMethodAccessorImpl.java:62)
	at sun.reflect.DelegatingMethodAccessorImpl.invoke(DelegatingMethodAccessorImpl.java:43)
	at java.lang.reflect.Method.invoke(Method.java:498)
	at org.junit.runners.model.FrameworkMethod$1.runReflectiveCall(FrameworkMethod.java:50)
	at org.junit.internal.runners.model.ReflectiveCallable.run(ReflectiveCallable.java:12)
	at org.junit.runners.model.FrameworkMethod.invokeExplosively(FrameworkMethod.java:47)
	at org.junit.internal.runners.statements.InvokeMethod.evaluate(InvokeMethod.java:17)
	at org.junit.runners.ParentRunner.runLeaf(ParentRunner.java:325)
	at org.junit.runners.BlockJUnit4ClassRunner.runChild(BlockJUnit4ClassRunner.java:78)
	at org.junit.runners.BlockJUnit4ClassRunner.runChild(BlockJUnit4ClassRunner.java:57)
	at org.junit.runners.ParentRunner$3.run(ParentRunner.java:290)
	at org.junit.runners.ParentRunner$1.schedule(ParentRunner.java:71)
	at org.junit.runners.ParentRunner.runChildren(ParentRunner.java:288)
	at org.junit.runners.ParentRunner.access$000(ParentRunner.java:58)
	at org.junit.runners.ParentRunner$2.evaluate(ParentRunner.java:268)
	at org.junit.runners.ParentRunner.run(ParentRunner.java:363)
	at org.gradle.api.internal.tasks.testing.junit.JUnitTestClassExecuter.runTestClass(JUnitTestClassExecuter.java:114)
	at org.gradle.api.internal.tasks.testing.junit.JUnitTestClassExecuter.execute(JUnitTestClassExecuter.java:57)
	at org.gradle.api.internal.tasks.testing.junit.JUnitTestClassProcessor.processTestClass(JUnitTestClassProcessor.java:66)
	at org.gradle.api.internal.tasks.testing.SuiteTestClassProcessor.processTestClass(SuiteTestClassProcessor.java:51)
	at sun.reflect.NativeMethodAccessorImpl.invoke0(Native Method)
	at sun.reflect.NativeMethodAccessorImpl.invoke(NativeMethodAccessorImpl.java:62)
	at sun.reflect.DelegatingMethodAccessorImpl.invoke(DelegatingMethodAccessorImpl.java:43)
	at java.lang.reflect.Method.invoke(Method.java:498)
	at org.gradle.internal.dispatch.ReflectionDispatch.dispatch(ReflectionDispatch.java:35)
	at org.gradle.internal.dispatch.ReflectionDispatch.dispatch(ReflectionDispatch.java:24)
	at org.gradle.internal.dispatch.ContextClassLoaderDispatch.dispatch(ContextClassLoaderDispatch.java:32)
	at org.gradle.internal.dispatch.ProxyDispatchAdapter$DispatchingInvocationHandler.invoke(ProxyDispatchAdapter.java:93)
	at com.sun.proxy.$Proxy2.processTestClass(Unknown Source)
	at org.gradle.api.internal.tasks.testing.worker.TestWorker.processTestClass(TestWorker.java:109)
	at sun.reflect.NativeMethodAccessorImpl.invoke0(Native Method)
	at sun.reflect.NativeMethodAccessorImpl.invoke(NativeMethodAccessorImpl.java:62)
	at sun.reflect.DelegatingMethodAccessorImpl.invoke(DelegatingMethodAccessorImpl.java:43)
	at java.lang.reflect.Method.invoke(Method.java:498)
	at org.gradle.internal.dispatch.ReflectionDispatch.dispatch(ReflectionDispatch.java:35)
	at org.gradle.internal.dispatch.ReflectionDispatch.dispatch(ReflectionDispatch.java:24)
	at org.gradle.internal.remote.internal.hub.MessageHub$Handler.run(MessageHub.java:377)
	at org.gradle.internal.concurrent.ExecutorPolicy$CatchAndRecordFailures.onExecute(ExecutorPolicy.java:54)
	at org.gradle.internal.concurrent.StoppableExecutorImpl$1.run(StoppableExecutorImpl.java:40)
	at java.util.concurrent.ThreadPoolExecutor.runWorker(ThreadPoolExecutor.java:1142)
	at java.util.concurrent.ThreadPoolExecutor$Worker.run(ThreadPoolExecutor.java:617)
	at java.lang.Thread.run(Thread.java:745)
</pre>
</span>
</div>
<div class="test">
<a name="testAggregationAcceptance_18"></a>
<h3 class="failures">testAggregationAcceptance_18</h3>
<span class="code">
<pre>java.lang.IllegalArgumentException: No enum constant relalg.function.Function.COLLECT
	at java.lang.Enum.valueOf(Enum.java:238)
	at relalg.function.Function.valueOf(Function.java:20)
	at ingraph.cypher2relalg.RelalgBuilder.populateFunctionExpression(RelalgBuilder.java:1607)
	at ingraph.cypher2relalg.RelalgBuilder._buildRelalgExpression(RelalgBuilder.java:1147)
	at ingraph.cypher2relalg.RelalgBuilder.buildRelalgExpression(RelalgBuilder.java:1720)
	at ingraph.cypher2relalg.RelalgBuilder.lambda$null$8(RelalgBuilder.java:450)
	at org.eclipse.xtext.xbase.lib.internal.FunctionDelegate.apply(FunctionDelegate.java:42)
	at com.google.common.collect.Lists$TransformingRandomAccessList$1.transform(Lists.java:651)
	at com.google.common.collect.TransformedIterator.next(TransformedIterator.java:47)
	at java.util.AbstractCollection.addAll(AbstractCollection.java:343)
	at java.util.LinkedHashSet.&lt;init&gt;(LinkedHashSet.java:169)
	at org.eclipse.emf.common.util.AbstractEList.getNonDuplicates(AbstractEList.java:1164)
	at org.eclipse.emf.common.util.AbstractEList.addAll(AbstractEList.java:368)
	at ingraph.cypher2relalg.RelalgBuilder.lambda$buildRelalgReturnBody$9(RelalgBuilder.java:454)
	at org.eclipse.xtext.xbase.lib.ObjectExtensions.operator_doubleArrow(ObjectExtensions.java:139)
	at ingraph.cypher2relalg.RelalgBuilder.buildRelalgReturnBody(RelalgBuilder.java:456)
	at ingraph.cypher2relalg.RelalgBuilder._buildRelalgReturn(RelalgBuilder.java:601)
	at ingraph.cypher2relalg.RelalgBuilder.buildRelalgReturn(RelalgBuilder.java:1641)
	at ingraph.cypher2relalg.RelalgBuilder._buildRelalgSubQuery(RelalgBuilder.java:363)
	at ingraph.cypher2relalg.RelalgBuilder._buildRelalg(RelalgBuilder.java:283)
	at ingraph.cypher2relalg.RelalgBuilder.buildRelalg(RelalgBuilder.java:1622)
	at ingraph.cypher2relalg.RelalgBuilder.build(RelalgBuilder.java:214)
	at ingraph.cypher2relalg.Cypher2Relalg.processCypher(Cypher2Relalg.java:22)
	at ingraph.cypher2relalg.tck.tests.AggregationAcceptanceParserTest.testAggregationAcceptance_18(AggregationAcceptanceParserTest.java:413)
	at sun.reflect.NativeMethodAccessorImpl.invoke0(Native Method)
	at sun.reflect.NativeMethodAccessorImpl.invoke(NativeMethodAccessorImpl.java:62)
	at sun.reflect.DelegatingMethodAccessorImpl.invoke(DelegatingMethodAccessorImpl.java:43)
	at java.lang.reflect.Method.invoke(Method.java:498)
	at org.junit.runners.model.FrameworkMethod$1.runReflectiveCall(FrameworkMethod.java:50)
	at org.junit.internal.runners.model.ReflectiveCallable.run(ReflectiveCallable.java:12)
	at org.junit.runners.model.FrameworkMethod.invokeExplosively(FrameworkMethod.java:47)
	at org.junit.internal.runners.statements.InvokeMethod.evaluate(InvokeMethod.java:17)
	at org.junit.runners.ParentRunner.runLeaf(ParentRunner.java:325)
	at org.junit.runners.BlockJUnit4ClassRunner.runChild(BlockJUnit4ClassRunner.java:78)
	at org.junit.runners.BlockJUnit4ClassRunner.runChild(BlockJUnit4ClassRunner.java:57)
	at org.junit.runners.ParentRunner$3.run(ParentRunner.java:290)
	at org.junit.runners.ParentRunner$1.schedule(ParentRunner.java:71)
	at org.junit.runners.ParentRunner.runChildren(ParentRunner.java:288)
	at org.junit.runners.ParentRunner.access$000(ParentRunner.java:58)
	at org.junit.runners.ParentRunner$2.evaluate(ParentRunner.java:268)
	at org.junit.runners.ParentRunner.run(ParentRunner.java:363)
	at org.gradle.api.internal.tasks.testing.junit.JUnitTestClassExecuter.runTestClass(JUnitTestClassExecuter.java:114)
	at org.gradle.api.internal.tasks.testing.junit.JUnitTestClassExecuter.execute(JUnitTestClassExecuter.java:57)
	at org.gradle.api.internal.tasks.testing.junit.JUnitTestClassProcessor.processTestClass(JUnitTestClassProcessor.java:66)
	at org.gradle.api.internal.tasks.testing.SuiteTestClassProcessor.processTestClass(SuiteTestClassProcessor.java:51)
	at sun.reflect.NativeMethodAccessorImpl.invoke0(Native Method)
	at sun.reflect.NativeMethodAccessorImpl.invoke(NativeMethodAccessorImpl.java:62)
	at sun.reflect.DelegatingMethodAccessorImpl.invoke(DelegatingMethodAccessorImpl.java:43)
	at java.lang.reflect.Method.invoke(Method.java:498)
	at org.gradle.internal.dispatch.ReflectionDispatch.dispatch(ReflectionDispatch.java:35)
	at org.gradle.internal.dispatch.ReflectionDispatch.dispatch(ReflectionDispatch.java:24)
	at org.gradle.internal.dispatch.ContextClassLoaderDispatch.dispatch(ContextClassLoaderDispatch.java:32)
	at org.gradle.internal.dispatch.ProxyDispatchAdapter$DispatchingInvocationHandler.invoke(ProxyDispatchAdapter.java:93)
	at com.sun.proxy.$Proxy2.processTestClass(Unknown Source)
	at org.gradle.api.internal.tasks.testing.worker.TestWorker.processTestClass(TestWorker.java:109)
	at sun.reflect.NativeMethodAccessorImpl.invoke0(Native Method)
	at sun.reflect.NativeMethodAccessorImpl.invoke(NativeMethodAccessorImpl.java:62)
	at sun.reflect.DelegatingMethodAccessorImpl.invoke(DelegatingMethodAccessorImpl.java:43)
	at java.lang.reflect.Method.invoke(Method.java:498)
	at org.gradle.internal.dispatch.ReflectionDispatch.dispatch(ReflectionDispatch.java:35)
	at org.gradle.internal.dispatch.ReflectionDispatch.dispatch(ReflectionDispatch.java:24)
	at org.gradle.internal.remote.internal.hub.MessageHub$Handler.run(MessageHub.java:377)
	at org.gradle.internal.concurrent.ExecutorPolicy$CatchAndRecordFailures.onExecute(ExecutorPolicy.java:54)
	at org.gradle.internal.concurrent.StoppableExecutorImpl$1.run(StoppableExecutorImpl.java:40)
	at java.util.concurrent.ThreadPoolExecutor.runWorker(ThreadPoolExecutor.java:1142)
	at java.util.concurrent.ThreadPoolExecutor$Worker.run(ThreadPoolExecutor.java:617)
	at java.lang.Thread.run(Thread.java:745)
</pre>
</span>
</div>
<div class="test">
<a name="testAggregationAcceptance_20"></a>
<h3 class="failures">testAggregationAcceptance_20</h3>
<span class="code">
<pre>java.lang.UnsupportedOperationException: Not supported (yet) Variable assignment not supported for PatternPart (in MATCH clause)
	at ingraph.cypher2relalg.util.IngraphLogger.unsupported(IngraphLogger.java:75)
	at ingraph.cypher2relalg.RelalgBuilder._buildRelalg(RelalgBuilder.java:1470)
	at ingraph.cypher2relalg.RelalgBuilder.buildRelalg(RelalgBuilder.java:1632)
	at ingraph.cypher2relalg.RelalgBuilder.lambda$_buildRelalg$17(RelalgBuilder.java:658)
	at org.eclipse.xtext.xbase.lib.internal.FunctionDelegate.apply(FunctionDelegate.java:42)
	at com.google.common.collect.Lists$TransformingRandomAccessList$1.transform(Lists.java:651)
	at com.google.common.collect.TransformedIterator.next(TransformedIterator.java:47)
	at ingraph.cypher2relalg.util.Cypher2RelalgUtil.buildLeftDeepTree(Cypher2RelalgUtil.java:69)
	at ingraph.cypher2relalg.RelalgBuilder.lambda$_buildRelalg$18(RelalgBuilder.java:667)
	at org.eclipse.xtext.xbase.lib.ObjectExtensions.operator_doubleArrow(ObjectExtensions.java:139)
	at ingraph.cypher2relalg.RelalgBuilder._buildRelalg(RelalgBuilder.java:670)
	at ingraph.cypher2relalg.RelalgBuilder.buildRelalg(RelalgBuilder.java:1628)
	at ingraph.cypher2relalg.RelalgBuilder.lambda$null$2(RelalgBuilder.java:329)
	at org.eclipse.xtext.xbase.lib.ObjectExtensions.operator_doubleArrow(ObjectExtensions.java:139)
	at ingraph.cypher2relalg.RelalgBuilder.lambda$_buildRelalgSubQuery$3(RelalgBuilder.java:332)
	at org.eclipse.xtext.xbase.lib.internal.FunctionDelegate.apply(FunctionDelegate.java:42)
	at com.google.common.collect.Iterators$7.transform(Iterators.java:750)
	at com.google.common.collect.TransformedIterator.next(TransformedIterator.java:47)
	at org.eclipse.xtext.xbase.lib.IteratorExtensions.head(IteratorExtensions.java:140)
	at org.eclipse.xtext.xbase.lib.IterableExtensions.head(IterableExtensions.java:119)
	at ingraph.cypher2relalg.RelalgBuilder._buildRelalgSubQuery(RelalgBuilder.java:338)
	at ingraph.cypher2relalg.RelalgBuilder._buildRelalg(RelalgBuilder.java:283)
	at ingraph.cypher2relalg.RelalgBuilder.buildRelalg(RelalgBuilder.java:1622)
	at ingraph.cypher2relalg.RelalgBuilder.build(RelalgBuilder.java:214)
	at ingraph.cypher2relalg.Cypher2Relalg.processCypher(Cypher2Relalg.java:22)
	at ingraph.cypher2relalg.tck.tests.AggregationAcceptanceParserTest.testAggregationAcceptance_20(AggregationAcceptanceParserTest.java:464)
	at sun.reflect.NativeMethodAccessorImpl.invoke0(Native Method)
	at sun.reflect.NativeMethodAccessorImpl.invoke(NativeMethodAccessorImpl.java:62)
	at sun.reflect.DelegatingMethodAccessorImpl.invoke(DelegatingMethodAccessorImpl.java:43)
	at java.lang.reflect.Method.invoke(Method.java:498)
	at org.junit.runners.model.FrameworkMethod$1.runReflectiveCall(FrameworkMethod.java:50)
	at org.junit.internal.runners.model.ReflectiveCallable.run(ReflectiveCallable.java:12)
	at org.junit.runners.model.FrameworkMethod.invokeExplosively(FrameworkMethod.java:47)
	at org.junit.internal.runners.statements.InvokeMethod.evaluate(InvokeMethod.java:17)
	at org.junit.runners.ParentRunner.runLeaf(ParentRunner.java:325)
	at org.junit.runners.BlockJUnit4ClassRunner.runChild(BlockJUnit4ClassRunner.java:78)
	at org.junit.runners.BlockJUnit4ClassRunner.runChild(BlockJUnit4ClassRunner.java:57)
	at org.junit.runners.ParentRunner$3.run(ParentRunner.java:290)
	at org.junit.runners.ParentRunner$1.schedule(ParentRunner.java:71)
	at org.junit.runners.ParentRunner.runChildren(ParentRunner.java:288)
	at org.junit.runners.ParentRunner.access$000(ParentRunner.java:58)
	at org.junit.runners.ParentRunner$2.evaluate(ParentRunner.java:268)
	at org.junit.runners.ParentRunner.run(ParentRunner.java:363)
	at org.gradle.api.internal.tasks.testing.junit.JUnitTestClassExecuter.runTestClass(JUnitTestClassExecuter.java:114)
	at org.gradle.api.internal.tasks.testing.junit.JUnitTestClassExecuter.execute(JUnitTestClassExecuter.java:57)
	at org.gradle.api.internal.tasks.testing.junit.JUnitTestClassProcessor.processTestClass(JUnitTestClassProcessor.java:66)
	at org.gradle.api.internal.tasks.testing.SuiteTestClassProcessor.processTestClass(SuiteTestClassProcessor.java:51)
	at sun.reflect.NativeMethodAccessorImpl.invoke0(Native Method)
	at sun.reflect.NativeMethodAccessorImpl.invoke(NativeMethodAccessorImpl.java:62)
	at sun.reflect.DelegatingMethodAccessorImpl.invoke(DelegatingMethodAccessorImpl.java:43)
	at java.lang.reflect.Method.invoke(Method.java:498)
	at org.gradle.internal.dispatch.ReflectionDispatch.dispatch(ReflectionDispatch.java:35)
	at org.gradle.internal.dispatch.ReflectionDispatch.dispatch(ReflectionDispatch.java:24)
	at org.gradle.internal.dispatch.ContextClassLoaderDispatch.dispatch(ContextClassLoaderDispatch.java:32)
	at org.gradle.internal.dispatch.ProxyDispatchAdapter$DispatchingInvocationHandler.invoke(ProxyDispatchAdapter.java:93)
	at com.sun.proxy.$Proxy2.processTestClass(Unknown Source)
	at org.gradle.api.internal.tasks.testing.worker.TestWorker.processTestClass(TestWorker.java:109)
	at sun.reflect.NativeMethodAccessorImpl.invoke0(Native Method)
	at sun.reflect.NativeMethodAccessorImpl.invoke(NativeMethodAccessorImpl.java:62)
	at sun.reflect.DelegatingMethodAccessorImpl.invoke(DelegatingMethodAccessorImpl.java:43)
	at java.lang.reflect.Method.invoke(Method.java:498)
	at org.gradle.internal.dispatch.ReflectionDispatch.dispatch(ReflectionDispatch.java:35)
	at org.gradle.internal.dispatch.ReflectionDispatch.dispatch(ReflectionDispatch.java:24)
	at org.gradle.internal.remote.internal.hub.MessageHub$Handler.run(MessageHub.java:377)
	at org.gradle.internal.concurrent.ExecutorPolicy$CatchAndRecordFailures.onExecute(ExecutorPolicy.java:54)
	at org.gradle.internal.concurrent.StoppableExecutorImpl$1.run(StoppableExecutorImpl.java:40)
	at java.util.concurrent.ThreadPoolExecutor.runWorker(ThreadPoolExecutor.java:1142)
	at java.util.concurrent.ThreadPoolExecutor$Worker.run(ThreadPoolExecutor.java:617)
	at java.lang.Thread.run(Thread.java:745)
</pre>
</span>
</div>
<div class="test">
<a name="testAggregationAcceptance_21"></a>
<h3 class="failures">testAggregationAcceptance_21</h3>
<span class="code">
<pre>java.lang.UnsupportedOperationException: Not supported (yet) Variable assignment not supported for PatternPart (in MATCH clause)
	at ingraph.cypher2relalg.util.IngraphLogger.unsupported(IngraphLogger.java:75)
	at ingraph.cypher2relalg.RelalgBuilder._buildRelalg(RelalgBuilder.java:1470)
	at ingraph.cypher2relalg.RelalgBuilder.buildRelalg(RelalgBuilder.java:1632)
	at ingraph.cypher2relalg.RelalgBuilder.lambda$_buildRelalg$17(RelalgBuilder.java:658)
	at org.eclipse.xtext.xbase.lib.internal.FunctionDelegate.apply(FunctionDelegate.java:42)
	at com.google.common.collect.Lists$TransformingRandomAccessList$1.transform(Lists.java:651)
	at com.google.common.collect.TransformedIterator.next(TransformedIterator.java:47)
	at ingraph.cypher2relalg.util.Cypher2RelalgUtil.buildLeftDeepTree(Cypher2RelalgUtil.java:69)
	at ingraph.cypher2relalg.RelalgBuilder.lambda$_buildRelalg$18(RelalgBuilder.java:667)
	at org.eclipse.xtext.xbase.lib.ObjectExtensions.operator_doubleArrow(ObjectExtensions.java:139)
	at ingraph.cypher2relalg.RelalgBuilder._buildRelalg(RelalgBuilder.java:670)
	at ingraph.cypher2relalg.RelalgBuilder.buildRelalg(RelalgBuilder.java:1628)
	at ingraph.cypher2relalg.RelalgBuilder.lambda$null$2(RelalgBuilder.java:329)
	at org.eclipse.xtext.xbase.lib.ObjectExtensions.operator_doubleArrow(ObjectExtensions.java:139)
	at ingraph.cypher2relalg.RelalgBuilder.lambda$_buildRelalgSubQuery$3(RelalgBuilder.java:332)
	at org.eclipse.xtext.xbase.lib.internal.FunctionDelegate.apply(FunctionDelegate.java:42)
	at com.google.common.collect.Iterators$7.transform(Iterators.java:750)
	at com.google.common.collect.TransformedIterator.next(TransformedIterator.java:47)
	at org.eclipse.xtext.xbase.lib.IteratorExtensions.head(IteratorExtensions.java:140)
	at org.eclipse.xtext.xbase.lib.IterableExtensions.head(IterableExtensions.java:119)
	at ingraph.cypher2relalg.RelalgBuilder._buildRelalgSubQuery(RelalgBuilder.java:338)
	at ingraph.cypher2relalg.RelalgBuilder._buildRelalg(RelalgBuilder.java:283)
	at ingraph.cypher2relalg.RelalgBuilder.buildRelalg(RelalgBuilder.java:1622)
	at ingraph.cypher2relalg.RelalgBuilder.build(RelalgBuilder.java:214)
	at ingraph.cypher2relalg.Cypher2Relalg.processCypher(Cypher2Relalg.java:22)
	at ingraph.cypher2relalg.tck.tests.AggregationAcceptanceParserTest.testAggregationAcceptance_21(AggregationAcceptanceParserTest.java:493)
	at sun.reflect.NativeMethodAccessorImpl.invoke0(Native Method)
	at sun.reflect.NativeMethodAccessorImpl.invoke(NativeMethodAccessorImpl.java:62)
	at sun.reflect.DelegatingMethodAccessorImpl.invoke(DelegatingMethodAccessorImpl.java:43)
	at java.lang.reflect.Method.invoke(Method.java:498)
	at org.junit.runners.model.FrameworkMethod$1.runReflectiveCall(FrameworkMethod.java:50)
	at org.junit.internal.runners.model.ReflectiveCallable.run(ReflectiveCallable.java:12)
	at org.junit.runners.model.FrameworkMethod.invokeExplosively(FrameworkMethod.java:47)
	at org.junit.internal.runners.statements.InvokeMethod.evaluate(InvokeMethod.java:17)
	at org.junit.runners.ParentRunner.runLeaf(ParentRunner.java:325)
	at org.junit.runners.BlockJUnit4ClassRunner.runChild(BlockJUnit4ClassRunner.java:78)
	at org.junit.runners.BlockJUnit4ClassRunner.runChild(BlockJUnit4ClassRunner.java:57)
	at org.junit.runners.ParentRunner$3.run(ParentRunner.java:290)
	at org.junit.runners.ParentRunner$1.schedule(ParentRunner.java:71)
	at org.junit.runners.ParentRunner.runChildren(ParentRunner.java:288)
	at org.junit.runners.ParentRunner.access$000(ParentRunner.java:58)
	at org.junit.runners.ParentRunner$2.evaluate(ParentRunner.java:268)
	at org.junit.runners.ParentRunner.run(ParentRunner.java:363)
	at org.gradle.api.internal.tasks.testing.junit.JUnitTestClassExecuter.runTestClass(JUnitTestClassExecuter.java:114)
	at org.gradle.api.internal.tasks.testing.junit.JUnitTestClassExecuter.execute(JUnitTestClassExecuter.java:57)
	at org.gradle.api.internal.tasks.testing.junit.JUnitTestClassProcessor.processTestClass(JUnitTestClassProcessor.java:66)
	at org.gradle.api.internal.tasks.testing.SuiteTestClassProcessor.processTestClass(SuiteTestClassProcessor.java:51)
	at sun.reflect.NativeMethodAccessorImpl.invoke0(Native Method)
	at sun.reflect.NativeMethodAccessorImpl.invoke(NativeMethodAccessorImpl.java:62)
	at sun.reflect.DelegatingMethodAccessorImpl.invoke(DelegatingMethodAccessorImpl.java:43)
	at java.lang.reflect.Method.invoke(Method.java:498)
	at org.gradle.internal.dispatch.ReflectionDispatch.dispatch(ReflectionDispatch.java:35)
	at org.gradle.internal.dispatch.ReflectionDispatch.dispatch(ReflectionDispatch.java:24)
	at org.gradle.internal.dispatch.ContextClassLoaderDispatch.dispatch(ContextClassLoaderDispatch.java:32)
	at org.gradle.internal.dispatch.ProxyDispatchAdapter$DispatchingInvocationHandler.invoke(ProxyDispatchAdapter.java:93)
	at com.sun.proxy.$Proxy2.processTestClass(Unknown Source)
	at org.gradle.api.internal.tasks.testing.worker.TestWorker.processTestClass(TestWorker.java:109)
	at sun.reflect.NativeMethodAccessorImpl.invoke0(Native Method)
	at sun.reflect.NativeMethodAccessorImpl.invoke(NativeMethodAccessorImpl.java:62)
	at sun.reflect.DelegatingMethodAccessorImpl.invoke(DelegatingMethodAccessorImpl.java:43)
	at java.lang.reflect.Method.invoke(Method.java:498)
	at org.gradle.internal.dispatch.ReflectionDispatch.dispatch(ReflectionDispatch.java:35)
	at org.gradle.internal.dispatch.ReflectionDispatch.dispatch(ReflectionDispatch.java:24)
	at org.gradle.internal.remote.internal.hub.MessageHub$Handler.run(MessageHub.java:377)
	at org.gradle.internal.concurrent.ExecutorPolicy$CatchAndRecordFailures.onExecute(ExecutorPolicy.java:54)
	at org.gradle.internal.concurrent.StoppableExecutorImpl$1.run(StoppableExecutorImpl.java:40)
	at java.util.concurrent.ThreadPoolExecutor.runWorker(ThreadPoolExecutor.java:1142)
	at java.util.concurrent.ThreadPoolExecutor$Worker.run(ThreadPoolExecutor.java:617)
	at java.lang.Thread.run(Thread.java:745)
</pre>
</span>
</div>
<div class="test">
<a name="testAggregationAcceptance_24"></a>
<h3 class="failures">testAggregationAcceptance_24</h3>
<span class="code">
<pre>java.lang.UnsupportedOperationException: Not supported (yet) Currently we only support MATCH, WITH and RETURN clauses in a single query. Found: org.slizaa.neo4j.opencypher.openCypher.impl.UnwindImpl.
	at ingraph.cypher2relalg.util.IngraphLogger.unsupported(IngraphLogger.java:75)
	at ingraph.cypher2relalg.util.Validator.checkSingleQueryClauseSequence(Validator.java:72)
	at ingraph.cypher2relalg.RelalgBuilder._buildRelalg(RelalgBuilder.java:270)
	at ingraph.cypher2relalg.RelalgBuilder.buildRelalg(RelalgBuilder.java:1622)
	at ingraph.cypher2relalg.RelalgBuilder.build(RelalgBuilder.java:214)
	at ingraph.cypher2relalg.Cypher2Relalg.processCypher(Cypher2Relalg.java:22)
	at ingraph.cypher2relalg.tck.tests.AggregationAcceptanceParserTest.testAggregationAcceptance_24(AggregationAcceptanceParserTest.java:541)
	at sun.reflect.NativeMethodAccessorImpl.invoke0(Native Method)
	at sun.reflect.NativeMethodAccessorImpl.invoke(NativeMethodAccessorImpl.java:62)
	at sun.reflect.DelegatingMethodAccessorImpl.invoke(DelegatingMethodAccessorImpl.java:43)
	at java.lang.reflect.Method.invoke(Method.java:498)
	at org.junit.runners.model.FrameworkMethod$1.runReflectiveCall(FrameworkMethod.java:50)
	at org.junit.internal.runners.model.ReflectiveCallable.run(ReflectiveCallable.java:12)
	at org.junit.runners.model.FrameworkMethod.invokeExplosively(FrameworkMethod.java:47)
	at org.junit.internal.runners.statements.InvokeMethod.evaluate(InvokeMethod.java:17)
	at org.junit.runners.ParentRunner.runLeaf(ParentRunner.java:325)
	at org.junit.runners.BlockJUnit4ClassRunner.runChild(BlockJUnit4ClassRunner.java:78)
	at org.junit.runners.BlockJUnit4ClassRunner.runChild(BlockJUnit4ClassRunner.java:57)
	at org.junit.runners.ParentRunner$3.run(ParentRunner.java:290)
	at org.junit.runners.ParentRunner$1.schedule(ParentRunner.java:71)
	at org.junit.runners.ParentRunner.runChildren(ParentRunner.java:288)
	at org.junit.runners.ParentRunner.access$000(ParentRunner.java:58)
	at org.junit.runners.ParentRunner$2.evaluate(ParentRunner.java:268)
	at org.junit.runners.ParentRunner.run(ParentRunner.java:363)
	at org.gradle.api.internal.tasks.testing.junit.JUnitTestClassExecuter.runTestClass(JUnitTestClassExecuter.java:114)
	at org.gradle.api.internal.tasks.testing.junit.JUnitTestClassExecuter.execute(JUnitTestClassExecuter.java:57)
	at org.gradle.api.internal.tasks.testing.junit.JUnitTestClassProcessor.processTestClass(JUnitTestClassProcessor.java:66)
	at org.gradle.api.internal.tasks.testing.SuiteTestClassProcessor.processTestClass(SuiteTestClassProcessor.java:51)
	at sun.reflect.NativeMethodAccessorImpl.invoke0(Native Method)
	at sun.reflect.NativeMethodAccessorImpl.invoke(NativeMethodAccessorImpl.java:62)
	at sun.reflect.DelegatingMethodAccessorImpl.invoke(DelegatingMethodAccessorImpl.java:43)
	at java.lang.reflect.Method.invoke(Method.java:498)
	at org.gradle.internal.dispatch.ReflectionDispatch.dispatch(ReflectionDispatch.java:35)
	at org.gradle.internal.dispatch.ReflectionDispatch.dispatch(ReflectionDispatch.java:24)
	at org.gradle.internal.dispatch.ContextClassLoaderDispatch.dispatch(ContextClassLoaderDispatch.java:32)
	at org.gradle.internal.dispatch.ProxyDispatchAdapter$DispatchingInvocationHandler.invoke(ProxyDispatchAdapter.java:93)
	at com.sun.proxy.$Proxy2.processTestClass(Unknown Source)
	at org.gradle.api.internal.tasks.testing.worker.TestWorker.processTestClass(TestWorker.java:109)
	at sun.reflect.NativeMethodAccessorImpl.invoke0(Native Method)
	at sun.reflect.NativeMethodAccessorImpl.invoke(NativeMethodAccessorImpl.java:62)
	at sun.reflect.DelegatingMethodAccessorImpl.invoke(DelegatingMethodAccessorImpl.java:43)
	at java.lang.reflect.Method.invoke(Method.java:498)
	at org.gradle.internal.dispatch.ReflectionDispatch.dispatch(ReflectionDispatch.java:35)
	at org.gradle.internal.dispatch.ReflectionDispatch.dispatch(ReflectionDispatch.java:24)
	at org.gradle.internal.remote.internal.hub.MessageHub$Handler.run(MessageHub.java:377)
	at org.gradle.internal.concurrent.ExecutorPolicy$CatchAndRecordFailures.onExecute(ExecutorPolicy.java:54)
	at org.gradle.internal.concurrent.StoppableExecutorImpl$1.run(StoppableExecutorImpl.java:40)
	at java.util.concurrent.ThreadPoolExecutor.runWorker(ThreadPoolExecutor.java:1142)
	at java.util.concurrent.ThreadPoolExecutor$Worker.run(ThreadPoolExecutor.java:617)
	at java.lang.Thread.run(Thread.java:745)
</pre>
</span>
</div>
<div class="test">
<a name="testAggregationAcceptance_26"></a>
<h3 class="failures">testAggregationAcceptance_26</h3>
<span class="code">
<pre>java.lang.UnsupportedOperationException: Not supported (yet) Currently we only support MATCH, WITH and RETURN clauses in a single query. Found: org.slizaa.neo4j.opencypher.openCypher.impl.UnwindImpl.
	at ingraph.cypher2relalg.util.IngraphLogger.unsupported(IngraphLogger.java:75)
	at ingraph.cypher2relalg.util.Validator.checkSingleQueryClauseSequence(Validator.java:72)
	at ingraph.cypher2relalg.RelalgBuilder._buildRelalg(RelalgBuilder.java:270)
	at ingraph.cypher2relalg.RelalgBuilder.buildRelalg(RelalgBuilder.java:1622)
	at ingraph.cypher2relalg.RelalgBuilder.build(RelalgBuilder.java:214)
	at ingraph.cypher2relalg.Cypher2Relalg.processCypher(Cypher2Relalg.java:22)
	at ingraph.cypher2relalg.tck.tests.AggregationAcceptanceParserTest.testAggregationAcceptance_26(AggregationAcceptanceParserTest.java:581)
	at sun.reflect.NativeMethodAccessorImpl.invoke0(Native Method)
	at sun.reflect.NativeMethodAccessorImpl.invoke(NativeMethodAccessorImpl.java:62)
	at sun.reflect.DelegatingMethodAccessorImpl.invoke(DelegatingMethodAccessorImpl.java:43)
	at java.lang.reflect.Method.invoke(Method.java:498)
	at org.junit.runners.model.FrameworkMethod$1.runReflectiveCall(FrameworkMethod.java:50)
	at org.junit.internal.runners.model.ReflectiveCallable.run(ReflectiveCallable.java:12)
	at org.junit.runners.model.FrameworkMethod.invokeExplosively(FrameworkMethod.java:47)
	at org.junit.internal.runners.statements.InvokeMethod.evaluate(InvokeMethod.java:17)
	at org.junit.runners.ParentRunner.runLeaf(ParentRunner.java:325)
	at org.junit.runners.BlockJUnit4ClassRunner.runChild(BlockJUnit4ClassRunner.java:78)
	at org.junit.runners.BlockJUnit4ClassRunner.runChild(BlockJUnit4ClassRunner.java:57)
	at org.junit.runners.ParentRunner$3.run(ParentRunner.java:290)
	at org.junit.runners.ParentRunner$1.schedule(ParentRunner.java:71)
	at org.junit.runners.ParentRunner.runChildren(ParentRunner.java:288)
	at org.junit.runners.ParentRunner.access$000(ParentRunner.java:58)
	at org.junit.runners.ParentRunner$2.evaluate(ParentRunner.java:268)
	at org.junit.runners.ParentRunner.run(ParentRunner.java:363)
	at org.gradle.api.internal.tasks.testing.junit.JUnitTestClassExecuter.runTestClass(JUnitTestClassExecuter.java:114)
	at org.gradle.api.internal.tasks.testing.junit.JUnitTestClassExecuter.execute(JUnitTestClassExecuter.java:57)
	at org.gradle.api.internal.tasks.testing.junit.JUnitTestClassProcessor.processTestClass(JUnitTestClassProcessor.java:66)
	at org.gradle.api.internal.tasks.testing.SuiteTestClassProcessor.processTestClass(SuiteTestClassProcessor.java:51)
	at sun.reflect.NativeMethodAccessorImpl.invoke0(Native Method)
	at sun.reflect.NativeMethodAccessorImpl.invoke(NativeMethodAccessorImpl.java:62)
	at sun.reflect.DelegatingMethodAccessorImpl.invoke(DelegatingMethodAccessorImpl.java:43)
	at java.lang.reflect.Method.invoke(Method.java:498)
	at org.gradle.internal.dispatch.ReflectionDispatch.dispatch(ReflectionDispatch.java:35)
	at org.gradle.internal.dispatch.ReflectionDispatch.dispatch(ReflectionDispatch.java:24)
	at org.gradle.internal.dispatch.ContextClassLoaderDispatch.dispatch(ContextClassLoaderDispatch.java:32)
	at org.gradle.internal.dispatch.ProxyDispatchAdapter$DispatchingInvocationHandler.invoke(ProxyDispatchAdapter.java:93)
	at com.sun.proxy.$Proxy2.processTestClass(Unknown Source)
	at org.gradle.api.internal.tasks.testing.worker.TestWorker.processTestClass(TestWorker.java:109)
	at sun.reflect.NativeMethodAccessorImpl.invoke0(Native Method)
	at sun.reflect.NativeMethodAccessorImpl.invoke(NativeMethodAccessorImpl.java:62)
	at sun.reflect.DelegatingMethodAccessorImpl.invoke(DelegatingMethodAccessorImpl.java:43)
	at java.lang.reflect.Method.invoke(Method.java:498)
	at org.gradle.internal.dispatch.ReflectionDispatch.dispatch(ReflectionDispatch.java:35)
	at org.gradle.internal.dispatch.ReflectionDispatch.dispatch(ReflectionDispatch.java:24)
	at org.gradle.internal.remote.internal.hub.MessageHub$Handler.run(MessageHub.java:377)
	at org.gradle.internal.concurrent.ExecutorPolicy$CatchAndRecordFailures.onExecute(ExecutorPolicy.java:54)
	at org.gradle.internal.concurrent.StoppableExecutorImpl$1.run(StoppableExecutorImpl.java:40)
	at java.util.concurrent.ThreadPoolExecutor.runWorker(ThreadPoolExecutor.java:1142)
	at java.util.concurrent.ThreadPoolExecutor$Worker.run(ThreadPoolExecutor.java:617)
	at java.lang.Thread.run(Thread.java:745)
</pre>
</span>
</div>
<div class="test">
<a name="testAggregationAcceptance_27"></a>
<h3 class="failures">testAggregationAcceptance_27</h3>
<span class="code">
<pre>java.lang.UnsupportedOperationException: Not supported (yet) Currently we only support MATCH, WITH and RETURN clauses in a single query. Found: org.slizaa.neo4j.opencypher.openCypher.impl.UnwindImpl.
	at ingraph.cypher2relalg.util.IngraphLogger.unsupported(IngraphLogger.java:75)
	at ingraph.cypher2relalg.util.Validator.checkSingleQueryClauseSequence(Validator.java:72)
	at ingraph.cypher2relalg.RelalgBuilder._buildRelalg(RelalgBuilder.java:270)
	at ingraph.cypher2relalg.RelalgBuilder.buildRelalg(RelalgBuilder.java:1622)
	at ingraph.cypher2relalg.RelalgBuilder.build(RelalgBuilder.java:214)
	at ingraph.cypher2relalg.Cypher2Relalg.processCypher(Cypher2Relalg.java:22)
	at ingraph.cypher2relalg.tck.tests.AggregationAcceptanceParserTest.testAggregationAcceptance_27(AggregationAcceptanceParserTest.java:599)
	at sun.reflect.NativeMethodAccessorImpl.invoke0(Native Method)
	at sun.reflect.NativeMethodAccessorImpl.invoke(NativeMethodAccessorImpl.java:62)
	at sun.reflect.DelegatingMethodAccessorImpl.invoke(DelegatingMethodAccessorImpl.java:43)
	at java.lang.reflect.Method.invoke(Method.java:498)
	at org.junit.runners.model.FrameworkMethod$1.runReflectiveCall(FrameworkMethod.java:50)
	at org.junit.internal.runners.model.ReflectiveCallable.run(ReflectiveCallable.java:12)
	at org.junit.runners.model.FrameworkMethod.invokeExplosively(FrameworkMethod.java:47)
	at org.junit.internal.runners.statements.InvokeMethod.evaluate(InvokeMethod.java:17)
	at org.junit.runners.ParentRunner.runLeaf(ParentRunner.java:325)
	at org.junit.runners.BlockJUnit4ClassRunner.runChild(BlockJUnit4ClassRunner.java:78)
	at org.junit.runners.BlockJUnit4ClassRunner.runChild(BlockJUnit4ClassRunner.java:57)
	at org.junit.runners.ParentRunner$3.run(ParentRunner.java:290)
	at org.junit.runners.ParentRunner$1.schedule(ParentRunner.java:71)
	at org.junit.runners.ParentRunner.runChildren(ParentRunner.java:288)
	at org.junit.runners.ParentRunner.access$000(ParentRunner.java:58)
	at org.junit.runners.ParentRunner$2.evaluate(ParentRunner.java:268)
	at org.junit.runners.ParentRunner.run(ParentRunner.java:363)
	at org.gradle.api.internal.tasks.testing.junit.JUnitTestClassExecuter.runTestClass(JUnitTestClassExecuter.java:114)
	at org.gradle.api.internal.tasks.testing.junit.JUnitTestClassExecuter.execute(JUnitTestClassExecuter.java:57)
	at org.gradle.api.internal.tasks.testing.junit.JUnitTestClassProcessor.processTestClass(JUnitTestClassProcessor.java:66)
	at org.gradle.api.internal.tasks.testing.SuiteTestClassProcessor.processTestClass(SuiteTestClassProcessor.java:51)
	at sun.reflect.NativeMethodAccessorImpl.invoke0(Native Method)
	at sun.reflect.NativeMethodAccessorImpl.invoke(NativeMethodAccessorImpl.java:62)
	at sun.reflect.DelegatingMethodAccessorImpl.invoke(DelegatingMethodAccessorImpl.java:43)
	at java.lang.reflect.Method.invoke(Method.java:498)
	at org.gradle.internal.dispatch.ReflectionDispatch.dispatch(ReflectionDispatch.java:35)
	at org.gradle.internal.dispatch.ReflectionDispatch.dispatch(ReflectionDispatch.java:24)
	at org.gradle.internal.dispatch.ContextClassLoaderDispatch.dispatch(ContextClassLoaderDispatch.java:32)
	at org.gradle.internal.dispatch.ProxyDispatchAdapter$DispatchingInvocationHandler.invoke(ProxyDispatchAdapter.java:93)
	at com.sun.proxy.$Proxy2.processTestClass(Unknown Source)
	at org.gradle.api.internal.tasks.testing.worker.TestWorker.processTestClass(TestWorker.java:109)
	at sun.reflect.NativeMethodAccessorImpl.invoke0(Native Method)
	at sun.reflect.NativeMethodAccessorImpl.invoke(NativeMethodAccessorImpl.java:62)
	at sun.reflect.DelegatingMethodAccessorImpl.invoke(DelegatingMethodAccessorImpl.java:43)
	at java.lang.reflect.Method.invoke(Method.java:498)
	at org.gradle.internal.dispatch.ReflectionDispatch.dispatch(ReflectionDispatch.java:35)
	at org.gradle.internal.dispatch.ReflectionDispatch.dispatch(ReflectionDispatch.java:24)
	at org.gradle.internal.remote.internal.hub.MessageHub$Handler.run(MessageHub.java:377)
	at org.gradle.internal.concurrent.ExecutorPolicy$CatchAndRecordFailures.onExecute(ExecutorPolicy.java:54)
	at org.gradle.internal.concurrent.StoppableExecutorImpl$1.run(StoppableExecutorImpl.java:40)
	at java.util.concurrent.ThreadPoolExecutor.runWorker(ThreadPoolExecutor.java:1142)
	at java.util.concurrent.ThreadPoolExecutor$Worker.run(ThreadPoolExecutor.java:617)
	at java.lang.Thread.run(Thread.java:745)
</pre>
</span>
</div>
</div>
<div id="tab1" class="tab">
<h2>Tests</h2>
<table>
<thead>
<tr>
<th>Test</th>
<th>Duration</th>
<th>Result</th>
</tr>
</thead>
<tr>
<td class="success">testAggregationAcceptance_02</td>
<td>7.367s</td>
<td class="success">passed</td>
</tr>
<tr>
<td class="failures">testAggregationAcceptance_03</td>
<td>1.986s</td>
<td class="failures">failed</td>
</tr>
<tr>
<td class="success">testAggregationAcceptance_04</td>
<td>1.285s</td>
<td class="success">passed</td>
</tr>
<tr>
<td class="success">testAggregationAcceptance_05</td>
<td>1.758s</td>
<td class="success">passed</td>
</tr>
<tr>
<td class="success">testAggregationAcceptance_06</td>
<td>1.785s</td>
<td class="success">passed</td>
</tr>
<tr>
<td class="success">testAggregationAcceptance_07</td>
<td>0.832s</td>
<td class="success">passed</td>
</tr>
<tr>
<td class="success">testAggregationAcceptance_08</td>
<td>0.647s</td>
<td class="success">passed</td>
</tr>
<tr>
<td class="success">testAggregationAcceptance_09</td>
<td>0.601s</td>
<td class="success">passed</td>
</tr>
<tr>
<td class="failures">testAggregationAcceptance_10</td>
<td>0.469s</td>
<td class="failures">failed</td>
</tr>
<tr>
<td class="success">testAggregationAcceptance_11</td>
<td>0.238s</td>
<td class="success">passed</td>
</tr>
<tr>
<td class="success">testAggregationAcceptance_12</td>
<td>0.168s</td>
<td class="success">passed</td>
</tr>
<tr>
<td class="failures">testAggregationAcceptance_13</td>
<td>0.580s</td>
<td class="failures">failed</td>
</tr>
<tr>
<td class="failures">testAggregationAcceptance_14</td>
<td>0.369s</td>
<td class="failures">failed</td>
</tr>
<tr>
<td class="success">testAggregationAcceptance_15</td>
<td>0.142s</td>
<td class="success">passed</td>
</tr>
<tr>
<td class="success">testAggregationAcceptance_16</td>
<td>0.151s</td>
<td class="success">passed</td>
</tr>
<tr>
<td class="success">testAggregationAcceptance_17</td>
<td>0.262s</td>
<td class="success">passed</td>
</tr>
<tr>
<td class="failures">testAggregationAcceptance_18</td>
<td>0.243s</td>
<td class="failures">failed</td>
</tr>
<tr>
<td class="success">testAggregationAcceptance_19</td>
<td>0.154s</td>
<td class="success">passed</td>
</tr>
<tr>
<td class="failures">testAggregationAcceptance_20</td>
<td>0.475s</td>
<td class="failures">failed</td>
</tr>
<tr>
<td class="failures">testAggregationAcceptance_21</td>
<td>0.526s</td>
<td class="failures">failed</td>
</tr>
<tr>
<td class="success">testAggregationAcceptance_22</td>
<td>0.216s</td>
<td class="success">passed</td>
</tr>
<tr>
<td class="failures">testAggregationAcceptance_24</td>
<td>0.314s</td>
<td class="failures">failed</td>
</tr>
<tr>
<td class="success">testAggregationAcceptance_25</td>
<td>0.257s</td>
<td class="success">passed</td>
</tr>
<tr>
<td class="failures">testAggregationAcceptance_26</td>
<td>0.221s</td>
<td class="failures">failed</td>
</tr>
<tr>
<td class="failures">testAggregationAcceptance_27</td>
<td>0.396s</td>
<td class="failures">failed</td>
</tr>
</table>
</div>
<div id="tab2" class="tab">
<h2>Standard error</h2>
<span class="code">
<pre>Mar 03, 2017 8:49:42 AM ingraph.cypher2relalg.util.IngraphLogger log
SEVERE: Variable assignment not supported for PatternPart (in MATCH clause)
Mar 03, 2017 8:49:42 AM ingraph.cypher2relalg.util.IngraphLogger log
SEVERE: Variable assignment not supported for PatternPart (in MATCH clause)
Mar 03, 2017 8:49:42 AM ingraph.cypher2relalg.util.IngraphLogger log
SEVERE: Variable assignment not supported for PatternPart (in MATCH clause)
Mar 03, 2017 8:49:42 AM ingraph.cypher2relalg.util.IngraphLogger log
SEVERE: Variable assignment not supported for PatternPart (in MATCH clause)
Mar 03, 2017 8:49:42 AM ingraph.cypher2relalg.util.IngraphLogger log
SEVERE: Variable assignment not supported for PatternPart (in MATCH clause)
Mar 03, 2017 8:49:42 AM ingraph.cypher2relalg.util.IngraphLogger log
SEVERE: Variable assignment not supported for PatternPart (in MATCH clause)
Mar 03, 2017 8:49:42 AM ingraph.cypher2relalg.util.IngraphLogger log
SEVERE: Variable assignment not supported for PatternPart (in MATCH clause)
Mar 03, 2017 8:49:42 AM ingraph.cypher2relalg.util.IngraphLogger log
SEVERE: Variable assignment not supported for PatternPart (in MATCH clause)
Mar 03, 2017 8:49:42 AM ingraph.cypher2relalg.util.IngraphLogger log
SEVERE: Variable assignment not supported for PatternPart (in MATCH clause)
Mar 03, 2017 8:49:42 AM ingraph.cypher2relalg.util.IngraphLogger log
SEVERE: Variable assignment not supported for PatternPart (in MATCH clause)
Mar 03, 2017 8:49:42 AM ingraph.cypher2relalg.util.IngraphLogger log
SEVERE: Variable assignment not supported for PatternPart (in MATCH clause)
Mar 03, 2017 8:49:42 AM ingraph.cypher2relalg.util.IngraphLogger log
SEVERE: Variable assignment not supported for PatternPart (in MATCH clause)
Mar 03, 2017 8:49:42 AM ingraph.cypher2relalg.util.IngraphLogger log
SEVERE: Variable assignment not supported for PatternPart (in MATCH clause)
Mar 03, 2017 8:49:42 AM ingraph.cypher2relalg.util.IngraphLogger log
SEVERE: Variable assignment not supported for PatternPart (in MATCH clause)
Mar 03, 2017 8:49:42 AM ingraph.cypher2relalg.util.IngraphLogger log
SEVERE: Variable assignment not supported for PatternPart (in MATCH clause)
Mar 03, 2017 8:49:42 AM ingraph.cypher2relalg.util.IngraphLogger log
SEVERE: Variable assignment not supported for PatternPart (in MATCH clause)
Mar 03, 2017 8:49:42 AM ingraph.cypher2relalg.util.IngraphLogger log
SEVERE: Variable assignment not supported for PatternPart (in MATCH clause)
Mar 03, 2017 8:49:42 AM ingraph.cypher2relalg.util.IngraphLogger log
SEVERE: Variable assignment not supported for PatternPart (in MATCH clause)
Mar 03, 2017 8:49:42 AM ingraph.cypher2relalg.util.IngraphLogger log
SEVERE: Variable assignment not supported for PatternPart (in MATCH clause)
Mar 03, 2017 8:49:43 AM ingraph.cypher2relalg.util.IngraphLogger log
SEVERE: Currently we only support MATCH, WITH and RETURN clauses in a single query. Found: org.slizaa.neo4j.opencypher.openCypher.impl.UnwindImpl.
Mar 03, 2017 8:49:43 AM ingraph.cypher2relalg.util.IngraphLogger log
SEVERE: Currently we only support MATCH, WITH and RETURN clauses in a single query. Found: org.slizaa.neo4j.opencypher.openCypher.impl.UnwindImpl.
Mar 03, 2017 8:49:44 AM ingraph.cypher2relalg.util.IngraphLogger log
SEVERE: Currently we only support MATCH, WITH and RETURN clauses in a single query. Found: org.slizaa.neo4j.opencypher.openCypher.impl.UnwindImpl.
Mar 03, 2017 8:49:44 AM ingraph.cypher2relalg.util.IngraphLogger log
SEVERE: Currently we only support MATCH, WITH and RETURN clauses in a single query. Found: org.slizaa.neo4j.opencypher.openCypher.impl.UnwindImpl.
Mar 03, 2017 8:49:44 AM ingraph.cypher2relalg.util.IngraphLogger log
SEVERE: Currently we only support MATCH, WITH and RETURN clauses in a single query. Found: org.slizaa.neo4j.opencypher.openCypher.impl.UnwindImpl.
Mar 03, 2017 8:49:45 AM ingraph.cypher2relalg.util.IngraphLogger log
SEVERE: Variable assignment not supported for PatternPart (in MATCH clause)
Mar 03, 2017 8:49:45 AM ingraph.cypher2relalg.util.IngraphLogger log
SEVERE: Variable assignment not supported for PatternPart (in MATCH clause)
Mar 03, 2017 8:49:45 AM ingraph.cypher2relalg.util.IngraphLogger log
SEVERE: Variable assignment not supported for PatternPart (in MATCH clause)
Mar 03, 2017 8:49:45 AM ingraph.cypher2relalg.util.IngraphLogger log
SEVERE: Variable assignment not supported for PatternPart (in MATCH clause)
Mar 03, 2017 8:49:45 AM ingraph.cypher2relalg.util.IngraphLogger log
SEVERE: Variable assignment not supported for PatternPart (in MATCH clause)
Mar 03, 2017 8:49:45 AM ingraph.cypher2relalg.util.IngraphLogger log
SEVERE: Variable assignment not supported for PatternPart (in MATCH clause)
Mar 03, 2017 8:49:45 AM ingraph.cypher2relalg.util.IngraphLogger log
SEVERE: Variable assignment not supported for PatternPart (in MATCH clause)
Mar 03, 2017 8:49:45 AM ingraph.cypher2relalg.util.IngraphLogger log
SEVERE: Variable assignment not supported for PatternPart (in MATCH clause)
Mar 03, 2017 8:49:45 AM ingraph.cypher2relalg.util.IngraphLogger log
SEVERE: Variable assignment not supported for PatternPart (in MATCH clause)
Mar 03, 2017 8:49:45 AM ingraph.cypher2relalg.util.IngraphLogger log
SEVERE: Variable assignment not supported for PatternPart (in MATCH clause)
Mar 03, 2017 8:49:45 AM ingraph.cypher2relalg.util.IngraphLogger log
SEVERE: Variable assignment not supported for PatternPart (in MATCH clause)
Mar 03, 2017 8:49:45 AM ingraph.cypher2relalg.util.IngraphLogger log
SEVERE: Variable assignment not supported for PatternPart (in MATCH clause)
Mar 03, 2017 8:49:45 AM ingraph.cypher2relalg.util.IngraphLogger log
SEVERE: Variable assignment not supported for PatternPart (in MATCH clause)
Mar 03, 2017 8:49:45 AM ingraph.cypher2relalg.util.IngraphLogger log
SEVERE: Variable assignment not supported for PatternPart (in MATCH clause)
Mar 03, 2017 8:49:45 AM ingraph.cypher2relalg.util.IngraphLogger log
SEVERE: Variable assignment not supported for PatternPart (in MATCH clause)
Mar 03, 2017 8:49:46 AM ingraph.cypher2relalg.util.IngraphLogger log
SEVERE: Variable assignment not supported for PatternPart (in MATCH clause)
Mar 03, 2017 8:49:46 AM ingraph.cypher2relalg.util.IngraphLogger log
SEVERE: Variable assignment not supported for PatternPart (in MATCH clause)
Mar 03, 2017 8:49:46 AM ingraph.cypher2relalg.util.IngraphLogger log
SEVERE: Variable assignment not supported for PatternPart (in MATCH clause)
Mar 03, 2017 8:49:46 AM ingraph.cypher2relalg.util.IngraphLogger log
SEVERE: Variable assignment not supported for PatternPart (in MATCH clause)
Mar 03, 2017 8:49:46 AM ingraph.cypher2relalg.util.IngraphLogger log
SEVERE: Variable assignment not supported for PatternPart (in MATCH clause)
Mar 03, 2017 8:49:46 AM ingraph.cypher2relalg.util.IngraphLogger log
SEVERE: Variable assignment not supported for PatternPart (in MATCH clause)
Mar 03, 2017 8:49:46 AM ingraph.cypher2relalg.util.IngraphLogger log
SEVERE: Variable assignment not supported for PatternPart (in MATCH clause)
Mar 03, 2017 8:49:46 AM ingraph.cypher2relalg.util.IngraphLogger log
SEVERE: Variable assignment not supported for PatternPart (in MATCH clause)
Mar 03, 2017 8:49:46 AM ingraph.cypher2relalg.util.IngraphLogger log
SEVERE: Variable assignment not supported for PatternPart (in MATCH clause)
Mar 03, 2017 8:49:46 AM ingraph.cypher2relalg.util.IngraphLogger log
SEVERE: Variable assignment not supported for PatternPart (in MATCH clause)
Mar 03, 2017 8:49:46 AM ingraph.cypher2relalg.util.IngraphLogger log
SEVERE: Variable assignment not supported for PatternPart (in MATCH clause)
Mar 03, 2017 8:49:46 AM ingraph.cypher2relalg.util.IngraphLogger log
SEVERE: Variable assignment not supported for PatternPart (in MATCH clause)
Mar 03, 2017 8:49:46 AM ingraph.cypher2relalg.util.IngraphLogger log
SEVERE: Variable assignment not supported for PatternPart (in MATCH clause)
Mar 03, 2017 8:49:46 AM ingraph.cypher2relalg.util.IngraphLogger log
SEVERE: Variable assignment not supported for PatternPart (in MATCH clause)
Mar 03, 2017 8:49:46 AM ingraph.cypher2relalg.util.IngraphLogger log
SEVERE: Variable assignment not supported for PatternPart (in MATCH clause)
Mar 03, 2017 8:49:46 AM ingraph.cypher2relalg.util.IngraphLogger log
SEVERE: Variable assignment not supported for PatternPart (in MATCH clause)
Mar 03, 2017 8:49:46 AM ingraph.cypher2relalg.util.IngraphLogger log
SEVERE: Variable assignment not supported for PatternPart (in MATCH clause)
Mar 03, 2017 8:49:46 AM ingraph.cypher2relalg.util.IngraphLogger log
SEVERE: Currently we only support MATCH, WITH and RETURN clauses in a single query. Found: org.slizaa.neo4j.opencypher.openCypher.impl.UnwindImpl.
Mar 03, 2017 8:49:46 AM ingraph.cypher2relalg.util.IngraphLogger log
SEVERE: Currently we only support MATCH, WITH and RETURN clauses in a single query. Found: org.slizaa.neo4j.opencypher.openCypher.impl.UnwindImpl.
Mar 03, 2017 8:49:46 AM ingraph.cypher2relalg.util.IngraphLogger log
SEVERE: Currently we only support MATCH, WITH and RETURN clauses in a single query. Found: org.slizaa.neo4j.opencypher.openCypher.impl.UnwindImpl.
Mar 03, 2017 8:49:46 AM ingraph.cypher2relalg.util.IngraphLogger log
SEVERE: Currently we only support MATCH, WITH and RETURN clauses in a single query. Found: org.slizaa.neo4j.opencypher.openCypher.impl.UnwindImpl.
Mar 03, 2017 8:49:46 AM ingraph.cypher2relalg.util.IngraphLogger log
SEVERE: Currently we only support MATCH, WITH and RETURN clauses in a single query. Found: org.slizaa.neo4j.opencypher.openCypher.impl.UnwindImpl.
Mar 03, 2017 8:49:46 AM ingraph.cypher2relalg.util.IngraphLogger log
SEVERE: Currently we only support MATCH, WITH and RETURN clauses in a single query. Found: org.slizaa.neo4j.opencypher.openCypher.impl.UnwindImpl.
Mar 03, 2017 8:49:46 AM ingraph.cypher2relalg.util.IngraphLogger log
SEVERE: Currently we only support MATCH, WITH and RETURN clauses in a single query. Found: org.slizaa.neo4j.opencypher.openCypher.impl.UnwindImpl.
Mar 03, 2017 8:49:46 AM ingraph.cypher2relalg.util.IngraphLogger log
SEVERE: Currently we only support MATCH, WITH and RETURN clauses in a single query. Found: org.slizaa.neo4j.opencypher.openCypher.impl.UnwindImpl.
Mar 03, 2017 8:49:46 AM ingraph.cypher2relalg.util.IngraphLogger log
SEVERE: Currently we only support MATCH, WITH and RETURN clauses in a single query. Found: org.slizaa.neo4j.opencypher.openCypher.impl.UnwindImpl.
Mar 03, 2017 8:49:46 AM ingraph.cypher2relalg.util.IngraphLogger log
SEVERE: Currently we only support MATCH, WITH and RETURN clauses in a single query. Found: org.slizaa.neo4j.opencypher.openCypher.impl.UnwindImpl.
Mar 03, 2017 8:49:46 AM ingraph.cypher2relalg.util.IngraphLogger log
SEVERE: Currently we only support MATCH, WITH and RETURN clauses in a single query. Found: org.slizaa.neo4j.opencypher.openCypher.impl.UnwindImpl.
Mar 03, 2017 8:49:46 AM ingraph.cypher2relalg.util.IngraphLogger log
SEVERE: Currently we only support MATCH, WITH and RETURN clauses in a single query. Found: org.slizaa.neo4j.opencypher.openCypher.impl.UnwindImpl.
Mar 03, 2017 8:49:46 AM ingraph.cypher2relalg.util.IngraphLogger log
SEVERE: Currently we only support MATCH, WITH and RETURN clauses in a single query. Found: org.slizaa.neo4j.opencypher.openCypher.impl.UnwindImpl.
Mar 03, 2017 8:49:46 AM ingraph.cypher2relalg.util.IngraphLogger log
SEVERE: Currently we only support MATCH, WITH and RETURN clauses in a single query. Found: org.slizaa.neo4j.opencypher.openCypher.impl.UnwindImpl.
Mar 03, 2017 8:49:46 AM ingraph.cypher2relalg.util.IngraphLogger log
SEVERE: Currently we only support MATCH, WITH and RETURN clauses in a single query. Found: org.slizaa.neo4j.opencypher.openCypher.impl.UnwindImpl.
Mar 03, 2017 8:49:46 AM ingraph.cypher2relalg.util.IngraphLogger log
SEVERE: Currently we only support MATCH, WITH and RETURN clauses in a single query. Found: org.slizaa.neo4j.opencypher.openCypher.impl.UnwindImpl.
Mar 03, 2017 8:49:46 AM ingraph.cypher2relalg.util.IngraphLogger log
SEVERE: Currently we only support MATCH, WITH and RETURN clauses in a single query. Found: org.slizaa.neo4j.opencypher.openCypher.impl.UnwindImpl.
Mar 03, 2017 8:49:46 AM ingraph.cypher2relalg.util.IngraphLogger log
SEVERE: Currently we only support MATCH, WITH and RETURN clauses in a single query. Found: org.slizaa.neo4j.opencypher.openCypher.impl.UnwindImpl.
Mar 03, 2017 8:49:46 AM ingraph.cypher2relalg.util.IngraphLogger log
SEVERE: Currently we only support MATCH, WITH and RETURN clauses in a single query. Found: org.slizaa.neo4j.opencypher.openCypher.impl.UnwindImpl.
Mar 03, 2017 8:49:46 AM ingraph.cypher2relalg.util.IngraphLogger log
SEVERE: Currently we only support MATCH, WITH and RETURN clauses in a single query. Found: org.slizaa.neo4j.opencypher.openCypher.impl.UnwindImpl.
Mar 03, 2017 8:49:47 AM ingraph.cypher2relalg.util.IngraphLogger log
SEVERE: Currently we only support MATCH, WITH and RETURN clauses in a single query. Found: org.slizaa.neo4j.opencypher.openCypher.impl.UnwindImpl.
Mar 03, 2017 8:49:47 AM ingraph.cypher2relalg.util.IngraphLogger log
SEVERE: Currently we only support MATCH, WITH and RETURN clauses in a single query. Found: org.slizaa.neo4j.opencypher.openCypher.impl.UnwindImpl.
Mar 03, 2017 8:49:47 AM ingraph.cypher2relalg.util.IngraphLogger log
SEVERE: Currently we only support MATCH, WITH and RETURN clauses in a single query. Found: org.slizaa.neo4j.opencypher.openCypher.impl.UnwindImpl.
Mar 03, 2017 8:49:47 AM ingraph.cypher2relalg.util.IngraphLogger log
SEVERE: Currently we only support MATCH, WITH and RETURN clauses in a single query. Found: org.slizaa.neo4j.opencypher.openCypher.impl.UnwindImpl.
Mar 03, 2017 8:49:47 AM ingraph.cypher2relalg.util.IngraphLogger log
SEVERE: Currently we only support MATCH, WITH and RETURN clauses in a single query. Found: org.slizaa.neo4j.opencypher.openCypher.impl.UnwindImpl.
Mar 03, 2017 8:49:47 AM ingraph.cypher2relalg.util.IngraphLogger log
SEVERE: Currently we only support MATCH, WITH and RETURN clauses in a single query. Found: org.slizaa.neo4j.opencypher.openCypher.impl.UnwindImpl.
Mar 03, 2017 8:49:47 AM ingraph.cypher2relalg.util.IngraphLogger log
SEVERE: Currently we only support MATCH, WITH and RETURN clauses in a single query. Found: org.slizaa.neo4j.opencypher.openCypher.impl.UnwindImpl.
Mar 03, 2017 8:49:47 AM ingraph.cypher2relalg.util.IngraphLogger log
SEVERE: Currently we only support MATCH, WITH and RETURN clauses in a single query. Found: org.slizaa.neo4j.opencypher.openCypher.impl.UnwindImpl.
Mar 03, 2017 8:49:47 AM ingraph.cypher2relalg.util.IngraphLogger log
SEVERE: Currently we only support MATCH, WITH and RETURN clauses in a single query. Found: org.slizaa.neo4j.opencypher.openCypher.impl.UnwindImpl.
Mar 03, 2017 8:49:47 AM ingraph.cypher2relalg.util.IngraphLogger log
SEVERE: Currently we only support MATCH, WITH and RETURN clauses in a single query. Found: org.slizaa.neo4j.opencypher.openCypher.impl.UnwindImpl.
Mar 03, 2017 8:49:47 AM ingraph.cypher2relalg.util.IngraphLogger log
SEVERE: Currently we only support MATCH, WITH and RETURN clauses in a single query. Found: org.slizaa.neo4j.opencypher.openCypher.impl.UnwindImpl.
Mar 03, 2017 8:49:47 AM ingraph.cypher2relalg.util.IngraphLogger log
SEVERE: Currently we only support MATCH, WITH and RETURN clauses in a single query. Found: org.slizaa.neo4j.opencypher.openCypher.impl.UnwindImpl.
Mar 03, 2017 8:49:47 AM ingraph.cypher2relalg.util.IngraphLogger log
SEVERE: Currently we only support MATCH, WITH and RETURN clauses in a single query. Found: org.slizaa.neo4j.opencypher.openCypher.impl.UnwindImpl.
Mar 03, 2017 8:49:47 AM ingraph.cypher2relalg.util.IngraphLogger log
SEVERE: Currently we only support MATCH, WITH and RETURN clauses in a single query. Found: org.slizaa.neo4j.opencypher.openCypher.impl.UnwindImpl.
Mar 03, 2017 8:49:47 AM ingraph.cypher2relalg.util.IngraphLogger log
SEVERE: Currently we only support MATCH, WITH and RETURN clauses in a single query. Found: org.slizaa.neo4j.opencypher.openCypher.impl.UnwindImpl.
Mar 03, 2017 8:49:47 AM ingraph.cypher2relalg.util.IngraphLogger log
SEVERE: Currently we only support MATCH, WITH and RETURN clauses in a single query. Found: org.slizaa.neo4j.opencypher.openCypher.impl.UnwindImpl.
Mar 03, 2017 8:49:47 AM ingraph.cypher2relalg.util.IngraphLogger log
SEVERE: Currently we only support MATCH, WITH and RETURN clauses in a single query. Found: org.slizaa.neo4j.opencypher.openCypher.impl.UnwindImpl.
Mar 03, 2017 8:49:47 AM ingraph.cypher2relalg.util.IngraphLogger log
SEVERE: Currently we only support MATCH, WITH and RETURN clauses in a single query. Found: org.slizaa.neo4j.opencypher.openCypher.impl.UnwindImpl.
Mar 03, 2017 8:49:47 AM ingraph.cypher2relalg.util.IngraphLogger log
SEVERE: Currently we only support MATCH, WITH and RETURN clauses in a single query. Found: org.slizaa.neo4j.opencypher.openCypher.impl.UnwindImpl.
Mar 03, 2017 8:49:47 AM ingraph.cypher2relalg.util.IngraphLogger log
SEVERE: Currently we only support MATCH, WITH and RETURN clauses in a single query. Found: org.slizaa.neo4j.opencypher.openCypher.impl.UnwindImpl.
Mar 03, 2017 8:49:47 AM ingraph.cypher2relalg.util.IngraphLogger log
SEVERE: Currently we only support MATCH, WITH and RETURN clauses in a single query. Found: org.slizaa.neo4j.opencypher.openCypher.impl.UnwindImpl.
Mar 03, 2017 8:49:47 AM ingraph.cypher2relalg.util.IngraphLogger log
SEVERE: Currently we only support MATCH, WITH and RETURN clauses in a single query. Found: org.slizaa.neo4j.opencypher.openCypher.impl.UnwindImpl.
Mar 03, 2017 8:49:47 AM ingraph.cypher2relalg.util.IngraphLogger log
SEVERE: Currently we only support MATCH, WITH and RETURN clauses in a single query. Found: org.slizaa.neo4j.opencypher.openCypher.impl.UnwindImpl.
Mar 03, 2017 8:49:47 AM ingraph.cypher2relalg.util.IngraphLogger log
SEVERE: Currently we only support MATCH, WITH and RETURN clauses in a single query. Found: org.slizaa.neo4j.opencypher.openCypher.impl.UnwindImpl.
Mar 03, 2017 8:49:47 AM ingraph.cypher2relalg.util.IngraphLogger log
SEVERE: Currently we only support MATCH, WITH and RETURN clauses in a single query. Found: org.slizaa.neo4j.opencypher.openCypher.impl.UnwindImpl.
</pre>
</span>
</div>
</div>
<div id="footer">
<p>
<div>
<label class="hidden" id="label-for-line-wrapping-toggle" for="line-wrapping-toggle">Wrap lines
<input id="line-wrapping-toggle" type="checkbox" autocomplete="off"/>
</label>
</div>Generated by 
<a href="http://www.gradle.org">Gradle 3.0</a> at Mar 3, 2017 8:50:47 AM</p>
</div>
</div>
</body>
</html>
