<!DOCTYPE html>
<html>
<head>
<meta http-equiv="Content-Type" content="text/html; charset=utf-8"/>
<meta http-equiv="x-ua-compatible" content="IE=edge"/>
<title>Test results - Class ingraph.cypher2relalg.tck.tests.TriadicSelectionParserTest</title>
<link href="../css/base-style.css" rel="stylesheet" type="text/css"/>
<link href="../css/style.css" rel="stylesheet" type="text/css"/>
<script src="../js/report.js" type="text/javascript"></script>
</head>
<body>
<div id="content">
<h1>Class ingraph.cypher2relalg.tck.tests.TriadicSelectionParserTest</h1>
<div class="breadcrumbs">
<a href="../index.html">all</a> &gt; 
<a href="../packages/ingraph.cypher2relalg.tck.tests.html">ingraph.cypher2relalg.tck.tests</a> &gt; TriadicSelectionParserTest</div>
<div id="summary">
<table>
<tr>
<td>
<div class="summaryGroup">
<table>
<tr>
<td>
<div class="infoBox" id="tests">
<div class="counter">19</div>
<p>tests</p>
</div>
</td>
<td>
<div class="infoBox" id="failures">
<div class="counter">18</div>
<p>failures</p>
</div>
</td>
<td>
<div class="infoBox" id="ignored">
<div class="counter">0</div>
<p>ignored</p>
</div>
</td>
<td>
<div class="infoBox" id="duration">
<div class="counter">2.063s</div>
<p>duration</p>
</div>
</td>
</tr>
</table>
</div>
</td>
<td>
<div class="infoBox failures" id="successRate">
<div class="percent">5%</div>
<p>successful</p>
</div>
</td>
</tr>
</table>
</div>
<div id="tabs">
<ul class="tabLinks">
<li>
<a href="#tab0">Failed tests</a>
</li>
<li>
<a href="#tab1">Tests</a>
</li>
<li>
<a href="#tab2">Standard error</a>
</li>
</ul>
<div id="tab0" class="tab">
<h2>Failed tests</h2>
<div class="test">
<a name="testTriadicSelection_02"></a>
<h3 class="failures">testTriadicSelection_02</h3>
<span class="code">
<pre>java.lang.UnsupportedOperationException: Not supported (yet) WHERE clause in WITH is unsupported.
	at ingraph.cypher2relalg.util.IngraphLogger.unsupported(IngraphLogger.java:75)
	at ingraph.cypher2relalg.RelalgBuilder._buildRelalgReturn(RelalgBuilder.java:612)
	at ingraph.cypher2relalg.RelalgBuilder.buildRelalgReturn(RelalgBuilder.java:1643)
	at ingraph.cypher2relalg.RelalgBuilder._buildRelalgSubQuery(RelalgBuilder.java:363)
	at ingraph.cypher2relalg.RelalgBuilder._buildRelalg(RelalgBuilder.java:283)
	at ingraph.cypher2relalg.RelalgBuilder.buildRelalg(RelalgBuilder.java:1622)
	at ingraph.cypher2relalg.RelalgBuilder.build(RelalgBuilder.java:214)
	at ingraph.cypher2relalg.Cypher2Relalg.processCypher(Cypher2Relalg.java:22)
	at ingraph.cypher2relalg.tck.tests.TriadicSelectionParserTest.testTriadicSelection_02(TriadicSelectionParserTest.java:52)
	at sun.reflect.NativeMethodAccessorImpl.invoke0(Native Method)
	at sun.reflect.NativeMethodAccessorImpl.invoke(NativeMethodAccessorImpl.java:62)
	at sun.reflect.DelegatingMethodAccessorImpl.invoke(DelegatingMethodAccessorImpl.java:43)
	at java.lang.reflect.Method.invoke(Method.java:498)
	at org.junit.runners.model.FrameworkMethod$1.runReflectiveCall(FrameworkMethod.java:50)
	at org.junit.internal.runners.model.ReflectiveCallable.run(ReflectiveCallable.java:12)
	at org.junit.runners.model.FrameworkMethod.invokeExplosively(FrameworkMethod.java:47)
	at org.junit.internal.runners.statements.InvokeMethod.evaluate(InvokeMethod.java:17)
	at org.junit.runners.ParentRunner.runLeaf(ParentRunner.java:325)
	at org.junit.runners.BlockJUnit4ClassRunner.runChild(BlockJUnit4ClassRunner.java:78)
	at org.junit.runners.BlockJUnit4ClassRunner.runChild(BlockJUnit4ClassRunner.java:57)
	at org.junit.runners.ParentRunner$3.run(ParentRunner.java:290)
	at org.junit.runners.ParentRunner$1.schedule(ParentRunner.java:71)
	at org.junit.runners.ParentRunner.runChildren(ParentRunner.java:288)
	at org.junit.runners.ParentRunner.access$000(ParentRunner.java:58)
	at org.junit.runners.ParentRunner$2.evaluate(ParentRunner.java:268)
	at org.junit.runners.ParentRunner.run(ParentRunner.java:363)
	at org.gradle.api.internal.tasks.testing.junit.JUnitTestClassExecuter.runTestClass(JUnitTestClassExecuter.java:114)
	at org.gradle.api.internal.tasks.testing.junit.JUnitTestClassExecuter.execute(JUnitTestClassExecuter.java:57)
	at org.gradle.api.internal.tasks.testing.junit.JUnitTestClassProcessor.processTestClass(JUnitTestClassProcessor.java:66)
	at org.gradle.api.internal.tasks.testing.SuiteTestClassProcessor.processTestClass(SuiteTestClassProcessor.java:51)
	at sun.reflect.GeneratedMethodAccessor81.invoke(Unknown Source)
	at sun.reflect.DelegatingMethodAccessorImpl.invoke(DelegatingMethodAccessorImpl.java:43)
	at java.lang.reflect.Method.invoke(Method.java:498)
	at org.gradle.internal.dispatch.ReflectionDispatch.dispatch(ReflectionDispatch.java:35)
	at org.gradle.internal.dispatch.ReflectionDispatch.dispatch(ReflectionDispatch.java:24)
	at org.gradle.internal.dispatch.ContextClassLoaderDispatch.dispatch(ContextClassLoaderDispatch.java:32)
	at org.gradle.internal.dispatch.ProxyDispatchAdapter$DispatchingInvocationHandler.invoke(ProxyDispatchAdapter.java:93)
	at com.sun.proxy.$Proxy2.processTestClass(Unknown Source)
	at org.gradle.api.internal.tasks.testing.worker.TestWorker.processTestClass(TestWorker.java:109)
	at sun.reflect.GeneratedMethodAccessor80.invoke(Unknown Source)
	at sun.reflect.DelegatingMethodAccessorImpl.invoke(DelegatingMethodAccessorImpl.java:43)
	at java.lang.reflect.Method.invoke(Method.java:498)
	at org.gradle.internal.dispatch.ReflectionDispatch.dispatch(ReflectionDispatch.java:35)
	at org.gradle.internal.dispatch.ReflectionDispatch.dispatch(ReflectionDispatch.java:24)
	at org.gradle.internal.remote.internal.hub.MessageHub$Handler.run(MessageHub.java:377)
	at org.gradle.internal.concurrent.ExecutorPolicy$CatchAndRecordFailures.onExecute(ExecutorPolicy.java:54)
	at org.gradle.internal.concurrent.StoppableExecutorImpl$1.run(StoppableExecutorImpl.java:40)
	at java.util.concurrent.ThreadPoolExecutor.runWorker(ThreadPoolExecutor.java:1142)
	at java.util.concurrent.ThreadPoolExecutor$Worker.run(ThreadPoolExecutor.java:617)
	at java.lang.Thread.run(Thread.java:745)
</pre>
</span>
</div>
<div class="test">
<a name="testTriadicSelection_03"></a>
<h3 class="failures">testTriadicSelection_03</h3>
<span class="code">
<pre>java.lang.UnsupportedOperationException: Not supported (yet) WHERE clause in WITH is unsupported.
	at ingraph.cypher2relalg.util.IngraphLogger.unsupported(IngraphLogger.java:75)
	at ingraph.cypher2relalg.RelalgBuilder._buildRelalgReturn(RelalgBuilder.java:612)
	at ingraph.cypher2relalg.RelalgBuilder.buildRelalgReturn(RelalgBuilder.java:1643)
	at ingraph.cypher2relalg.RelalgBuilder._buildRelalgSubQuery(RelalgBuilder.java:363)
	at ingraph.cypher2relalg.RelalgBuilder._buildRelalg(RelalgBuilder.java:283)
	at ingraph.cypher2relalg.RelalgBuilder.buildRelalg(RelalgBuilder.java:1622)
	at ingraph.cypher2relalg.RelalgBuilder.build(RelalgBuilder.java:214)
	at ingraph.cypher2relalg.Cypher2Relalg.processCypher(Cypher2Relalg.java:22)
	at ingraph.cypher2relalg.tck.tests.TriadicSelectionParserTest.testTriadicSelection_03(TriadicSelectionParserTest.java:74)
	at sun.reflect.NativeMethodAccessorImpl.invoke0(Native Method)
	at sun.reflect.NativeMethodAccessorImpl.invoke(NativeMethodAccessorImpl.java:62)
	at sun.reflect.DelegatingMethodAccessorImpl.invoke(DelegatingMethodAccessorImpl.java:43)
	at java.lang.reflect.Method.invoke(Method.java:498)
	at org.junit.runners.model.FrameworkMethod$1.runReflectiveCall(FrameworkMethod.java:50)
	at org.junit.internal.runners.model.ReflectiveCallable.run(ReflectiveCallable.java:12)
	at org.junit.runners.model.FrameworkMethod.invokeExplosively(FrameworkMethod.java:47)
	at org.junit.internal.runners.statements.InvokeMethod.evaluate(InvokeMethod.java:17)
	at org.junit.runners.ParentRunner.runLeaf(ParentRunner.java:325)
	at org.junit.runners.BlockJUnit4ClassRunner.runChild(BlockJUnit4ClassRunner.java:78)
	at org.junit.runners.BlockJUnit4ClassRunner.runChild(BlockJUnit4ClassRunner.java:57)
	at org.junit.runners.ParentRunner$3.run(ParentRunner.java:290)
	at org.junit.runners.ParentRunner$1.schedule(ParentRunner.java:71)
	at org.junit.runners.ParentRunner.runChildren(ParentRunner.java:288)
	at org.junit.runners.ParentRunner.access$000(ParentRunner.java:58)
	at org.junit.runners.ParentRunner$2.evaluate(ParentRunner.java:268)
	at org.junit.runners.ParentRunner.run(ParentRunner.java:363)
	at org.gradle.api.internal.tasks.testing.junit.JUnitTestClassExecuter.runTestClass(JUnitTestClassExecuter.java:114)
	at org.gradle.api.internal.tasks.testing.junit.JUnitTestClassExecuter.execute(JUnitTestClassExecuter.java:57)
	at org.gradle.api.internal.tasks.testing.junit.JUnitTestClassProcessor.processTestClass(JUnitTestClassProcessor.java:66)
	at org.gradle.api.internal.tasks.testing.SuiteTestClassProcessor.processTestClass(SuiteTestClassProcessor.java:51)
	at sun.reflect.GeneratedMethodAccessor81.invoke(Unknown Source)
	at sun.reflect.DelegatingMethodAccessorImpl.invoke(DelegatingMethodAccessorImpl.java:43)
	at java.lang.reflect.Method.invoke(Method.java:498)
	at org.gradle.internal.dispatch.ReflectionDispatch.dispatch(ReflectionDispatch.java:35)
	at org.gradle.internal.dispatch.ReflectionDispatch.dispatch(ReflectionDispatch.java:24)
	at org.gradle.internal.dispatch.ContextClassLoaderDispatch.dispatch(ContextClassLoaderDispatch.java:32)
	at org.gradle.internal.dispatch.ProxyDispatchAdapter$DispatchingInvocationHandler.invoke(ProxyDispatchAdapter.java:93)
	at com.sun.proxy.$Proxy2.processTestClass(Unknown Source)
	at org.gradle.api.internal.tasks.testing.worker.TestWorker.processTestClass(TestWorker.java:109)
	at sun.reflect.GeneratedMethodAccessor80.invoke(Unknown Source)
	at sun.reflect.DelegatingMethodAccessorImpl.invoke(DelegatingMethodAccessorImpl.java:43)
	at java.lang.reflect.Method.invoke(Method.java:498)
	at org.gradle.internal.dispatch.ReflectionDispatch.dispatch(ReflectionDispatch.java:35)
	at org.gradle.internal.dispatch.ReflectionDispatch.dispatch(ReflectionDispatch.java:24)
	at org.gradle.internal.remote.internal.hub.MessageHub$Handler.run(MessageHub.java:377)
	at org.gradle.internal.concurrent.ExecutorPolicy$CatchAndRecordFailures.onExecute(ExecutorPolicy.java:54)
	at org.gradle.internal.concurrent.StoppableExecutorImpl$1.run(StoppableExecutorImpl.java:40)
	at java.util.concurrent.ThreadPoolExecutor.runWorker(ThreadPoolExecutor.java:1142)
	at java.util.concurrent.ThreadPoolExecutor$Worker.run(ThreadPoolExecutor.java:617)
	at java.lang.Thread.run(Thread.java:745)
</pre>
</span>
</div>
<div class="test">
<a name="testTriadicSelection_04"></a>
<h3 class="failures">testTriadicSelection_04</h3>
<span class="code">
<pre>java.lang.UnsupportedOperationException: Not supported (yet) WHERE clause in WITH is unsupported.
	at ingraph.cypher2relalg.util.IngraphLogger.unsupported(IngraphLogger.java:75)
	at ingraph.cypher2relalg.RelalgBuilder._buildRelalgReturn(RelalgBuilder.java:612)
	at ingraph.cypher2relalg.RelalgBuilder.buildRelalgReturn(RelalgBuilder.java:1643)
	at ingraph.cypher2relalg.RelalgBuilder._buildRelalgSubQuery(RelalgBuilder.java:363)
	at ingraph.cypher2relalg.RelalgBuilder._buildRelalg(RelalgBuilder.java:283)
	at ingraph.cypher2relalg.RelalgBuilder.buildRelalg(RelalgBuilder.java:1622)
	at ingraph.cypher2relalg.RelalgBuilder.build(RelalgBuilder.java:214)
	at ingraph.cypher2relalg.Cypher2Relalg.processCypher(Cypher2Relalg.java:22)
	at ingraph.cypher2relalg.tck.tests.TriadicSelectionParserTest.testTriadicSelection_04(TriadicSelectionParserTest.java:96)
	at sun.reflect.NativeMethodAccessorImpl.invoke0(Native Method)
	at sun.reflect.NativeMethodAccessorImpl.invoke(NativeMethodAccessorImpl.java:62)
	at sun.reflect.DelegatingMethodAccessorImpl.invoke(DelegatingMethodAccessorImpl.java:43)
	at java.lang.reflect.Method.invoke(Method.java:498)
	at org.junit.runners.model.FrameworkMethod$1.runReflectiveCall(FrameworkMethod.java:50)
	at org.junit.internal.runners.model.ReflectiveCallable.run(ReflectiveCallable.java:12)
	at org.junit.runners.model.FrameworkMethod.invokeExplosively(FrameworkMethod.java:47)
	at org.junit.internal.runners.statements.InvokeMethod.evaluate(InvokeMethod.java:17)
	at org.junit.runners.ParentRunner.runLeaf(ParentRunner.java:325)
	at org.junit.runners.BlockJUnit4ClassRunner.runChild(BlockJUnit4ClassRunner.java:78)
	at org.junit.runners.BlockJUnit4ClassRunner.runChild(BlockJUnit4ClassRunner.java:57)
	at org.junit.runners.ParentRunner$3.run(ParentRunner.java:290)
	at org.junit.runners.ParentRunner$1.schedule(ParentRunner.java:71)
	at org.junit.runners.ParentRunner.runChildren(ParentRunner.java:288)
	at org.junit.runners.ParentRunner.access$000(ParentRunner.java:58)
	at org.junit.runners.ParentRunner$2.evaluate(ParentRunner.java:268)
	at org.junit.runners.ParentRunner.run(ParentRunner.java:363)
	at org.gradle.api.internal.tasks.testing.junit.JUnitTestClassExecuter.runTestClass(JUnitTestClassExecuter.java:114)
	at org.gradle.api.internal.tasks.testing.junit.JUnitTestClassExecuter.execute(JUnitTestClassExecuter.java:57)
	at org.gradle.api.internal.tasks.testing.junit.JUnitTestClassProcessor.processTestClass(JUnitTestClassProcessor.java:66)
	at org.gradle.api.internal.tasks.testing.SuiteTestClassProcessor.processTestClass(SuiteTestClassProcessor.java:51)
	at sun.reflect.GeneratedMethodAccessor81.invoke(Unknown Source)
	at sun.reflect.DelegatingMethodAccessorImpl.invoke(DelegatingMethodAccessorImpl.java:43)
	at java.lang.reflect.Method.invoke(Method.java:498)
	at org.gradle.internal.dispatch.ReflectionDispatch.dispatch(ReflectionDispatch.java:35)
	at org.gradle.internal.dispatch.ReflectionDispatch.dispatch(ReflectionDispatch.java:24)
	at org.gradle.internal.dispatch.ContextClassLoaderDispatch.dispatch(ContextClassLoaderDispatch.java:32)
	at org.gradle.internal.dispatch.ProxyDispatchAdapter$DispatchingInvocationHandler.invoke(ProxyDispatchAdapter.java:93)
	at com.sun.proxy.$Proxy2.processTestClass(Unknown Source)
	at org.gradle.api.internal.tasks.testing.worker.TestWorker.processTestClass(TestWorker.java:109)
	at sun.reflect.GeneratedMethodAccessor80.invoke(Unknown Source)
	at sun.reflect.DelegatingMethodAccessorImpl.invoke(DelegatingMethodAccessorImpl.java:43)
	at java.lang.reflect.Method.invoke(Method.java:498)
	at org.gradle.internal.dispatch.ReflectionDispatch.dispatch(ReflectionDispatch.java:35)
	at org.gradle.internal.dispatch.ReflectionDispatch.dispatch(ReflectionDispatch.java:24)
	at org.gradle.internal.remote.internal.hub.MessageHub$Handler.run(MessageHub.java:377)
	at org.gradle.internal.concurrent.ExecutorPolicy$CatchAndRecordFailures.onExecute(ExecutorPolicy.java:54)
	at org.gradle.internal.concurrent.StoppableExecutorImpl$1.run(StoppableExecutorImpl.java:40)
	at java.util.concurrent.ThreadPoolExecutor.runWorker(ThreadPoolExecutor.java:1142)
	at java.util.concurrent.ThreadPoolExecutor$Worker.run(ThreadPoolExecutor.java:617)
	at java.lang.Thread.run(Thread.java:745)
</pre>
</span>
</div>
<div class="test">
<a name="testTriadicSelection_05"></a>
<h3 class="failures">testTriadicSelection_05</h3>
<span class="code">
<pre>java.lang.UnsupportedOperationException: Not supported (yet) WHERE clause in WITH is unsupported.
	at ingraph.cypher2relalg.util.IngraphLogger.unsupported(IngraphLogger.java:75)
	at ingraph.cypher2relalg.RelalgBuilder._buildRelalgReturn(RelalgBuilder.java:612)
	at ingraph.cypher2relalg.RelalgBuilder.buildRelalgReturn(RelalgBuilder.java:1643)
	at ingraph.cypher2relalg.RelalgBuilder._buildRelalgSubQuery(RelalgBuilder.java:363)
	at ingraph.cypher2relalg.RelalgBuilder._buildRelalg(RelalgBuilder.java:283)
	at ingraph.cypher2relalg.RelalgBuilder.buildRelalg(RelalgBuilder.java:1622)
	at ingraph.cypher2relalg.RelalgBuilder.build(RelalgBuilder.java:214)
	at ingraph.cypher2relalg.Cypher2Relalg.processCypher(Cypher2Relalg.java:22)
	at ingraph.cypher2relalg.tck.tests.TriadicSelectionParserTest.testTriadicSelection_05(TriadicSelectionParserTest.java:118)
	at sun.reflect.NativeMethodAccessorImpl.invoke0(Native Method)
	at sun.reflect.NativeMethodAccessorImpl.invoke(NativeMethodAccessorImpl.java:62)
	at sun.reflect.DelegatingMethodAccessorImpl.invoke(DelegatingMethodAccessorImpl.java:43)
	at java.lang.reflect.Method.invoke(Method.java:498)
	at org.junit.runners.model.FrameworkMethod$1.runReflectiveCall(FrameworkMethod.java:50)
	at org.junit.internal.runners.model.ReflectiveCallable.run(ReflectiveCallable.java:12)
	at org.junit.runners.model.FrameworkMethod.invokeExplosively(FrameworkMethod.java:47)
	at org.junit.internal.runners.statements.InvokeMethod.evaluate(InvokeMethod.java:17)
	at org.junit.runners.ParentRunner.runLeaf(ParentRunner.java:325)
	at org.junit.runners.BlockJUnit4ClassRunner.runChild(BlockJUnit4ClassRunner.java:78)
	at org.junit.runners.BlockJUnit4ClassRunner.runChild(BlockJUnit4ClassRunner.java:57)
	at org.junit.runners.ParentRunner$3.run(ParentRunner.java:290)
	at org.junit.runners.ParentRunner$1.schedule(ParentRunner.java:71)
	at org.junit.runners.ParentRunner.runChildren(ParentRunner.java:288)
	at org.junit.runners.ParentRunner.access$000(ParentRunner.java:58)
	at org.junit.runners.ParentRunner$2.evaluate(ParentRunner.java:268)
	at org.junit.runners.ParentRunner.run(ParentRunner.java:363)
	at org.gradle.api.internal.tasks.testing.junit.JUnitTestClassExecuter.runTestClass(JUnitTestClassExecuter.java:114)
	at org.gradle.api.internal.tasks.testing.junit.JUnitTestClassExecuter.execute(JUnitTestClassExecuter.java:57)
	at org.gradle.api.internal.tasks.testing.junit.JUnitTestClassProcessor.processTestClass(JUnitTestClassProcessor.java:66)
	at org.gradle.api.internal.tasks.testing.SuiteTestClassProcessor.processTestClass(SuiteTestClassProcessor.java:51)
	at sun.reflect.GeneratedMethodAccessor81.invoke(Unknown Source)
	at sun.reflect.DelegatingMethodAccessorImpl.invoke(DelegatingMethodAccessorImpl.java:43)
	at java.lang.reflect.Method.invoke(Method.java:498)
	at org.gradle.internal.dispatch.ReflectionDispatch.dispatch(ReflectionDispatch.java:35)
	at org.gradle.internal.dispatch.ReflectionDispatch.dispatch(ReflectionDispatch.java:24)
	at org.gradle.internal.dispatch.ContextClassLoaderDispatch.dispatch(ContextClassLoaderDispatch.java:32)
	at org.gradle.internal.dispatch.ProxyDispatchAdapter$DispatchingInvocationHandler.invoke(ProxyDispatchAdapter.java:93)
	at com.sun.proxy.$Proxy2.processTestClass(Unknown Source)
	at org.gradle.api.internal.tasks.testing.worker.TestWorker.processTestClass(TestWorker.java:109)
	at sun.reflect.GeneratedMethodAccessor80.invoke(Unknown Source)
	at sun.reflect.DelegatingMethodAccessorImpl.invoke(DelegatingMethodAccessorImpl.java:43)
	at java.lang.reflect.Method.invoke(Method.java:498)
	at org.gradle.internal.dispatch.ReflectionDispatch.dispatch(ReflectionDispatch.java:35)
	at org.gradle.internal.dispatch.ReflectionDispatch.dispatch(ReflectionDispatch.java:24)
	at org.gradle.internal.remote.internal.hub.MessageHub$Handler.run(MessageHub.java:377)
	at org.gradle.internal.concurrent.ExecutorPolicy$CatchAndRecordFailures.onExecute(ExecutorPolicy.java:54)
	at org.gradle.internal.concurrent.StoppableExecutorImpl$1.run(StoppableExecutorImpl.java:40)
	at java.util.concurrent.ThreadPoolExecutor.runWorker(ThreadPoolExecutor.java:1142)
	at java.util.concurrent.ThreadPoolExecutor$Worker.run(ThreadPoolExecutor.java:617)
	at java.lang.Thread.run(Thread.java:745)
</pre>
</span>
</div>
<div class="test">
<a name="testTriadicSelection_06"></a>
<h3 class="failures">testTriadicSelection_06</h3>
<span class="code">
<pre>java.lang.UnsupportedOperationException: Not supported (yet) WHERE clause in WITH is unsupported.
	at ingraph.cypher2relalg.util.IngraphLogger.unsupported(IngraphLogger.java:75)
	at ingraph.cypher2relalg.RelalgBuilder._buildRelalgReturn(RelalgBuilder.java:612)
	at ingraph.cypher2relalg.RelalgBuilder.buildRelalgReturn(RelalgBuilder.java:1643)
	at ingraph.cypher2relalg.RelalgBuilder._buildRelalgSubQuery(RelalgBuilder.java:363)
	at ingraph.cypher2relalg.RelalgBuilder._buildRelalg(RelalgBuilder.java:283)
	at ingraph.cypher2relalg.RelalgBuilder.buildRelalg(RelalgBuilder.java:1622)
	at ingraph.cypher2relalg.RelalgBuilder.build(RelalgBuilder.java:214)
	at ingraph.cypher2relalg.Cypher2Relalg.processCypher(Cypher2Relalg.java:22)
	at ingraph.cypher2relalg.tck.tests.TriadicSelectionParserTest.testTriadicSelection_06(TriadicSelectionParserTest.java:140)
	at sun.reflect.NativeMethodAccessorImpl.invoke0(Native Method)
	at sun.reflect.NativeMethodAccessorImpl.invoke(NativeMethodAccessorImpl.java:62)
	at sun.reflect.DelegatingMethodAccessorImpl.invoke(DelegatingMethodAccessorImpl.java:43)
	at java.lang.reflect.Method.invoke(Method.java:498)
	at org.junit.runners.model.FrameworkMethod$1.runReflectiveCall(FrameworkMethod.java:50)
	at org.junit.internal.runners.model.ReflectiveCallable.run(ReflectiveCallable.java:12)
	at org.junit.runners.model.FrameworkMethod.invokeExplosively(FrameworkMethod.java:47)
	at org.junit.internal.runners.statements.InvokeMethod.evaluate(InvokeMethod.java:17)
	at org.junit.runners.ParentRunner.runLeaf(ParentRunner.java:325)
	at org.junit.runners.BlockJUnit4ClassRunner.runChild(BlockJUnit4ClassRunner.java:78)
	at org.junit.runners.BlockJUnit4ClassRunner.runChild(BlockJUnit4ClassRunner.java:57)
	at org.junit.runners.ParentRunner$3.run(ParentRunner.java:290)
	at org.junit.runners.ParentRunner$1.schedule(ParentRunner.java:71)
	at org.junit.runners.ParentRunner.runChildren(ParentRunner.java:288)
	at org.junit.runners.ParentRunner.access$000(ParentRunner.java:58)
	at org.junit.runners.ParentRunner$2.evaluate(ParentRunner.java:268)
	at org.junit.runners.ParentRunner.run(ParentRunner.java:363)
	at org.gradle.api.internal.tasks.testing.junit.JUnitTestClassExecuter.runTestClass(JUnitTestClassExecuter.java:114)
	at org.gradle.api.internal.tasks.testing.junit.JUnitTestClassExecuter.execute(JUnitTestClassExecuter.java:57)
	at org.gradle.api.internal.tasks.testing.junit.JUnitTestClassProcessor.processTestClass(JUnitTestClassProcessor.java:66)
	at org.gradle.api.internal.tasks.testing.SuiteTestClassProcessor.processTestClass(SuiteTestClassProcessor.java:51)
	at sun.reflect.GeneratedMethodAccessor81.invoke(Unknown Source)
	at sun.reflect.DelegatingMethodAccessorImpl.invoke(DelegatingMethodAccessorImpl.java:43)
	at java.lang.reflect.Method.invoke(Method.java:498)
	at org.gradle.internal.dispatch.ReflectionDispatch.dispatch(ReflectionDispatch.java:35)
	at org.gradle.internal.dispatch.ReflectionDispatch.dispatch(ReflectionDispatch.java:24)
	at org.gradle.internal.dispatch.ContextClassLoaderDispatch.dispatch(ContextClassLoaderDispatch.java:32)
	at org.gradle.internal.dispatch.ProxyDispatchAdapter$DispatchingInvocationHandler.invoke(ProxyDispatchAdapter.java:93)
	at com.sun.proxy.$Proxy2.processTestClass(Unknown Source)
	at org.gradle.api.internal.tasks.testing.worker.TestWorker.processTestClass(TestWorker.java:109)
	at sun.reflect.GeneratedMethodAccessor80.invoke(Unknown Source)
	at sun.reflect.DelegatingMethodAccessorImpl.invoke(DelegatingMethodAccessorImpl.java:43)
	at java.lang.reflect.Method.invoke(Method.java:498)
	at org.gradle.internal.dispatch.ReflectionDispatch.dispatch(ReflectionDispatch.java:35)
	at org.gradle.internal.dispatch.ReflectionDispatch.dispatch(ReflectionDispatch.java:24)
	at org.gradle.internal.remote.internal.hub.MessageHub$Handler.run(MessageHub.java:377)
	at org.gradle.internal.concurrent.ExecutorPolicy$CatchAndRecordFailures.onExecute(ExecutorPolicy.java:54)
	at org.gradle.internal.concurrent.StoppableExecutorImpl$1.run(StoppableExecutorImpl.java:40)
	at java.util.concurrent.ThreadPoolExecutor.runWorker(ThreadPoolExecutor.java:1142)
	at java.util.concurrent.ThreadPoolExecutor$Worker.run(ThreadPoolExecutor.java:617)
	at java.lang.Thread.run(Thread.java:745)
</pre>
</span>
</div>
<div class="test">
<a name="testTriadicSelection_07"></a>
<h3 class="failures">testTriadicSelection_07</h3>
<span class="code">
<pre>java.lang.UnsupportedOperationException: Not supported (yet) WHERE clause in WITH is unsupported.
	at ingraph.cypher2relalg.util.IngraphLogger.unsupported(IngraphLogger.java:75)
	at ingraph.cypher2relalg.RelalgBuilder._buildRelalgReturn(RelalgBuilder.java:612)
	at ingraph.cypher2relalg.RelalgBuilder.buildRelalgReturn(RelalgBuilder.java:1643)
	at ingraph.cypher2relalg.RelalgBuilder._buildRelalgSubQuery(RelalgBuilder.java:363)
	at ingraph.cypher2relalg.RelalgBuilder._buildRelalg(RelalgBuilder.java:283)
	at ingraph.cypher2relalg.RelalgBuilder.buildRelalg(RelalgBuilder.java:1622)
	at ingraph.cypher2relalg.RelalgBuilder.build(RelalgBuilder.java:214)
	at ingraph.cypher2relalg.Cypher2Relalg.processCypher(Cypher2Relalg.java:22)
	at ingraph.cypher2relalg.tck.tests.TriadicSelectionParserTest.testTriadicSelection_07(TriadicSelectionParserTest.java:162)
	at sun.reflect.NativeMethodAccessorImpl.invoke0(Native Method)
	at sun.reflect.NativeMethodAccessorImpl.invoke(NativeMethodAccessorImpl.java:62)
	at sun.reflect.DelegatingMethodAccessorImpl.invoke(DelegatingMethodAccessorImpl.java:43)
	at java.lang.reflect.Method.invoke(Method.java:498)
	at org.junit.runners.model.FrameworkMethod$1.runReflectiveCall(FrameworkMethod.java:50)
	at org.junit.internal.runners.model.ReflectiveCallable.run(ReflectiveCallable.java:12)
	at org.junit.runners.model.FrameworkMethod.invokeExplosively(FrameworkMethod.java:47)
	at org.junit.internal.runners.statements.InvokeMethod.evaluate(InvokeMethod.java:17)
	at org.junit.runners.ParentRunner.runLeaf(ParentRunner.java:325)
	at org.junit.runners.BlockJUnit4ClassRunner.runChild(BlockJUnit4ClassRunner.java:78)
	at org.junit.runners.BlockJUnit4ClassRunner.runChild(BlockJUnit4ClassRunner.java:57)
	at org.junit.runners.ParentRunner$3.run(ParentRunner.java:290)
	at org.junit.runners.ParentRunner$1.schedule(ParentRunner.java:71)
	at org.junit.runners.ParentRunner.runChildren(ParentRunner.java:288)
	at org.junit.runners.ParentRunner.access$000(ParentRunner.java:58)
	at org.junit.runners.ParentRunner$2.evaluate(ParentRunner.java:268)
	at org.junit.runners.ParentRunner.run(ParentRunner.java:363)
	at org.gradle.api.internal.tasks.testing.junit.JUnitTestClassExecuter.runTestClass(JUnitTestClassExecuter.java:114)
	at org.gradle.api.internal.tasks.testing.junit.JUnitTestClassExecuter.execute(JUnitTestClassExecuter.java:57)
	at org.gradle.api.internal.tasks.testing.junit.JUnitTestClassProcessor.processTestClass(JUnitTestClassProcessor.java:66)
	at org.gradle.api.internal.tasks.testing.SuiteTestClassProcessor.processTestClass(SuiteTestClassProcessor.java:51)
	at sun.reflect.GeneratedMethodAccessor81.invoke(Unknown Source)
	at sun.reflect.DelegatingMethodAccessorImpl.invoke(DelegatingMethodAccessorImpl.java:43)
	at java.lang.reflect.Method.invoke(Method.java:498)
	at org.gradle.internal.dispatch.ReflectionDispatch.dispatch(ReflectionDispatch.java:35)
	at org.gradle.internal.dispatch.ReflectionDispatch.dispatch(ReflectionDispatch.java:24)
	at org.gradle.internal.dispatch.ContextClassLoaderDispatch.dispatch(ContextClassLoaderDispatch.java:32)
	at org.gradle.internal.dispatch.ProxyDispatchAdapter$DispatchingInvocationHandler.invoke(ProxyDispatchAdapter.java:93)
	at com.sun.proxy.$Proxy2.processTestClass(Unknown Source)
	at org.gradle.api.internal.tasks.testing.worker.TestWorker.processTestClass(TestWorker.java:109)
	at sun.reflect.GeneratedMethodAccessor80.invoke(Unknown Source)
	at sun.reflect.DelegatingMethodAccessorImpl.invoke(DelegatingMethodAccessorImpl.java:43)
	at java.lang.reflect.Method.invoke(Method.java:498)
	at org.gradle.internal.dispatch.ReflectionDispatch.dispatch(ReflectionDispatch.java:35)
	at org.gradle.internal.dispatch.ReflectionDispatch.dispatch(ReflectionDispatch.java:24)
	at org.gradle.internal.remote.internal.hub.MessageHub$Handler.run(MessageHub.java:377)
	at org.gradle.internal.concurrent.ExecutorPolicy$CatchAndRecordFailures.onExecute(ExecutorPolicy.java:54)
	at org.gradle.internal.concurrent.StoppableExecutorImpl$1.run(StoppableExecutorImpl.java:40)
	at java.util.concurrent.ThreadPoolExecutor.runWorker(ThreadPoolExecutor.java:1142)
	at java.util.concurrent.ThreadPoolExecutor$Worker.run(ThreadPoolExecutor.java:617)
	at java.lang.Thread.run(Thread.java:745)
</pre>
</span>
</div>
<div class="test">
<a name="testTriadicSelection_08"></a>
<h3 class="failures">testTriadicSelection_08</h3>
<span class="code">
<pre>java.lang.UnsupportedOperationException: Not supported (yet) WHERE clause in WITH is unsupported.
	at ingraph.cypher2relalg.util.IngraphLogger.unsupported(IngraphLogger.java:75)
	at ingraph.cypher2relalg.RelalgBuilder._buildRelalgReturn(RelalgBuilder.java:612)
	at ingraph.cypher2relalg.RelalgBuilder.buildRelalgReturn(RelalgBuilder.java:1643)
	at ingraph.cypher2relalg.RelalgBuilder._buildRelalgSubQuery(RelalgBuilder.java:363)
	at ingraph.cypher2relalg.RelalgBuilder._buildRelalg(RelalgBuilder.java:283)
	at ingraph.cypher2relalg.RelalgBuilder.buildRelalg(RelalgBuilder.java:1622)
	at ingraph.cypher2relalg.RelalgBuilder.build(RelalgBuilder.java:214)
	at ingraph.cypher2relalg.Cypher2Relalg.processCypher(Cypher2Relalg.java:22)
	at ingraph.cypher2relalg.tck.tests.TriadicSelectionParserTest.testTriadicSelection_08(TriadicSelectionParserTest.java:184)
	at sun.reflect.NativeMethodAccessorImpl.invoke0(Native Method)
	at sun.reflect.NativeMethodAccessorImpl.invoke(NativeMethodAccessorImpl.java:62)
	at sun.reflect.DelegatingMethodAccessorImpl.invoke(DelegatingMethodAccessorImpl.java:43)
	at java.lang.reflect.Method.invoke(Method.java:498)
	at org.junit.runners.model.FrameworkMethod$1.runReflectiveCall(FrameworkMethod.java:50)
	at org.junit.internal.runners.model.ReflectiveCallable.run(ReflectiveCallable.java:12)
	at org.junit.runners.model.FrameworkMethod.invokeExplosively(FrameworkMethod.java:47)
	at org.junit.internal.runners.statements.InvokeMethod.evaluate(InvokeMethod.java:17)
	at org.junit.runners.ParentRunner.runLeaf(ParentRunner.java:325)
	at org.junit.runners.BlockJUnit4ClassRunner.runChild(BlockJUnit4ClassRunner.java:78)
	at org.junit.runners.BlockJUnit4ClassRunner.runChild(BlockJUnit4ClassRunner.java:57)
	at org.junit.runners.ParentRunner$3.run(ParentRunner.java:290)
	at org.junit.runners.ParentRunner$1.schedule(ParentRunner.java:71)
	at org.junit.runners.ParentRunner.runChildren(ParentRunner.java:288)
	at org.junit.runners.ParentRunner.access$000(ParentRunner.java:58)
	at org.junit.runners.ParentRunner$2.evaluate(ParentRunner.java:268)
	at org.junit.runners.ParentRunner.run(ParentRunner.java:363)
	at org.gradle.api.internal.tasks.testing.junit.JUnitTestClassExecuter.runTestClass(JUnitTestClassExecuter.java:114)
	at org.gradle.api.internal.tasks.testing.junit.JUnitTestClassExecuter.execute(JUnitTestClassExecuter.java:57)
	at org.gradle.api.internal.tasks.testing.junit.JUnitTestClassProcessor.processTestClass(JUnitTestClassProcessor.java:66)
	at org.gradle.api.internal.tasks.testing.SuiteTestClassProcessor.processTestClass(SuiteTestClassProcessor.java:51)
	at sun.reflect.GeneratedMethodAccessor81.invoke(Unknown Source)
	at sun.reflect.DelegatingMethodAccessorImpl.invoke(DelegatingMethodAccessorImpl.java:43)
	at java.lang.reflect.Method.invoke(Method.java:498)
	at org.gradle.internal.dispatch.ReflectionDispatch.dispatch(ReflectionDispatch.java:35)
	at org.gradle.internal.dispatch.ReflectionDispatch.dispatch(ReflectionDispatch.java:24)
	at org.gradle.internal.dispatch.ContextClassLoaderDispatch.dispatch(ContextClassLoaderDispatch.java:32)
	at org.gradle.internal.dispatch.ProxyDispatchAdapter$DispatchingInvocationHandler.invoke(ProxyDispatchAdapter.java:93)
	at com.sun.proxy.$Proxy2.processTestClass(Unknown Source)
	at org.gradle.api.internal.tasks.testing.worker.TestWorker.processTestClass(TestWorker.java:109)
	at sun.reflect.GeneratedMethodAccessor80.invoke(Unknown Source)
	at sun.reflect.DelegatingMethodAccessorImpl.invoke(DelegatingMethodAccessorImpl.java:43)
	at java.lang.reflect.Method.invoke(Method.java:498)
	at org.gradle.internal.dispatch.ReflectionDispatch.dispatch(ReflectionDispatch.java:35)
	at org.gradle.internal.dispatch.ReflectionDispatch.dispatch(ReflectionDispatch.java:24)
	at org.gradle.internal.remote.internal.hub.MessageHub$Handler.run(MessageHub.java:377)
	at org.gradle.internal.concurrent.ExecutorPolicy$CatchAndRecordFailures.onExecute(ExecutorPolicy.java:54)
	at org.gradle.internal.concurrent.StoppableExecutorImpl$1.run(StoppableExecutorImpl.java:40)
	at java.util.concurrent.ThreadPoolExecutor.runWorker(ThreadPoolExecutor.java:1142)
	at java.util.concurrent.ThreadPoolExecutor$Worker.run(ThreadPoolExecutor.java:617)
	at java.lang.Thread.run(Thread.java:745)
</pre>
</span>
</div>
<div class="test">
<a name="testTriadicSelection_09"></a>
<h3 class="failures">testTriadicSelection_09</h3>
<span class="code">
<pre>java.lang.UnsupportedOperationException: Not supported (yet) WHERE clause in WITH is unsupported.
	at ingraph.cypher2relalg.util.IngraphLogger.unsupported(IngraphLogger.java:75)
	at ingraph.cypher2relalg.RelalgBuilder._buildRelalgReturn(RelalgBuilder.java:612)
	at ingraph.cypher2relalg.RelalgBuilder.buildRelalgReturn(RelalgBuilder.java:1643)
	at ingraph.cypher2relalg.RelalgBuilder._buildRelalgSubQuery(RelalgBuilder.java:363)
	at ingraph.cypher2relalg.RelalgBuilder._buildRelalg(RelalgBuilder.java:283)
	at ingraph.cypher2relalg.RelalgBuilder.buildRelalg(RelalgBuilder.java:1622)
	at ingraph.cypher2relalg.RelalgBuilder.build(RelalgBuilder.java:214)
	at ingraph.cypher2relalg.Cypher2Relalg.processCypher(Cypher2Relalg.java:22)
	at ingraph.cypher2relalg.tck.tests.TriadicSelectionParserTest.testTriadicSelection_09(TriadicSelectionParserTest.java:206)
	at sun.reflect.NativeMethodAccessorImpl.invoke0(Native Method)
	at sun.reflect.NativeMethodAccessorImpl.invoke(NativeMethodAccessorImpl.java:62)
	at sun.reflect.DelegatingMethodAccessorImpl.invoke(DelegatingMethodAccessorImpl.java:43)
	at java.lang.reflect.Method.invoke(Method.java:498)
	at org.junit.runners.model.FrameworkMethod$1.runReflectiveCall(FrameworkMethod.java:50)
	at org.junit.internal.runners.model.ReflectiveCallable.run(ReflectiveCallable.java:12)
	at org.junit.runners.model.FrameworkMethod.invokeExplosively(FrameworkMethod.java:47)
	at org.junit.internal.runners.statements.InvokeMethod.evaluate(InvokeMethod.java:17)
	at org.junit.runners.ParentRunner.runLeaf(ParentRunner.java:325)
	at org.junit.runners.BlockJUnit4ClassRunner.runChild(BlockJUnit4ClassRunner.java:78)
	at org.junit.runners.BlockJUnit4ClassRunner.runChild(BlockJUnit4ClassRunner.java:57)
	at org.junit.runners.ParentRunner$3.run(ParentRunner.java:290)
	at org.junit.runners.ParentRunner$1.schedule(ParentRunner.java:71)
	at org.junit.runners.ParentRunner.runChildren(ParentRunner.java:288)
	at org.junit.runners.ParentRunner.access$000(ParentRunner.java:58)
	at org.junit.runners.ParentRunner$2.evaluate(ParentRunner.java:268)
	at org.junit.runners.ParentRunner.run(ParentRunner.java:363)
	at org.gradle.api.internal.tasks.testing.junit.JUnitTestClassExecuter.runTestClass(JUnitTestClassExecuter.java:114)
	at org.gradle.api.internal.tasks.testing.junit.JUnitTestClassExecuter.execute(JUnitTestClassExecuter.java:57)
	at org.gradle.api.internal.tasks.testing.junit.JUnitTestClassProcessor.processTestClass(JUnitTestClassProcessor.java:66)
	at org.gradle.api.internal.tasks.testing.SuiteTestClassProcessor.processTestClass(SuiteTestClassProcessor.java:51)
	at sun.reflect.GeneratedMethodAccessor81.invoke(Unknown Source)
	at sun.reflect.DelegatingMethodAccessorImpl.invoke(DelegatingMethodAccessorImpl.java:43)
	at java.lang.reflect.Method.invoke(Method.java:498)
	at org.gradle.internal.dispatch.ReflectionDispatch.dispatch(ReflectionDispatch.java:35)
	at org.gradle.internal.dispatch.ReflectionDispatch.dispatch(ReflectionDispatch.java:24)
	at org.gradle.internal.dispatch.ContextClassLoaderDispatch.dispatch(ContextClassLoaderDispatch.java:32)
	at org.gradle.internal.dispatch.ProxyDispatchAdapter$DispatchingInvocationHandler.invoke(ProxyDispatchAdapter.java:93)
	at com.sun.proxy.$Proxy2.processTestClass(Unknown Source)
	at org.gradle.api.internal.tasks.testing.worker.TestWorker.processTestClass(TestWorker.java:109)
	at sun.reflect.GeneratedMethodAccessor80.invoke(Unknown Source)
	at sun.reflect.DelegatingMethodAccessorImpl.invoke(DelegatingMethodAccessorImpl.java:43)
	at java.lang.reflect.Method.invoke(Method.java:498)
	at org.gradle.internal.dispatch.ReflectionDispatch.dispatch(ReflectionDispatch.java:35)
	at org.gradle.internal.dispatch.ReflectionDispatch.dispatch(ReflectionDispatch.java:24)
	at org.gradle.internal.remote.internal.hub.MessageHub$Handler.run(MessageHub.java:377)
	at org.gradle.internal.concurrent.ExecutorPolicy$CatchAndRecordFailures.onExecute(ExecutorPolicy.java:54)
	at org.gradle.internal.concurrent.StoppableExecutorImpl$1.run(StoppableExecutorImpl.java:40)
	at java.util.concurrent.ThreadPoolExecutor.runWorker(ThreadPoolExecutor.java:1142)
	at java.util.concurrent.ThreadPoolExecutor$Worker.run(ThreadPoolExecutor.java:617)
	at java.lang.Thread.run(Thread.java:745)
</pre>
</span>
</div>
<div class="test">
<a name="testTriadicSelection_10"></a>
<h3 class="failures">testTriadicSelection_10</h3>
<span class="code">
<pre>java.lang.UnsupportedOperationException: Not supported (yet) WHERE clause in WITH is unsupported.
	at ingraph.cypher2relalg.util.IngraphLogger.unsupported(IngraphLogger.java:75)
	at ingraph.cypher2relalg.RelalgBuilder._buildRelalgReturn(RelalgBuilder.java:612)
	at ingraph.cypher2relalg.RelalgBuilder.buildRelalgReturn(RelalgBuilder.java:1643)
	at ingraph.cypher2relalg.RelalgBuilder._buildRelalgSubQuery(RelalgBuilder.java:363)
	at ingraph.cypher2relalg.RelalgBuilder._buildRelalg(RelalgBuilder.java:283)
	at ingraph.cypher2relalg.RelalgBuilder.buildRelalg(RelalgBuilder.java:1622)
	at ingraph.cypher2relalg.RelalgBuilder.build(RelalgBuilder.java:214)
	at ingraph.cypher2relalg.Cypher2Relalg.processCypher(Cypher2Relalg.java:22)
	at ingraph.cypher2relalg.tck.tests.TriadicSelectionParserTest.testTriadicSelection_10(TriadicSelectionParserTest.java:228)
	at sun.reflect.NativeMethodAccessorImpl.invoke0(Native Method)
	at sun.reflect.NativeMethodAccessorImpl.invoke(NativeMethodAccessorImpl.java:62)
	at sun.reflect.DelegatingMethodAccessorImpl.invoke(DelegatingMethodAccessorImpl.java:43)
	at java.lang.reflect.Method.invoke(Method.java:498)
	at org.junit.runners.model.FrameworkMethod$1.runReflectiveCall(FrameworkMethod.java:50)
	at org.junit.internal.runners.model.ReflectiveCallable.run(ReflectiveCallable.java:12)
	at org.junit.runners.model.FrameworkMethod.invokeExplosively(FrameworkMethod.java:47)
	at org.junit.internal.runners.statements.InvokeMethod.evaluate(InvokeMethod.java:17)
	at org.junit.runners.ParentRunner.runLeaf(ParentRunner.java:325)
	at org.junit.runners.BlockJUnit4ClassRunner.runChild(BlockJUnit4ClassRunner.java:78)
	at org.junit.runners.BlockJUnit4ClassRunner.runChild(BlockJUnit4ClassRunner.java:57)
	at org.junit.runners.ParentRunner$3.run(ParentRunner.java:290)
	at org.junit.runners.ParentRunner$1.schedule(ParentRunner.java:71)
	at org.junit.runners.ParentRunner.runChildren(ParentRunner.java:288)
	at org.junit.runners.ParentRunner.access$000(ParentRunner.java:58)
	at org.junit.runners.ParentRunner$2.evaluate(ParentRunner.java:268)
	at org.junit.runners.ParentRunner.run(ParentRunner.java:363)
	at org.gradle.api.internal.tasks.testing.junit.JUnitTestClassExecuter.runTestClass(JUnitTestClassExecuter.java:114)
	at org.gradle.api.internal.tasks.testing.junit.JUnitTestClassExecuter.execute(JUnitTestClassExecuter.java:57)
	at org.gradle.api.internal.tasks.testing.junit.JUnitTestClassProcessor.processTestClass(JUnitTestClassProcessor.java:66)
	at org.gradle.api.internal.tasks.testing.SuiteTestClassProcessor.processTestClass(SuiteTestClassProcessor.java:51)
	at sun.reflect.GeneratedMethodAccessor81.invoke(Unknown Source)
	at sun.reflect.DelegatingMethodAccessorImpl.invoke(DelegatingMethodAccessorImpl.java:43)
	at java.lang.reflect.Method.invoke(Method.java:498)
	at org.gradle.internal.dispatch.ReflectionDispatch.dispatch(ReflectionDispatch.java:35)
	at org.gradle.internal.dispatch.ReflectionDispatch.dispatch(ReflectionDispatch.java:24)
	at org.gradle.internal.dispatch.ContextClassLoaderDispatch.dispatch(ContextClassLoaderDispatch.java:32)
	at org.gradle.internal.dispatch.ProxyDispatchAdapter$DispatchingInvocationHandler.invoke(ProxyDispatchAdapter.java:93)
	at com.sun.proxy.$Proxy2.processTestClass(Unknown Source)
	at org.gradle.api.internal.tasks.testing.worker.TestWorker.processTestClass(TestWorker.java:109)
	at sun.reflect.GeneratedMethodAccessor80.invoke(Unknown Source)
	at sun.reflect.DelegatingMethodAccessorImpl.invoke(DelegatingMethodAccessorImpl.java:43)
	at java.lang.reflect.Method.invoke(Method.java:498)
	at org.gradle.internal.dispatch.ReflectionDispatch.dispatch(ReflectionDispatch.java:35)
	at org.gradle.internal.dispatch.ReflectionDispatch.dispatch(ReflectionDispatch.java:24)
	at org.gradle.internal.remote.internal.hub.MessageHub$Handler.run(MessageHub.java:377)
	at org.gradle.internal.concurrent.ExecutorPolicy$CatchAndRecordFailures.onExecute(ExecutorPolicy.java:54)
	at org.gradle.internal.concurrent.StoppableExecutorImpl$1.run(StoppableExecutorImpl.java:40)
	at java.util.concurrent.ThreadPoolExecutor.runWorker(ThreadPoolExecutor.java:1142)
	at java.util.concurrent.ThreadPoolExecutor$Worker.run(ThreadPoolExecutor.java:617)
	at java.lang.Thread.run(Thread.java:745)
</pre>
</span>
</div>
<div class="test">
<a name="testTriadicSelection_11"></a>
<h3 class="failures">testTriadicSelection_11</h3>
<span class="code">
<pre>java.lang.UnsupportedOperationException: Not supported (yet) WHERE clause in WITH is unsupported.
	at ingraph.cypher2relalg.util.IngraphLogger.unsupported(IngraphLogger.java:75)
	at ingraph.cypher2relalg.RelalgBuilder._buildRelalgReturn(RelalgBuilder.java:612)
	at ingraph.cypher2relalg.RelalgBuilder.buildRelalgReturn(RelalgBuilder.java:1643)
	at ingraph.cypher2relalg.RelalgBuilder._buildRelalgSubQuery(RelalgBuilder.java:363)
	at ingraph.cypher2relalg.RelalgBuilder._buildRelalg(RelalgBuilder.java:283)
	at ingraph.cypher2relalg.RelalgBuilder.buildRelalg(RelalgBuilder.java:1622)
	at ingraph.cypher2relalg.RelalgBuilder.build(RelalgBuilder.java:214)
	at ingraph.cypher2relalg.Cypher2Relalg.processCypher(Cypher2Relalg.java:22)
	at ingraph.cypher2relalg.tck.tests.TriadicSelectionParserTest.testTriadicSelection_11(TriadicSelectionParserTest.java:250)
	at sun.reflect.NativeMethodAccessorImpl.invoke0(Native Method)
	at sun.reflect.NativeMethodAccessorImpl.invoke(NativeMethodAccessorImpl.java:62)
	at sun.reflect.DelegatingMethodAccessorImpl.invoke(DelegatingMethodAccessorImpl.java:43)
	at java.lang.reflect.Method.invoke(Method.java:498)
	at org.junit.runners.model.FrameworkMethod$1.runReflectiveCall(FrameworkMethod.java:50)
	at org.junit.internal.runners.model.ReflectiveCallable.run(ReflectiveCallable.java:12)
	at org.junit.runners.model.FrameworkMethod.invokeExplosively(FrameworkMethod.java:47)
	at org.junit.internal.runners.statements.InvokeMethod.evaluate(InvokeMethod.java:17)
	at org.junit.runners.ParentRunner.runLeaf(ParentRunner.java:325)
	at org.junit.runners.BlockJUnit4ClassRunner.runChild(BlockJUnit4ClassRunner.java:78)
	at org.junit.runners.BlockJUnit4ClassRunner.runChild(BlockJUnit4ClassRunner.java:57)
	at org.junit.runners.ParentRunner$3.run(ParentRunner.java:290)
	at org.junit.runners.ParentRunner$1.schedule(ParentRunner.java:71)
	at org.junit.runners.ParentRunner.runChildren(ParentRunner.java:288)
	at org.junit.runners.ParentRunner.access$000(ParentRunner.java:58)
	at org.junit.runners.ParentRunner$2.evaluate(ParentRunner.java:268)
	at org.junit.runners.ParentRunner.run(ParentRunner.java:363)
	at org.gradle.api.internal.tasks.testing.junit.JUnitTestClassExecuter.runTestClass(JUnitTestClassExecuter.java:114)
	at org.gradle.api.internal.tasks.testing.junit.JUnitTestClassExecuter.execute(JUnitTestClassExecuter.java:57)
	at org.gradle.api.internal.tasks.testing.junit.JUnitTestClassProcessor.processTestClass(JUnitTestClassProcessor.java:66)
	at org.gradle.api.internal.tasks.testing.SuiteTestClassProcessor.processTestClass(SuiteTestClassProcessor.java:51)
	at sun.reflect.GeneratedMethodAccessor81.invoke(Unknown Source)
	at sun.reflect.DelegatingMethodAccessorImpl.invoke(DelegatingMethodAccessorImpl.java:43)
	at java.lang.reflect.Method.invoke(Method.java:498)
	at org.gradle.internal.dispatch.ReflectionDispatch.dispatch(ReflectionDispatch.java:35)
	at org.gradle.internal.dispatch.ReflectionDispatch.dispatch(ReflectionDispatch.java:24)
	at org.gradle.internal.dispatch.ContextClassLoaderDispatch.dispatch(ContextClassLoaderDispatch.java:32)
	at org.gradle.internal.dispatch.ProxyDispatchAdapter$DispatchingInvocationHandler.invoke(ProxyDispatchAdapter.java:93)
	at com.sun.proxy.$Proxy2.processTestClass(Unknown Source)
	at org.gradle.api.internal.tasks.testing.worker.TestWorker.processTestClass(TestWorker.java:109)
	at sun.reflect.GeneratedMethodAccessor80.invoke(Unknown Source)
	at sun.reflect.DelegatingMethodAccessorImpl.invoke(DelegatingMethodAccessorImpl.java:43)
	at java.lang.reflect.Method.invoke(Method.java:498)
	at org.gradle.internal.dispatch.ReflectionDispatch.dispatch(ReflectionDispatch.java:35)
	at org.gradle.internal.dispatch.ReflectionDispatch.dispatch(ReflectionDispatch.java:24)
	at org.gradle.internal.remote.internal.hub.MessageHub$Handler.run(MessageHub.java:377)
	at org.gradle.internal.concurrent.ExecutorPolicy$CatchAndRecordFailures.onExecute(ExecutorPolicy.java:54)
	at org.gradle.internal.concurrent.StoppableExecutorImpl$1.run(StoppableExecutorImpl.java:40)
	at java.util.concurrent.ThreadPoolExecutor.runWorker(ThreadPoolExecutor.java:1142)
	at java.util.concurrent.ThreadPoolExecutor$Worker.run(ThreadPoolExecutor.java:617)
	at java.lang.Thread.run(Thread.java:745)
</pre>
</span>
</div>
<div class="test">
<a name="testTriadicSelection_12"></a>
<h3 class="failures">testTriadicSelection_12</h3>
<span class="code">
<pre>java.lang.UnsupportedOperationException: Not supported (yet) WHERE clause in WITH is unsupported.
	at ingraph.cypher2relalg.util.IngraphLogger.unsupported(IngraphLogger.java:75)
	at ingraph.cypher2relalg.RelalgBuilder._buildRelalgReturn(RelalgBuilder.java:612)
	at ingraph.cypher2relalg.RelalgBuilder.buildRelalgReturn(RelalgBuilder.java:1643)
	at ingraph.cypher2relalg.RelalgBuilder._buildRelalgSubQuery(RelalgBuilder.java:363)
	at ingraph.cypher2relalg.RelalgBuilder._buildRelalg(RelalgBuilder.java:283)
	at ingraph.cypher2relalg.RelalgBuilder.buildRelalg(RelalgBuilder.java:1622)
	at ingraph.cypher2relalg.RelalgBuilder.build(RelalgBuilder.java:214)
	at ingraph.cypher2relalg.Cypher2Relalg.processCypher(Cypher2Relalg.java:22)
	at ingraph.cypher2relalg.tck.tests.TriadicSelectionParserTest.testTriadicSelection_12(TriadicSelectionParserTest.java:272)
	at sun.reflect.NativeMethodAccessorImpl.invoke0(Native Method)
	at sun.reflect.NativeMethodAccessorImpl.invoke(NativeMethodAccessorImpl.java:62)
	at sun.reflect.DelegatingMethodAccessorImpl.invoke(DelegatingMethodAccessorImpl.java:43)
	at java.lang.reflect.Method.invoke(Method.java:498)
	at org.junit.runners.model.FrameworkMethod$1.runReflectiveCall(FrameworkMethod.java:50)
	at org.junit.internal.runners.model.ReflectiveCallable.run(ReflectiveCallable.java:12)
	at org.junit.runners.model.FrameworkMethod.invokeExplosively(FrameworkMethod.java:47)
	at org.junit.internal.runners.statements.InvokeMethod.evaluate(InvokeMethod.java:17)
	at org.junit.runners.ParentRunner.runLeaf(ParentRunner.java:325)
	at org.junit.runners.BlockJUnit4ClassRunner.runChild(BlockJUnit4ClassRunner.java:78)
	at org.junit.runners.BlockJUnit4ClassRunner.runChild(BlockJUnit4ClassRunner.java:57)
	at org.junit.runners.ParentRunner$3.run(ParentRunner.java:290)
	at org.junit.runners.ParentRunner$1.schedule(ParentRunner.java:71)
	at org.junit.runners.ParentRunner.runChildren(ParentRunner.java:288)
	at org.junit.runners.ParentRunner.access$000(ParentRunner.java:58)
	at org.junit.runners.ParentRunner$2.evaluate(ParentRunner.java:268)
	at org.junit.runners.ParentRunner.run(ParentRunner.java:363)
	at org.gradle.api.internal.tasks.testing.junit.JUnitTestClassExecuter.runTestClass(JUnitTestClassExecuter.java:114)
	at org.gradle.api.internal.tasks.testing.junit.JUnitTestClassExecuter.execute(JUnitTestClassExecuter.java:57)
	at org.gradle.api.internal.tasks.testing.junit.JUnitTestClassProcessor.processTestClass(JUnitTestClassProcessor.java:66)
	at org.gradle.api.internal.tasks.testing.SuiteTestClassProcessor.processTestClass(SuiteTestClassProcessor.java:51)
	at sun.reflect.GeneratedMethodAccessor81.invoke(Unknown Source)
	at sun.reflect.DelegatingMethodAccessorImpl.invoke(DelegatingMethodAccessorImpl.java:43)
	at java.lang.reflect.Method.invoke(Method.java:498)
	at org.gradle.internal.dispatch.ReflectionDispatch.dispatch(ReflectionDispatch.java:35)
	at org.gradle.internal.dispatch.ReflectionDispatch.dispatch(ReflectionDispatch.java:24)
	at org.gradle.internal.dispatch.ContextClassLoaderDispatch.dispatch(ContextClassLoaderDispatch.java:32)
	at org.gradle.internal.dispatch.ProxyDispatchAdapter$DispatchingInvocationHandler.invoke(ProxyDispatchAdapter.java:93)
	at com.sun.proxy.$Proxy2.processTestClass(Unknown Source)
	at org.gradle.api.internal.tasks.testing.worker.TestWorker.processTestClass(TestWorker.java:109)
	at sun.reflect.GeneratedMethodAccessor80.invoke(Unknown Source)
	at sun.reflect.DelegatingMethodAccessorImpl.invoke(DelegatingMethodAccessorImpl.java:43)
	at java.lang.reflect.Method.invoke(Method.java:498)
	at org.gradle.internal.dispatch.ReflectionDispatch.dispatch(ReflectionDispatch.java:35)
	at org.gradle.internal.dispatch.ReflectionDispatch.dispatch(ReflectionDispatch.java:24)
	at org.gradle.internal.remote.internal.hub.MessageHub$Handler.run(MessageHub.java:377)
	at org.gradle.internal.concurrent.ExecutorPolicy$CatchAndRecordFailures.onExecute(ExecutorPolicy.java:54)
	at org.gradle.internal.concurrent.StoppableExecutorImpl$1.run(StoppableExecutorImpl.java:40)
	at java.util.concurrent.ThreadPoolExecutor.runWorker(ThreadPoolExecutor.java:1142)
	at java.util.concurrent.ThreadPoolExecutor$Worker.run(ThreadPoolExecutor.java:617)
	at java.lang.Thread.run(Thread.java:745)
</pre>
</span>
</div>
<div class="test">
<a name="testTriadicSelection_13"></a>
<h3 class="failures">testTriadicSelection_13</h3>
<span class="code">
<pre>java.lang.UnsupportedOperationException: Not supported (yet) WHERE clause in WITH is unsupported.
	at ingraph.cypher2relalg.util.IngraphLogger.unsupported(IngraphLogger.java:75)
	at ingraph.cypher2relalg.RelalgBuilder._buildRelalgReturn(RelalgBuilder.java:612)
	at ingraph.cypher2relalg.RelalgBuilder.buildRelalgReturn(RelalgBuilder.java:1643)
	at ingraph.cypher2relalg.RelalgBuilder._buildRelalgSubQuery(RelalgBuilder.java:363)
	at ingraph.cypher2relalg.RelalgBuilder._buildRelalg(RelalgBuilder.java:283)
	at ingraph.cypher2relalg.RelalgBuilder.buildRelalg(RelalgBuilder.java:1622)
	at ingraph.cypher2relalg.RelalgBuilder.build(RelalgBuilder.java:214)
	at ingraph.cypher2relalg.Cypher2Relalg.processCypher(Cypher2Relalg.java:22)
	at ingraph.cypher2relalg.tck.tests.TriadicSelectionParserTest.testTriadicSelection_13(TriadicSelectionParserTest.java:294)
	at sun.reflect.NativeMethodAccessorImpl.invoke0(Native Method)
	at sun.reflect.NativeMethodAccessorImpl.invoke(NativeMethodAccessorImpl.java:62)
	at sun.reflect.DelegatingMethodAccessorImpl.invoke(DelegatingMethodAccessorImpl.java:43)
	at java.lang.reflect.Method.invoke(Method.java:498)
	at org.junit.runners.model.FrameworkMethod$1.runReflectiveCall(FrameworkMethod.java:50)
	at org.junit.internal.runners.model.ReflectiveCallable.run(ReflectiveCallable.java:12)
	at org.junit.runners.model.FrameworkMethod.invokeExplosively(FrameworkMethod.java:47)
	at org.junit.internal.runners.statements.InvokeMethod.evaluate(InvokeMethod.java:17)
	at org.junit.runners.ParentRunner.runLeaf(ParentRunner.java:325)
	at org.junit.runners.BlockJUnit4ClassRunner.runChild(BlockJUnit4ClassRunner.java:78)
	at org.junit.runners.BlockJUnit4ClassRunner.runChild(BlockJUnit4ClassRunner.java:57)
	at org.junit.runners.ParentRunner$3.run(ParentRunner.java:290)
	at org.junit.runners.ParentRunner$1.schedule(ParentRunner.java:71)
	at org.junit.runners.ParentRunner.runChildren(ParentRunner.java:288)
	at org.junit.runners.ParentRunner.access$000(ParentRunner.java:58)
	at org.junit.runners.ParentRunner$2.evaluate(ParentRunner.java:268)
	at org.junit.runners.ParentRunner.run(ParentRunner.java:363)
	at org.gradle.api.internal.tasks.testing.junit.JUnitTestClassExecuter.runTestClass(JUnitTestClassExecuter.java:114)
	at org.gradle.api.internal.tasks.testing.junit.JUnitTestClassExecuter.execute(JUnitTestClassExecuter.java:57)
	at org.gradle.api.internal.tasks.testing.junit.JUnitTestClassProcessor.processTestClass(JUnitTestClassProcessor.java:66)
	at org.gradle.api.internal.tasks.testing.SuiteTestClassProcessor.processTestClass(SuiteTestClassProcessor.java:51)
	at sun.reflect.GeneratedMethodAccessor81.invoke(Unknown Source)
	at sun.reflect.DelegatingMethodAccessorImpl.invoke(DelegatingMethodAccessorImpl.java:43)
	at java.lang.reflect.Method.invoke(Method.java:498)
	at org.gradle.internal.dispatch.ReflectionDispatch.dispatch(ReflectionDispatch.java:35)
	at org.gradle.internal.dispatch.ReflectionDispatch.dispatch(ReflectionDispatch.java:24)
	at org.gradle.internal.dispatch.ContextClassLoaderDispatch.dispatch(ContextClassLoaderDispatch.java:32)
	at org.gradle.internal.dispatch.ProxyDispatchAdapter$DispatchingInvocationHandler.invoke(ProxyDispatchAdapter.java:93)
	at com.sun.proxy.$Proxy2.processTestClass(Unknown Source)
	at org.gradle.api.internal.tasks.testing.worker.TestWorker.processTestClass(TestWorker.java:109)
	at sun.reflect.GeneratedMethodAccessor80.invoke(Unknown Source)
	at sun.reflect.DelegatingMethodAccessorImpl.invoke(DelegatingMethodAccessorImpl.java:43)
	at java.lang.reflect.Method.invoke(Method.java:498)
	at org.gradle.internal.dispatch.ReflectionDispatch.dispatch(ReflectionDispatch.java:35)
	at org.gradle.internal.dispatch.ReflectionDispatch.dispatch(ReflectionDispatch.java:24)
	at org.gradle.internal.remote.internal.hub.MessageHub$Handler.run(MessageHub.java:377)
	at org.gradle.internal.concurrent.ExecutorPolicy$CatchAndRecordFailures.onExecute(ExecutorPolicy.java:54)
	at org.gradle.internal.concurrent.StoppableExecutorImpl$1.run(StoppableExecutorImpl.java:40)
	at java.util.concurrent.ThreadPoolExecutor.runWorker(ThreadPoolExecutor.java:1142)
	at java.util.concurrent.ThreadPoolExecutor$Worker.run(ThreadPoolExecutor.java:617)
	at java.lang.Thread.run(Thread.java:745)
</pre>
</span>
</div>
<div class="test">
<a name="testTriadicSelection_14"></a>
<h3 class="failures">testTriadicSelection_14</h3>
<span class="code">
<pre>java.lang.UnsupportedOperationException: Not supported (yet) WHERE clause in WITH is unsupported.
	at ingraph.cypher2relalg.util.IngraphLogger.unsupported(IngraphLogger.java:75)
	at ingraph.cypher2relalg.RelalgBuilder._buildRelalgReturn(RelalgBuilder.java:612)
	at ingraph.cypher2relalg.RelalgBuilder.buildRelalgReturn(RelalgBuilder.java:1643)
	at ingraph.cypher2relalg.RelalgBuilder._buildRelalgSubQuery(RelalgBuilder.java:363)
	at ingraph.cypher2relalg.RelalgBuilder._buildRelalg(RelalgBuilder.java:283)
	at ingraph.cypher2relalg.RelalgBuilder.buildRelalg(RelalgBuilder.java:1622)
	at ingraph.cypher2relalg.RelalgBuilder.build(RelalgBuilder.java:214)
	at ingraph.cypher2relalg.Cypher2Relalg.processCypher(Cypher2Relalg.java:22)
	at ingraph.cypher2relalg.tck.tests.TriadicSelectionParserTest.testTriadicSelection_14(TriadicSelectionParserTest.java:316)
	at sun.reflect.NativeMethodAccessorImpl.invoke0(Native Method)
	at sun.reflect.NativeMethodAccessorImpl.invoke(NativeMethodAccessorImpl.java:62)
	at sun.reflect.DelegatingMethodAccessorImpl.invoke(DelegatingMethodAccessorImpl.java:43)
	at java.lang.reflect.Method.invoke(Method.java:498)
	at org.junit.runners.model.FrameworkMethod$1.runReflectiveCall(FrameworkMethod.java:50)
	at org.junit.internal.runners.model.ReflectiveCallable.run(ReflectiveCallable.java:12)
	at org.junit.runners.model.FrameworkMethod.invokeExplosively(FrameworkMethod.java:47)
	at org.junit.internal.runners.statements.InvokeMethod.evaluate(InvokeMethod.java:17)
	at org.junit.runners.ParentRunner.runLeaf(ParentRunner.java:325)
	at org.junit.runners.BlockJUnit4ClassRunner.runChild(BlockJUnit4ClassRunner.java:78)
	at org.junit.runners.BlockJUnit4ClassRunner.runChild(BlockJUnit4ClassRunner.java:57)
	at org.junit.runners.ParentRunner$3.run(ParentRunner.java:290)
	at org.junit.runners.ParentRunner$1.schedule(ParentRunner.java:71)
	at org.junit.runners.ParentRunner.runChildren(ParentRunner.java:288)
	at org.junit.runners.ParentRunner.access$000(ParentRunner.java:58)
	at org.junit.runners.ParentRunner$2.evaluate(ParentRunner.java:268)
	at org.junit.runners.ParentRunner.run(ParentRunner.java:363)
	at org.gradle.api.internal.tasks.testing.junit.JUnitTestClassExecuter.runTestClass(JUnitTestClassExecuter.java:114)
	at org.gradle.api.internal.tasks.testing.junit.JUnitTestClassExecuter.execute(JUnitTestClassExecuter.java:57)
	at org.gradle.api.internal.tasks.testing.junit.JUnitTestClassProcessor.processTestClass(JUnitTestClassProcessor.java:66)
	at org.gradle.api.internal.tasks.testing.SuiteTestClassProcessor.processTestClass(SuiteTestClassProcessor.java:51)
	at sun.reflect.GeneratedMethodAccessor81.invoke(Unknown Source)
	at sun.reflect.DelegatingMethodAccessorImpl.invoke(DelegatingMethodAccessorImpl.java:43)
	at java.lang.reflect.Method.invoke(Method.java:498)
	at org.gradle.internal.dispatch.ReflectionDispatch.dispatch(ReflectionDispatch.java:35)
	at org.gradle.internal.dispatch.ReflectionDispatch.dispatch(ReflectionDispatch.java:24)
	at org.gradle.internal.dispatch.ContextClassLoaderDispatch.dispatch(ContextClassLoaderDispatch.java:32)
	at org.gradle.internal.dispatch.ProxyDispatchAdapter$DispatchingInvocationHandler.invoke(ProxyDispatchAdapter.java:93)
	at com.sun.proxy.$Proxy2.processTestClass(Unknown Source)
	at org.gradle.api.internal.tasks.testing.worker.TestWorker.processTestClass(TestWorker.java:109)
	at sun.reflect.GeneratedMethodAccessor80.invoke(Unknown Source)
	at sun.reflect.DelegatingMethodAccessorImpl.invoke(DelegatingMethodAccessorImpl.java:43)
	at java.lang.reflect.Method.invoke(Method.java:498)
	at org.gradle.internal.dispatch.ReflectionDispatch.dispatch(ReflectionDispatch.java:35)
	at org.gradle.internal.dispatch.ReflectionDispatch.dispatch(ReflectionDispatch.java:24)
	at org.gradle.internal.remote.internal.hub.MessageHub$Handler.run(MessageHub.java:377)
	at org.gradle.internal.concurrent.ExecutorPolicy$CatchAndRecordFailures.onExecute(ExecutorPolicy.java:54)
	at org.gradle.internal.concurrent.StoppableExecutorImpl$1.run(StoppableExecutorImpl.java:40)
	at java.util.concurrent.ThreadPoolExecutor.runWorker(ThreadPoolExecutor.java:1142)
	at java.util.concurrent.ThreadPoolExecutor$Worker.run(ThreadPoolExecutor.java:617)
	at java.lang.Thread.run(Thread.java:745)
</pre>
</span>
</div>
<div class="test">
<a name="testTriadicSelection_15"></a>
<h3 class="failures">testTriadicSelection_15</h3>
<span class="code">
<pre>java.lang.UnsupportedOperationException: Not supported (yet) WHERE clause in WITH is unsupported.
	at ingraph.cypher2relalg.util.IngraphLogger.unsupported(IngraphLogger.java:75)
	at ingraph.cypher2relalg.RelalgBuilder._buildRelalgReturn(RelalgBuilder.java:612)
	at ingraph.cypher2relalg.RelalgBuilder.buildRelalgReturn(RelalgBuilder.java:1643)
	at ingraph.cypher2relalg.RelalgBuilder._buildRelalgSubQuery(RelalgBuilder.java:363)
	at ingraph.cypher2relalg.RelalgBuilder._buildRelalg(RelalgBuilder.java:283)
	at ingraph.cypher2relalg.RelalgBuilder.buildRelalg(RelalgBuilder.java:1622)
	at ingraph.cypher2relalg.RelalgBuilder.build(RelalgBuilder.java:214)
	at ingraph.cypher2relalg.Cypher2Relalg.processCypher(Cypher2Relalg.java:22)
	at ingraph.cypher2relalg.tck.tests.TriadicSelectionParserTest.testTriadicSelection_15(TriadicSelectionParserTest.java:338)
	at sun.reflect.NativeMethodAccessorImpl.invoke0(Native Method)
	at sun.reflect.NativeMethodAccessorImpl.invoke(NativeMethodAccessorImpl.java:62)
	at sun.reflect.DelegatingMethodAccessorImpl.invoke(DelegatingMethodAccessorImpl.java:43)
	at java.lang.reflect.Method.invoke(Method.java:498)
	at org.junit.runners.model.FrameworkMethod$1.runReflectiveCall(FrameworkMethod.java:50)
	at org.junit.internal.runners.model.ReflectiveCallable.run(ReflectiveCallable.java:12)
	at org.junit.runners.model.FrameworkMethod.invokeExplosively(FrameworkMethod.java:47)
	at org.junit.internal.runners.statements.InvokeMethod.evaluate(InvokeMethod.java:17)
	at org.junit.runners.ParentRunner.runLeaf(ParentRunner.java:325)
	at org.junit.runners.BlockJUnit4ClassRunner.runChild(BlockJUnit4ClassRunner.java:78)
	at org.junit.runners.BlockJUnit4ClassRunner.runChild(BlockJUnit4ClassRunner.java:57)
	at org.junit.runners.ParentRunner$3.run(ParentRunner.java:290)
	at org.junit.runners.ParentRunner$1.schedule(ParentRunner.java:71)
	at org.junit.runners.ParentRunner.runChildren(ParentRunner.java:288)
	at org.junit.runners.ParentRunner.access$000(ParentRunner.java:58)
	at org.junit.runners.ParentRunner$2.evaluate(ParentRunner.java:268)
	at org.junit.runners.ParentRunner.run(ParentRunner.java:363)
	at org.gradle.api.internal.tasks.testing.junit.JUnitTestClassExecuter.runTestClass(JUnitTestClassExecuter.java:114)
	at org.gradle.api.internal.tasks.testing.junit.JUnitTestClassExecuter.execute(JUnitTestClassExecuter.java:57)
	at org.gradle.api.internal.tasks.testing.junit.JUnitTestClassProcessor.processTestClass(JUnitTestClassProcessor.java:66)
	at org.gradle.api.internal.tasks.testing.SuiteTestClassProcessor.processTestClass(SuiteTestClassProcessor.java:51)
	at sun.reflect.GeneratedMethodAccessor81.invoke(Unknown Source)
	at sun.reflect.DelegatingMethodAccessorImpl.invoke(DelegatingMethodAccessorImpl.java:43)
	at java.lang.reflect.Method.invoke(Method.java:498)
	at org.gradle.internal.dispatch.ReflectionDispatch.dispatch(ReflectionDispatch.java:35)
	at org.gradle.internal.dispatch.ReflectionDispatch.dispatch(ReflectionDispatch.java:24)
	at org.gradle.internal.dispatch.ContextClassLoaderDispatch.dispatch(ContextClassLoaderDispatch.java:32)
	at org.gradle.internal.dispatch.ProxyDispatchAdapter$DispatchingInvocationHandler.invoke(ProxyDispatchAdapter.java:93)
	at com.sun.proxy.$Proxy2.processTestClass(Unknown Source)
	at org.gradle.api.internal.tasks.testing.worker.TestWorker.processTestClass(TestWorker.java:109)
	at sun.reflect.GeneratedMethodAccessor80.invoke(Unknown Source)
	at sun.reflect.DelegatingMethodAccessorImpl.invoke(DelegatingMethodAccessorImpl.java:43)
	at java.lang.reflect.Method.invoke(Method.java:498)
	at org.gradle.internal.dispatch.ReflectionDispatch.dispatch(ReflectionDispatch.java:35)
	at org.gradle.internal.dispatch.ReflectionDispatch.dispatch(ReflectionDispatch.java:24)
	at org.gradle.internal.remote.internal.hub.MessageHub$Handler.run(MessageHub.java:377)
	at org.gradle.internal.concurrent.ExecutorPolicy$CatchAndRecordFailures.onExecute(ExecutorPolicy.java:54)
	at org.gradle.internal.concurrent.StoppableExecutorImpl$1.run(StoppableExecutorImpl.java:40)
	at java.util.concurrent.ThreadPoolExecutor.runWorker(ThreadPoolExecutor.java:1142)
	at java.util.concurrent.ThreadPoolExecutor$Worker.run(ThreadPoolExecutor.java:617)
	at java.lang.Thread.run(Thread.java:745)
</pre>
</span>
</div>
<div class="test">
<a name="testTriadicSelection_16"></a>
<h3 class="failures">testTriadicSelection_16</h3>
<span class="code">
<pre>java.lang.UnsupportedOperationException: Not supported (yet) WHERE clause in WITH is unsupported.
	at ingraph.cypher2relalg.util.IngraphLogger.unsupported(IngraphLogger.java:75)
	at ingraph.cypher2relalg.RelalgBuilder._buildRelalgReturn(RelalgBuilder.java:612)
	at ingraph.cypher2relalg.RelalgBuilder.buildRelalgReturn(RelalgBuilder.java:1643)
	at ingraph.cypher2relalg.RelalgBuilder._buildRelalgSubQuery(RelalgBuilder.java:363)
	at ingraph.cypher2relalg.RelalgBuilder._buildRelalg(RelalgBuilder.java:283)
	at ingraph.cypher2relalg.RelalgBuilder.buildRelalg(RelalgBuilder.java:1622)
	at ingraph.cypher2relalg.RelalgBuilder.build(RelalgBuilder.java:214)
	at ingraph.cypher2relalg.Cypher2Relalg.processCypher(Cypher2Relalg.java:22)
	at ingraph.cypher2relalg.tck.tests.TriadicSelectionParserTest.testTriadicSelection_16(TriadicSelectionParserTest.java:360)
	at sun.reflect.NativeMethodAccessorImpl.invoke0(Native Method)
	at sun.reflect.NativeMethodAccessorImpl.invoke(NativeMethodAccessorImpl.java:62)
	at sun.reflect.DelegatingMethodAccessorImpl.invoke(DelegatingMethodAccessorImpl.java:43)
	at java.lang.reflect.Method.invoke(Method.java:498)
	at org.junit.runners.model.FrameworkMethod$1.runReflectiveCall(FrameworkMethod.java:50)
	at org.junit.internal.runners.model.ReflectiveCallable.run(ReflectiveCallable.java:12)
	at org.junit.runners.model.FrameworkMethod.invokeExplosively(FrameworkMethod.java:47)
	at org.junit.internal.runners.statements.InvokeMethod.evaluate(InvokeMethod.java:17)
	at org.junit.runners.ParentRunner.runLeaf(ParentRunner.java:325)
	at org.junit.runners.BlockJUnit4ClassRunner.runChild(BlockJUnit4ClassRunner.java:78)
	at org.junit.runners.BlockJUnit4ClassRunner.runChild(BlockJUnit4ClassRunner.java:57)
	at org.junit.runners.ParentRunner$3.run(ParentRunner.java:290)
	at org.junit.runners.ParentRunner$1.schedule(ParentRunner.java:71)
	at org.junit.runners.ParentRunner.runChildren(ParentRunner.java:288)
	at org.junit.runners.ParentRunner.access$000(ParentRunner.java:58)
	at org.junit.runners.ParentRunner$2.evaluate(ParentRunner.java:268)
	at org.junit.runners.ParentRunner.run(ParentRunner.java:363)
	at org.gradle.api.internal.tasks.testing.junit.JUnitTestClassExecuter.runTestClass(JUnitTestClassExecuter.java:114)
	at org.gradle.api.internal.tasks.testing.junit.JUnitTestClassExecuter.execute(JUnitTestClassExecuter.java:57)
	at org.gradle.api.internal.tasks.testing.junit.JUnitTestClassProcessor.processTestClass(JUnitTestClassProcessor.java:66)
	at org.gradle.api.internal.tasks.testing.SuiteTestClassProcessor.processTestClass(SuiteTestClassProcessor.java:51)
	at sun.reflect.GeneratedMethodAccessor81.invoke(Unknown Source)
	at sun.reflect.DelegatingMethodAccessorImpl.invoke(DelegatingMethodAccessorImpl.java:43)
	at java.lang.reflect.Method.invoke(Method.java:498)
	at org.gradle.internal.dispatch.ReflectionDispatch.dispatch(ReflectionDispatch.java:35)
	at org.gradle.internal.dispatch.ReflectionDispatch.dispatch(ReflectionDispatch.java:24)
	at org.gradle.internal.dispatch.ContextClassLoaderDispatch.dispatch(ContextClassLoaderDispatch.java:32)
	at org.gradle.internal.dispatch.ProxyDispatchAdapter$DispatchingInvocationHandler.invoke(ProxyDispatchAdapter.java:93)
	at com.sun.proxy.$Proxy2.processTestClass(Unknown Source)
	at org.gradle.api.internal.tasks.testing.worker.TestWorker.processTestClass(TestWorker.java:109)
	at sun.reflect.GeneratedMethodAccessor80.invoke(Unknown Source)
	at sun.reflect.DelegatingMethodAccessorImpl.invoke(DelegatingMethodAccessorImpl.java:43)
	at java.lang.reflect.Method.invoke(Method.java:498)
	at org.gradle.internal.dispatch.ReflectionDispatch.dispatch(ReflectionDispatch.java:35)
	at org.gradle.internal.dispatch.ReflectionDispatch.dispatch(ReflectionDispatch.java:24)
	at org.gradle.internal.remote.internal.hub.MessageHub$Handler.run(MessageHub.java:377)
	at org.gradle.internal.concurrent.ExecutorPolicy$CatchAndRecordFailures.onExecute(ExecutorPolicy.java:54)
	at org.gradle.internal.concurrent.StoppableExecutorImpl$1.run(StoppableExecutorImpl.java:40)
	at java.util.concurrent.ThreadPoolExecutor.runWorker(ThreadPoolExecutor.java:1142)
	at java.util.concurrent.ThreadPoolExecutor$Worker.run(ThreadPoolExecutor.java:617)
	at java.lang.Thread.run(Thread.java:745)
</pre>
</span>
</div>
<div class="test">
<a name="testTriadicSelection_17"></a>
<h3 class="failures">testTriadicSelection_17</h3>
<span class="code">
<pre>java.lang.UnsupportedOperationException: Not supported (yet) WHERE clause in WITH is unsupported.
	at ingraph.cypher2relalg.util.IngraphLogger.unsupported(IngraphLogger.java:75)
	at ingraph.cypher2relalg.RelalgBuilder._buildRelalgReturn(RelalgBuilder.java:612)
	at ingraph.cypher2relalg.RelalgBuilder.buildRelalgReturn(RelalgBuilder.java:1643)
	at ingraph.cypher2relalg.RelalgBuilder._buildRelalgSubQuery(RelalgBuilder.java:363)
	at ingraph.cypher2relalg.RelalgBuilder._buildRelalg(RelalgBuilder.java:283)
	at ingraph.cypher2relalg.RelalgBuilder.buildRelalg(RelalgBuilder.java:1622)
	at ingraph.cypher2relalg.RelalgBuilder.build(RelalgBuilder.java:214)
	at ingraph.cypher2relalg.Cypher2Relalg.processCypher(Cypher2Relalg.java:22)
	at ingraph.cypher2relalg.tck.tests.TriadicSelectionParserTest.testTriadicSelection_17(TriadicSelectionParserTest.java:382)
	at sun.reflect.NativeMethodAccessorImpl.invoke0(Native Method)
	at sun.reflect.NativeMethodAccessorImpl.invoke(NativeMethodAccessorImpl.java:62)
	at sun.reflect.DelegatingMethodAccessorImpl.invoke(DelegatingMethodAccessorImpl.java:43)
	at java.lang.reflect.Method.invoke(Method.java:498)
	at org.junit.runners.model.FrameworkMethod$1.runReflectiveCall(FrameworkMethod.java:50)
	at org.junit.internal.runners.model.ReflectiveCallable.run(ReflectiveCallable.java:12)
	at org.junit.runners.model.FrameworkMethod.invokeExplosively(FrameworkMethod.java:47)
	at org.junit.internal.runners.statements.InvokeMethod.evaluate(InvokeMethod.java:17)
	at org.junit.runners.ParentRunner.runLeaf(ParentRunner.java:325)
	at org.junit.runners.BlockJUnit4ClassRunner.runChild(BlockJUnit4ClassRunner.java:78)
	at org.junit.runners.BlockJUnit4ClassRunner.runChild(BlockJUnit4ClassRunner.java:57)
	at org.junit.runners.ParentRunner$3.run(ParentRunner.java:290)
	at org.junit.runners.ParentRunner$1.schedule(ParentRunner.java:71)
	at org.junit.runners.ParentRunner.runChildren(ParentRunner.java:288)
	at org.junit.runners.ParentRunner.access$000(ParentRunner.java:58)
	at org.junit.runners.ParentRunner$2.evaluate(ParentRunner.java:268)
	at org.junit.runners.ParentRunner.run(ParentRunner.java:363)
	at org.gradle.api.internal.tasks.testing.junit.JUnitTestClassExecuter.runTestClass(JUnitTestClassExecuter.java:114)
	at org.gradle.api.internal.tasks.testing.junit.JUnitTestClassExecuter.execute(JUnitTestClassExecuter.java:57)
	at org.gradle.api.internal.tasks.testing.junit.JUnitTestClassProcessor.processTestClass(JUnitTestClassProcessor.java:66)
	at org.gradle.api.internal.tasks.testing.SuiteTestClassProcessor.processTestClass(SuiteTestClassProcessor.java:51)
	at sun.reflect.GeneratedMethodAccessor81.invoke(Unknown Source)
	at sun.reflect.DelegatingMethodAccessorImpl.invoke(DelegatingMethodAccessorImpl.java:43)
	at java.lang.reflect.Method.invoke(Method.java:498)
	at org.gradle.internal.dispatch.ReflectionDispatch.dispatch(ReflectionDispatch.java:35)
	at org.gradle.internal.dispatch.ReflectionDispatch.dispatch(ReflectionDispatch.java:24)
	at org.gradle.internal.dispatch.ContextClassLoaderDispatch.dispatch(ContextClassLoaderDispatch.java:32)
	at org.gradle.internal.dispatch.ProxyDispatchAdapter$DispatchingInvocationHandler.invoke(ProxyDispatchAdapter.java:93)
	at com.sun.proxy.$Proxy2.processTestClass(Unknown Source)
	at org.gradle.api.internal.tasks.testing.worker.TestWorker.processTestClass(TestWorker.java:109)
	at sun.reflect.GeneratedMethodAccessor80.invoke(Unknown Source)
	at sun.reflect.DelegatingMethodAccessorImpl.invoke(DelegatingMethodAccessorImpl.java:43)
	at java.lang.reflect.Method.invoke(Method.java:498)
	at org.gradle.internal.dispatch.ReflectionDispatch.dispatch(ReflectionDispatch.java:35)
	at org.gradle.internal.dispatch.ReflectionDispatch.dispatch(ReflectionDispatch.java:24)
	at org.gradle.internal.remote.internal.hub.MessageHub$Handler.run(MessageHub.java:377)
	at org.gradle.internal.concurrent.ExecutorPolicy$CatchAndRecordFailures.onExecute(ExecutorPolicy.java:54)
	at org.gradle.internal.concurrent.StoppableExecutorImpl$1.run(StoppableExecutorImpl.java:40)
	at java.util.concurrent.ThreadPoolExecutor.runWorker(ThreadPoolExecutor.java:1142)
	at java.util.concurrent.ThreadPoolExecutor$Worker.run(ThreadPoolExecutor.java:617)
	at java.lang.Thread.run(Thread.java:745)
</pre>
</span>
</div>
<div class="test">
<a name="testTriadicSelection_18"></a>
<h3 class="failures">testTriadicSelection_18</h3>
<span class="code">
<pre>java.lang.UnsupportedOperationException: Not supported (yet) WHERE clause in WITH is unsupported.
	at ingraph.cypher2relalg.util.IngraphLogger.unsupported(IngraphLogger.java:75)
	at ingraph.cypher2relalg.RelalgBuilder._buildRelalgReturn(RelalgBuilder.java:612)
	at ingraph.cypher2relalg.RelalgBuilder.buildRelalgReturn(RelalgBuilder.java:1643)
	at ingraph.cypher2relalg.RelalgBuilder._buildRelalgSubQuery(RelalgBuilder.java:363)
	at ingraph.cypher2relalg.RelalgBuilder._buildRelalg(RelalgBuilder.java:283)
	at ingraph.cypher2relalg.RelalgBuilder.buildRelalg(RelalgBuilder.java:1622)
	at ingraph.cypher2relalg.RelalgBuilder.build(RelalgBuilder.java:214)
	at ingraph.cypher2relalg.Cypher2Relalg.processCypher(Cypher2Relalg.java:22)
	at ingraph.cypher2relalg.tck.tests.TriadicSelectionParserTest.testTriadicSelection_18(TriadicSelectionParserTest.java:404)
	at sun.reflect.NativeMethodAccessorImpl.invoke0(Native Method)
	at sun.reflect.NativeMethodAccessorImpl.invoke(NativeMethodAccessorImpl.java:62)
	at sun.reflect.DelegatingMethodAccessorImpl.invoke(DelegatingMethodAccessorImpl.java:43)
	at java.lang.reflect.Method.invoke(Method.java:498)
	at org.junit.runners.model.FrameworkMethod$1.runReflectiveCall(FrameworkMethod.java:50)
	at org.junit.internal.runners.model.ReflectiveCallable.run(ReflectiveCallable.java:12)
	at org.junit.runners.model.FrameworkMethod.invokeExplosively(FrameworkMethod.java:47)
	at org.junit.internal.runners.statements.InvokeMethod.evaluate(InvokeMethod.java:17)
	at org.junit.runners.ParentRunner.runLeaf(ParentRunner.java:325)
	at org.junit.runners.BlockJUnit4ClassRunner.runChild(BlockJUnit4ClassRunner.java:78)
	at org.junit.runners.BlockJUnit4ClassRunner.runChild(BlockJUnit4ClassRunner.java:57)
	at org.junit.runners.ParentRunner$3.run(ParentRunner.java:290)
	at org.junit.runners.ParentRunner$1.schedule(ParentRunner.java:71)
	at org.junit.runners.ParentRunner.runChildren(ParentRunner.java:288)
	at org.junit.runners.ParentRunner.access$000(ParentRunner.java:58)
	at org.junit.runners.ParentRunner$2.evaluate(ParentRunner.java:268)
	at org.junit.runners.ParentRunner.run(ParentRunner.java:363)
	at org.gradle.api.internal.tasks.testing.junit.JUnitTestClassExecuter.runTestClass(JUnitTestClassExecuter.java:114)
	at org.gradle.api.internal.tasks.testing.junit.JUnitTestClassExecuter.execute(JUnitTestClassExecuter.java:57)
	at org.gradle.api.internal.tasks.testing.junit.JUnitTestClassProcessor.processTestClass(JUnitTestClassProcessor.java:66)
	at org.gradle.api.internal.tasks.testing.SuiteTestClassProcessor.processTestClass(SuiteTestClassProcessor.java:51)
	at sun.reflect.GeneratedMethodAccessor81.invoke(Unknown Source)
	at sun.reflect.DelegatingMethodAccessorImpl.invoke(DelegatingMethodAccessorImpl.java:43)
	at java.lang.reflect.Method.invoke(Method.java:498)
	at org.gradle.internal.dispatch.ReflectionDispatch.dispatch(ReflectionDispatch.java:35)
	at org.gradle.internal.dispatch.ReflectionDispatch.dispatch(ReflectionDispatch.java:24)
	at org.gradle.internal.dispatch.ContextClassLoaderDispatch.dispatch(ContextClassLoaderDispatch.java:32)
	at org.gradle.internal.dispatch.ProxyDispatchAdapter$DispatchingInvocationHandler.invoke(ProxyDispatchAdapter.java:93)
	at com.sun.proxy.$Proxy2.processTestClass(Unknown Source)
	at org.gradle.api.internal.tasks.testing.worker.TestWorker.processTestClass(TestWorker.java:109)
	at sun.reflect.GeneratedMethodAccessor80.invoke(Unknown Source)
	at sun.reflect.DelegatingMethodAccessorImpl.invoke(DelegatingMethodAccessorImpl.java:43)
	at java.lang.reflect.Method.invoke(Method.java:498)
	at org.gradle.internal.dispatch.ReflectionDispatch.dispatch(ReflectionDispatch.java:35)
	at org.gradle.internal.dispatch.ReflectionDispatch.dispatch(ReflectionDispatch.java:24)
	at org.gradle.internal.remote.internal.hub.MessageHub$Handler.run(MessageHub.java:377)
	at org.gradle.internal.concurrent.ExecutorPolicy$CatchAndRecordFailures.onExecute(ExecutorPolicy.java:54)
	at org.gradle.internal.concurrent.StoppableExecutorImpl$1.run(StoppableExecutorImpl.java:40)
	at java.util.concurrent.ThreadPoolExecutor.runWorker(ThreadPoolExecutor.java:1142)
	at java.util.concurrent.ThreadPoolExecutor$Worker.run(ThreadPoolExecutor.java:617)
	at java.lang.Thread.run(Thread.java:745)
</pre>
</span>
</div>
<div class="test">
<a name="testTriadicSelection_19"></a>
<h3 class="failures">testTriadicSelection_19</h3>
<span class="code">
<pre>java.lang.UnsupportedOperationException: Not supported (yet) WHERE clause in WITH is unsupported.
	at ingraph.cypher2relalg.util.IngraphLogger.unsupported(IngraphLogger.java:75)
	at ingraph.cypher2relalg.RelalgBuilder._buildRelalgReturn(RelalgBuilder.java:612)
	at ingraph.cypher2relalg.RelalgBuilder.buildRelalgReturn(RelalgBuilder.java:1643)
	at ingraph.cypher2relalg.RelalgBuilder._buildRelalgSubQuery(RelalgBuilder.java:363)
	at ingraph.cypher2relalg.RelalgBuilder._buildRelalg(RelalgBuilder.java:283)
	at ingraph.cypher2relalg.RelalgBuilder.buildRelalg(RelalgBuilder.java:1622)
	at ingraph.cypher2relalg.RelalgBuilder.build(RelalgBuilder.java:214)
	at ingraph.cypher2relalg.Cypher2Relalg.processCypher(Cypher2Relalg.java:22)
	at ingraph.cypher2relalg.tck.tests.TriadicSelectionParserTest.testTriadicSelection_19(TriadicSelectionParserTest.java:426)
	at sun.reflect.NativeMethodAccessorImpl.invoke0(Native Method)
	at sun.reflect.NativeMethodAccessorImpl.invoke(NativeMethodAccessorImpl.java:62)
	at sun.reflect.DelegatingMethodAccessorImpl.invoke(DelegatingMethodAccessorImpl.java:43)
	at java.lang.reflect.Method.invoke(Method.java:498)
	at org.junit.runners.model.FrameworkMethod$1.runReflectiveCall(FrameworkMethod.java:50)
	at org.junit.internal.runners.model.ReflectiveCallable.run(ReflectiveCallable.java:12)
	at org.junit.runners.model.FrameworkMethod.invokeExplosively(FrameworkMethod.java:47)
	at org.junit.internal.runners.statements.InvokeMethod.evaluate(InvokeMethod.java:17)
	at org.junit.runners.ParentRunner.runLeaf(ParentRunner.java:325)
	at org.junit.runners.BlockJUnit4ClassRunner.runChild(BlockJUnit4ClassRunner.java:78)
	at org.junit.runners.BlockJUnit4ClassRunner.runChild(BlockJUnit4ClassRunner.java:57)
	at org.junit.runners.ParentRunner$3.run(ParentRunner.java:290)
	at org.junit.runners.ParentRunner$1.schedule(ParentRunner.java:71)
	at org.junit.runners.ParentRunner.runChildren(ParentRunner.java:288)
	at org.junit.runners.ParentRunner.access$000(ParentRunner.java:58)
	at org.junit.runners.ParentRunner$2.evaluate(ParentRunner.java:268)
	at org.junit.runners.ParentRunner.run(ParentRunner.java:363)
	at org.gradle.api.internal.tasks.testing.junit.JUnitTestClassExecuter.runTestClass(JUnitTestClassExecuter.java:114)
	at org.gradle.api.internal.tasks.testing.junit.JUnitTestClassExecuter.execute(JUnitTestClassExecuter.java:57)
	at org.gradle.api.internal.tasks.testing.junit.JUnitTestClassProcessor.processTestClass(JUnitTestClassProcessor.java:66)
	at org.gradle.api.internal.tasks.testing.SuiteTestClassProcessor.processTestClass(SuiteTestClassProcessor.java:51)
	at sun.reflect.GeneratedMethodAccessor81.invoke(Unknown Source)
	at sun.reflect.DelegatingMethodAccessorImpl.invoke(DelegatingMethodAccessorImpl.java:43)
	at java.lang.reflect.Method.invoke(Method.java:498)
	at org.gradle.internal.dispatch.ReflectionDispatch.dispatch(ReflectionDispatch.java:35)
	at org.gradle.internal.dispatch.ReflectionDispatch.dispatch(ReflectionDispatch.java:24)
	at org.gradle.internal.dispatch.ContextClassLoaderDispatch.dispatch(ContextClassLoaderDispatch.java:32)
	at org.gradle.internal.dispatch.ProxyDispatchAdapter$DispatchingInvocationHandler.invoke(ProxyDispatchAdapter.java:93)
	at com.sun.proxy.$Proxy2.processTestClass(Unknown Source)
	at org.gradle.api.internal.tasks.testing.worker.TestWorker.processTestClass(TestWorker.java:109)
	at sun.reflect.GeneratedMethodAccessor80.invoke(Unknown Source)
	at sun.reflect.DelegatingMethodAccessorImpl.invoke(DelegatingMethodAccessorImpl.java:43)
	at java.lang.reflect.Method.invoke(Method.java:498)
	at org.gradle.internal.dispatch.ReflectionDispatch.dispatch(ReflectionDispatch.java:35)
	at org.gradle.internal.dispatch.ReflectionDispatch.dispatch(ReflectionDispatch.java:24)
	at org.gradle.internal.remote.internal.hub.MessageHub$Handler.run(MessageHub.java:377)
	at org.gradle.internal.concurrent.ExecutorPolicy$CatchAndRecordFailures.onExecute(ExecutorPolicy.java:54)
	at org.gradle.internal.concurrent.StoppableExecutorImpl$1.run(StoppableExecutorImpl.java:40)
	at java.util.concurrent.ThreadPoolExecutor.runWorker(ThreadPoolExecutor.java:1142)
	at java.util.concurrent.ThreadPoolExecutor$Worker.run(ThreadPoolExecutor.java:617)
	at java.lang.Thread.run(Thread.java:745)
</pre>
</span>
</div>
</div>
<div id="tab1" class="tab">
<h2>Tests</h2>
<table>
<thead>
<tr>
<th>Test</th>
<th>Duration</th>
<th>Result</th>
</tr>
</thead>
<tr>
<td class="success">testTriadicSelection_01</td>
<td>0.072s</td>
<td class="success">passed</td>
</tr>
<tr>
<td class="failures">testTriadicSelection_02</td>
<td>0.094s</td>
<td class="failures">failed</td>
</tr>
<tr>
<td class="failures">testTriadicSelection_03</td>
<td>0.103s</td>
<td class="failures">failed</td>
</tr>
<tr>
<td class="failures">testTriadicSelection_04</td>
<td>0.081s</td>
<td class="failures">failed</td>
</tr>
<tr>
<td class="failures">testTriadicSelection_05</td>
<td>0.099s</td>
<td class="failures">failed</td>
</tr>
<tr>
<td class="failures">testTriadicSelection_06</td>
<td>0.107s</td>
<td class="failures">failed</td>
</tr>
<tr>
<td class="failures">testTriadicSelection_07</td>
<td>0.095s</td>
<td class="failures">failed</td>
</tr>
<tr>
<td class="failures">testTriadicSelection_08</td>
<td>0.125s</td>
<td class="failures">failed</td>
</tr>
<tr>
<td class="failures">testTriadicSelection_09</td>
<td>0.099s</td>
<td class="failures">failed</td>
</tr>
<tr>
<td class="failures">testTriadicSelection_10</td>
<td>0.126s</td>
<td class="failures">failed</td>
</tr>
<tr>
<td class="failures">testTriadicSelection_11</td>
<td>0.105s</td>
<td class="failures">failed</td>
</tr>
<tr>
<td class="failures">testTriadicSelection_12</td>
<td>0.098s</td>
<td class="failures">failed</td>
</tr>
<tr>
<td class="failures">testTriadicSelection_13</td>
<td>0.097s</td>
<td class="failures">failed</td>
</tr>
<tr>
<td class="failures">testTriadicSelection_14</td>
<td>0.102s</td>
<td class="failures">failed</td>
</tr>
<tr>
<td class="failures">testTriadicSelection_15</td>
<td>0.098s</td>
<td class="failures">failed</td>
</tr>
<tr>
<td class="failures">testTriadicSelection_16</td>
<td>0.293s</td>
<td class="failures">failed</td>
</tr>
<tr>
<td class="failures">testTriadicSelection_17</td>
<td>0.085s</td>
<td class="failures">failed</td>
</tr>
<tr>
<td class="failures">testTriadicSelection_18</td>
<td>0.079s</td>
<td class="failures">failed</td>
</tr>
<tr>
<td class="failures">testTriadicSelection_19</td>
<td>0.105s</td>
<td class="failures">failed</td>
</tr>
</table>
</div>
<div id="tab2" class="tab">
<h2>Standard error</h2>
<span class="code">
<pre>Mar 03, 2017 8:50:33 AM ingraph.cypher2relalg.util.IngraphLogger log
SEVERE: WHERE clause in WITH is unsupported.
Mar 03, 2017 8:50:33 AM ingraph.cypher2relalg.util.IngraphLogger log
SEVERE: WHERE clause in WITH is unsupported.
Mar 03, 2017 8:50:33 AM ingraph.cypher2relalg.util.IngraphLogger log
SEVERE: WHERE clause in WITH is unsupported.
Mar 03, 2017 8:50:33 AM ingraph.cypher2relalg.util.IngraphLogger log
SEVERE: WHERE clause in WITH is unsupported.
Mar 03, 2017 8:50:33 AM ingraph.cypher2relalg.util.IngraphLogger log
SEVERE: WHERE clause in WITH is unsupported.
Mar 03, 2017 8:50:33 AM ingraph.cypher2relalg.util.IngraphLogger log
SEVERE: WHERE clause in WITH is unsupported.
Mar 03, 2017 8:50:33 AM ingraph.cypher2relalg.util.IngraphLogger log
SEVERE: WHERE clause in WITH is unsupported.
Mar 03, 2017 8:50:33 AM ingraph.cypher2relalg.util.IngraphLogger log
SEVERE: WHERE clause in WITH is unsupported.
Mar 03, 2017 8:50:33 AM ingraph.cypher2relalg.util.IngraphLogger log
SEVERE: WHERE clause in WITH is unsupported.
Mar 03, 2017 8:50:33 AM ingraph.cypher2relalg.util.IngraphLogger log
SEVERE: WHERE clause in WITH is unsupported.
Mar 03, 2017 8:50:33 AM ingraph.cypher2relalg.util.IngraphLogger log
SEVERE: WHERE clause in WITH is unsupported.
Mar 03, 2017 8:50:33 AM ingraph.cypher2relalg.util.IngraphLogger log
SEVERE: WHERE clause in WITH is unsupported.
Mar 03, 2017 8:50:33 AM ingraph.cypher2relalg.util.IngraphLogger log
SEVERE: WHERE clause in WITH is unsupported.
Mar 03, 2017 8:50:33 AM ingraph.cypher2relalg.util.IngraphLogger log
SEVERE: WHERE clause in WITH is unsupported.
Mar 03, 2017 8:50:33 AM ingraph.cypher2relalg.util.IngraphLogger log
SEVERE: WHERE clause in WITH is unsupported.
Mar 03, 2017 8:50:33 AM ingraph.cypher2relalg.util.IngraphLogger log
SEVERE: WHERE clause in WITH is unsupported.
Mar 03, 2017 8:50:33 AM ingraph.cypher2relalg.util.IngraphLogger log
SEVERE: WHERE clause in WITH is unsupported.
Mar 03, 2017 8:50:33 AM ingraph.cypher2relalg.util.IngraphLogger log
SEVERE: WHERE clause in WITH is unsupported.
Mar 03, 2017 8:50:33 AM ingraph.cypher2relalg.util.IngraphLogger log
SEVERE: WHERE clause in WITH is unsupported.
Mar 03, 2017 8:50:33 AM ingraph.cypher2relalg.util.IngraphLogger log
SEVERE: WHERE clause in WITH is unsupported.
Mar 03, 2017 8:50:33 AM ingraph.cypher2relalg.util.IngraphLogger log
SEVERE: WHERE clause in WITH is unsupported.
Mar 03, 2017 8:50:33 AM ingraph.cypher2relalg.util.IngraphLogger log
SEVERE: WHERE clause in WITH is unsupported.
Mar 03, 2017 8:50:33 AM ingraph.cypher2relalg.util.IngraphLogger log
SEVERE: WHERE clause in WITH is unsupported.
Mar 03, 2017 8:50:33 AM ingraph.cypher2relalg.util.IngraphLogger log
SEVERE: WHERE clause in WITH is unsupported.
Mar 03, 2017 8:50:33 AM ingraph.cypher2relalg.util.IngraphLogger log
SEVERE: WHERE clause in WITH is unsupported.
Mar 03, 2017 8:50:33 AM ingraph.cypher2relalg.util.IngraphLogger log
SEVERE: WHERE clause in WITH is unsupported.
Mar 03, 2017 8:50:33 AM ingraph.cypher2relalg.util.IngraphLogger log
SEVERE: WHERE clause in WITH is unsupported.
Mar 03, 2017 8:50:33 AM ingraph.cypher2relalg.util.IngraphLogger log
SEVERE: WHERE clause in WITH is unsupported.
Mar 03, 2017 8:50:33 AM ingraph.cypher2relalg.util.IngraphLogger log
SEVERE: WHERE clause in WITH is unsupported.
Mar 03, 2017 8:50:33 AM ingraph.cypher2relalg.util.IngraphLogger log
SEVERE: WHERE clause in WITH is unsupported.
Mar 03, 2017 8:50:33 AM ingraph.cypher2relalg.util.IngraphLogger log
SEVERE: WHERE clause in WITH is unsupported.
Mar 03, 2017 8:50:33 AM ingraph.cypher2relalg.util.IngraphLogger log
SEVERE: WHERE clause in WITH is unsupported.
Mar 03, 2017 8:50:33 AM ingraph.cypher2relalg.util.IngraphLogger log
SEVERE: WHERE clause in WITH is unsupported.
Mar 03, 2017 8:50:33 AM ingraph.cypher2relalg.util.IngraphLogger log
SEVERE: WHERE clause in WITH is unsupported.
Mar 03, 2017 8:50:33 AM ingraph.cypher2relalg.util.IngraphLogger log
SEVERE: WHERE clause in WITH is unsupported.
Mar 03, 2017 8:50:33 AM ingraph.cypher2relalg.util.IngraphLogger log
SEVERE: WHERE clause in WITH is unsupported.
Mar 03, 2017 8:50:33 AM ingraph.cypher2relalg.util.IngraphLogger log
SEVERE: WHERE clause in WITH is unsupported.
Mar 03, 2017 8:50:33 AM ingraph.cypher2relalg.util.IngraphLogger log
SEVERE: WHERE clause in WITH is unsupported.
Mar 03, 2017 8:50:33 AM ingraph.cypher2relalg.util.IngraphLogger log
SEVERE: WHERE clause in WITH is unsupported.
Mar 03, 2017 8:50:33 AM ingraph.cypher2relalg.util.IngraphLogger log
SEVERE: WHERE clause in WITH is unsupported.
Mar 03, 2017 8:50:33 AM ingraph.cypher2relalg.util.IngraphLogger log
SEVERE: WHERE clause in WITH is unsupported.
Mar 03, 2017 8:50:33 AM ingraph.cypher2relalg.util.IngraphLogger log
SEVERE: WHERE clause in WITH is unsupported.
Mar 03, 2017 8:50:33 AM ingraph.cypher2relalg.util.IngraphLogger log
SEVERE: WHERE clause in WITH is unsupported.
Mar 03, 2017 8:50:33 AM ingraph.cypher2relalg.util.IngraphLogger log
SEVERE: WHERE clause in WITH is unsupported.
Mar 03, 2017 8:50:33 AM ingraph.cypher2relalg.util.IngraphLogger log
SEVERE: WHERE clause in WITH is unsupported.
Mar 03, 2017 8:50:33 AM ingraph.cypher2relalg.util.IngraphLogger log
SEVERE: WHERE clause in WITH is unsupported.
Mar 03, 2017 8:50:33 AM ingraph.cypher2relalg.util.IngraphLogger log
SEVERE: WHERE clause in WITH is unsupported.
Mar 03, 2017 8:50:33 AM ingraph.cypher2relalg.util.IngraphLogger log
SEVERE: WHERE clause in WITH is unsupported.
Mar 03, 2017 8:50:33 AM ingraph.cypher2relalg.util.IngraphLogger log
SEVERE: WHERE clause in WITH is unsupported.
Mar 03, 2017 8:50:33 AM ingraph.cypher2relalg.util.IngraphLogger log
SEVERE: WHERE clause in WITH is unsupported.
Mar 03, 2017 8:50:33 AM ingraph.cypher2relalg.util.IngraphLogger log
SEVERE: WHERE clause in WITH is unsupported.
Mar 03, 2017 8:50:33 AM ingraph.cypher2relalg.util.IngraphLogger log
SEVERE: WHERE clause in WITH is unsupported.
Mar 03, 2017 8:50:33 AM ingraph.cypher2relalg.util.IngraphLogger log
SEVERE: WHERE clause in WITH is unsupported.
Mar 03, 2017 8:50:33 AM ingraph.cypher2relalg.util.IngraphLogger log
SEVERE: WHERE clause in WITH is unsupported.
Mar 03, 2017 8:50:33 AM ingraph.cypher2relalg.util.IngraphLogger log
SEVERE: WHERE clause in WITH is unsupported.
Mar 03, 2017 8:50:33 AM ingraph.cypher2relalg.util.IngraphLogger log
SEVERE: WHERE clause in WITH is unsupported.
Mar 03, 2017 8:50:33 AM ingraph.cypher2relalg.util.IngraphLogger log
SEVERE: WHERE clause in WITH is unsupported.
Mar 03, 2017 8:50:33 AM ingraph.cypher2relalg.util.IngraphLogger log
SEVERE: WHERE clause in WITH is unsupported.
Mar 03, 2017 8:50:33 AM ingraph.cypher2relalg.util.IngraphLogger log
SEVERE: WHERE clause in WITH is unsupported.
Mar 03, 2017 8:50:33 AM ingraph.cypher2relalg.util.IngraphLogger log
SEVERE: WHERE clause in WITH is unsupported.
Mar 03, 2017 8:50:33 AM ingraph.cypher2relalg.util.IngraphLogger log
SEVERE: WHERE clause in WITH is unsupported.
Mar 03, 2017 8:50:33 AM ingraph.cypher2relalg.util.IngraphLogger log
SEVERE: WHERE clause in WITH is unsupported.
Mar 03, 2017 8:50:33 AM ingraph.cypher2relalg.util.IngraphLogger log
SEVERE: WHERE clause in WITH is unsupported.
Mar 03, 2017 8:50:33 AM ingraph.cypher2relalg.util.IngraphLogger log
SEVERE: WHERE clause in WITH is unsupported.
Mar 03, 2017 8:50:33 AM ingraph.cypher2relalg.util.IngraphLogger log
SEVERE: WHERE clause in WITH is unsupported.
Mar 03, 2017 8:50:33 AM ingraph.cypher2relalg.util.IngraphLogger log
SEVERE: WHERE clause in WITH is unsupported.
Mar 03, 2017 8:50:33 AM ingraph.cypher2relalg.util.IngraphLogger log
SEVERE: WHERE clause in WITH is unsupported.
Mar 03, 2017 8:50:33 AM ingraph.cypher2relalg.util.IngraphLogger log
SEVERE: WHERE clause in WITH is unsupported.
Mar 03, 2017 8:50:33 AM ingraph.cypher2relalg.util.IngraphLogger log
SEVERE: WHERE clause in WITH is unsupported.
Mar 03, 2017 8:50:33 AM ingraph.cypher2relalg.util.IngraphLogger log
SEVERE: WHERE clause in WITH is unsupported.
Mar 03, 2017 8:50:33 AM ingraph.cypher2relalg.util.IngraphLogger log
SEVERE: WHERE clause in WITH is unsupported.
Mar 03, 2017 8:50:33 AM ingraph.cypher2relalg.util.IngraphLogger log
SEVERE: WHERE clause in WITH is unsupported.
Mar 03, 2017 8:50:33 AM ingraph.cypher2relalg.util.IngraphLogger log
SEVERE: WHERE clause in WITH is unsupported.
Mar 03, 2017 8:50:33 AM ingraph.cypher2relalg.util.IngraphLogger log
SEVERE: WHERE clause in WITH is unsupported.
Mar 03, 2017 8:50:33 AM ingraph.cypher2relalg.util.IngraphLogger log
SEVERE: WHERE clause in WITH is unsupported.
Mar 03, 2017 8:50:33 AM ingraph.cypher2relalg.util.IngraphLogger log
SEVERE: WHERE clause in WITH is unsupported.
Mar 03, 2017 8:50:33 AM ingraph.cypher2relalg.util.IngraphLogger log
SEVERE: WHERE clause in WITH is unsupported.
Mar 03, 2017 8:50:33 AM ingraph.cypher2relalg.util.IngraphLogger log
SEVERE: WHERE clause in WITH is unsupported.
Mar 03, 2017 8:50:33 AM ingraph.cypher2relalg.util.IngraphLogger log
SEVERE: WHERE clause in WITH is unsupported.
Mar 03, 2017 8:50:33 AM ingraph.cypher2relalg.util.IngraphLogger log
SEVERE: WHERE clause in WITH is unsupported.
Mar 03, 2017 8:50:33 AM ingraph.cypher2relalg.util.IngraphLogger log
SEVERE: WHERE clause in WITH is unsupported.
Mar 03, 2017 8:50:33 AM ingraph.cypher2relalg.util.IngraphLogger log
SEVERE: WHERE clause in WITH is unsupported.
Mar 03, 2017 8:50:33 AM ingraph.cypher2relalg.util.IngraphLogger log
SEVERE: WHERE clause in WITH is unsupported.
Mar 03, 2017 8:50:33 AM ingraph.cypher2relalg.util.IngraphLogger log
SEVERE: WHERE clause in WITH is unsupported.
Mar 03, 2017 8:50:33 AM ingraph.cypher2relalg.util.IngraphLogger log
SEVERE: WHERE clause in WITH is unsupported.
Mar 03, 2017 8:50:33 AM ingraph.cypher2relalg.util.IngraphLogger log
SEVERE: WHERE clause in WITH is unsupported.
Mar 03, 2017 8:50:33 AM ingraph.cypher2relalg.util.IngraphLogger log
SEVERE: WHERE clause in WITH is unsupported.
Mar 03, 2017 8:50:33 AM ingraph.cypher2relalg.util.IngraphLogger log
SEVERE: WHERE clause in WITH is unsupported.
Mar 03, 2017 8:50:33 AM ingraph.cypher2relalg.util.IngraphLogger log
SEVERE: WHERE clause in WITH is unsupported.
Mar 03, 2017 8:50:33 AM ingraph.cypher2relalg.util.IngraphLogger log
SEVERE: WHERE clause in WITH is unsupported.
Mar 03, 2017 8:50:33 AM ingraph.cypher2relalg.util.IngraphLogger log
SEVERE: WHERE clause in WITH is unsupported.
Mar 03, 2017 8:50:33 AM ingraph.cypher2relalg.util.IngraphLogger log
SEVERE: WHERE clause in WITH is unsupported.
Mar 03, 2017 8:50:33 AM ingraph.cypher2relalg.util.IngraphLogger log
SEVERE: WHERE clause in WITH is unsupported.
Mar 03, 2017 8:50:33 AM ingraph.cypher2relalg.util.IngraphLogger log
SEVERE: WHERE clause in WITH is unsupported.
Mar 03, 2017 8:50:33 AM ingraph.cypher2relalg.util.IngraphLogger log
SEVERE: WHERE clause in WITH is unsupported.
Mar 03, 2017 8:50:33 AM ingraph.cypher2relalg.util.IngraphLogger log
SEVERE: WHERE clause in WITH is unsupported.
Mar 03, 2017 8:50:33 AM ingraph.cypher2relalg.util.IngraphLogger log
SEVERE: WHERE clause in WITH is unsupported.
Mar 03, 2017 8:50:33 AM ingraph.cypher2relalg.util.IngraphLogger log
SEVERE: WHERE clause in WITH is unsupported.
Mar 03, 2017 8:50:33 AM ingraph.cypher2relalg.util.IngraphLogger log
SEVERE: WHERE clause in WITH is unsupported.
Mar 03, 2017 8:50:33 AM ingraph.cypher2relalg.util.IngraphLogger log
SEVERE: WHERE clause in WITH is unsupported.
Mar 03, 2017 8:50:33 AM ingraph.cypher2relalg.util.IngraphLogger log
SEVERE: WHERE clause in WITH is unsupported.
Mar 03, 2017 8:50:33 AM ingraph.cypher2relalg.util.IngraphLogger log
SEVERE: WHERE clause in WITH is unsupported.
Mar 03, 2017 8:50:33 AM ingraph.cypher2relalg.util.IngraphLogger log
SEVERE: WHERE clause in WITH is unsupported.
Mar 03, 2017 8:50:33 AM ingraph.cypher2relalg.util.IngraphLogger log
SEVERE: WHERE clause in WITH is unsupported.
Mar 03, 2017 8:50:33 AM ingraph.cypher2relalg.util.IngraphLogger log
SEVERE: WHERE clause in WITH is unsupported.
Mar 03, 2017 8:50:33 AM ingraph.cypher2relalg.util.IngraphLogger log
SEVERE: WHERE clause in WITH is unsupported.
Mar 03, 2017 8:50:33 AM ingraph.cypher2relalg.util.IngraphLogger log
SEVERE: WHERE clause in WITH is unsupported.
Mar 03, 2017 8:50:33 AM ingraph.cypher2relalg.util.IngraphLogger log
SEVERE: WHERE clause in WITH is unsupported.
Mar 03, 2017 8:50:33 AM ingraph.cypher2relalg.util.IngraphLogger log
SEVERE: WHERE clause in WITH is unsupported.
Mar 03, 2017 8:50:33 AM ingraph.cypher2relalg.util.IngraphLogger log
SEVERE: WHERE clause in WITH is unsupported.
Mar 03, 2017 8:50:33 AM ingraph.cypher2relalg.util.IngraphLogger log
SEVERE: WHERE clause in WITH is unsupported.
Mar 03, 2017 8:50:33 AM ingraph.cypher2relalg.util.IngraphLogger log
SEVERE: WHERE clause in WITH is unsupported.
Mar 03, 2017 8:50:33 AM ingraph.cypher2relalg.util.IngraphLogger log
SEVERE: WHERE clause in WITH is unsupported.
Mar 03, 2017 8:50:33 AM ingraph.cypher2relalg.util.IngraphLogger log
SEVERE: WHERE clause in WITH is unsupported.
Mar 03, 2017 8:50:33 AM ingraph.cypher2relalg.util.IngraphLogger log
SEVERE: WHERE clause in WITH is unsupported.
Mar 03, 2017 8:50:33 AM ingraph.cypher2relalg.util.IngraphLogger log
SEVERE: WHERE clause in WITH is unsupported.
Mar 03, 2017 8:50:33 AM ingraph.cypher2relalg.util.IngraphLogger log
SEVERE: WHERE clause in WITH is unsupported.
Mar 03, 2017 8:50:33 AM ingraph.cypher2relalg.util.IngraphLogger log
SEVERE: WHERE clause in WITH is unsupported.
Mar 03, 2017 8:50:33 AM ingraph.cypher2relalg.util.IngraphLogger log
SEVERE: WHERE clause in WITH is unsupported.
Mar 03, 2017 8:50:33 AM ingraph.cypher2relalg.util.IngraphLogger log
SEVERE: WHERE clause in WITH is unsupported.
Mar 03, 2017 8:50:34 AM ingraph.cypher2relalg.util.IngraphLogger log
SEVERE: WHERE clause in WITH is unsupported.
Mar 03, 2017 8:50:34 AM ingraph.cypher2relalg.util.IngraphLogger log
SEVERE: WHERE clause in WITH is unsupported.
Mar 03, 2017 8:50:34 AM ingraph.cypher2relalg.util.IngraphLogger log
SEVERE: WHERE clause in WITH is unsupported.
Mar 03, 2017 8:50:34 AM ingraph.cypher2relalg.util.IngraphLogger log
SEVERE: WHERE clause in WITH is unsupported.
Mar 03, 2017 8:50:34 AM ingraph.cypher2relalg.util.IngraphLogger log
SEVERE: WHERE clause in WITH is unsupported.
Mar 03, 2017 8:50:34 AM ingraph.cypher2relalg.util.IngraphLogger log
SEVERE: WHERE clause in WITH is unsupported.
Mar 03, 2017 8:50:34 AM ingraph.cypher2relalg.util.IngraphLogger log
SEVERE: WHERE clause in WITH is unsupported.
Mar 03, 2017 8:50:34 AM ingraph.cypher2relalg.util.IngraphLogger log
SEVERE: WHERE clause in WITH is unsupported.
Mar 03, 2017 8:50:34 AM ingraph.cypher2relalg.util.IngraphLogger log
SEVERE: WHERE clause in WITH is unsupported.
Mar 03, 2017 8:50:34 AM ingraph.cypher2relalg.util.IngraphLogger log
SEVERE: WHERE clause in WITH is unsupported.
Mar 03, 2017 8:50:34 AM ingraph.cypher2relalg.util.IngraphLogger log
SEVERE: WHERE clause in WITH is unsupported.
Mar 03, 2017 8:50:34 AM ingraph.cypher2relalg.util.IngraphLogger log
SEVERE: WHERE clause in WITH is unsupported.
Mar 03, 2017 8:50:34 AM ingraph.cypher2relalg.util.IngraphLogger log
SEVERE: WHERE clause in WITH is unsupported.
Mar 03, 2017 8:50:34 AM ingraph.cypher2relalg.util.IngraphLogger log
SEVERE: WHERE clause in WITH is unsupported.
Mar 03, 2017 8:50:34 AM ingraph.cypher2relalg.util.IngraphLogger log
SEVERE: WHERE clause in WITH is unsupported.
Mar 03, 2017 8:50:34 AM ingraph.cypher2relalg.util.IngraphLogger log
SEVERE: WHERE clause in WITH is unsupported.
Mar 03, 2017 8:50:34 AM ingraph.cypher2relalg.util.IngraphLogger log
SEVERE: WHERE clause in WITH is unsupported.
Mar 03, 2017 8:50:34 AM ingraph.cypher2relalg.util.IngraphLogger log
SEVERE: WHERE clause in WITH is unsupported.
Mar 03, 2017 8:50:34 AM ingraph.cypher2relalg.util.IngraphLogger log
SEVERE: WHERE clause in WITH is unsupported.
Mar 03, 2017 8:50:34 AM ingraph.cypher2relalg.util.IngraphLogger log
SEVERE: WHERE clause in WITH is unsupported.
Mar 03, 2017 8:50:34 AM ingraph.cypher2relalg.util.IngraphLogger log
SEVERE: WHERE clause in WITH is unsupported.
Mar 03, 2017 8:50:34 AM ingraph.cypher2relalg.util.IngraphLogger log
SEVERE: WHERE clause in WITH is unsupported.
Mar 03, 2017 8:50:34 AM ingraph.cypher2relalg.util.IngraphLogger log
SEVERE: WHERE clause in WITH is unsupported.
Mar 03, 2017 8:50:34 AM ingraph.cypher2relalg.util.IngraphLogger log
SEVERE: WHERE clause in WITH is unsupported.
Mar 03, 2017 8:50:34 AM ingraph.cypher2relalg.util.IngraphLogger log
SEVERE: WHERE clause in WITH is unsupported.
Mar 03, 2017 8:50:34 AM ingraph.cypher2relalg.util.IngraphLogger log
SEVERE: WHERE clause in WITH is unsupported.
Mar 03, 2017 8:50:34 AM ingraph.cypher2relalg.util.IngraphLogger log
SEVERE: WHERE clause in WITH is unsupported.
Mar 03, 2017 8:50:34 AM ingraph.cypher2relalg.util.IngraphLogger log
SEVERE: WHERE clause in WITH is unsupported.
Mar 03, 2017 8:50:34 AM ingraph.cypher2relalg.util.IngraphLogger log
SEVERE: WHERE clause in WITH is unsupported.
Mar 03, 2017 8:50:34 AM ingraph.cypher2relalg.util.IngraphLogger log
SEVERE: WHERE clause in WITH is unsupported.
Mar 03, 2017 8:50:34 AM ingraph.cypher2relalg.util.IngraphLogger log
SEVERE: WHERE clause in WITH is unsupported.
Mar 03, 2017 8:50:34 AM ingraph.cypher2relalg.util.IngraphLogger log
SEVERE: WHERE clause in WITH is unsupported.
Mar 03, 2017 8:50:34 AM ingraph.cypher2relalg.util.IngraphLogger log
SEVERE: WHERE clause in WITH is unsupported.
Mar 03, 2017 8:50:34 AM ingraph.cypher2relalg.util.IngraphLogger log
SEVERE: WHERE clause in WITH is unsupported.
Mar 03, 2017 8:50:34 AM ingraph.cypher2relalg.util.IngraphLogger log
SEVERE: WHERE clause in WITH is unsupported.
Mar 03, 2017 8:50:34 AM ingraph.cypher2relalg.util.IngraphLogger log
SEVERE: WHERE clause in WITH is unsupported.
Mar 03, 2017 8:50:34 AM ingraph.cypher2relalg.util.IngraphLogger log
SEVERE: WHERE clause in WITH is unsupported.
Mar 03, 2017 8:50:34 AM ingraph.cypher2relalg.util.IngraphLogger log
SEVERE: WHERE clause in WITH is unsupported.
Mar 03, 2017 8:50:34 AM ingraph.cypher2relalg.util.IngraphLogger log
SEVERE: WHERE clause in WITH is unsupported.
Mar 03, 2017 8:50:34 AM ingraph.cypher2relalg.util.IngraphLogger log
SEVERE: WHERE clause in WITH is unsupported.
Mar 03, 2017 8:50:34 AM ingraph.cypher2relalg.util.IngraphLogger log
SEVERE: WHERE clause in WITH is unsupported.
Mar 03, 2017 8:50:34 AM ingraph.cypher2relalg.util.IngraphLogger log
SEVERE: WHERE clause in WITH is unsupported.
Mar 03, 2017 8:50:34 AM ingraph.cypher2relalg.util.IngraphLogger log
SEVERE: WHERE clause in WITH is unsupported.
Mar 03, 2017 8:50:34 AM ingraph.cypher2relalg.util.IngraphLogger log
SEVERE: WHERE clause in WITH is unsupported.
Mar 03, 2017 8:50:34 AM ingraph.cypher2relalg.util.IngraphLogger log
SEVERE: WHERE clause in WITH is unsupported.
Mar 03, 2017 8:50:34 AM ingraph.cypher2relalg.util.IngraphLogger log
SEVERE: WHERE clause in WITH is unsupported.
Mar 03, 2017 8:50:34 AM ingraph.cypher2relalg.util.IngraphLogger log
SEVERE: WHERE clause in WITH is unsupported.
Mar 03, 2017 8:50:34 AM ingraph.cypher2relalg.util.IngraphLogger log
SEVERE: WHERE clause in WITH is unsupported.
Mar 03, 2017 8:50:34 AM ingraph.cypher2relalg.util.IngraphLogger log
SEVERE: WHERE clause in WITH is unsupported.
Mar 03, 2017 8:50:34 AM ingraph.cypher2relalg.util.IngraphLogger log
SEVERE: WHERE clause in WITH is unsupported.
Mar 03, 2017 8:50:34 AM ingraph.cypher2relalg.util.IngraphLogger log
SEVERE: WHERE clause in WITH is unsupported.
Mar 03, 2017 8:50:34 AM ingraph.cypher2relalg.util.IngraphLogger log
SEVERE: WHERE clause in WITH is unsupported.
Mar 03, 2017 8:50:34 AM ingraph.cypher2relalg.util.IngraphLogger log
SEVERE: WHERE clause in WITH is unsupported.
Mar 03, 2017 8:50:34 AM ingraph.cypher2relalg.util.IngraphLogger log
SEVERE: WHERE clause in WITH is unsupported.
Mar 03, 2017 8:50:34 AM ingraph.cypher2relalg.util.IngraphLogger log
SEVERE: WHERE clause in WITH is unsupported.
Mar 03, 2017 8:50:34 AM ingraph.cypher2relalg.util.IngraphLogger log
SEVERE: WHERE clause in WITH is unsupported.
Mar 03, 2017 8:50:34 AM ingraph.cypher2relalg.util.IngraphLogger log
SEVERE: WHERE clause in WITH is unsupported.
Mar 03, 2017 8:50:34 AM ingraph.cypher2relalg.util.IngraphLogger log
SEVERE: WHERE clause in WITH is unsupported.
Mar 03, 2017 8:50:34 AM ingraph.cypher2relalg.util.IngraphLogger log
SEVERE: WHERE clause in WITH is unsupported.
Mar 03, 2017 8:50:34 AM ingraph.cypher2relalg.util.IngraphLogger log
SEVERE: WHERE clause in WITH is unsupported.
Mar 03, 2017 8:50:34 AM ingraph.cypher2relalg.util.IngraphLogger log
SEVERE: WHERE clause in WITH is unsupported.
Mar 03, 2017 8:50:34 AM ingraph.cypher2relalg.util.IngraphLogger log
SEVERE: WHERE clause in WITH is unsupported.
Mar 03, 2017 8:50:34 AM ingraph.cypher2relalg.util.IngraphLogger log
SEVERE: WHERE clause in WITH is unsupported.
Mar 03, 2017 8:50:34 AM ingraph.cypher2relalg.util.IngraphLogger log
SEVERE: WHERE clause in WITH is unsupported.
Mar 03, 2017 8:50:34 AM ingraph.cypher2relalg.util.IngraphLogger log
SEVERE: WHERE clause in WITH is unsupported.
Mar 03, 2017 8:50:34 AM ingraph.cypher2relalg.util.IngraphLogger log
SEVERE: WHERE clause in WITH is unsupported.
Mar 03, 2017 8:50:34 AM ingraph.cypher2relalg.util.IngraphLogger log
SEVERE: WHERE clause in WITH is unsupported.
Mar 03, 2017 8:50:34 AM ingraph.cypher2relalg.util.IngraphLogger log
SEVERE: WHERE clause in WITH is unsupported.
Mar 03, 2017 8:50:34 AM ingraph.cypher2relalg.util.IngraphLogger log
SEVERE: WHERE clause in WITH is unsupported.
Mar 03, 2017 8:50:34 AM ingraph.cypher2relalg.util.IngraphLogger log
SEVERE: WHERE clause in WITH is unsupported.
Mar 03, 2017 8:50:34 AM ingraph.cypher2relalg.util.IngraphLogger log
SEVERE: WHERE clause in WITH is unsupported.
Mar 03, 2017 8:50:34 AM ingraph.cypher2relalg.util.IngraphLogger log
SEVERE: WHERE clause in WITH is unsupported.
Mar 03, 2017 8:50:34 AM ingraph.cypher2relalg.util.IngraphLogger log
SEVERE: WHERE clause in WITH is unsupported.
Mar 03, 2017 8:50:34 AM ingraph.cypher2relalg.util.IngraphLogger log
SEVERE: WHERE clause in WITH is unsupported.
Mar 03, 2017 8:50:34 AM ingraph.cypher2relalg.util.IngraphLogger log
SEVERE: WHERE clause in WITH is unsupported.
Mar 03, 2017 8:50:34 AM ingraph.cypher2relalg.util.IngraphLogger log
SEVERE: WHERE clause in WITH is unsupported.
Mar 03, 2017 8:50:34 AM ingraph.cypher2relalg.util.IngraphLogger log
SEVERE: WHERE clause in WITH is unsupported.
Mar 03, 2017 8:50:34 AM ingraph.cypher2relalg.util.IngraphLogger log
SEVERE: WHERE clause in WITH is unsupported.
Mar 03, 2017 8:50:34 AM ingraph.cypher2relalg.util.IngraphLogger log
SEVERE: WHERE clause in WITH is unsupported.
Mar 03, 2017 8:50:34 AM ingraph.cypher2relalg.util.IngraphLogger log
SEVERE: WHERE clause in WITH is unsupported.
Mar 03, 2017 8:50:34 AM ingraph.cypher2relalg.util.IngraphLogger log
SEVERE: WHERE clause in WITH is unsupported.
Mar 03, 2017 8:50:34 AM ingraph.cypher2relalg.util.IngraphLogger log
SEVERE: WHERE clause in WITH is unsupported.
Mar 03, 2017 8:50:34 AM ingraph.cypher2relalg.util.IngraphLogger log
SEVERE: WHERE clause in WITH is unsupported.
Mar 03, 2017 8:50:34 AM ingraph.cypher2relalg.util.IngraphLogger log
SEVERE: WHERE clause in WITH is unsupported.
Mar 03, 2017 8:50:34 AM ingraph.cypher2relalg.util.IngraphLogger log
SEVERE: WHERE clause in WITH is unsupported.
Mar 03, 2017 8:50:34 AM ingraph.cypher2relalg.util.IngraphLogger log
SEVERE: WHERE clause in WITH is unsupported.
Mar 03, 2017 8:50:34 AM ingraph.cypher2relalg.util.IngraphLogger log
SEVERE: WHERE clause in WITH is unsupported.
Mar 03, 2017 8:50:34 AM ingraph.cypher2relalg.util.IngraphLogger log
SEVERE: WHERE clause in WITH is unsupported.
Mar 03, 2017 8:50:34 AM ingraph.cypher2relalg.util.IngraphLogger log
SEVERE: WHERE clause in WITH is unsupported.
Mar 03, 2017 8:50:34 AM ingraph.cypher2relalg.util.IngraphLogger log
SEVERE: WHERE clause in WITH is unsupported.
Mar 03, 2017 8:50:34 AM ingraph.cypher2relalg.util.IngraphLogger log
SEVERE: WHERE clause in WITH is unsupported.
Mar 03, 2017 8:50:34 AM ingraph.cypher2relalg.util.IngraphLogger log
SEVERE: WHERE clause in WITH is unsupported.
Mar 03, 2017 8:50:34 AM ingraph.cypher2relalg.util.IngraphLogger log
SEVERE: WHERE clause in WITH is unsupported.
Mar 03, 2017 8:50:34 AM ingraph.cypher2relalg.util.IngraphLogger log
SEVERE: WHERE clause in WITH is unsupported.
Mar 03, 2017 8:50:34 AM ingraph.cypher2relalg.util.IngraphLogger log
SEVERE: WHERE clause in WITH is unsupported.
Mar 03, 2017 8:50:34 AM ingraph.cypher2relalg.util.IngraphLogger log
SEVERE: WHERE clause in WITH is unsupported.
Mar 03, 2017 8:50:34 AM ingraph.cypher2relalg.util.IngraphLogger log
SEVERE: WHERE clause in WITH is unsupported.
Mar 03, 2017 8:50:34 AM ingraph.cypher2relalg.util.IngraphLogger log
SEVERE: WHERE clause in WITH is unsupported.
Mar 03, 2017 8:50:34 AM ingraph.cypher2relalg.util.IngraphLogger log
SEVERE: WHERE clause in WITH is unsupported.
Mar 03, 2017 8:50:34 AM ingraph.cypher2relalg.util.IngraphLogger log
SEVERE: WHERE clause in WITH is unsupported.
Mar 03, 2017 8:50:34 AM ingraph.cypher2relalg.util.IngraphLogger log
SEVERE: WHERE clause in WITH is unsupported.
Mar 03, 2017 8:50:34 AM ingraph.cypher2relalg.util.IngraphLogger log
SEVERE: WHERE clause in WITH is unsupported.
Mar 03, 2017 8:50:34 AM ingraph.cypher2relalg.util.IngraphLogger log
SEVERE: WHERE clause in WITH is unsupported.
Mar 03, 2017 8:50:34 AM ingraph.cypher2relalg.util.IngraphLogger log
SEVERE: WHERE clause in WITH is unsupported.
Mar 03, 2017 8:50:34 AM ingraph.cypher2relalg.util.IngraphLogger log
SEVERE: WHERE clause in WITH is unsupported.
Mar 03, 2017 8:50:34 AM ingraph.cypher2relalg.util.IngraphLogger log
SEVERE: WHERE clause in WITH is unsupported.
Mar 03, 2017 8:50:34 AM ingraph.cypher2relalg.util.IngraphLogger log
SEVERE: WHERE clause in WITH is unsupported.
Mar 03, 2017 8:50:34 AM ingraph.cypher2relalg.util.IngraphLogger log
SEVERE: WHERE clause in WITH is unsupported.
Mar 03, 2017 8:50:34 AM ingraph.cypher2relalg.util.IngraphLogger log
SEVERE: WHERE clause in WITH is unsupported.
Mar 03, 2017 8:50:34 AM ingraph.cypher2relalg.util.IngraphLogger log
SEVERE: WHERE clause in WITH is unsupported.
Mar 03, 2017 8:50:34 AM ingraph.cypher2relalg.util.IngraphLogger log
SEVERE: WHERE clause in WITH is unsupported.
Mar 03, 2017 8:50:34 AM ingraph.cypher2relalg.util.IngraphLogger log
SEVERE: WHERE clause in WITH is unsupported.
Mar 03, 2017 8:50:34 AM ingraph.cypher2relalg.util.IngraphLogger log
SEVERE: WHERE clause in WITH is unsupported.
Mar 03, 2017 8:50:34 AM ingraph.cypher2relalg.util.IngraphLogger log
SEVERE: WHERE clause in WITH is unsupported.
Mar 03, 2017 8:50:34 AM ingraph.cypher2relalg.util.IngraphLogger log
SEVERE: WHERE clause in WITH is unsupported.
Mar 03, 2017 8:50:34 AM ingraph.cypher2relalg.util.IngraphLogger log
SEVERE: WHERE clause in WITH is unsupported.
Mar 03, 2017 8:50:34 AM ingraph.cypher2relalg.util.IngraphLogger log
SEVERE: WHERE clause in WITH is unsupported.
Mar 03, 2017 8:50:34 AM ingraph.cypher2relalg.util.IngraphLogger log
SEVERE: WHERE clause in WITH is unsupported.
Mar 03, 2017 8:50:34 AM ingraph.cypher2relalg.util.IngraphLogger log
SEVERE: WHERE clause in WITH is unsupported.
Mar 03, 2017 8:50:34 AM ingraph.cypher2relalg.util.IngraphLogger log
SEVERE: WHERE clause in WITH is unsupported.
Mar 03, 2017 8:50:34 AM ingraph.cypher2relalg.util.IngraphLogger log
SEVERE: WHERE clause in WITH is unsupported.
Mar 03, 2017 8:50:34 AM ingraph.cypher2relalg.util.IngraphLogger log
SEVERE: WHERE clause in WITH is unsupported.
Mar 03, 2017 8:50:34 AM ingraph.cypher2relalg.util.IngraphLogger log
SEVERE: WHERE clause in WITH is unsupported.
Mar 03, 2017 8:50:34 AM ingraph.cypher2relalg.util.IngraphLogger log
SEVERE: WHERE clause in WITH is unsupported.
Mar 03, 2017 8:50:34 AM ingraph.cypher2relalg.util.IngraphLogger log
SEVERE: WHERE clause in WITH is unsupported.
Mar 03, 2017 8:50:34 AM ingraph.cypher2relalg.util.IngraphLogger log
SEVERE: WHERE clause in WITH is unsupported.
Mar 03, 2017 8:50:34 AM ingraph.cypher2relalg.util.IngraphLogger log
SEVERE: WHERE clause in WITH is unsupported.
Mar 03, 2017 8:50:34 AM ingraph.cypher2relalg.util.IngraphLogger log
SEVERE: WHERE clause in WITH is unsupported.
Mar 03, 2017 8:50:34 AM ingraph.cypher2relalg.util.IngraphLogger log
SEVERE: WHERE clause in WITH is unsupported.
Mar 03, 2017 8:50:34 AM ingraph.cypher2relalg.util.IngraphLogger log
SEVERE: WHERE clause in WITH is unsupported.
Mar 03, 2017 8:50:34 AM ingraph.cypher2relalg.util.IngraphLogger log
SEVERE: WHERE clause in WITH is unsupported.
Mar 03, 2017 8:50:34 AM ingraph.cypher2relalg.util.IngraphLogger log
SEVERE: WHERE clause in WITH is unsupported.
Mar 03, 2017 8:50:34 AM ingraph.cypher2relalg.util.IngraphLogger log
SEVERE: WHERE clause in WITH is unsupported.
Mar 03, 2017 8:50:34 AM ingraph.cypher2relalg.util.IngraphLogger log
SEVERE: WHERE clause in WITH is unsupported.
Mar 03, 2017 8:50:34 AM ingraph.cypher2relalg.util.IngraphLogger log
SEVERE: WHERE clause in WITH is unsupported.
Mar 03, 2017 8:50:34 AM ingraph.cypher2relalg.util.IngraphLogger log
SEVERE: WHERE clause in WITH is unsupported.
Mar 03, 2017 8:50:34 AM ingraph.cypher2relalg.util.IngraphLogger log
SEVERE: WHERE clause in WITH is unsupported.
Mar 03, 2017 8:50:34 AM ingraph.cypher2relalg.util.IngraphLogger log
SEVERE: WHERE clause in WITH is unsupported.
Mar 03, 2017 8:50:34 AM ingraph.cypher2relalg.util.IngraphLogger log
SEVERE: WHERE clause in WITH is unsupported.
Mar 03, 2017 8:50:34 AM ingraph.cypher2relalg.util.IngraphLogger log
SEVERE: WHERE clause in WITH is unsupported.
Mar 03, 2017 8:50:34 AM ingraph.cypher2relalg.util.IngraphLogger log
SEVERE: WHERE clause in WITH is unsupported.
Mar 03, 2017 8:50:34 AM ingraph.cypher2relalg.util.IngraphLogger log
SEVERE: WHERE clause in WITH is unsupported.
Mar 03, 2017 8:50:34 AM ingraph.cypher2relalg.util.IngraphLogger log
SEVERE: WHERE clause in WITH is unsupported.
Mar 03, 2017 8:50:34 AM ingraph.cypher2relalg.util.IngraphLogger log
SEVERE: WHERE clause in WITH is unsupported.
Mar 03, 2017 8:50:34 AM ingraph.cypher2relalg.util.IngraphLogger log
SEVERE: WHERE clause in WITH is unsupported.
Mar 03, 2017 8:50:34 AM ingraph.cypher2relalg.util.IngraphLogger log
SEVERE: WHERE clause in WITH is unsupported.
Mar 03, 2017 8:50:34 AM ingraph.cypher2relalg.util.IngraphLogger log
SEVERE: WHERE clause in WITH is unsupported.
Mar 03, 2017 8:50:34 AM ingraph.cypher2relalg.util.IngraphLogger log
SEVERE: WHERE clause in WITH is unsupported.
Mar 03, 2017 8:50:34 AM ingraph.cypher2relalg.util.IngraphLogger log
SEVERE: WHERE clause in WITH is unsupported.
Mar 03, 2017 8:50:34 AM ingraph.cypher2relalg.util.IngraphLogger log
SEVERE: WHERE clause in WITH is unsupported.
Mar 03, 2017 8:50:34 AM ingraph.cypher2relalg.util.IngraphLogger log
SEVERE: WHERE clause in WITH is unsupported.
Mar 03, 2017 8:50:34 AM ingraph.cypher2relalg.util.IngraphLogger log
SEVERE: WHERE clause in WITH is unsupported.
Mar 03, 2017 8:50:34 AM ingraph.cypher2relalg.util.IngraphLogger log
SEVERE: WHERE clause in WITH is unsupported.
Mar 03, 2017 8:50:34 AM ingraph.cypher2relalg.util.IngraphLogger log
SEVERE: WHERE clause in WITH is unsupported.
Mar 03, 2017 8:50:34 AM ingraph.cypher2relalg.util.IngraphLogger log
SEVERE: WHERE clause in WITH is unsupported.
Mar 03, 2017 8:50:34 AM ingraph.cypher2relalg.util.IngraphLogger log
SEVERE: WHERE clause in WITH is unsupported.
Mar 03, 2017 8:50:34 AM ingraph.cypher2relalg.util.IngraphLogger log
SEVERE: WHERE clause in WITH is unsupported.
Mar 03, 2017 8:50:34 AM ingraph.cypher2relalg.util.IngraphLogger log
SEVERE: WHERE clause in WITH is unsupported.
Mar 03, 2017 8:50:34 AM ingraph.cypher2relalg.util.IngraphLogger log
SEVERE: WHERE clause in WITH is unsupported.
Mar 03, 2017 8:50:34 AM ingraph.cypher2relalg.util.IngraphLogger log
SEVERE: WHERE clause in WITH is unsupported.
Mar 03, 2017 8:50:34 AM ingraph.cypher2relalg.util.IngraphLogger log
SEVERE: WHERE clause in WITH is unsupported.
Mar 03, 2017 8:50:34 AM ingraph.cypher2relalg.util.IngraphLogger log
SEVERE: WHERE clause in WITH is unsupported.
Mar 03, 2017 8:50:34 AM ingraph.cypher2relalg.util.IngraphLogger log
SEVERE: WHERE clause in WITH is unsupported.
Mar 03, 2017 8:50:34 AM ingraph.cypher2relalg.util.IngraphLogger log
SEVERE: WHERE clause in WITH is unsupported.
Mar 03, 2017 8:50:34 AM ingraph.cypher2relalg.util.IngraphLogger log
SEVERE: WHERE clause in WITH is unsupported.
Mar 03, 2017 8:50:34 AM ingraph.cypher2relalg.util.IngraphLogger log
SEVERE: WHERE clause in WITH is unsupported.
Mar 03, 2017 8:50:34 AM ingraph.cypher2relalg.util.IngraphLogger log
SEVERE: WHERE clause in WITH is unsupported.
Mar 03, 2017 8:50:34 AM ingraph.cypher2relalg.util.IngraphLogger log
SEVERE: WHERE clause in WITH is unsupported.
Mar 03, 2017 8:50:34 AM ingraph.cypher2relalg.util.IngraphLogger log
SEVERE: WHERE clause in WITH is unsupported.
Mar 03, 2017 8:50:34 AM ingraph.cypher2relalg.util.IngraphLogger log
SEVERE: WHERE clause in WITH is unsupported.
Mar 03, 2017 8:50:34 AM ingraph.cypher2relalg.util.IngraphLogger log
SEVERE: WHERE clause in WITH is unsupported.
Mar 03, 2017 8:50:34 AM ingraph.cypher2relalg.util.IngraphLogger log
SEVERE: WHERE clause in WITH is unsupported.
Mar 03, 2017 8:50:34 AM ingraph.cypher2relalg.util.IngraphLogger log
SEVERE: WHERE clause in WITH is unsupported.
Mar 03, 2017 8:50:34 AM ingraph.cypher2relalg.util.IngraphLogger log
SEVERE: WHERE clause in WITH is unsupported.
Mar 03, 2017 8:50:34 AM ingraph.cypher2relalg.util.IngraphLogger log
SEVERE: WHERE clause in WITH is unsupported.
Mar 03, 2017 8:50:34 AM ingraph.cypher2relalg.util.IngraphLogger log
SEVERE: WHERE clause in WITH is unsupported.
Mar 03, 2017 8:50:34 AM ingraph.cypher2relalg.util.IngraphLogger log
SEVERE: WHERE clause in WITH is unsupported.
Mar 03, 2017 8:50:34 AM ingraph.cypher2relalg.util.IngraphLogger log
SEVERE: WHERE clause in WITH is unsupported.
Mar 03, 2017 8:50:34 AM ingraph.cypher2relalg.util.IngraphLogger log
SEVERE: WHERE clause in WITH is unsupported.
Mar 03, 2017 8:50:34 AM ingraph.cypher2relalg.util.IngraphLogger log
SEVERE: WHERE clause in WITH is unsupported.
Mar 03, 2017 8:50:34 AM ingraph.cypher2relalg.util.IngraphLogger log
SEVERE: WHERE clause in WITH is unsupported.
Mar 03, 2017 8:50:34 AM ingraph.cypher2relalg.util.IngraphLogger log
SEVERE: WHERE clause in WITH is unsupported.
Mar 03, 2017 8:50:34 AM ingraph.cypher2relalg.util.IngraphLogger log
SEVERE: WHERE clause in WITH is unsupported.
Mar 03, 2017 8:50:34 AM ingraph.cypher2relalg.util.IngraphLogger log
SEVERE: WHERE clause in WITH is unsupported.
Mar 03, 2017 8:50:34 AM ingraph.cypher2relalg.util.IngraphLogger log
SEVERE: WHERE clause in WITH is unsupported.
Mar 03, 2017 8:50:34 AM ingraph.cypher2relalg.util.IngraphLogger log
SEVERE: WHERE clause in WITH is unsupported.
Mar 03, 2017 8:50:34 AM ingraph.cypher2relalg.util.IngraphLogger log
SEVERE: WHERE clause in WITH is unsupported.
Mar 03, 2017 8:50:34 AM ingraph.cypher2relalg.util.IngraphLogger log
SEVERE: WHERE clause in WITH is unsupported.
Mar 03, 2017 8:50:34 AM ingraph.cypher2relalg.util.IngraphLogger log
SEVERE: WHERE clause in WITH is unsupported.
Mar 03, 2017 8:50:34 AM ingraph.cypher2relalg.util.IngraphLogger log
SEVERE: WHERE clause in WITH is unsupported.
Mar 03, 2017 8:50:34 AM ingraph.cypher2relalg.util.IngraphLogger log
SEVERE: WHERE clause in WITH is unsupported.
Mar 03, 2017 8:50:34 AM ingraph.cypher2relalg.util.IngraphLogger log
SEVERE: WHERE clause in WITH is unsupported.
Mar 03, 2017 8:50:34 AM ingraph.cypher2relalg.util.IngraphLogger log
SEVERE: WHERE clause in WITH is unsupported.
Mar 03, 2017 8:50:34 AM ingraph.cypher2relalg.util.IngraphLogger log
SEVERE: WHERE clause in WITH is unsupported.
Mar 03, 2017 8:50:34 AM ingraph.cypher2relalg.util.IngraphLogger log
SEVERE: WHERE clause in WITH is unsupported.
Mar 03, 2017 8:50:34 AM ingraph.cypher2relalg.util.IngraphLogger log
SEVERE: WHERE clause in WITH is unsupported.
Mar 03, 2017 8:50:34 AM ingraph.cypher2relalg.util.IngraphLogger log
SEVERE: WHERE clause in WITH is unsupported.
Mar 03, 2017 8:50:34 AM ingraph.cypher2relalg.util.IngraphLogger log
SEVERE: WHERE clause in WITH is unsupported.
Mar 03, 2017 8:50:34 AM ingraph.cypher2relalg.util.IngraphLogger log
SEVERE: WHERE clause in WITH is unsupported.
Mar 03, 2017 8:50:34 AM ingraph.cypher2relalg.util.IngraphLogger log
SEVERE: WHERE clause in WITH is unsupported.
Mar 03, 2017 8:50:34 AM ingraph.cypher2relalg.util.IngraphLogger log
SEVERE: WHERE clause in WITH is unsupported.
Mar 03, 2017 8:50:34 AM ingraph.cypher2relalg.util.IngraphLogger log
SEVERE: WHERE clause in WITH is unsupported.
Mar 03, 2017 8:50:34 AM ingraph.cypher2relalg.util.IngraphLogger log
SEVERE: WHERE clause in WITH is unsupported.
Mar 03, 2017 8:50:34 AM ingraph.cypher2relalg.util.IngraphLogger log
SEVERE: WHERE clause in WITH is unsupported.
Mar 03, 2017 8:50:34 AM ingraph.cypher2relalg.util.IngraphLogger log
SEVERE: WHERE clause in WITH is unsupported.
Mar 03, 2017 8:50:34 AM ingraph.cypher2relalg.util.IngraphLogger log
SEVERE: WHERE clause in WITH is unsupported.
Mar 03, 2017 8:50:34 AM ingraph.cypher2relalg.util.IngraphLogger log
SEVERE: WHERE clause in WITH is unsupported.
Mar 03, 2017 8:50:34 AM ingraph.cypher2relalg.util.IngraphLogger log
SEVERE: WHERE clause in WITH is unsupported.
Mar 03, 2017 8:50:34 AM ingraph.cypher2relalg.util.IngraphLogger log
SEVERE: WHERE clause in WITH is unsupported.
Mar 03, 2017 8:50:34 AM ingraph.cypher2relalg.util.IngraphLogger log
SEVERE: WHERE clause in WITH is unsupported.
Mar 03, 2017 8:50:34 AM ingraph.cypher2relalg.util.IngraphLogger log
SEVERE: WHERE clause in WITH is unsupported.
Mar 03, 2017 8:50:34 AM ingraph.cypher2relalg.util.IngraphLogger log
SEVERE: WHERE clause in WITH is unsupported.
Mar 03, 2017 8:50:34 AM ingraph.cypher2relalg.util.IngraphLogger log
SEVERE: WHERE clause in WITH is unsupported.
Mar 03, 2017 8:50:34 AM ingraph.cypher2relalg.util.IngraphLogger log
SEVERE: WHERE clause in WITH is unsupported.
Mar 03, 2017 8:50:34 AM ingraph.cypher2relalg.util.IngraphLogger log
SEVERE: WHERE clause in WITH is unsupported.
Mar 03, 2017 8:50:34 AM ingraph.cypher2relalg.util.IngraphLogger log
SEVERE: WHERE clause in WITH is unsupported.
Mar 03, 2017 8:50:34 AM ingraph.cypher2relalg.util.IngraphLogger log
SEVERE: WHERE clause in WITH is unsupported.
Mar 03, 2017 8:50:34 AM ingraph.cypher2relalg.util.IngraphLogger log
SEVERE: WHERE clause in WITH is unsupported.
Mar 03, 2017 8:50:34 AM ingraph.cypher2relalg.util.IngraphLogger log
SEVERE: WHERE clause in WITH is unsupported.
Mar 03, 2017 8:50:34 AM ingraph.cypher2relalg.util.IngraphLogger log
SEVERE: WHERE clause in WITH is unsupported.
Mar 03, 2017 8:50:34 AM ingraph.cypher2relalg.util.IngraphLogger log
SEVERE: WHERE clause in WITH is unsupported.
Mar 03, 2017 8:50:34 AM ingraph.cypher2relalg.util.IngraphLogger log
SEVERE: WHERE clause in WITH is unsupported.
Mar 03, 2017 8:50:34 AM ingraph.cypher2relalg.util.IngraphLogger log
SEVERE: WHERE clause in WITH is unsupported.
Mar 03, 2017 8:50:34 AM ingraph.cypher2relalg.util.IngraphLogger log
SEVERE: WHERE clause in WITH is unsupported.
Mar 03, 2017 8:50:34 AM ingraph.cypher2relalg.util.IngraphLogger log
SEVERE: WHERE clause in WITH is unsupported.
Mar 03, 2017 8:50:34 AM ingraph.cypher2relalg.util.IngraphLogger log
SEVERE: WHERE clause in WITH is unsupported.
Mar 03, 2017 8:50:34 AM ingraph.cypher2relalg.util.IngraphLogger log
SEVERE: WHERE clause in WITH is unsupported.
Mar 03, 2017 8:50:34 AM ingraph.cypher2relalg.util.IngraphLogger log
SEVERE: WHERE clause in WITH is unsupported.
Mar 03, 2017 8:50:34 AM ingraph.cypher2relalg.util.IngraphLogger log
SEVERE: WHERE clause in WITH is unsupported.
Mar 03, 2017 8:50:34 AM ingraph.cypher2relalg.util.IngraphLogger log
SEVERE: WHERE clause in WITH is unsupported.
Mar 03, 2017 8:50:34 AM ingraph.cypher2relalg.util.IngraphLogger log
SEVERE: WHERE clause in WITH is unsupported.
Mar 03, 2017 8:50:34 AM ingraph.cypher2relalg.util.IngraphLogger log
SEVERE: WHERE clause in WITH is unsupported.
Mar 03, 2017 8:50:34 AM ingraph.cypher2relalg.util.IngraphLogger log
SEVERE: WHERE clause in WITH is unsupported.
Mar 03, 2017 8:50:34 AM ingraph.cypher2relalg.util.IngraphLogger log
SEVERE: WHERE clause in WITH is unsupported.
Mar 03, 2017 8:50:34 AM ingraph.cypher2relalg.util.IngraphLogger log
SEVERE: WHERE clause in WITH is unsupported.
Mar 03, 2017 8:50:34 AM ingraph.cypher2relalg.util.IngraphLogger log
SEVERE: WHERE clause in WITH is unsupported.
Mar 03, 2017 8:50:34 AM ingraph.cypher2relalg.util.IngraphLogger log
SEVERE: WHERE clause in WITH is unsupported.
Mar 03, 2017 8:50:34 AM ingraph.cypher2relalg.util.IngraphLogger log
SEVERE: WHERE clause in WITH is unsupported.
Mar 03, 2017 8:50:34 AM ingraph.cypher2relalg.util.IngraphLogger log
SEVERE: WHERE clause in WITH is unsupported.
Mar 03, 2017 8:50:34 AM ingraph.cypher2relalg.util.IngraphLogger log
SEVERE: WHERE clause in WITH is unsupported.
Mar 03, 2017 8:50:34 AM ingraph.cypher2relalg.util.IngraphLogger log
SEVERE: WHERE clause in WITH is unsupported.
Mar 03, 2017 8:50:34 AM ingraph.cypher2relalg.util.IngraphLogger log
SEVERE: WHERE clause in WITH is unsupported.
Mar 03, 2017 8:50:34 AM ingraph.cypher2relalg.util.IngraphLogger log
SEVERE: WHERE clause in WITH is unsupported.
Mar 03, 2017 8:50:34 AM ingraph.cypher2relalg.util.IngraphLogger log
SEVERE: WHERE clause in WITH is unsupported.
Mar 03, 2017 8:50:34 AM ingraph.cypher2relalg.util.IngraphLogger log
SEVERE: WHERE clause in WITH is unsupported.
Mar 03, 2017 8:50:34 AM ingraph.cypher2relalg.util.IngraphLogger log
SEVERE: WHERE clause in WITH is unsupported.
Mar 03, 2017 8:50:34 AM ingraph.cypher2relalg.util.IngraphLogger log
SEVERE: WHERE clause in WITH is unsupported.
Mar 03, 2017 8:50:34 AM ingraph.cypher2relalg.util.IngraphLogger log
SEVERE: WHERE clause in WITH is unsupported.
Mar 03, 2017 8:50:34 AM ingraph.cypher2relalg.util.IngraphLogger log
SEVERE: WHERE clause in WITH is unsupported.
Mar 03, 2017 8:50:34 AM ingraph.cypher2relalg.util.IngraphLogger log
SEVERE: WHERE clause in WITH is unsupported.
Mar 03, 2017 8:50:34 AM ingraph.cypher2relalg.util.IngraphLogger log
SEVERE: WHERE clause in WITH is unsupported.
Mar 03, 2017 8:50:34 AM ingraph.cypher2relalg.util.IngraphLogger log
SEVERE: WHERE clause in WITH is unsupported.
Mar 03, 2017 8:50:34 AM ingraph.cypher2relalg.util.IngraphLogger log
SEVERE: WHERE clause in WITH is unsupported.
Mar 03, 2017 8:50:34 AM ingraph.cypher2relalg.util.IngraphLogger log
SEVERE: WHERE clause in WITH is unsupported.
Mar 03, 2017 8:50:34 AM ingraph.cypher2relalg.util.IngraphLogger log
SEVERE: WHERE clause in WITH is unsupported.
Mar 03, 2017 8:50:34 AM ingraph.cypher2relalg.util.IngraphLogger log
SEVERE: WHERE clause in WITH is unsupported.
Mar 03, 2017 8:50:34 AM ingraph.cypher2relalg.util.IngraphLogger log
SEVERE: WHERE clause in WITH is unsupported.
Mar 03, 2017 8:50:34 AM ingraph.cypher2relalg.util.IngraphLogger log
SEVERE: WHERE clause in WITH is unsupported.
Mar 03, 2017 8:50:34 AM ingraph.cypher2relalg.util.IngraphLogger log
SEVERE: WHERE clause in WITH is unsupported.
Mar 03, 2017 8:50:34 AM ingraph.cypher2relalg.util.IngraphLogger log
SEVERE: WHERE clause in WITH is unsupported.
Mar 03, 2017 8:50:34 AM ingraph.cypher2relalg.util.IngraphLogger log
SEVERE: WHERE clause in WITH is unsupported.
Mar 03, 2017 8:50:34 AM ingraph.cypher2relalg.util.IngraphLogger log
SEVERE: WHERE clause in WITH is unsupported.
Mar 03, 2017 8:50:34 AM ingraph.cypher2relalg.util.IngraphLogger log
SEVERE: WHERE clause in WITH is unsupported.
Mar 03, 2017 8:50:34 AM ingraph.cypher2relalg.util.IngraphLogger log
SEVERE: WHERE clause in WITH is unsupported.
Mar 03, 2017 8:50:34 AM ingraph.cypher2relalg.util.IngraphLogger log
SEVERE: WHERE clause in WITH is unsupported.
Mar 03, 2017 8:50:34 AM ingraph.cypher2relalg.util.IngraphLogger log
SEVERE: WHERE clause in WITH is unsupported.
Mar 03, 2017 8:50:34 AM ingraph.cypher2relalg.util.IngraphLogger log
SEVERE: WHERE clause in WITH is unsupported.
Mar 03, 2017 8:50:34 AM ingraph.cypher2relalg.util.IngraphLogger log
SEVERE: WHERE clause in WITH is unsupported.
Mar 03, 2017 8:50:34 AM ingraph.cypher2relalg.util.IngraphLogger log
SEVERE: WHERE clause in WITH is unsupported.
Mar 03, 2017 8:50:34 AM ingraph.cypher2relalg.util.IngraphLogger log
SEVERE: WHERE clause in WITH is unsupported.
Mar 03, 2017 8:50:34 AM ingraph.cypher2relalg.util.IngraphLogger log
SEVERE: WHERE clause in WITH is unsupported.
Mar 03, 2017 8:50:34 AM ingraph.cypher2relalg.util.IngraphLogger log
SEVERE: WHERE clause in WITH is unsupported.
Mar 03, 2017 8:50:34 AM ingraph.cypher2relalg.util.IngraphLogger log
SEVERE: WHERE clause in WITH is unsupported.
Mar 03, 2017 8:50:34 AM ingraph.cypher2relalg.util.IngraphLogger log
SEVERE: WHERE clause in WITH is unsupported.
Mar 03, 2017 8:50:34 AM ingraph.cypher2relalg.util.IngraphLogger log
SEVERE: WHERE clause in WITH is unsupported.
Mar 03, 2017 8:50:34 AM ingraph.cypher2relalg.util.IngraphLogger log
SEVERE: WHERE clause in WITH is unsupported.
Mar 03, 2017 8:50:34 AM ingraph.cypher2relalg.util.IngraphLogger log
SEVERE: WHERE clause in WITH is unsupported.
Mar 03, 2017 8:50:34 AM ingraph.cypher2relalg.util.IngraphLogger log
SEVERE: WHERE clause in WITH is unsupported.
Mar 03, 2017 8:50:34 AM ingraph.cypher2relalg.util.IngraphLogger log
SEVERE: WHERE clause in WITH is unsupported.
Mar 03, 2017 8:50:34 AM ingraph.cypher2relalg.util.IngraphLogger log
SEVERE: WHERE clause in WITH is unsupported.
Mar 03, 2017 8:50:34 AM ingraph.cypher2relalg.util.IngraphLogger log
SEVERE: WHERE clause in WITH is unsupported.
Mar 03, 2017 8:50:34 AM ingraph.cypher2relalg.util.IngraphLogger log
SEVERE: WHERE clause in WITH is unsupported.
Mar 03, 2017 8:50:34 AM ingraph.cypher2relalg.util.IngraphLogger log
SEVERE: WHERE clause in WITH is unsupported.
Mar 03, 2017 8:50:34 AM ingraph.cypher2relalg.util.IngraphLogger log
SEVERE: WHERE clause in WITH is unsupported.
Mar 03, 2017 8:50:34 AM ingraph.cypher2relalg.util.IngraphLogger log
SEVERE: WHERE clause in WITH is unsupported.
Mar 03, 2017 8:50:34 AM ingraph.cypher2relalg.util.IngraphLogger log
SEVERE: WHERE clause in WITH is unsupported.
Mar 03, 2017 8:50:34 AM ingraph.cypher2relalg.util.IngraphLogger log
SEVERE: WHERE clause in WITH is unsupported.
Mar 03, 2017 8:50:34 AM ingraph.cypher2relalg.util.IngraphLogger log
SEVERE: WHERE clause in WITH is unsupported.
Mar 03, 2017 8:50:34 AM ingraph.cypher2relalg.util.IngraphLogger log
SEVERE: WHERE clause in WITH is unsupported.
Mar 03, 2017 8:50:34 AM ingraph.cypher2relalg.util.IngraphLogger log
SEVERE: WHERE clause in WITH is unsupported.
Mar 03, 2017 8:50:34 AM ingraph.cypher2relalg.util.IngraphLogger log
SEVERE: WHERE clause in WITH is unsupported.
Mar 03, 2017 8:50:34 AM ingraph.cypher2relalg.util.IngraphLogger log
SEVERE: WHERE clause in WITH is unsupported.
Mar 03, 2017 8:50:34 AM ingraph.cypher2relalg.util.IngraphLogger log
SEVERE: WHERE clause in WITH is unsupported.
Mar 03, 2017 8:50:34 AM ingraph.cypher2relalg.util.IngraphLogger log
SEVERE: WHERE clause in WITH is unsupported.
Mar 03, 2017 8:50:34 AM ingraph.cypher2relalg.util.IngraphLogger log
SEVERE: WHERE clause in WITH is unsupported.
Mar 03, 2017 8:50:34 AM ingraph.cypher2relalg.util.IngraphLogger log
SEVERE: WHERE clause in WITH is unsupported.
Mar 03, 2017 8:50:34 AM ingraph.cypher2relalg.util.IngraphLogger log
SEVERE: WHERE clause in WITH is unsupported.
Mar 03, 2017 8:50:34 AM ingraph.cypher2relalg.util.IngraphLogger log
SEVERE: WHERE clause in WITH is unsupported.
Mar 03, 2017 8:50:34 AM ingraph.cypher2relalg.util.IngraphLogger log
SEVERE: WHERE clause in WITH is unsupported.
Mar 03, 2017 8:50:34 AM ingraph.cypher2relalg.util.IngraphLogger log
SEVERE: WHERE clause in WITH is unsupported.
Mar 03, 2017 8:50:34 AM ingraph.cypher2relalg.util.IngraphLogger log
SEVERE: WHERE clause in WITH is unsupported.
Mar 03, 2017 8:50:34 AM ingraph.cypher2relalg.util.IngraphLogger log
SEVERE: WHERE clause in WITH is unsupported.
Mar 03, 2017 8:50:34 AM ingraph.cypher2relalg.util.IngraphLogger log
SEVERE: WHERE clause in WITH is unsupported.
Mar 03, 2017 8:50:34 AM ingraph.cypher2relalg.util.IngraphLogger log
SEVERE: WHERE clause in WITH is unsupported.
Mar 03, 2017 8:50:34 AM ingraph.cypher2relalg.util.IngraphLogger log
SEVERE: WHERE clause in WITH is unsupported.
Mar 03, 2017 8:50:34 AM ingraph.cypher2relalg.util.IngraphLogger log
SEVERE: WHERE clause in WITH is unsupported.
Mar 03, 2017 8:50:34 AM ingraph.cypher2relalg.util.IngraphLogger log
SEVERE: WHERE clause in WITH is unsupported.
Mar 03, 2017 8:50:34 AM ingraph.cypher2relalg.util.IngraphLogger log
SEVERE: WHERE clause in WITH is unsupported.
Mar 03, 2017 8:50:34 AM ingraph.cypher2relalg.util.IngraphLogger log
SEVERE: WHERE clause in WITH is unsupported.
Mar 03, 2017 8:50:34 AM ingraph.cypher2relalg.util.IngraphLogger log
SEVERE: WHERE clause in WITH is unsupported.
Mar 03, 2017 8:50:34 AM ingraph.cypher2relalg.util.IngraphLogger log
SEVERE: WHERE clause in WITH is unsupported.
Mar 03, 2017 8:50:34 AM ingraph.cypher2relalg.util.IngraphLogger log
SEVERE: WHERE clause in WITH is unsupported.
Mar 03, 2017 8:50:34 AM ingraph.cypher2relalg.util.IngraphLogger log
SEVERE: WHERE clause in WITH is unsupported.
Mar 03, 2017 8:50:34 AM ingraph.cypher2relalg.util.IngraphLogger log
SEVERE: WHERE clause in WITH is unsupported.
Mar 03, 2017 8:50:34 AM ingraph.cypher2relalg.util.IngraphLogger log
SEVERE: WHERE clause in WITH is unsupported.
Mar 03, 2017 8:50:34 AM ingraph.cypher2relalg.util.IngraphLogger log
SEVERE: WHERE clause in WITH is unsupported.
Mar 03, 2017 8:50:34 AM ingraph.cypher2relalg.util.IngraphLogger log
SEVERE: WHERE clause in WITH is unsupported.
Mar 03, 2017 8:50:34 AM ingraph.cypher2relalg.util.IngraphLogger log
SEVERE: WHERE clause in WITH is unsupported.
Mar 03, 2017 8:50:34 AM ingraph.cypher2relalg.util.IngraphLogger log
SEVERE: WHERE clause in WITH is unsupported.
Mar 03, 2017 8:50:34 AM ingraph.cypher2relalg.util.IngraphLogger log
SEVERE: WHERE clause in WITH is unsupported.
Mar 03, 2017 8:50:34 AM ingraph.cypher2relalg.util.IngraphLogger log
SEVERE: WHERE clause in WITH is unsupported.
Mar 03, 2017 8:50:34 AM ingraph.cypher2relalg.util.IngraphLogger log
SEVERE: WHERE clause in WITH is unsupported.
Mar 03, 2017 8:50:34 AM ingraph.cypher2relalg.util.IngraphLogger log
SEVERE: WHERE clause in WITH is unsupported.
Mar 03, 2017 8:50:34 AM ingraph.cypher2relalg.util.IngraphLogger log
SEVERE: WHERE clause in WITH is unsupported.
Mar 03, 2017 8:50:34 AM ingraph.cypher2relalg.util.IngraphLogger log
SEVERE: WHERE clause in WITH is unsupported.
Mar 03, 2017 8:50:34 AM ingraph.cypher2relalg.util.IngraphLogger log
SEVERE: WHERE clause in WITH is unsupported.
Mar 03, 2017 8:50:34 AM ingraph.cypher2relalg.util.IngraphLogger log
SEVERE: WHERE clause in WITH is unsupported.
Mar 03, 2017 8:50:34 AM ingraph.cypher2relalg.util.IngraphLogger log
SEVERE: WHERE clause in WITH is unsupported.
Mar 03, 2017 8:50:34 AM ingraph.cypher2relalg.util.IngraphLogger log
SEVERE: WHERE clause in WITH is unsupported.
Mar 03, 2017 8:50:34 AM ingraph.cypher2relalg.util.IngraphLogger log
SEVERE: WHERE clause in WITH is unsupported.
Mar 03, 2017 8:50:34 AM ingraph.cypher2relalg.util.IngraphLogger log
SEVERE: WHERE clause in WITH is unsupported.
Mar 03, 2017 8:50:34 AM ingraph.cypher2relalg.util.IngraphLogger log
SEVERE: WHERE clause in WITH is unsupported.
Mar 03, 2017 8:50:34 AM ingraph.cypher2relalg.util.IngraphLogger log
SEVERE: WHERE clause in WITH is unsupported.
Mar 03, 2017 8:50:34 AM ingraph.cypher2relalg.util.IngraphLogger log
SEVERE: WHERE clause in WITH is unsupported.
Mar 03, 2017 8:50:34 AM ingraph.cypher2relalg.util.IngraphLogger log
SEVERE: WHERE clause in WITH is unsupported.
Mar 03, 2017 8:50:34 AM ingraph.cypher2relalg.util.IngraphLogger log
SEVERE: WHERE clause in WITH is unsupported.
Mar 03, 2017 8:50:34 AM ingraph.cypher2relalg.util.IngraphLogger log
SEVERE: WHERE clause in WITH is unsupported.
Mar 03, 2017 8:50:34 AM ingraph.cypher2relalg.util.IngraphLogger log
SEVERE: WHERE clause in WITH is unsupported.
Mar 03, 2017 8:50:34 AM ingraph.cypher2relalg.util.IngraphLogger log
SEVERE: WHERE clause in WITH is unsupported.
Mar 03, 2017 8:50:34 AM ingraph.cypher2relalg.util.IngraphLogger log
SEVERE: WHERE clause in WITH is unsupported.
Mar 03, 2017 8:50:34 AM ingraph.cypher2relalg.util.IngraphLogger log
SEVERE: WHERE clause in WITH is unsupported.
Mar 03, 2017 8:50:34 AM ingraph.cypher2relalg.util.IngraphLogger log
SEVERE: WHERE clause in WITH is unsupported.
Mar 03, 2017 8:50:34 AM ingraph.cypher2relalg.util.IngraphLogger log
SEVERE: WHERE clause in WITH is unsupported.
Mar 03, 2017 8:50:34 AM ingraph.cypher2relalg.util.IngraphLogger log
SEVERE: WHERE clause in WITH is unsupported.
Mar 03, 2017 8:50:34 AM ingraph.cypher2relalg.util.IngraphLogger log
SEVERE: WHERE clause in WITH is unsupported.
Mar 03, 2017 8:50:34 AM ingraph.cypher2relalg.util.IngraphLogger log
SEVERE: WHERE clause in WITH is unsupported.
Mar 03, 2017 8:50:34 AM ingraph.cypher2relalg.util.IngraphLogger log
SEVERE: WHERE clause in WITH is unsupported.
Mar 03, 2017 8:50:34 AM ingraph.cypher2relalg.util.IngraphLogger log
SEVERE: WHERE clause in WITH is unsupported.
Mar 03, 2017 8:50:34 AM ingraph.cypher2relalg.util.IngraphLogger log
SEVERE: WHERE clause in WITH is unsupported.
Mar 03, 2017 8:50:34 AM ingraph.cypher2relalg.util.IngraphLogger log
SEVERE: WHERE clause in WITH is unsupported.
Mar 03, 2017 8:50:34 AM ingraph.cypher2relalg.util.IngraphLogger log
SEVERE: WHERE clause in WITH is unsupported.
Mar 03, 2017 8:50:34 AM ingraph.cypher2relalg.util.IngraphLogger log
SEVERE: WHERE clause in WITH is unsupported.
Mar 03, 2017 8:50:34 AM ingraph.cypher2relalg.util.IngraphLogger log
SEVERE: WHERE clause in WITH is unsupported.
Mar 03, 2017 8:50:34 AM ingraph.cypher2relalg.util.IngraphLogger log
SEVERE: WHERE clause in WITH is unsupported.
Mar 03, 2017 8:50:34 AM ingraph.cypher2relalg.util.IngraphLogger log
SEVERE: WHERE clause in WITH is unsupported.
Mar 03, 2017 8:50:34 AM ingraph.cypher2relalg.util.IngraphLogger log
SEVERE: WHERE clause in WITH is unsupported.
Mar 03, 2017 8:50:34 AM ingraph.cypher2relalg.util.IngraphLogger log
SEVERE: WHERE clause in WITH is unsupported.
Mar 03, 2017 8:50:34 AM ingraph.cypher2relalg.util.IngraphLogger log
SEVERE: WHERE clause in WITH is unsupported.
Mar 03, 2017 8:50:34 AM ingraph.cypher2relalg.util.IngraphLogger log
SEVERE: WHERE clause in WITH is unsupported.
Mar 03, 2017 8:50:34 AM ingraph.cypher2relalg.util.IngraphLogger log
SEVERE: WHERE clause in WITH is unsupported.
Mar 03, 2017 8:50:34 AM ingraph.cypher2relalg.util.IngraphLogger log
SEVERE: WHERE clause in WITH is unsupported.
Mar 03, 2017 8:50:34 AM ingraph.cypher2relalg.util.IngraphLogger log
SEVERE: WHERE clause in WITH is unsupported.
Mar 03, 2017 8:50:34 AM ingraph.cypher2relalg.util.IngraphLogger log
SEVERE: WHERE clause in WITH is unsupported.
Mar 03, 2017 8:50:34 AM ingraph.cypher2relalg.util.IngraphLogger log
SEVERE: WHERE clause in WITH is unsupported.
Mar 03, 2017 8:50:34 AM ingraph.cypher2relalg.util.IngraphLogger log
SEVERE: WHERE clause in WITH is unsupported.
Mar 03, 2017 8:50:34 AM ingraph.cypher2relalg.util.IngraphLogger log
SEVERE: WHERE clause in WITH is unsupported.
Mar 03, 2017 8:50:34 AM ingraph.cypher2relalg.util.IngraphLogger log
SEVERE: WHERE clause in WITH is unsupported.
Mar 03, 2017 8:50:34 AM ingraph.cypher2relalg.util.IngraphLogger log
SEVERE: WHERE clause in WITH is unsupported.
Mar 03, 2017 8:50:34 AM ingraph.cypher2relalg.util.IngraphLogger log
SEVERE: WHERE clause in WITH is unsupported.
Mar 03, 2017 8:50:34 AM ingraph.cypher2relalg.util.IngraphLogger log
SEVERE: WHERE clause in WITH is unsupported.
Mar 03, 2017 8:50:34 AM ingraph.cypher2relalg.util.IngraphLogger log
SEVERE: WHERE clause in WITH is unsupported.
Mar 03, 2017 8:50:34 AM ingraph.cypher2relalg.util.IngraphLogger log
SEVERE: WHERE clause in WITH is unsupported.
Mar 03, 2017 8:50:34 AM ingraph.cypher2relalg.util.IngraphLogger log
SEVERE: WHERE clause in WITH is unsupported.
Mar 03, 2017 8:50:34 AM ingraph.cypher2relalg.util.IngraphLogger log
SEVERE: WHERE clause in WITH is unsupported.
Mar 03, 2017 8:50:34 AM ingraph.cypher2relalg.util.IngraphLogger log
SEVERE: WHERE clause in WITH is unsupported.
Mar 03, 2017 8:50:34 AM ingraph.cypher2relalg.util.IngraphLogger log
SEVERE: WHERE clause in WITH is unsupported.
Mar 03, 2017 8:50:34 AM ingraph.cypher2relalg.util.IngraphLogger log
SEVERE: WHERE clause in WITH is unsupported.
Mar 03, 2017 8:50:34 AM ingraph.cypher2relalg.util.IngraphLogger log
SEVERE: WHERE clause in WITH is unsupported.
Mar 03, 2017 8:50:34 AM ingraph.cypher2relalg.util.IngraphLogger log
SEVERE: WHERE clause in WITH is unsupported.
Mar 03, 2017 8:50:34 AM ingraph.cypher2relalg.util.IngraphLogger log
SEVERE: WHERE clause in WITH is unsupported.
Mar 03, 2017 8:50:34 AM ingraph.cypher2relalg.util.IngraphLogger log
SEVERE: WHERE clause in WITH is unsupported.
Mar 03, 2017 8:50:34 AM ingraph.cypher2relalg.util.IngraphLogger log
SEVERE: WHERE clause in WITH is unsupported.
Mar 03, 2017 8:50:34 AM ingraph.cypher2relalg.util.IngraphLogger log
SEVERE: WHERE clause in WITH is unsupported.
Mar 03, 2017 8:50:34 AM ingraph.cypher2relalg.util.IngraphLogger log
SEVERE: WHERE clause in WITH is unsupported.
Mar 03, 2017 8:50:34 AM ingraph.cypher2relalg.util.IngraphLogger log
SEVERE: WHERE clause in WITH is unsupported.
Mar 03, 2017 8:50:34 AM ingraph.cypher2relalg.util.IngraphLogger log
SEVERE: WHERE clause in WITH is unsupported.
Mar 03, 2017 8:50:34 AM ingraph.cypher2relalg.util.IngraphLogger log
SEVERE: WHERE clause in WITH is unsupported.
Mar 03, 2017 8:50:34 AM ingraph.cypher2relalg.util.IngraphLogger log
SEVERE: WHERE clause in WITH is unsupported.
Mar 03, 2017 8:50:34 AM ingraph.cypher2relalg.util.IngraphLogger log
SEVERE: WHERE clause in WITH is unsupported.
Mar 03, 2017 8:50:34 AM ingraph.cypher2relalg.util.IngraphLogger log
SEVERE: WHERE clause in WITH is unsupported.
Mar 03, 2017 8:50:34 AM ingraph.cypher2relalg.util.IngraphLogger log
SEVERE: WHERE clause in WITH is unsupported.
Mar 03, 2017 8:50:34 AM ingraph.cypher2relalg.util.IngraphLogger log
SEVERE: WHERE clause in WITH is unsupported.
Mar 03, 2017 8:50:34 AM ingraph.cypher2relalg.util.IngraphLogger log
SEVERE: WHERE clause in WITH is unsupported.
Mar 03, 2017 8:50:34 AM ingraph.cypher2relalg.util.IngraphLogger log
SEVERE: WHERE clause in WITH is unsupported.
Mar 03, 2017 8:50:34 AM ingraph.cypher2relalg.util.IngraphLogger log
SEVERE: WHERE clause in WITH is unsupported.
Mar 03, 2017 8:50:34 AM ingraph.cypher2relalg.util.IngraphLogger log
SEVERE: WHERE clause in WITH is unsupported.
Mar 03, 2017 8:50:34 AM ingraph.cypher2relalg.util.IngraphLogger log
SEVERE: WHERE clause in WITH is unsupported.
Mar 03, 2017 8:50:34 AM ingraph.cypher2relalg.util.IngraphLogger log
SEVERE: WHERE clause in WITH is unsupported.
Mar 03, 2017 8:50:34 AM ingraph.cypher2relalg.util.IngraphLogger log
SEVERE: WHERE clause in WITH is unsupported.
Mar 03, 2017 8:50:34 AM ingraph.cypher2relalg.util.IngraphLogger log
SEVERE: WHERE clause in WITH is unsupported.
Mar 03, 2017 8:50:34 AM ingraph.cypher2relalg.util.IngraphLogger log
SEVERE: WHERE clause in WITH is unsupported.
Mar 03, 2017 8:50:34 AM ingraph.cypher2relalg.util.IngraphLogger log
SEVERE: WHERE clause in WITH is unsupported.
Mar 03, 2017 8:50:34 AM ingraph.cypher2relalg.util.IngraphLogger log
SEVERE: WHERE clause in WITH is unsupported.
Mar 03, 2017 8:50:34 AM ingraph.cypher2relalg.util.IngraphLogger log
SEVERE: WHERE clause in WITH is unsupported.
Mar 03, 2017 8:50:34 AM ingraph.cypher2relalg.util.IngraphLogger log
SEVERE: WHERE clause in WITH is unsupported.
Mar 03, 2017 8:50:34 AM ingraph.cypher2relalg.util.IngraphLogger log
SEVERE: WHERE clause in WITH is unsupported.
Mar 03, 2017 8:50:34 AM ingraph.cypher2relalg.util.IngraphLogger log
SEVERE: WHERE clause in WITH is unsupported.
Mar 03, 2017 8:50:34 AM ingraph.cypher2relalg.util.IngraphLogger log
SEVERE: WHERE clause in WITH is unsupported.
Mar 03, 2017 8:50:34 AM ingraph.cypher2relalg.util.IngraphLogger log
SEVERE: WHERE clause in WITH is unsupported.
Mar 03, 2017 8:50:34 AM ingraph.cypher2relalg.util.IngraphLogger log
SEVERE: WHERE clause in WITH is unsupported.
Mar 03, 2017 8:50:34 AM ingraph.cypher2relalg.util.IngraphLogger log
SEVERE: WHERE clause in WITH is unsupported.
Mar 03, 2017 8:50:34 AM ingraph.cypher2relalg.util.IngraphLogger log
SEVERE: WHERE clause in WITH is unsupported.
Mar 03, 2017 8:50:34 AM ingraph.cypher2relalg.util.IngraphLogger log
SEVERE: WHERE clause in WITH is unsupported.
Mar 03, 2017 8:50:34 AM ingraph.cypher2relalg.util.IngraphLogger log
SEVERE: WHERE clause in WITH is unsupported.
Mar 03, 2017 8:50:34 AM ingraph.cypher2relalg.util.IngraphLogger log
SEVERE: WHERE clause in WITH is unsupported.
Mar 03, 2017 8:50:34 AM ingraph.cypher2relalg.util.IngraphLogger log
SEVERE: WHERE clause in WITH is unsupported.
Mar 03, 2017 8:50:34 AM ingraph.cypher2relalg.util.IngraphLogger log
SEVERE: WHERE clause in WITH is unsupported.
Mar 03, 2017 8:50:34 AM ingraph.cypher2relalg.util.IngraphLogger log
SEVERE: WHERE clause in WITH is unsupported.
Mar 03, 2017 8:50:34 AM ingraph.cypher2relalg.util.IngraphLogger log
SEVERE: WHERE clause in WITH is unsupported.
Mar 03, 2017 8:50:34 AM ingraph.cypher2relalg.util.IngraphLogger log
SEVERE: WHERE clause in WITH is unsupported.
Mar 03, 2017 8:50:34 AM ingraph.cypher2relalg.util.IngraphLogger log
SEVERE: WHERE clause in WITH is unsupported.
Mar 03, 2017 8:50:34 AM ingraph.cypher2relalg.util.IngraphLogger log
SEVERE: WHERE clause in WITH is unsupported.
Mar 03, 2017 8:50:34 AM ingraph.cypher2relalg.util.IngraphLogger log
SEVERE: WHERE clause in WITH is unsupported.
Mar 03, 2017 8:50:34 AM ingraph.cypher2relalg.util.IngraphLogger log
SEVERE: WHERE clause in WITH is unsupported.
Mar 03, 2017 8:50:34 AM ingraph.cypher2relalg.util.IngraphLogger log
SEVERE: WHERE clause in WITH is unsupported.
Mar 03, 2017 8:50:34 AM ingraph.cypher2relalg.util.IngraphLogger log
SEVERE: WHERE clause in WITH is unsupported.
Mar 03, 2017 8:50:34 AM ingraph.cypher2relalg.util.IngraphLogger log
SEVERE: WHERE clause in WITH is unsupported.
Mar 03, 2017 8:50:34 AM ingraph.cypher2relalg.util.IngraphLogger log
SEVERE: WHERE clause in WITH is unsupported.
Mar 03, 2017 8:50:34 AM ingraph.cypher2relalg.util.IngraphLogger log
SEVERE: WHERE clause in WITH is unsupported.
Mar 03, 2017 8:50:34 AM ingraph.cypher2relalg.util.IngraphLogger log
SEVERE: WHERE clause in WITH is unsupported.
Mar 03, 2017 8:50:34 AM ingraph.cypher2relalg.util.IngraphLogger log
SEVERE: WHERE clause in WITH is unsupported.
Mar 03, 2017 8:50:34 AM ingraph.cypher2relalg.util.IngraphLogger log
SEVERE: WHERE clause in WITH is unsupported.
Mar 03, 2017 8:50:34 AM ingraph.cypher2relalg.util.IngraphLogger log
SEVERE: WHERE clause in WITH is unsupported.
Mar 03, 2017 8:50:34 AM ingraph.cypher2relalg.util.IngraphLogger log
SEVERE: WHERE clause in WITH is unsupported.
Mar 03, 2017 8:50:34 AM ingraph.cypher2relalg.util.IngraphLogger log
SEVERE: WHERE clause in WITH is unsupported.
Mar 03, 2017 8:50:34 AM ingraph.cypher2relalg.util.IngraphLogger log
SEVERE: WHERE clause in WITH is unsupported.
Mar 03, 2017 8:50:34 AM ingraph.cypher2relalg.util.IngraphLogger log
SEVERE: WHERE clause in WITH is unsupported.
Mar 03, 2017 8:50:34 AM ingraph.cypher2relalg.util.IngraphLogger log
SEVERE: WHERE clause in WITH is unsupported.
Mar 03, 2017 8:50:34 AM ingraph.cypher2relalg.util.IngraphLogger log
SEVERE: WHERE clause in WITH is unsupported.
Mar 03, 2017 8:50:34 AM ingraph.cypher2relalg.util.IngraphLogger log
SEVERE: WHERE clause in WITH is unsupported.
Mar 03, 2017 8:50:34 AM ingraph.cypher2relalg.util.IngraphLogger log
SEVERE: WHERE clause in WITH is unsupported.
Mar 03, 2017 8:50:34 AM ingraph.cypher2relalg.util.IngraphLogger log
SEVERE: WHERE clause in WITH is unsupported.
Mar 03, 2017 8:50:34 AM ingraph.cypher2relalg.util.IngraphLogger log
SEVERE: WHERE clause in WITH is unsupported.
Mar 03, 2017 8:50:34 AM ingraph.cypher2relalg.util.IngraphLogger log
SEVERE: WHERE clause in WITH is unsupported.
Mar 03, 2017 8:50:34 AM ingraph.cypher2relalg.util.IngraphLogger log
SEVERE: WHERE clause in WITH is unsupported.
Mar 03, 2017 8:50:34 AM ingraph.cypher2relalg.util.IngraphLogger log
SEVERE: WHERE clause in WITH is unsupported.
Mar 03, 2017 8:50:34 AM ingraph.cypher2relalg.util.IngraphLogger log
SEVERE: WHERE clause in WITH is unsupported.
Mar 03, 2017 8:50:34 AM ingraph.cypher2relalg.util.IngraphLogger log
SEVERE: WHERE clause in WITH is unsupported.
Mar 03, 2017 8:50:34 AM ingraph.cypher2relalg.util.IngraphLogger log
SEVERE: WHERE clause in WITH is unsupported.
Mar 03, 2017 8:50:34 AM ingraph.cypher2relalg.util.IngraphLogger log
SEVERE: WHERE clause in WITH is unsupported.
Mar 03, 2017 8:50:34 AM ingraph.cypher2relalg.util.IngraphLogger log
SEVERE: WHERE clause in WITH is unsupported.
Mar 03, 2017 8:50:34 AM ingraph.cypher2relalg.util.IngraphLogger log
SEVERE: WHERE clause in WITH is unsupported.
Mar 03, 2017 8:50:34 AM ingraph.cypher2relalg.util.IngraphLogger log
SEVERE: WHERE clause in WITH is unsupported.
Mar 03, 2017 8:50:34 AM ingraph.cypher2relalg.util.IngraphLogger log
SEVERE: WHERE clause in WITH is unsupported.
Mar 03, 2017 8:50:34 AM ingraph.cypher2relalg.util.IngraphLogger log
SEVERE: WHERE clause in WITH is unsupported.
Mar 03, 2017 8:50:34 AM ingraph.cypher2relalg.util.IngraphLogger log
SEVERE: WHERE clause in WITH is unsupported.
Mar 03, 2017 8:50:34 AM ingraph.cypher2relalg.util.IngraphLogger log
SEVERE: WHERE clause in WITH is unsupported.
Mar 03, 2017 8:50:34 AM ingraph.cypher2relalg.util.IngraphLogger log
SEVERE: WHERE clause in WITH is unsupported.
Mar 03, 2017 8:50:34 AM ingraph.cypher2relalg.util.IngraphLogger log
SEVERE: WHERE clause in WITH is unsupported.
Mar 03, 2017 8:50:34 AM ingraph.cypher2relalg.util.IngraphLogger log
SEVERE: WHERE clause in WITH is unsupported.
Mar 03, 2017 8:50:34 AM ingraph.cypher2relalg.util.IngraphLogger log
SEVERE: WHERE clause in WITH is unsupported.
Mar 03, 2017 8:50:34 AM ingraph.cypher2relalg.util.IngraphLogger log
SEVERE: WHERE clause in WITH is unsupported.
Mar 03, 2017 8:50:34 AM ingraph.cypher2relalg.util.IngraphLogger log
SEVERE: WHERE clause in WITH is unsupported.
Mar 03, 2017 8:50:34 AM ingraph.cypher2relalg.util.IngraphLogger log
SEVERE: WHERE clause in WITH is unsupported.
Mar 03, 2017 8:50:34 AM ingraph.cypher2relalg.util.IngraphLogger log
SEVERE: WHERE clause in WITH is unsupported.
Mar 03, 2017 8:50:34 AM ingraph.cypher2relalg.util.IngraphLogger log
SEVERE: WHERE clause in WITH is unsupported.
Mar 03, 2017 8:50:34 AM ingraph.cypher2relalg.util.IngraphLogger log
SEVERE: WHERE clause in WITH is unsupported.
Mar 03, 2017 8:50:34 AM ingraph.cypher2relalg.util.IngraphLogger log
SEVERE: WHERE clause in WITH is unsupported.
Mar 03, 2017 8:50:34 AM ingraph.cypher2relalg.util.IngraphLogger log
SEVERE: WHERE clause in WITH is unsupported.
Mar 03, 2017 8:50:34 AM ingraph.cypher2relalg.util.IngraphLogger log
SEVERE: WHERE clause in WITH is unsupported.
Mar 03, 2017 8:50:34 AM ingraph.cypher2relalg.util.IngraphLogger log
SEVERE: WHERE clause in WITH is unsupported.
Mar 03, 2017 8:50:34 AM ingraph.cypher2relalg.util.IngraphLogger log
SEVERE: WHERE clause in WITH is unsupported.
Mar 03, 2017 8:50:34 AM ingraph.cypher2relalg.util.IngraphLogger log
SEVERE: WHERE clause in WITH is unsupported.
Mar 03, 2017 8:50:34 AM ingraph.cypher2relalg.util.IngraphLogger log
SEVERE: WHERE clause in WITH is unsupported.
Mar 03, 2017 8:50:34 AM ingraph.cypher2relalg.util.IngraphLogger log
SEVERE: WHERE clause in WITH is unsupported.
Mar 03, 2017 8:50:34 AM ingraph.cypher2relalg.util.IngraphLogger log
SEVERE: WHERE clause in WITH is unsupported.
Mar 03, 2017 8:50:34 AM ingraph.cypher2relalg.util.IngraphLogger log
SEVERE: WHERE clause in WITH is unsupported.
Mar 03, 2017 8:50:34 AM ingraph.cypher2relalg.util.IngraphLogger log
SEVERE: WHERE clause in WITH is unsupported.
Mar 03, 2017 8:50:34 AM ingraph.cypher2relalg.util.IngraphLogger log
SEVERE: WHERE clause in WITH is unsupported.
Mar 03, 2017 8:50:34 AM ingraph.cypher2relalg.util.IngraphLogger log
SEVERE: WHERE clause in WITH is unsupported.
Mar 03, 2017 8:50:34 AM ingraph.cypher2relalg.util.IngraphLogger log
SEVERE: WHERE clause in WITH is unsupported.
Mar 03, 2017 8:50:34 AM ingraph.cypher2relalg.util.IngraphLogger log
SEVERE: WHERE clause in WITH is unsupported.
Mar 03, 2017 8:50:34 AM ingraph.cypher2relalg.util.IngraphLogger log
SEVERE: WHERE clause in WITH is unsupported.
Mar 03, 2017 8:50:34 AM ingraph.cypher2relalg.util.IngraphLogger log
SEVERE: WHERE clause in WITH is unsupported.
Mar 03, 2017 8:50:34 AM ingraph.cypher2relalg.util.IngraphLogger log
SEVERE: WHERE clause in WITH is unsupported.
Mar 03, 2017 8:50:34 AM ingraph.cypher2relalg.util.IngraphLogger log
SEVERE: WHERE clause in WITH is unsupported.
Mar 03, 2017 8:50:34 AM ingraph.cypher2relalg.util.IngraphLogger log
SEVERE: WHERE clause in WITH is unsupported.
Mar 03, 2017 8:50:34 AM ingraph.cypher2relalg.util.IngraphLogger log
SEVERE: WHERE clause in WITH is unsupported.
Mar 03, 2017 8:50:34 AM ingraph.cypher2relalg.util.IngraphLogger log
SEVERE: WHERE clause in WITH is unsupported.
Mar 03, 2017 8:50:34 AM ingraph.cypher2relalg.util.IngraphLogger log
SEVERE: WHERE clause in WITH is unsupported.
Mar 03, 2017 8:50:34 AM ingraph.cypher2relalg.util.IngraphLogger log
SEVERE: WHERE clause in WITH is unsupported.
Mar 03, 2017 8:50:34 AM ingraph.cypher2relalg.util.IngraphLogger log
SEVERE: WHERE clause in WITH is unsupported.
Mar 03, 2017 8:50:34 AM ingraph.cypher2relalg.util.IngraphLogger log
SEVERE: WHERE clause in WITH is unsupported.
Mar 03, 2017 8:50:34 AM ingraph.cypher2relalg.util.IngraphLogger log
SEVERE: WHERE clause in WITH is unsupported.
Mar 03, 2017 8:50:34 AM ingraph.cypher2relalg.util.IngraphLogger log
SEVERE: WHERE clause in WITH is unsupported.
Mar 03, 2017 8:50:34 AM ingraph.cypher2relalg.util.IngraphLogger log
SEVERE: WHERE clause in WITH is unsupported.
Mar 03, 2017 8:50:34 AM ingraph.cypher2relalg.util.IngraphLogger log
SEVERE: WHERE clause in WITH is unsupported.
Mar 03, 2017 8:50:34 AM ingraph.cypher2relalg.util.IngraphLogger log
SEVERE: WHERE clause in WITH is unsupported.
Mar 03, 2017 8:50:34 AM ingraph.cypher2relalg.util.IngraphLogger log
SEVERE: WHERE clause in WITH is unsupported.
Mar 03, 2017 8:50:34 AM ingraph.cypher2relalg.util.IngraphLogger log
SEVERE: WHERE clause in WITH is unsupported.
Mar 03, 2017 8:50:34 AM ingraph.cypher2relalg.util.IngraphLogger log
SEVERE: WHERE clause in WITH is unsupported.
Mar 03, 2017 8:50:34 AM ingraph.cypher2relalg.util.IngraphLogger log
SEVERE: WHERE clause in WITH is unsupported.
Mar 03, 2017 8:50:34 AM ingraph.cypher2relalg.util.IngraphLogger log
SEVERE: WHERE clause in WITH is unsupported.
Mar 03, 2017 8:50:34 AM ingraph.cypher2relalg.util.IngraphLogger log
SEVERE: WHERE clause in WITH is unsupported.
Mar 03, 2017 8:50:34 AM ingraph.cypher2relalg.util.IngraphLogger log
SEVERE: WHERE clause in WITH is unsupported.
Mar 03, 2017 8:50:34 AM ingraph.cypher2relalg.util.IngraphLogger log
SEVERE: WHERE clause in WITH is unsupported.
Mar 03, 2017 8:50:34 AM ingraph.cypher2relalg.util.IngraphLogger log
SEVERE: WHERE clause in WITH is unsupported.
Mar 03, 2017 8:50:34 AM ingraph.cypher2relalg.util.IngraphLogger log
SEVERE: WHERE clause in WITH is unsupported.
Mar 03, 2017 8:50:34 AM ingraph.cypher2relalg.util.IngraphLogger log
SEVERE: WHERE clause in WITH is unsupported.
Mar 03, 2017 8:50:34 AM ingraph.cypher2relalg.util.IngraphLogger log
SEVERE: WHERE clause in WITH is unsupported.
Mar 03, 2017 8:50:34 AM ingraph.cypher2relalg.util.IngraphLogger log
SEVERE: WHERE clause in WITH is unsupported.
Mar 03, 2017 8:50:34 AM ingraph.cypher2relalg.util.IngraphLogger log
SEVERE: WHERE clause in WITH is unsupported.
Mar 03, 2017 8:50:34 AM ingraph.cypher2relalg.util.IngraphLogger log
SEVERE: WHERE clause in WITH is unsupported.
Mar 03, 2017 8:50:34 AM ingraph.cypher2relalg.util.IngraphLogger log
SEVERE: WHERE clause in WITH is unsupported.
Mar 03, 2017 8:50:34 AM ingraph.cypher2relalg.util.IngraphLogger log
SEVERE: WHERE clause in WITH is unsupported.
Mar 03, 2017 8:50:34 AM ingraph.cypher2relalg.util.IngraphLogger log
SEVERE: WHERE clause in WITH is unsupported.
Mar 03, 2017 8:50:34 AM ingraph.cypher2relalg.util.IngraphLogger log
SEVERE: WHERE clause in WITH is unsupported.
Mar 03, 2017 8:50:34 AM ingraph.cypher2relalg.util.IngraphLogger log
SEVERE: WHERE clause in WITH is unsupported.
Mar 03, 2017 8:50:34 AM ingraph.cypher2relalg.util.IngraphLogger log
SEVERE: WHERE clause in WITH is unsupported.
Mar 03, 2017 8:50:34 AM ingraph.cypher2relalg.util.IngraphLogger log
SEVERE: WHERE clause in WITH is unsupported.
Mar 03, 2017 8:50:34 AM ingraph.cypher2relalg.util.IngraphLogger log
SEVERE: WHERE clause in WITH is unsupported.
Mar 03, 2017 8:50:34 AM ingraph.cypher2relalg.util.IngraphLogger log
SEVERE: WHERE clause in WITH is unsupported.
Mar 03, 2017 8:50:34 AM ingraph.cypher2relalg.util.IngraphLogger log
SEVERE: WHERE clause in WITH is unsupported.
Mar 03, 2017 8:50:34 AM ingraph.cypher2relalg.util.IngraphLogger log
SEVERE: WHERE clause in WITH is unsupported.
Mar 03, 2017 8:50:34 AM ingraph.cypher2relalg.util.IngraphLogger log
SEVERE: WHERE clause in WITH is unsupported.
Mar 03, 2017 8:50:34 AM ingraph.cypher2relalg.util.IngraphLogger log
SEVERE: WHERE clause in WITH is unsupported.
Mar 03, 2017 8:50:34 AM ingraph.cypher2relalg.util.IngraphLogger log
SEVERE: WHERE clause in WITH is unsupported.
Mar 03, 2017 8:50:34 AM ingraph.cypher2relalg.util.IngraphLogger log
SEVERE: WHERE clause in WITH is unsupported.
Mar 03, 2017 8:50:34 AM ingraph.cypher2relalg.util.IngraphLogger log
SEVERE: WHERE clause in WITH is unsupported.
Mar 03, 2017 8:50:34 AM ingraph.cypher2relalg.util.IngraphLogger log
SEVERE: WHERE clause in WITH is unsupported.
Mar 03, 2017 8:50:34 AM ingraph.cypher2relalg.util.IngraphLogger log
SEVERE: WHERE clause in WITH is unsupported.
Mar 03, 2017 8:50:34 AM ingraph.cypher2relalg.util.IngraphLogger log
SEVERE: WHERE clause in WITH is unsupported.
Mar 03, 2017 8:50:34 AM ingraph.cypher2relalg.util.IngraphLogger log
SEVERE: WHERE clause in WITH is unsupported.
Mar 03, 2017 8:50:34 AM ingraph.cypher2relalg.util.IngraphLogger log
SEVERE: WHERE clause in WITH is unsupported.
Mar 03, 2017 8:50:34 AM ingraph.cypher2relalg.util.IngraphLogger log
SEVERE: WHERE clause in WITH is unsupported.
Mar 03, 2017 8:50:34 AM ingraph.cypher2relalg.util.IngraphLogger log
SEVERE: WHERE clause in WITH is unsupported.
Mar 03, 2017 8:50:34 AM ingraph.cypher2relalg.util.IngraphLogger log
SEVERE: WHERE clause in WITH is unsupported.
Mar 03, 2017 8:50:34 AM ingraph.cypher2relalg.util.IngraphLogger log
SEVERE: WHERE clause in WITH is unsupported.
Mar 03, 2017 8:50:34 AM ingraph.cypher2relalg.util.IngraphLogger log
SEVERE: WHERE clause in WITH is unsupported.
Mar 03, 2017 8:50:34 AM ingraph.cypher2relalg.util.IngraphLogger log
SEVERE: WHERE clause in WITH is unsupported.
Mar 03, 2017 8:50:34 AM ingraph.cypher2relalg.util.IngraphLogger log
SEVERE: WHERE clause in WITH is unsupported.
Mar 03, 2017 8:50:34 AM ingraph.cypher2relalg.util.IngraphLogger log
SEVERE: WHERE clause in WITH is unsupported.
Mar 03, 2017 8:50:34 AM ingraph.cypher2relalg.util.IngraphLogger log
SEVERE: WHERE clause in WITH is unsupported.
Mar 03, 2017 8:50:34 AM ingraph.cypher2relalg.util.IngraphLogger log
SEVERE: WHERE clause in WITH is unsupported.
Mar 03, 2017 8:50:34 AM ingraph.cypher2relalg.util.IngraphLogger log
SEVERE: WHERE clause in WITH is unsupported.
Mar 03, 2017 8:50:34 AM ingraph.cypher2relalg.util.IngraphLogger log
SEVERE: WHERE clause in WITH is unsupported.
Mar 03, 2017 8:50:34 AM ingraph.cypher2relalg.util.IngraphLogger log
SEVERE: WHERE clause in WITH is unsupported.
Mar 03, 2017 8:50:34 AM ingraph.cypher2relalg.util.IngraphLogger log
SEVERE: WHERE clause in WITH is unsupported.
Mar 03, 2017 8:50:34 AM ingraph.cypher2relalg.util.IngraphLogger log
SEVERE: WHERE clause in WITH is unsupported.
Mar 03, 2017 8:50:34 AM ingraph.cypher2relalg.util.IngraphLogger log
SEVERE: WHERE clause in WITH is unsupported.
Mar 03, 2017 8:50:34 AM ingraph.cypher2relalg.util.IngraphLogger log
SEVERE: WHERE clause in WITH is unsupported.
Mar 03, 2017 8:50:34 AM ingraph.cypher2relalg.util.IngraphLogger log
SEVERE: WHERE clause in WITH is unsupported.
Mar 03, 2017 8:50:34 AM ingraph.cypher2relalg.util.IngraphLogger log
SEVERE: WHERE clause in WITH is unsupported.
Mar 03, 2017 8:50:34 AM ingraph.cypher2relalg.util.IngraphLogger log
SEVERE: WHERE clause in WITH is unsupported.
Mar 03, 2017 8:50:34 AM ingraph.cypher2relalg.util.IngraphLogger log
SEVERE: WHERE clause in WITH is unsupported.
Mar 03, 2017 8:50:34 AM ingraph.cypher2relalg.util.IngraphLogger log
SEVERE: WHERE clause in WITH is unsupported.
Mar 03, 2017 8:50:34 AM ingraph.cypher2relalg.util.IngraphLogger log
SEVERE: WHERE clause in WITH is unsupported.
Mar 03, 2017 8:50:34 AM ingraph.cypher2relalg.util.IngraphLogger log
SEVERE: WHERE clause in WITH is unsupported.
Mar 03, 2017 8:50:34 AM ingraph.cypher2relalg.util.IngraphLogger log
SEVERE: WHERE clause in WITH is unsupported.
Mar 03, 2017 8:50:34 AM ingraph.cypher2relalg.util.IngraphLogger log
SEVERE: WHERE clause in WITH is unsupported.
Mar 03, 2017 8:50:34 AM ingraph.cypher2relalg.util.IngraphLogger log
SEVERE: WHERE clause in WITH is unsupported.
Mar 03, 2017 8:50:34 AM ingraph.cypher2relalg.util.IngraphLogger log
SEVERE: WHERE clause in WITH is unsupported.
Mar 03, 2017 8:50:34 AM ingraph.cypher2relalg.util.IngraphLogger log
SEVERE: WHERE clause in WITH is unsupported.
Mar 03, 2017 8:50:34 AM ingraph.cypher2relalg.util.IngraphLogger log
SEVERE: WHERE clause in WITH is unsupported.
Mar 03, 2017 8:50:34 AM ingraph.cypher2relalg.util.IngraphLogger log
SEVERE: WHERE clause in WITH is unsupported.
Mar 03, 2017 8:50:34 AM ingraph.cypher2relalg.util.IngraphLogger log
SEVERE: WHERE clause in WITH is unsupported.
Mar 03, 2017 8:50:34 AM ingraph.cypher2relalg.util.IngraphLogger log
SEVERE: WHERE clause in WITH is unsupported.
Mar 03, 2017 8:50:34 AM ingraph.cypher2relalg.util.IngraphLogger log
SEVERE: WHERE clause in WITH is unsupported.
Mar 03, 2017 8:50:34 AM ingraph.cypher2relalg.util.IngraphLogger log
SEVERE: WHERE clause in WITH is unsupported.
Mar 03, 2017 8:50:34 AM ingraph.cypher2relalg.util.IngraphLogger log
SEVERE: WHERE clause in WITH is unsupported.
Mar 03, 2017 8:50:34 AM ingraph.cypher2relalg.util.IngraphLogger log
SEVERE: WHERE clause in WITH is unsupported.
Mar 03, 2017 8:50:34 AM ingraph.cypher2relalg.util.IngraphLogger log
SEVERE: WHERE clause in WITH is unsupported.
Mar 03, 2017 8:50:34 AM ingraph.cypher2relalg.util.IngraphLogger log
SEVERE: WHERE clause in WITH is unsupported.
Mar 03, 2017 8:50:34 AM ingraph.cypher2relalg.util.IngraphLogger log
SEVERE: WHERE clause in WITH is unsupported.
Mar 03, 2017 8:50:34 AM ingraph.cypher2relalg.util.IngraphLogger log
SEVERE: WHERE clause in WITH is unsupported.
Mar 03, 2017 8:50:34 AM ingraph.cypher2relalg.util.IngraphLogger log
SEVERE: WHERE clause in WITH is unsupported.
Mar 03, 2017 8:50:34 AM ingraph.cypher2relalg.util.IngraphLogger log
SEVERE: WHERE clause in WITH is unsupported.
Mar 03, 2017 8:50:34 AM ingraph.cypher2relalg.util.IngraphLogger log
SEVERE: WHERE clause in WITH is unsupported.
Mar 03, 2017 8:50:34 AM ingraph.cypher2relalg.util.IngraphLogger log
SEVERE: WHERE clause in WITH is unsupported.
Mar 03, 2017 8:50:34 AM ingraph.cypher2relalg.util.IngraphLogger log
SEVERE: WHERE clause in WITH is unsupported.
Mar 03, 2017 8:50:34 AM ingraph.cypher2relalg.util.IngraphLogger log
SEVERE: WHERE clause in WITH is unsupported.
Mar 03, 2017 8:50:34 AM ingraph.cypher2relalg.util.IngraphLogger log
SEVERE: WHERE clause in WITH is unsupported.
Mar 03, 2017 8:50:34 AM ingraph.cypher2relalg.util.IngraphLogger log
SEVERE: WHERE clause in WITH is unsupported.
Mar 03, 2017 8:50:34 AM ingraph.cypher2relalg.util.IngraphLogger log
SEVERE: WHERE clause in WITH is unsupported.
Mar 03, 2017 8:50:34 AM ingraph.cypher2relalg.util.IngraphLogger log
SEVERE: WHERE clause in WITH is unsupported.
Mar 03, 2017 8:50:34 AM ingraph.cypher2relalg.util.IngraphLogger log
SEVERE: WHERE clause in WITH is unsupported.
Mar 03, 2017 8:50:34 AM ingraph.cypher2relalg.util.IngraphLogger log
SEVERE: WHERE clause in WITH is unsupported.
Mar 03, 2017 8:50:34 AM ingraph.cypher2relalg.util.IngraphLogger log
SEVERE: WHERE clause in WITH is unsupported.
Mar 03, 2017 8:50:34 AM ingraph.cypher2relalg.util.IngraphLogger log
SEVERE: WHERE clause in WITH is unsupported.
Mar 03, 2017 8:50:34 AM ingraph.cypher2relalg.util.IngraphLogger log
SEVERE: WHERE clause in WITH is unsupported.
Mar 03, 2017 8:50:34 AM ingraph.cypher2relalg.util.IngraphLogger log
SEVERE: WHERE clause in WITH is unsupported.
Mar 03, 2017 8:50:34 AM ingraph.cypher2relalg.util.IngraphLogger log
SEVERE: WHERE clause in WITH is unsupported.
Mar 03, 2017 8:50:34 AM ingraph.cypher2relalg.util.IngraphLogger log
SEVERE: WHERE clause in WITH is unsupported.
Mar 03, 2017 8:50:34 AM ingraph.cypher2relalg.util.IngraphLogger log
SEVERE: WHERE clause in WITH is unsupported.
Mar 03, 2017 8:50:34 AM ingraph.cypher2relalg.util.IngraphLogger log
SEVERE: WHERE clause in WITH is unsupported.
Mar 03, 2017 8:50:34 AM ingraph.cypher2relalg.util.IngraphLogger log
SEVERE: WHERE clause in WITH is unsupported.
Mar 03, 2017 8:50:34 AM ingraph.cypher2relalg.util.IngraphLogger log
SEVERE: WHERE clause in WITH is unsupported.
Mar 03, 2017 8:50:34 AM ingraph.cypher2relalg.util.IngraphLogger log
SEVERE: WHERE clause in WITH is unsupported.
Mar 03, 2017 8:50:34 AM ingraph.cypher2relalg.util.IngraphLogger log
SEVERE: WHERE clause in WITH is unsupported.
Mar 03, 2017 8:50:34 AM ingraph.cypher2relalg.util.IngraphLogger log
SEVERE: WHERE clause in WITH is unsupported.
Mar 03, 2017 8:50:34 AM ingraph.cypher2relalg.util.IngraphLogger log
SEVERE: WHERE clause in WITH is unsupported.
Mar 03, 2017 8:50:34 AM ingraph.cypher2relalg.util.IngraphLogger log
SEVERE: WHERE clause in WITH is unsupported.
Mar 03, 2017 8:50:34 AM ingraph.cypher2relalg.util.IngraphLogger log
SEVERE: WHERE clause in WITH is unsupported.
Mar 03, 2017 8:50:34 AM ingraph.cypher2relalg.util.IngraphLogger log
SEVERE: WHERE clause in WITH is unsupported.
Mar 03, 2017 8:50:34 AM ingraph.cypher2relalg.util.IngraphLogger log
SEVERE: WHERE clause in WITH is unsupported.
Mar 03, 2017 8:50:34 AM ingraph.cypher2relalg.util.IngraphLogger log
SEVERE: WHERE clause in WITH is unsupported.
Mar 03, 2017 8:50:34 AM ingraph.cypher2relalg.util.IngraphLogger log
SEVERE: WHERE clause in WITH is unsupported.
Mar 03, 2017 8:50:34 AM ingraph.cypher2relalg.util.IngraphLogger log
SEVERE: WHERE clause in WITH is unsupported.
Mar 03, 2017 8:50:34 AM ingraph.cypher2relalg.util.IngraphLogger log
SEVERE: WHERE clause in WITH is unsupported.
Mar 03, 2017 8:50:34 AM ingraph.cypher2relalg.util.IngraphLogger log
SEVERE: WHERE clause in WITH is unsupported.
Mar 03, 2017 8:50:34 AM ingraph.cypher2relalg.util.IngraphLogger log
SEVERE: WHERE clause in WITH is unsupported.
Mar 03, 2017 8:50:34 AM ingraph.cypher2relalg.util.IngraphLogger log
SEVERE: WHERE clause in WITH is unsupported.
Mar 03, 2017 8:50:34 AM ingraph.cypher2relalg.util.IngraphLogger log
SEVERE: WHERE clause in WITH is unsupported.
Mar 03, 2017 8:50:34 AM ingraph.cypher2relalg.util.IngraphLogger log
SEVERE: WHERE clause in WITH is unsupported.
Mar 03, 2017 8:50:34 AM ingraph.cypher2relalg.util.IngraphLogger log
SEVERE: WHERE clause in WITH is unsupported.
Mar 03, 2017 8:50:34 AM ingraph.cypher2relalg.util.IngraphLogger log
SEVERE: WHERE clause in WITH is unsupported.
Mar 03, 2017 8:50:34 AM ingraph.cypher2relalg.util.IngraphLogger log
SEVERE: WHERE clause in WITH is unsupported.
Mar 03, 2017 8:50:34 AM ingraph.cypher2relalg.util.IngraphLogger log
SEVERE: WHERE clause in WITH is unsupported.
Mar 03, 2017 8:50:34 AM ingraph.cypher2relalg.util.IngraphLogger log
SEVERE: WHERE clause in WITH is unsupported.
Mar 03, 2017 8:50:34 AM ingraph.cypher2relalg.util.IngraphLogger log
SEVERE: WHERE clause in WITH is unsupported.
Mar 03, 2017 8:50:34 AM ingraph.cypher2relalg.util.IngraphLogger log
SEVERE: WHERE clause in WITH is unsupported.
Mar 03, 2017 8:50:34 AM ingraph.cypher2relalg.util.IngraphLogger log
SEVERE: WHERE clause in WITH is unsupported.
Mar 03, 2017 8:50:34 AM ingraph.cypher2relalg.util.IngraphLogger log
SEVERE: WHERE clause in WITH is unsupported.
Mar 03, 2017 8:50:34 AM ingraph.cypher2relalg.util.IngraphLogger log
SEVERE: WHERE clause in WITH is unsupported.
Mar 03, 2017 8:50:34 AM ingraph.cypher2relalg.util.IngraphLogger log
SEVERE: WHERE clause in WITH is unsupported.
Mar 03, 2017 8:50:34 AM ingraph.cypher2relalg.util.IngraphLogger log
SEVERE: WHERE clause in WITH is unsupported.
Mar 03, 2017 8:50:34 AM ingraph.cypher2relalg.util.IngraphLogger log
SEVERE: WHERE clause in WITH is unsupported.
Mar 03, 2017 8:50:34 AM ingraph.cypher2relalg.util.IngraphLogger log
SEVERE: WHERE clause in WITH is unsupported.
Mar 03, 2017 8:50:34 AM ingraph.cypher2relalg.util.IngraphLogger log
SEVERE: WHERE clause in WITH is unsupported.
Mar 03, 2017 8:50:34 AM ingraph.cypher2relalg.util.IngraphLogger log
SEVERE: WHERE clause in WITH is unsupported.
Mar 03, 2017 8:50:34 AM ingraph.cypher2relalg.util.IngraphLogger log
SEVERE: WHERE clause in WITH is unsupported.
Mar 03, 2017 8:50:34 AM ingraph.cypher2relalg.util.IngraphLogger log
SEVERE: WHERE clause in WITH is unsupported.
Mar 03, 2017 8:50:34 AM ingraph.cypher2relalg.util.IngraphLogger log
SEVERE: WHERE clause in WITH is unsupported.
Mar 03, 2017 8:50:34 AM ingraph.cypher2relalg.util.IngraphLogger log
SEVERE: WHERE clause in WITH is unsupported.
Mar 03, 2017 8:50:34 AM ingraph.cypher2relalg.util.IngraphLogger log
SEVERE: WHERE clause in WITH is unsupported.
Mar 03, 2017 8:50:34 AM ingraph.cypher2relalg.util.IngraphLogger log
SEVERE: WHERE clause in WITH is unsupported.
Mar 03, 2017 8:50:34 AM ingraph.cypher2relalg.util.IngraphLogger log
SEVERE: WHERE clause in WITH is unsupported.
Mar 03, 2017 8:50:34 AM ingraph.cypher2relalg.util.IngraphLogger log
SEVERE: WHERE clause in WITH is unsupported.
Mar 03, 2017 8:50:34 AM ingraph.cypher2relalg.util.IngraphLogger log
SEVERE: WHERE clause in WITH is unsupported.
Mar 03, 2017 8:50:35 AM ingraph.cypher2relalg.util.IngraphLogger log
SEVERE: WHERE clause in WITH is unsupported.
Mar 03, 2017 8:50:35 AM ingraph.cypher2relalg.util.IngraphLogger log
SEVERE: WHERE clause in WITH is unsupported.
Mar 03, 2017 8:50:35 AM ingraph.cypher2relalg.util.IngraphLogger log
SEVERE: WHERE clause in WITH is unsupported.
Mar 03, 2017 8:50:35 AM ingraph.cypher2relalg.util.IngraphLogger log
SEVERE: WHERE clause in WITH is unsupported.
Mar 03, 2017 8:50:35 AM ingraph.cypher2relalg.util.IngraphLogger log
SEVERE: WHERE clause in WITH is unsupported.
Mar 03, 2017 8:50:35 AM ingraph.cypher2relalg.util.IngraphLogger log
SEVERE: WHERE clause in WITH is unsupported.
Mar 03, 2017 8:50:35 AM ingraph.cypher2relalg.util.IngraphLogger log
SEVERE: WHERE clause in WITH is unsupported.
Mar 03, 2017 8:50:35 AM ingraph.cypher2relalg.util.IngraphLogger log
SEVERE: WHERE clause in WITH is unsupported.
Mar 03, 2017 8:50:35 AM ingraph.cypher2relalg.util.IngraphLogger log
SEVERE: WHERE clause in WITH is unsupported.
Mar 03, 2017 8:50:35 AM ingraph.cypher2relalg.util.IngraphLogger log
SEVERE: WHERE clause in WITH is unsupported.
Mar 03, 2017 8:50:35 AM ingraph.cypher2relalg.util.IngraphLogger log
SEVERE: WHERE clause in WITH is unsupported.
Mar 03, 2017 8:50:35 AM ingraph.cypher2relalg.util.IngraphLogger log
SEVERE: WHERE clause in WITH is unsupported.
Mar 03, 2017 8:50:35 AM ingraph.cypher2relalg.util.IngraphLogger log
SEVERE: WHERE clause in WITH is unsupported.
Mar 03, 2017 8:50:35 AM ingraph.cypher2relalg.util.IngraphLogger log
SEVERE: WHERE clause in WITH is unsupported.
Mar 03, 2017 8:50:35 AM ingraph.cypher2relalg.util.IngraphLogger log
SEVERE: WHERE clause in WITH is unsupported.
Mar 03, 2017 8:50:35 AM ingraph.cypher2relalg.util.IngraphLogger log
SEVERE: WHERE clause in WITH is unsupported.
Mar 03, 2017 8:50:35 AM ingraph.cypher2relalg.util.IngraphLogger log
SEVERE: WHERE clause in WITH is unsupported.
Mar 03, 2017 8:50:35 AM ingraph.cypher2relalg.util.IngraphLogger log
SEVERE: WHERE clause in WITH is unsupported.
Mar 03, 2017 8:50:35 AM ingraph.cypher2relalg.util.IngraphLogger log
SEVERE: WHERE clause in WITH is unsupported.
Mar 03, 2017 8:50:35 AM ingraph.cypher2relalg.util.IngraphLogger log
SEVERE: WHERE clause in WITH is unsupported.
Mar 03, 2017 8:50:35 AM ingraph.cypher2relalg.util.IngraphLogger log
SEVERE: WHERE clause in WITH is unsupported.
Mar 03, 2017 8:50:35 AM ingraph.cypher2relalg.util.IngraphLogger log
SEVERE: WHERE clause in WITH is unsupported.
Mar 03, 2017 8:50:35 AM ingraph.cypher2relalg.util.IngraphLogger log
SEVERE: WHERE clause in WITH is unsupported.
Mar 03, 2017 8:50:35 AM ingraph.cypher2relalg.util.IngraphLogger log
SEVERE: WHERE clause in WITH is unsupported.
Mar 03, 2017 8:50:35 AM ingraph.cypher2relalg.util.IngraphLogger log
SEVERE: WHERE clause in WITH is unsupported.
Mar 03, 2017 8:50:35 AM ingraph.cypher2relalg.util.IngraphLogger log
SEVERE: WHERE clause in WITH is unsupported.
Mar 03, 2017 8:50:35 AM ingraph.cypher2relalg.util.IngraphLogger log
SEVERE: WHERE clause in WITH is unsupported.
Mar 03, 2017 8:50:35 AM ingraph.cypher2relalg.util.IngraphLogger log
SEVERE: WHERE clause in WITH is unsupported.
Mar 03, 2017 8:50:35 AM ingraph.cypher2relalg.util.IngraphLogger log
SEVERE: WHERE clause in WITH is unsupported.
Mar 03, 2017 8:50:35 AM ingraph.cypher2relalg.util.IngraphLogger log
SEVERE: WHERE clause in WITH is unsupported.
Mar 03, 2017 8:50:35 AM ingraph.cypher2relalg.util.IngraphLogger log
SEVERE: WHERE clause in WITH is unsupported.
Mar 03, 2017 8:50:35 AM ingraph.cypher2relalg.util.IngraphLogger log
SEVERE: WHERE clause in WITH is unsupported.
Mar 03, 2017 8:50:35 AM ingraph.cypher2relalg.util.IngraphLogger log
SEVERE: WHERE clause in WITH is unsupported.
Mar 03, 2017 8:50:35 AM ingraph.cypher2relalg.util.IngraphLogger log
SEVERE: WHERE clause in WITH is unsupported.
Mar 03, 2017 8:50:35 AM ingraph.cypher2relalg.util.IngraphLogger log
SEVERE: WHERE clause in WITH is unsupported.
Mar 03, 2017 8:50:35 AM ingraph.cypher2relalg.util.IngraphLogger log
SEVERE: WHERE clause in WITH is unsupported.
Mar 03, 2017 8:50:35 AM ingraph.cypher2relalg.util.IngraphLogger log
SEVERE: WHERE clause in WITH is unsupported.
Mar 03, 2017 8:50:35 AM ingraph.cypher2relalg.util.IngraphLogger log
SEVERE: WHERE clause in WITH is unsupported.
Mar 03, 2017 8:50:35 AM ingraph.cypher2relalg.util.IngraphLogger log
SEVERE: WHERE clause in WITH is unsupported.
Mar 03, 2017 8:50:35 AM ingraph.cypher2relalg.util.IngraphLogger log
SEVERE: WHERE clause in WITH is unsupported.
Mar 03, 2017 8:50:35 AM ingraph.cypher2relalg.util.IngraphLogger log
SEVERE: WHERE clause in WITH is unsupported.
Mar 03, 2017 8:50:35 AM ingraph.cypher2relalg.util.IngraphLogger log
SEVERE: WHERE clause in WITH is unsupported.
Mar 03, 2017 8:50:35 AM ingraph.cypher2relalg.util.IngraphLogger log
SEVERE: WHERE clause in WITH is unsupported.
Mar 03, 2017 8:50:35 AM ingraph.cypher2relalg.util.IngraphLogger log
SEVERE: WHERE clause in WITH is unsupported.
Mar 03, 2017 8:50:35 AM ingraph.cypher2relalg.util.IngraphLogger log
SEVERE: WHERE clause in WITH is unsupported.
Mar 03, 2017 8:50:35 AM ingraph.cypher2relalg.util.IngraphLogger log
SEVERE: WHERE clause in WITH is unsupported.
Mar 03, 2017 8:50:35 AM ingraph.cypher2relalg.util.IngraphLogger log
SEVERE: WHERE clause in WITH is unsupported.
Mar 03, 2017 8:50:35 AM ingraph.cypher2relalg.util.IngraphLogger log
SEVERE: WHERE clause in WITH is unsupported.
Mar 03, 2017 8:50:35 AM ingraph.cypher2relalg.util.IngraphLogger log
SEVERE: WHERE clause in WITH is unsupported.
Mar 03, 2017 8:50:35 AM ingraph.cypher2relalg.util.IngraphLogger log
SEVERE: WHERE clause in WITH is unsupported.
Mar 03, 2017 8:50:35 AM ingraph.cypher2relalg.util.IngraphLogger log
SEVERE: WHERE clause in WITH is unsupported.
Mar 03, 2017 8:50:35 AM ingraph.cypher2relalg.util.IngraphLogger log
SEVERE: WHERE clause in WITH is unsupported.
Mar 03, 2017 8:50:35 AM ingraph.cypher2relalg.util.IngraphLogger log
SEVERE: WHERE clause in WITH is unsupported.
Mar 03, 2017 8:50:35 AM ingraph.cypher2relalg.util.IngraphLogger log
SEVERE: WHERE clause in WITH is unsupported.
Mar 03, 2017 8:50:35 AM ingraph.cypher2relalg.util.IngraphLogger log
SEVERE: WHERE clause in WITH is unsupported.
Mar 03, 2017 8:50:35 AM ingraph.cypher2relalg.util.IngraphLogger log
SEVERE: WHERE clause in WITH is unsupported.
Mar 03, 2017 8:50:35 AM ingraph.cypher2relalg.util.IngraphLogger log
SEVERE: WHERE clause in WITH is unsupported.
Mar 03, 2017 8:50:35 AM ingraph.cypher2relalg.util.IngraphLogger log
SEVERE: WHERE clause in WITH is unsupported.
Mar 03, 2017 8:50:35 AM ingraph.cypher2relalg.util.IngraphLogger log
SEVERE: WHERE clause in WITH is unsupported.
Mar 03, 2017 8:50:35 AM ingraph.cypher2relalg.util.IngraphLogger log
SEVERE: WHERE clause in WITH is unsupported.
Mar 03, 2017 8:50:35 AM ingraph.cypher2relalg.util.IngraphLogger log
SEVERE: WHERE clause in WITH is unsupported.
Mar 03, 2017 8:50:35 AM ingraph.cypher2relalg.util.IngraphLogger log
SEVERE: WHERE clause in WITH is unsupported.
Mar 03, 2017 8:50:35 AM ingraph.cypher2relalg.util.IngraphLogger log
SEVERE: WHERE clause in WITH is unsupported.
Mar 03, 2017 8:50:35 AM ingraph.cypher2relalg.util.IngraphLogger log
SEVERE: WHERE clause in WITH is unsupported.
Mar 03, 2017 8:50:35 AM ingraph.cypher2relalg.util.IngraphLogger log
SEVERE: WHERE clause in WITH is unsupported.
Mar 03, 2017 8:50:35 AM ingraph.cypher2relalg.util.IngraphLogger log
SEVERE: WHERE clause in WITH is unsupported.
Mar 03, 2017 8:50:35 AM ingraph.cypher2relalg.util.IngraphLogger log
SEVERE: WHERE clause in WITH is unsupported.
Mar 03, 2017 8:50:35 AM ingraph.cypher2relalg.util.IngraphLogger log
SEVERE: WHERE clause in WITH is unsupported.
Mar 03, 2017 8:50:35 AM ingraph.cypher2relalg.util.IngraphLogger log
SEVERE: WHERE clause in WITH is unsupported.
Mar 03, 2017 8:50:35 AM ingraph.cypher2relalg.util.IngraphLogger log
SEVERE: WHERE clause in WITH is unsupported.
Mar 03, 2017 8:50:35 AM ingraph.cypher2relalg.util.IngraphLogger log
SEVERE: WHERE clause in WITH is unsupported.
Mar 03, 2017 8:50:35 AM ingraph.cypher2relalg.util.IngraphLogger log
SEVERE: WHERE clause in WITH is unsupported.
Mar 03, 2017 8:50:35 AM ingraph.cypher2relalg.util.IngraphLogger log
SEVERE: WHERE clause in WITH is unsupported.
Mar 03, 2017 8:50:35 AM ingraph.cypher2relalg.util.IngraphLogger log
SEVERE: WHERE clause in WITH is unsupported.
Mar 03, 2017 8:50:35 AM ingraph.cypher2relalg.util.IngraphLogger log
SEVERE: WHERE clause in WITH is unsupported.
Mar 03, 2017 8:50:35 AM ingraph.cypher2relalg.util.IngraphLogger log
SEVERE: WHERE clause in WITH is unsupported.
Mar 03, 2017 8:50:35 AM ingraph.cypher2relalg.util.IngraphLogger log
SEVERE: WHERE clause in WITH is unsupported.
Mar 03, 2017 8:50:35 AM ingraph.cypher2relalg.util.IngraphLogger log
SEVERE: WHERE clause in WITH is unsupported.
Mar 03, 2017 8:50:35 AM ingraph.cypher2relalg.util.IngraphLogger log
SEVERE: WHERE clause in WITH is unsupported.
Mar 03, 2017 8:50:35 AM ingraph.cypher2relalg.util.IngraphLogger log
SEVERE: WHERE clause in WITH is unsupported.
Mar 03, 2017 8:50:35 AM ingraph.cypher2relalg.util.IngraphLogger log
SEVERE: WHERE clause in WITH is unsupported.
Mar 03, 2017 8:50:35 AM ingraph.cypher2relalg.util.IngraphLogger log
SEVERE: WHERE clause in WITH is unsupported.
Mar 03, 2017 8:50:35 AM ingraph.cypher2relalg.util.IngraphLogger log
SEVERE: WHERE clause in WITH is unsupported.
Mar 03, 2017 8:50:35 AM ingraph.cypher2relalg.util.IngraphLogger log
SEVERE: WHERE clause in WITH is unsupported.
Mar 03, 2017 8:50:35 AM ingraph.cypher2relalg.util.IngraphLogger log
SEVERE: WHERE clause in WITH is unsupported.
Mar 03, 2017 8:50:35 AM ingraph.cypher2relalg.util.IngraphLogger log
SEVERE: WHERE clause in WITH is unsupported.
Mar 03, 2017 8:50:35 AM ingraph.cypher2relalg.util.IngraphLogger log
SEVERE: WHERE clause in WITH is unsupported.
Mar 03, 2017 8:50:35 AM ingraph.cypher2relalg.util.IngraphLogger log
SEVERE: WHERE clause in WITH is unsupported.
Mar 03, 2017 8:50:35 AM ingraph.cypher2relalg.util.IngraphLogger log
SEVERE: WHERE clause in WITH is unsupported.
Mar 03, 2017 8:50:35 AM ingraph.cypher2relalg.util.IngraphLogger log
SEVERE: WHERE clause in WITH is unsupported.
Mar 03, 2017 8:50:35 AM ingraph.cypher2relalg.util.IngraphLogger log
SEVERE: WHERE clause in WITH is unsupported.
Mar 03, 2017 8:50:35 AM ingraph.cypher2relalg.util.IngraphLogger log
SEVERE: WHERE clause in WITH is unsupported.
Mar 03, 2017 8:50:35 AM ingraph.cypher2relalg.util.IngraphLogger log
SEVERE: WHERE clause in WITH is unsupported.
Mar 03, 2017 8:50:35 AM ingraph.cypher2relalg.util.IngraphLogger log
SEVERE: WHERE clause in WITH is unsupported.
Mar 03, 2017 8:50:35 AM ingraph.cypher2relalg.util.IngraphLogger log
SEVERE: WHERE clause in WITH is unsupported.
Mar 03, 2017 8:50:35 AM ingraph.cypher2relalg.util.IngraphLogger log
SEVERE: WHERE clause in WITH is unsupported.
Mar 03, 2017 8:50:35 AM ingraph.cypher2relalg.util.IngraphLogger log
SEVERE: WHERE clause in WITH is unsupported.
Mar 03, 2017 8:50:35 AM ingraph.cypher2relalg.util.IngraphLogger log
SEVERE: WHERE clause in WITH is unsupported.
Mar 03, 2017 8:50:35 AM ingraph.cypher2relalg.util.IngraphLogger log
SEVERE: WHERE clause in WITH is unsupported.
Mar 03, 2017 8:50:35 AM ingraph.cypher2relalg.util.IngraphLogger log
SEVERE: WHERE clause in WITH is unsupported.
Mar 03, 2017 8:50:35 AM ingraph.cypher2relalg.util.IngraphLogger log
SEVERE: WHERE clause in WITH is unsupported.
Mar 03, 2017 8:50:35 AM ingraph.cypher2relalg.util.IngraphLogger log
SEVERE: WHERE clause in WITH is unsupported.
Mar 03, 2017 8:50:35 AM ingraph.cypher2relalg.util.IngraphLogger log
SEVERE: WHERE clause in WITH is unsupported.
Mar 03, 2017 8:50:35 AM ingraph.cypher2relalg.util.IngraphLogger log
SEVERE: WHERE clause in WITH is unsupported.
Mar 03, 2017 8:50:35 AM ingraph.cypher2relalg.util.IngraphLogger log
SEVERE: WHERE clause in WITH is unsupported.
Mar 03, 2017 8:50:35 AM ingraph.cypher2relalg.util.IngraphLogger log
SEVERE: WHERE clause in WITH is unsupported.
Mar 03, 2017 8:50:35 AM ingraph.cypher2relalg.util.IngraphLogger log
SEVERE: WHERE clause in WITH is unsupported.
Mar 03, 2017 8:50:35 AM ingraph.cypher2relalg.util.IngraphLogger log
SEVERE: WHERE clause in WITH is unsupported.
Mar 03, 2017 8:50:35 AM ingraph.cypher2relalg.util.IngraphLogger log
SEVERE: WHERE clause in WITH is unsupported.
Mar 03, 2017 8:50:35 AM ingraph.cypher2relalg.util.IngraphLogger log
SEVERE: WHERE clause in WITH is unsupported.
Mar 03, 2017 8:50:35 AM ingraph.cypher2relalg.util.IngraphLogger log
SEVERE: WHERE clause in WITH is unsupported.
Mar 03, 2017 8:50:35 AM ingraph.cypher2relalg.util.IngraphLogger log
SEVERE: WHERE clause in WITH is unsupported.
Mar 03, 2017 8:50:35 AM ingraph.cypher2relalg.util.IngraphLogger log
SEVERE: WHERE clause in WITH is unsupported.
Mar 03, 2017 8:50:35 AM ingraph.cypher2relalg.util.IngraphLogger log
SEVERE: WHERE clause in WITH is unsupported.
Mar 03, 2017 8:50:35 AM ingraph.cypher2relalg.util.IngraphLogger log
SEVERE: WHERE clause in WITH is unsupported.
Mar 03, 2017 8:50:35 AM ingraph.cypher2relalg.util.IngraphLogger log
SEVERE: WHERE clause in WITH is unsupported.
Mar 03, 2017 8:50:35 AM ingraph.cypher2relalg.util.IngraphLogger log
SEVERE: WHERE clause in WITH is unsupported.
Mar 03, 2017 8:50:35 AM ingraph.cypher2relalg.util.IngraphLogger log
SEVERE: WHERE clause in WITH is unsupported.
Mar 03, 2017 8:50:35 AM ingraph.cypher2relalg.util.IngraphLogger log
SEVERE: WHERE clause in WITH is unsupported.
Mar 03, 2017 8:50:35 AM ingraph.cypher2relalg.util.IngraphLogger log
SEVERE: WHERE clause in WITH is unsupported.
Mar 03, 2017 8:50:35 AM ingraph.cypher2relalg.util.IngraphLogger log
SEVERE: WHERE clause in WITH is unsupported.
Mar 03, 2017 8:50:35 AM ingraph.cypher2relalg.util.IngraphLogger log
SEVERE: WHERE clause in WITH is unsupported.
Mar 03, 2017 8:50:35 AM ingraph.cypher2relalg.util.IngraphLogger log
SEVERE: WHERE clause in WITH is unsupported.
Mar 03, 2017 8:50:35 AM ingraph.cypher2relalg.util.IngraphLogger log
SEVERE: WHERE clause in WITH is unsupported.
Mar 03, 2017 8:50:35 AM ingraph.cypher2relalg.util.IngraphLogger log
SEVERE: WHERE clause in WITH is unsupported.
Mar 03, 2017 8:50:35 AM ingraph.cypher2relalg.util.IngraphLogger log
SEVERE: WHERE clause in WITH is unsupported.
Mar 03, 2017 8:50:35 AM ingraph.cypher2relalg.util.IngraphLogger log
SEVERE: WHERE clause in WITH is unsupported.
Mar 03, 2017 8:50:35 AM ingraph.cypher2relalg.util.IngraphLogger log
SEVERE: WHERE clause in WITH is unsupported.
Mar 03, 2017 8:50:35 AM ingraph.cypher2relalg.util.IngraphLogger log
SEVERE: WHERE clause in WITH is unsupported.
Mar 03, 2017 8:50:35 AM ingraph.cypher2relalg.util.IngraphLogger log
SEVERE: WHERE clause in WITH is unsupported.
Mar 03, 2017 8:50:35 AM ingraph.cypher2relalg.util.IngraphLogger log
SEVERE: WHERE clause in WITH is unsupported.
Mar 03, 2017 8:50:35 AM ingraph.cypher2relalg.util.IngraphLogger log
SEVERE: WHERE clause in WITH is unsupported.
Mar 03, 2017 8:50:35 AM ingraph.cypher2relalg.util.IngraphLogger log
SEVERE: WHERE clause in WITH is unsupported.
Mar 03, 2017 8:50:35 AM ingraph.cypher2relalg.util.IngraphLogger log
SEVERE: WHERE clause in WITH is unsupported.
Mar 03, 2017 8:50:35 AM ingraph.cypher2relalg.util.IngraphLogger log
SEVERE: WHERE clause in WITH is unsupported.
Mar 03, 2017 8:50:35 AM ingraph.cypher2relalg.util.IngraphLogger log
SEVERE: WHERE clause in WITH is unsupported.
Mar 03, 2017 8:50:35 AM ingraph.cypher2relalg.util.IngraphLogger log
SEVERE: WHERE clause in WITH is unsupported.
Mar 03, 2017 8:50:35 AM ingraph.cypher2relalg.util.IngraphLogger log
SEVERE: WHERE clause in WITH is unsupported.
Mar 03, 2017 8:50:35 AM ingraph.cypher2relalg.util.IngraphLogger log
SEVERE: WHERE clause in WITH is unsupported.
Mar 03, 2017 8:50:35 AM ingraph.cypher2relalg.util.IngraphLogger log
SEVERE: WHERE clause in WITH is unsupported.
Mar 03, 2017 8:50:35 AM ingraph.cypher2relalg.util.IngraphLogger log
SEVERE: WHERE clause in WITH is unsupported.
Mar 03, 2017 8:50:35 AM ingraph.cypher2relalg.util.IngraphLogger log
SEVERE: WHERE clause in WITH is unsupported.
Mar 03, 2017 8:50:35 AM ingraph.cypher2relalg.util.IngraphLogger log
SEVERE: WHERE clause in WITH is unsupported.
Mar 03, 2017 8:50:35 AM ingraph.cypher2relalg.util.IngraphLogger log
SEVERE: WHERE clause in WITH is unsupported.
Mar 03, 2017 8:50:35 AM ingraph.cypher2relalg.util.IngraphLogger log
SEVERE: WHERE clause in WITH is unsupported.
Mar 03, 2017 8:50:35 AM ingraph.cypher2relalg.util.IngraphLogger log
SEVERE: WHERE clause in WITH is unsupported.
Mar 03, 2017 8:50:35 AM ingraph.cypher2relalg.util.IngraphLogger log
SEVERE: WHERE clause in WITH is unsupported.
Mar 03, 2017 8:50:35 AM ingraph.cypher2relalg.util.IngraphLogger log
SEVERE: WHERE clause in WITH is unsupported.
Mar 03, 2017 8:50:35 AM ingraph.cypher2relalg.util.IngraphLogger log
SEVERE: WHERE clause in WITH is unsupported.
Mar 03, 2017 8:50:35 AM ingraph.cypher2relalg.util.IngraphLogger log
SEVERE: WHERE clause in WITH is unsupported.
Mar 03, 2017 8:50:35 AM ingraph.cypher2relalg.util.IngraphLogger log
SEVERE: WHERE clause in WITH is unsupported.
Mar 03, 2017 8:50:35 AM ingraph.cypher2relalg.util.IngraphLogger log
SEVERE: WHERE clause in WITH is unsupported.
Mar 03, 2017 8:50:35 AM ingraph.cypher2relalg.util.IngraphLogger log
SEVERE: WHERE clause in WITH is unsupported.
Mar 03, 2017 8:50:35 AM ingraph.cypher2relalg.util.IngraphLogger log
SEVERE: WHERE clause in WITH is unsupported.
Mar 03, 2017 8:50:35 AM ingraph.cypher2relalg.util.IngraphLogger log
SEVERE: WHERE clause in WITH is unsupported.
Mar 03, 2017 8:50:35 AM ingraph.cypher2relalg.util.IngraphLogger log
SEVERE: WHERE clause in WITH is unsupported.
Mar 03, 2017 8:50:35 AM ingraph.cypher2relalg.util.IngraphLogger log
SEVERE: WHERE clause in WITH is unsupported.
Mar 03, 2017 8:50:35 AM ingraph.cypher2relalg.util.IngraphLogger log
SEVERE: WHERE clause in WITH is unsupported.
Mar 03, 2017 8:50:35 AM ingraph.cypher2relalg.util.IngraphLogger log
SEVERE: WHERE clause in WITH is unsupported.
Mar 03, 2017 8:50:35 AM ingraph.cypher2relalg.util.IngraphLogger log
SEVERE: WHERE clause in WITH is unsupported.
Mar 03, 2017 8:50:35 AM ingraph.cypher2relalg.util.IngraphLogger log
SEVERE: WHERE clause in WITH is unsupported.
Mar 03, 2017 8:50:35 AM ingraph.cypher2relalg.util.IngraphLogger log
SEVERE: WHERE clause in WITH is unsupported.
Mar 03, 2017 8:50:35 AM ingraph.cypher2relalg.util.IngraphLogger log
SEVERE: WHERE clause in WITH is unsupported.
Mar 03, 2017 8:50:35 AM ingraph.cypher2relalg.util.IngraphLogger log
SEVERE: WHERE clause in WITH is unsupported.
Mar 03, 2017 8:50:35 AM ingraph.cypher2relalg.util.IngraphLogger log
SEVERE: WHERE clause in WITH is unsupported.
Mar 03, 2017 8:50:35 AM ingraph.cypher2relalg.util.IngraphLogger log
SEVERE: WHERE clause in WITH is unsupported.
Mar 03, 2017 8:50:35 AM ingraph.cypher2relalg.util.IngraphLogger log
SEVERE: WHERE clause in WITH is unsupported.
Mar 03, 2017 8:50:35 AM ingraph.cypher2relalg.util.IngraphLogger log
SEVERE: WHERE clause in WITH is unsupported.
Mar 03, 2017 8:50:35 AM ingraph.cypher2relalg.util.IngraphLogger log
SEVERE: WHERE clause in WITH is unsupported.
Mar 03, 2017 8:50:35 AM ingraph.cypher2relalg.util.IngraphLogger log
SEVERE: WHERE clause in WITH is unsupported.
Mar 03, 2017 8:50:35 AM ingraph.cypher2relalg.util.IngraphLogger log
SEVERE: WHERE clause in WITH is unsupported.
Mar 03, 2017 8:50:35 AM ingraph.cypher2relalg.util.IngraphLogger log
SEVERE: WHERE clause in WITH is unsupported.
Mar 03, 2017 8:50:35 AM ingraph.cypher2relalg.util.IngraphLogger log
SEVERE: WHERE clause in WITH is unsupported.
Mar 03, 2017 8:50:35 AM ingraph.cypher2relalg.util.IngraphLogger log
SEVERE: WHERE clause in WITH is unsupported.
Mar 03, 2017 8:50:35 AM ingraph.cypher2relalg.util.IngraphLogger log
SEVERE: WHERE clause in WITH is unsupported.
Mar 03, 2017 8:50:35 AM ingraph.cypher2relalg.util.IngraphLogger log
SEVERE: WHERE clause in WITH is unsupported.
Mar 03, 2017 8:50:35 AM ingraph.cypher2relalg.util.IngraphLogger log
SEVERE: WHERE clause in WITH is unsupported.
Mar 03, 2017 8:50:35 AM ingraph.cypher2relalg.util.IngraphLogger log
SEVERE: WHERE clause in WITH is unsupported.
Mar 03, 2017 8:50:35 AM ingraph.cypher2relalg.util.IngraphLogger log
SEVERE: WHERE clause in WITH is unsupported.
Mar 03, 2017 8:50:35 AM ingraph.cypher2relalg.util.IngraphLogger log
SEVERE: WHERE clause in WITH is unsupported.
Mar 03, 2017 8:50:35 AM ingraph.cypher2relalg.util.IngraphLogger log
SEVERE: WHERE clause in WITH is unsupported.
Mar 03, 2017 8:50:35 AM ingraph.cypher2relalg.util.IngraphLogger log
SEVERE: WHERE clause in WITH is unsupported.
Mar 03, 2017 8:50:35 AM ingraph.cypher2relalg.util.IngraphLogger log
SEVERE: WHERE clause in WITH is unsupported.
Mar 03, 2017 8:50:35 AM ingraph.cypher2relalg.util.IngraphLogger log
SEVERE: WHERE clause in WITH is unsupported.
Mar 03, 2017 8:50:35 AM ingraph.cypher2relalg.util.IngraphLogger log
SEVERE: WHERE clause in WITH is unsupported.
Mar 03, 2017 8:50:35 AM ingraph.cypher2relalg.util.IngraphLogger log
SEVERE: WHERE clause in WITH is unsupported.
Mar 03, 2017 8:50:35 AM ingraph.cypher2relalg.util.IngraphLogger log
SEVERE: WHERE clause in WITH is unsupported.
Mar 03, 2017 8:50:35 AM ingraph.cypher2relalg.util.IngraphLogger log
SEVERE: WHERE clause in WITH is unsupported.
Mar 03, 2017 8:50:35 AM ingraph.cypher2relalg.util.IngraphLogger log
SEVERE: WHERE clause in WITH is unsupported.
Mar 03, 2017 8:50:35 AM ingraph.cypher2relalg.util.IngraphLogger log
SEVERE: WHERE clause in WITH is unsupported.
Mar 03, 2017 8:50:35 AM ingraph.cypher2relalg.util.IngraphLogger log
SEVERE: WHERE clause in WITH is unsupported.
Mar 03, 2017 8:50:35 AM ingraph.cypher2relalg.util.IngraphLogger log
SEVERE: WHERE clause in WITH is unsupported.
Mar 03, 2017 8:50:35 AM ingraph.cypher2relalg.util.IngraphLogger log
SEVERE: WHERE clause in WITH is unsupported.
Mar 03, 2017 8:50:35 AM ingraph.cypher2relalg.util.IngraphLogger log
SEVERE: WHERE clause in WITH is unsupported.
Mar 03, 2017 8:50:35 AM ingraph.cypher2relalg.util.IngraphLogger log
SEVERE: WHERE clause in WITH is unsupported.
Mar 03, 2017 8:50:35 AM ingraph.cypher2relalg.util.IngraphLogger log
SEVERE: WHERE clause in WITH is unsupported.
Mar 03, 2017 8:50:35 AM ingraph.cypher2relalg.util.IngraphLogger log
SEVERE: WHERE clause in WITH is unsupported.
Mar 03, 2017 8:50:35 AM ingraph.cypher2relalg.util.IngraphLogger log
SEVERE: WHERE clause in WITH is unsupported.
Mar 03, 2017 8:50:35 AM ingraph.cypher2relalg.util.IngraphLogger log
SEVERE: WHERE clause in WITH is unsupported.
Mar 03, 2017 8:50:35 AM ingraph.cypher2relalg.util.IngraphLogger log
SEVERE: WHERE clause in WITH is unsupported.
Mar 03, 2017 8:50:35 AM ingraph.cypher2relalg.util.IngraphLogger log
SEVERE: WHERE clause in WITH is unsupported.
Mar 03, 2017 8:50:35 AM ingraph.cypher2relalg.util.IngraphLogger log
SEVERE: WHERE clause in WITH is unsupported.
Mar 03, 2017 8:50:35 AM ingraph.cypher2relalg.util.IngraphLogger log
SEVERE: WHERE clause in WITH is unsupported.
Mar 03, 2017 8:50:35 AM ingraph.cypher2relalg.util.IngraphLogger log
SEVERE: WHERE clause in WITH is unsupported.
Mar 03, 2017 8:50:35 AM ingraph.cypher2relalg.util.IngraphLogger log
SEVERE: WHERE clause in WITH is unsupported.
Mar 03, 2017 8:50:35 AM ingraph.cypher2relalg.util.IngraphLogger log
SEVERE: WHERE clause in WITH is unsupported.
Mar 03, 2017 8:50:35 AM ingraph.cypher2relalg.util.IngraphLogger log
SEVERE: WHERE clause in WITH is unsupported.
Mar 03, 2017 8:50:35 AM ingraph.cypher2relalg.util.IngraphLogger log
SEVERE: WHERE clause in WITH is unsupported.
Mar 03, 2017 8:50:35 AM ingraph.cypher2relalg.util.IngraphLogger log
SEVERE: WHERE clause in WITH is unsupported.
Mar 03, 2017 8:50:35 AM ingraph.cypher2relalg.util.IngraphLogger log
SEVERE: WHERE clause in WITH is unsupported.
Mar 03, 2017 8:50:35 AM ingraph.cypher2relalg.util.IngraphLogger log
SEVERE: WHERE clause in WITH is unsupported.
Mar 03, 2017 8:50:35 AM ingraph.cypher2relalg.util.IngraphLogger log
SEVERE: WHERE clause in WITH is unsupported.
Mar 03, 2017 8:50:35 AM ingraph.cypher2relalg.util.IngraphLogger log
SEVERE: WHERE clause in WITH is unsupported.
Mar 03, 2017 8:50:35 AM ingraph.cypher2relalg.util.IngraphLogger log
SEVERE: WHERE clause in WITH is unsupported.
Mar 03, 2017 8:50:35 AM ingraph.cypher2relalg.util.IngraphLogger log
SEVERE: WHERE clause in WITH is unsupported.
Mar 03, 2017 8:50:35 AM ingraph.cypher2relalg.util.IngraphLogger log
SEVERE: WHERE clause in WITH is unsupported.
Mar 03, 2017 8:50:35 AM ingraph.cypher2relalg.util.IngraphLogger log
SEVERE: WHERE clause in WITH is unsupported.
Mar 03, 2017 8:50:35 AM ingraph.cypher2relalg.util.IngraphLogger log
SEVERE: WHERE clause in WITH is unsupported.
Mar 03, 2017 8:50:35 AM ingraph.cypher2relalg.util.IngraphLogger log
SEVERE: WHERE clause in WITH is unsupported.
Mar 03, 2017 8:50:35 AM ingraph.cypher2relalg.util.IngraphLogger log
SEVERE: WHERE clause in WITH is unsupported.
Mar 03, 2017 8:50:35 AM ingraph.cypher2relalg.util.IngraphLogger log
SEVERE: WHERE clause in WITH is unsupported.
Mar 03, 2017 8:50:35 AM ingraph.cypher2relalg.util.IngraphLogger log
SEVERE: WHERE clause in WITH is unsupported.
Mar 03, 2017 8:50:35 AM ingraph.cypher2relalg.util.IngraphLogger log
SEVERE: WHERE clause in WITH is unsupported.
Mar 03, 2017 8:50:35 AM ingraph.cypher2relalg.util.IngraphLogger log
SEVERE: WHERE clause in WITH is unsupported.
Mar 03, 2017 8:50:35 AM ingraph.cypher2relalg.util.IngraphLogger log
SEVERE: WHERE clause in WITH is unsupported.
Mar 03, 2017 8:50:35 AM ingraph.cypher2relalg.util.IngraphLogger log
SEVERE: WHERE clause in WITH is unsupported.
Mar 03, 2017 8:50:35 AM ingraph.cypher2relalg.util.IngraphLogger log
SEVERE: WHERE clause in WITH is unsupported.
Mar 03, 2017 8:50:35 AM ingraph.cypher2relalg.util.IngraphLogger log
SEVERE: WHERE clause in WITH is unsupported.
Mar 03, 2017 8:50:35 AM ingraph.cypher2relalg.util.IngraphLogger log
SEVERE: WHERE clause in WITH is unsupported.
Mar 03, 2017 8:50:35 AM ingraph.cypher2relalg.util.IngraphLogger log
SEVERE: WHERE clause in WITH is unsupported.
Mar 03, 2017 8:50:35 AM ingraph.cypher2relalg.util.IngraphLogger log
SEVERE: WHERE clause in WITH is unsupported.
Mar 03, 2017 8:50:35 AM ingraph.cypher2relalg.util.IngraphLogger log
SEVERE: WHERE clause in WITH is unsupported.
Mar 03, 2017 8:50:35 AM ingraph.cypher2relalg.util.IngraphLogger log
SEVERE: WHERE clause in WITH is unsupported.
Mar 03, 2017 8:50:35 AM ingraph.cypher2relalg.util.IngraphLogger log
SEVERE: WHERE clause in WITH is unsupported.
Mar 03, 2017 8:50:35 AM ingraph.cypher2relalg.util.IngraphLogger log
SEVERE: WHERE clause in WITH is unsupported.
Mar 03, 2017 8:50:35 AM ingraph.cypher2relalg.util.IngraphLogger log
SEVERE: WHERE clause in WITH is unsupported.
Mar 03, 2017 8:50:35 AM ingraph.cypher2relalg.util.IngraphLogger log
SEVERE: WHERE clause in WITH is unsupported.
Mar 03, 2017 8:50:35 AM ingraph.cypher2relalg.util.IngraphLogger log
SEVERE: WHERE clause in WITH is unsupported.
Mar 03, 2017 8:50:35 AM ingraph.cypher2relalg.util.IngraphLogger log
SEVERE: WHERE clause in WITH is unsupported.
Mar 03, 2017 8:50:35 AM ingraph.cypher2relalg.util.IngraphLogger log
SEVERE: WHERE clause in WITH is unsupported.
Mar 03, 2017 8:50:35 AM ingraph.cypher2relalg.util.IngraphLogger log
SEVERE: WHERE clause in WITH is unsupported.
Mar 03, 2017 8:50:35 AM ingraph.cypher2relalg.util.IngraphLogger log
SEVERE: WHERE clause in WITH is unsupported.
Mar 03, 2017 8:50:35 AM ingraph.cypher2relalg.util.IngraphLogger log
SEVERE: WHERE clause in WITH is unsupported.
Mar 03, 2017 8:50:35 AM ingraph.cypher2relalg.util.IngraphLogger log
SEVERE: WHERE clause in WITH is unsupported.
Mar 03, 2017 8:50:35 AM ingraph.cypher2relalg.util.IngraphLogger log
SEVERE: WHERE clause in WITH is unsupported.
Mar 03, 2017 8:50:35 AM ingraph.cypher2relalg.util.IngraphLogger log
SEVERE: WHERE clause in WITH is unsupported.
Mar 03, 2017 8:50:35 AM ingraph.cypher2relalg.util.IngraphLogger log
SEVERE: WHERE clause in WITH is unsupported.
Mar 03, 2017 8:50:35 AM ingraph.cypher2relalg.util.IngraphLogger log
SEVERE: WHERE clause in WITH is unsupported.
Mar 03, 2017 8:50:35 AM ingraph.cypher2relalg.util.IngraphLogger log
SEVERE: WHERE clause in WITH is unsupported.
Mar 03, 2017 8:50:35 AM ingraph.cypher2relalg.util.IngraphLogger log
SEVERE: WHERE clause in WITH is unsupported.
Mar 03, 2017 8:50:35 AM ingraph.cypher2relalg.util.IngraphLogger log
SEVERE: WHERE clause in WITH is unsupported.
Mar 03, 2017 8:50:35 AM ingraph.cypher2relalg.util.IngraphLogger log
SEVERE: WHERE clause in WITH is unsupported.
Mar 03, 2017 8:50:35 AM ingraph.cypher2relalg.util.IngraphLogger log
SEVERE: WHERE clause in WITH is unsupported.
Mar 03, 2017 8:50:35 AM ingraph.cypher2relalg.util.IngraphLogger log
SEVERE: WHERE clause in WITH is unsupported.
Mar 03, 2017 8:50:35 AM ingraph.cypher2relalg.util.IngraphLogger log
SEVERE: WHERE clause in WITH is unsupported.
Mar 03, 2017 8:50:35 AM ingraph.cypher2relalg.util.IngraphLogger log
SEVERE: WHERE clause in WITH is unsupported.
Mar 03, 2017 8:50:35 AM ingraph.cypher2relalg.util.IngraphLogger log
SEVERE: WHERE clause in WITH is unsupported.
Mar 03, 2017 8:50:35 AM ingraph.cypher2relalg.util.IngraphLogger log
SEVERE: WHERE clause in WITH is unsupported.
Mar 03, 2017 8:50:35 AM ingraph.cypher2relalg.util.IngraphLogger log
SEVERE: WHERE clause in WITH is unsupported.
Mar 03, 2017 8:50:35 AM ingraph.cypher2relalg.util.IngraphLogger log
SEVERE: WHERE clause in WITH is unsupported.
Mar 03, 2017 8:50:35 AM ingraph.cypher2relalg.util.IngraphLogger log
SEVERE: WHERE clause in WITH is unsupported.
Mar 03, 2017 8:50:35 AM ingraph.cypher2relalg.util.IngraphLogger log
SEVERE: WHERE clause in WITH is unsupported.
Mar 03, 2017 8:50:35 AM ingraph.cypher2relalg.util.IngraphLogger log
SEVERE: WHERE clause in WITH is unsupported.
Mar 03, 2017 8:50:35 AM ingraph.cypher2relalg.util.IngraphLogger log
SEVERE: WHERE clause in WITH is unsupported.
Mar 03, 2017 8:50:35 AM ingraph.cypher2relalg.util.IngraphLogger log
SEVERE: WHERE clause in WITH is unsupported.
Mar 03, 2017 8:50:35 AM ingraph.cypher2relalg.util.IngraphLogger log
SEVERE: WHERE clause in WITH is unsupported.
Mar 03, 2017 8:50:35 AM ingraph.cypher2relalg.util.IngraphLogger log
SEVERE: WHERE clause in WITH is unsupported.
Mar 03, 2017 8:50:35 AM ingraph.cypher2relalg.util.IngraphLogger log
SEVERE: WHERE clause in WITH is unsupported.
Mar 03, 2017 8:50:35 AM ingraph.cypher2relalg.util.IngraphLogger log
SEVERE: WHERE clause in WITH is unsupported.
Mar 03, 2017 8:50:35 AM ingraph.cypher2relalg.util.IngraphLogger log
SEVERE: WHERE clause in WITH is unsupported.
Mar 03, 2017 8:50:35 AM ingraph.cypher2relalg.util.IngraphLogger log
SEVERE: WHERE clause in WITH is unsupported.
Mar 03, 2017 8:50:35 AM ingraph.cypher2relalg.util.IngraphLogger log
SEVERE: WHERE clause in WITH is unsupported.
Mar 03, 2017 8:50:35 AM ingraph.cypher2relalg.util.IngraphLogger log
SEVERE: WHERE clause in WITH is unsupported.
</pre>
</span>
</div>
</div>
<div id="footer">
<p>
<div>
<label class="hidden" id="label-for-line-wrapping-toggle" for="line-wrapping-toggle">Wrap lines
<input id="line-wrapping-toggle" type="checkbox" autocomplete="off"/>
</label>
</div>Generated by 
<a href="http://www.gradle.org">Gradle 3.0</a> at Mar 3, 2017 8:50:47 AM</p>
</div>
</div>
</body>
</html>
