<!DOCTYPE html>
<html>
<head>
<meta http-equiv="Content-Type" content="text/html; charset=utf-8"/>
<meta http-equiv="x-ua-compatible" content="IE=edge"/>
<title>Test results - Class ingraph.cypher2relalg.tck.tests.MatchAcceptanceParserTest</title>
<link href="../css/base-style.css" rel="stylesheet" type="text/css"/>
<link href="../css/style.css" rel="stylesheet" type="text/css"/>
<script src="../js/report.js" type="text/javascript"></script>
</head>
<body>
<div id="content">
<h1>Class ingraph.cypher2relalg.tck.tests.MatchAcceptanceParserTest</h1>
<div class="breadcrumbs">
<a href="../index.html">all</a> &gt; 
<a href="../packages/ingraph.cypher2relalg.tck.tests.html">ingraph.cypher2relalg.tck.tests</a> &gt; MatchAcceptanceParserTest</div>
<div id="summary">
<table>
<tr>
<td>
<div class="summaryGroup">
<table>
<tr>
<td>
<div class="infoBox" id="tests">
<div class="counter">30</div>
<p>tests</p>
</div>
</td>
<td>
<div class="infoBox" id="failures">
<div class="counter">14</div>
<p>failures</p>
</div>
</td>
<td>
<div class="infoBox" id="ignored">
<div class="counter">0</div>
<p>ignored</p>
</div>
</td>
<td>
<div class="infoBox" id="duration">
<div class="counter">3.507s</div>
<p>duration</p>
</div>
</td>
</tr>
</table>
</div>
</td>
<td>
<div class="infoBox failures" id="successRate">
<div class="percent">53%</div>
<p>successful</p>
</div>
</td>
</tr>
</table>
</div>
<div id="tabs">
<ul class="tabLinks">
<li>
<a href="#tab0">Failed tests</a>
</li>
<li>
<a href="#tab1">Tests</a>
</li>
<li>
<a href="#tab2">Standard error</a>
</li>
</ul>
<div id="tab0" class="tab">
<h2>Failed tests</h2>
<div class="test">
<a name="testMatchAcceptance_01"></a>
<h3 class="failures">testMatchAcceptance_01</h3>
<span class="code">
<pre>java.lang.UnsupportedOperationException: Not supported (yet) Variable assignment not supported for PatternPart (in MATCH clause)
	at ingraph.cypher2relalg.util.IngraphLogger.unsupported(IngraphLogger.java:75)
	at ingraph.cypher2relalg.RelalgBuilder._buildRelalg(RelalgBuilder.java:1470)
	at ingraph.cypher2relalg.RelalgBuilder.buildRelalg(RelalgBuilder.java:1632)
	at ingraph.cypher2relalg.RelalgBuilder.lambda$_buildRelalg$17(RelalgBuilder.java:658)
	at org.eclipse.xtext.xbase.lib.internal.FunctionDelegate.apply(FunctionDelegate.java:42)
	at com.google.common.collect.Lists$TransformingRandomAccessList$1.transform(Lists.java:651)
	at com.google.common.collect.TransformedIterator.next(TransformedIterator.java:47)
	at ingraph.cypher2relalg.util.Cypher2RelalgUtil.buildLeftDeepTree(Cypher2RelalgUtil.java:69)
	at ingraph.cypher2relalg.RelalgBuilder.lambda$_buildRelalg$18(RelalgBuilder.java:667)
	at org.eclipse.xtext.xbase.lib.ObjectExtensions.operator_doubleArrow(ObjectExtensions.java:139)
	at ingraph.cypher2relalg.RelalgBuilder._buildRelalg(RelalgBuilder.java:670)
	at ingraph.cypher2relalg.RelalgBuilder.buildRelalg(RelalgBuilder.java:1628)
	at ingraph.cypher2relalg.RelalgBuilder.lambda$null$2(RelalgBuilder.java:329)
	at org.eclipse.xtext.xbase.lib.ObjectExtensions.operator_doubleArrow(ObjectExtensions.java:139)
	at ingraph.cypher2relalg.RelalgBuilder.lambda$_buildRelalgSubQuery$3(RelalgBuilder.java:332)
	at org.eclipse.xtext.xbase.lib.internal.FunctionDelegate.apply(FunctionDelegate.java:42)
	at com.google.common.collect.Iterators$7.transform(Iterators.java:750)
	at com.google.common.collect.TransformedIterator.next(TransformedIterator.java:47)
	at org.eclipse.xtext.xbase.lib.IteratorExtensions.head(IteratorExtensions.java:140)
	at org.eclipse.xtext.xbase.lib.IterableExtensions.head(IterableExtensions.java:119)
	at ingraph.cypher2relalg.RelalgBuilder._buildRelalgSubQuery(RelalgBuilder.java:338)
	at ingraph.cypher2relalg.RelalgBuilder._buildRelalg(RelalgBuilder.java:283)
	at ingraph.cypher2relalg.RelalgBuilder.buildRelalg(RelalgBuilder.java:1622)
	at ingraph.cypher2relalg.RelalgBuilder.build(RelalgBuilder.java:214)
	at ingraph.cypher2relalg.Cypher2Relalg.processCypher(Cypher2Relalg.java:22)
	at ingraph.cypher2relalg.tck.tests.MatchAcceptanceParserTest.testMatchAcceptance_01(MatchAcceptanceParserTest.java:34)
	at sun.reflect.NativeMethodAccessorImpl.invoke0(Native Method)
	at sun.reflect.NativeMethodAccessorImpl.invoke(NativeMethodAccessorImpl.java:62)
	at sun.reflect.DelegatingMethodAccessorImpl.invoke(DelegatingMethodAccessorImpl.java:43)
	at java.lang.reflect.Method.invoke(Method.java:498)
	at org.junit.runners.model.FrameworkMethod$1.runReflectiveCall(FrameworkMethod.java:50)
	at org.junit.internal.runners.model.ReflectiveCallable.run(ReflectiveCallable.java:12)
	at org.junit.runners.model.FrameworkMethod.invokeExplosively(FrameworkMethod.java:47)
	at org.junit.internal.runners.statements.InvokeMethod.evaluate(InvokeMethod.java:17)
	at org.junit.runners.ParentRunner.runLeaf(ParentRunner.java:325)
	at org.junit.runners.BlockJUnit4ClassRunner.runChild(BlockJUnit4ClassRunner.java:78)
	at org.junit.runners.BlockJUnit4ClassRunner.runChild(BlockJUnit4ClassRunner.java:57)
	at org.junit.runners.ParentRunner$3.run(ParentRunner.java:290)
	at org.junit.runners.ParentRunner$1.schedule(ParentRunner.java:71)
	at org.junit.runners.ParentRunner.runChildren(ParentRunner.java:288)
	at org.junit.runners.ParentRunner.access$000(ParentRunner.java:58)
	at org.junit.runners.ParentRunner$2.evaluate(ParentRunner.java:268)
	at org.junit.runners.ParentRunner.run(ParentRunner.java:363)
	at org.gradle.api.internal.tasks.testing.junit.JUnitTestClassExecuter.runTestClass(JUnitTestClassExecuter.java:114)
	at org.gradle.api.internal.tasks.testing.junit.JUnitTestClassExecuter.execute(JUnitTestClassExecuter.java:57)
	at org.gradle.api.internal.tasks.testing.junit.JUnitTestClassProcessor.processTestClass(JUnitTestClassProcessor.java:66)
	at org.gradle.api.internal.tasks.testing.SuiteTestClassProcessor.processTestClass(SuiteTestClassProcessor.java:51)
	at sun.reflect.GeneratedMethodAccessor81.invoke(Unknown Source)
	at sun.reflect.DelegatingMethodAccessorImpl.invoke(DelegatingMethodAccessorImpl.java:43)
	at java.lang.reflect.Method.invoke(Method.java:498)
	at org.gradle.internal.dispatch.ReflectionDispatch.dispatch(ReflectionDispatch.java:35)
	at org.gradle.internal.dispatch.ReflectionDispatch.dispatch(ReflectionDispatch.java:24)
	at org.gradle.internal.dispatch.ContextClassLoaderDispatch.dispatch(ContextClassLoaderDispatch.java:32)
	at org.gradle.internal.dispatch.ProxyDispatchAdapter$DispatchingInvocationHandler.invoke(ProxyDispatchAdapter.java:93)
	at com.sun.proxy.$Proxy2.processTestClass(Unknown Source)
	at org.gradle.api.internal.tasks.testing.worker.TestWorker.processTestClass(TestWorker.java:109)
	at sun.reflect.GeneratedMethodAccessor80.invoke(Unknown Source)
	at sun.reflect.DelegatingMethodAccessorImpl.invoke(DelegatingMethodAccessorImpl.java:43)
	at java.lang.reflect.Method.invoke(Method.java:498)
	at org.gradle.internal.dispatch.ReflectionDispatch.dispatch(ReflectionDispatch.java:35)
	at org.gradle.internal.dispatch.ReflectionDispatch.dispatch(ReflectionDispatch.java:24)
	at org.gradle.internal.remote.internal.hub.MessageHub$Handler.run(MessageHub.java:377)
	at org.gradle.internal.concurrent.ExecutorPolicy$CatchAndRecordFailures.onExecute(ExecutorPolicy.java:54)
	at org.gradle.internal.concurrent.StoppableExecutorImpl$1.run(StoppableExecutorImpl.java:40)
	at java.util.concurrent.ThreadPoolExecutor.runWorker(ThreadPoolExecutor.java:1142)
	at java.util.concurrent.ThreadPoolExecutor$Worker.run(ThreadPoolExecutor.java:617)
	at java.lang.Thread.run(Thread.java:745)
</pre>
</span>
</div>
<div class="test">
<a name="testMatchAcceptance_02"></a>
<h3 class="failures">testMatchAcceptance_02</h3>
<span class="code">
<pre>java.lang.UnsupportedOperationException: Not supported (yet) Variable assignment not supported for PatternPart (in MATCH clause)
	at ingraph.cypher2relalg.util.IngraphLogger.unsupported(IngraphLogger.java:75)
	at ingraph.cypher2relalg.RelalgBuilder._buildRelalg(RelalgBuilder.java:1470)
	at ingraph.cypher2relalg.RelalgBuilder.buildRelalg(RelalgBuilder.java:1632)
	at ingraph.cypher2relalg.RelalgBuilder.lambda$_buildRelalg$17(RelalgBuilder.java:658)
	at org.eclipse.xtext.xbase.lib.internal.FunctionDelegate.apply(FunctionDelegate.java:42)
	at com.google.common.collect.Lists$TransformingRandomAccessList$1.transform(Lists.java:651)
	at com.google.common.collect.TransformedIterator.next(TransformedIterator.java:47)
	at ingraph.cypher2relalg.util.Cypher2RelalgUtil.buildLeftDeepTree(Cypher2RelalgUtil.java:69)
	at ingraph.cypher2relalg.RelalgBuilder.lambda$_buildRelalg$18(RelalgBuilder.java:667)
	at org.eclipse.xtext.xbase.lib.ObjectExtensions.operator_doubleArrow(ObjectExtensions.java:139)
	at ingraph.cypher2relalg.RelalgBuilder._buildRelalg(RelalgBuilder.java:670)
	at ingraph.cypher2relalg.RelalgBuilder.buildRelalg(RelalgBuilder.java:1628)
	at ingraph.cypher2relalg.RelalgBuilder.lambda$null$2(RelalgBuilder.java:329)
	at org.eclipse.xtext.xbase.lib.ObjectExtensions.operator_doubleArrow(ObjectExtensions.java:139)
	at ingraph.cypher2relalg.RelalgBuilder.lambda$_buildRelalgSubQuery$3(RelalgBuilder.java:332)
	at org.eclipse.xtext.xbase.lib.internal.FunctionDelegate.apply(FunctionDelegate.java:42)
	at com.google.common.collect.Iterators$7.transform(Iterators.java:750)
	at com.google.common.collect.TransformedIterator.next(TransformedIterator.java:47)
	at org.eclipse.xtext.xbase.lib.IteratorExtensions.head(IteratorExtensions.java:140)
	at org.eclipse.xtext.xbase.lib.IterableExtensions.head(IterableExtensions.java:119)
	at ingraph.cypher2relalg.RelalgBuilder._buildRelalgSubQuery(RelalgBuilder.java:338)
	at ingraph.cypher2relalg.RelalgBuilder._buildRelalg(RelalgBuilder.java:283)
	at ingraph.cypher2relalg.RelalgBuilder.buildRelalg(RelalgBuilder.java:1622)
	at ingraph.cypher2relalg.RelalgBuilder.build(RelalgBuilder.java:214)
	at ingraph.cypher2relalg.Cypher2Relalg.processCypher(Cypher2Relalg.java:22)
	at ingraph.cypher2relalg.tck.tests.MatchAcceptanceParserTest.testMatchAcceptance_02(MatchAcceptanceParserTest.java:56)
	at sun.reflect.NativeMethodAccessorImpl.invoke0(Native Method)
	at sun.reflect.NativeMethodAccessorImpl.invoke(NativeMethodAccessorImpl.java:62)
	at sun.reflect.DelegatingMethodAccessorImpl.invoke(DelegatingMethodAccessorImpl.java:43)
	at java.lang.reflect.Method.invoke(Method.java:498)
	at org.junit.runners.model.FrameworkMethod$1.runReflectiveCall(FrameworkMethod.java:50)
	at org.junit.internal.runners.model.ReflectiveCallable.run(ReflectiveCallable.java:12)
	at org.junit.runners.model.FrameworkMethod.invokeExplosively(FrameworkMethod.java:47)
	at org.junit.internal.runners.statements.InvokeMethod.evaluate(InvokeMethod.java:17)
	at org.junit.runners.ParentRunner.runLeaf(ParentRunner.java:325)
	at org.junit.runners.BlockJUnit4ClassRunner.runChild(BlockJUnit4ClassRunner.java:78)
	at org.junit.runners.BlockJUnit4ClassRunner.runChild(BlockJUnit4ClassRunner.java:57)
	at org.junit.runners.ParentRunner$3.run(ParentRunner.java:290)
	at org.junit.runners.ParentRunner$1.schedule(ParentRunner.java:71)
	at org.junit.runners.ParentRunner.runChildren(ParentRunner.java:288)
	at org.junit.runners.ParentRunner.access$000(ParentRunner.java:58)
	at org.junit.runners.ParentRunner$2.evaluate(ParentRunner.java:268)
	at org.junit.runners.ParentRunner.run(ParentRunner.java:363)
	at org.gradle.api.internal.tasks.testing.junit.JUnitTestClassExecuter.runTestClass(JUnitTestClassExecuter.java:114)
	at org.gradle.api.internal.tasks.testing.junit.JUnitTestClassExecuter.execute(JUnitTestClassExecuter.java:57)
	at org.gradle.api.internal.tasks.testing.junit.JUnitTestClassProcessor.processTestClass(JUnitTestClassProcessor.java:66)
	at org.gradle.api.internal.tasks.testing.SuiteTestClassProcessor.processTestClass(SuiteTestClassProcessor.java:51)
	at sun.reflect.GeneratedMethodAccessor81.invoke(Unknown Source)
	at sun.reflect.DelegatingMethodAccessorImpl.invoke(DelegatingMethodAccessorImpl.java:43)
	at java.lang.reflect.Method.invoke(Method.java:498)
	at org.gradle.internal.dispatch.ReflectionDispatch.dispatch(ReflectionDispatch.java:35)
	at org.gradle.internal.dispatch.ReflectionDispatch.dispatch(ReflectionDispatch.java:24)
	at org.gradle.internal.dispatch.ContextClassLoaderDispatch.dispatch(ContextClassLoaderDispatch.java:32)
	at org.gradle.internal.dispatch.ProxyDispatchAdapter$DispatchingInvocationHandler.invoke(ProxyDispatchAdapter.java:93)
	at com.sun.proxy.$Proxy2.processTestClass(Unknown Source)
	at org.gradle.api.internal.tasks.testing.worker.TestWorker.processTestClass(TestWorker.java:109)
	at sun.reflect.GeneratedMethodAccessor80.invoke(Unknown Source)
	at sun.reflect.DelegatingMethodAccessorImpl.invoke(DelegatingMethodAccessorImpl.java:43)
	at java.lang.reflect.Method.invoke(Method.java:498)
	at org.gradle.internal.dispatch.ReflectionDispatch.dispatch(ReflectionDispatch.java:35)
	at org.gradle.internal.dispatch.ReflectionDispatch.dispatch(ReflectionDispatch.java:24)
	at org.gradle.internal.remote.internal.hub.MessageHub$Handler.run(MessageHub.java:377)
	at org.gradle.internal.concurrent.ExecutorPolicy$CatchAndRecordFailures.onExecute(ExecutorPolicy.java:54)
	at org.gradle.internal.concurrent.StoppableExecutorImpl$1.run(StoppableExecutorImpl.java:40)
	at java.util.concurrent.ThreadPoolExecutor.runWorker(ThreadPoolExecutor.java:1142)
	at java.util.concurrent.ThreadPoolExecutor$Worker.run(ThreadPoolExecutor.java:617)
	at java.lang.Thread.run(Thread.java:745)
</pre>
</span>
</div>
<div class="test">
<a name="testMatchAcceptance_04"></a>
<h3 class="failures">testMatchAcceptance_04</h3>
<span class="code">
<pre>java.lang.IllegalArgumentException: Unhandled parameter types: [org.slizaa.neo4j.opencypher.openCypher.impl.ParameterImpl@3da39313 (operator: null, parameter: param)]
	at ingraph.cypher2relalg.RelalgBuilder.buildRelalgComparableElement(RelalgBuilder.java:1704)
	at ingraph.cypher2relalg.RelalgBuilder.lambda$_buildRelalgLogicalExpression$32(RelalgBuilder.java:932)
	at org.eclipse.xtext.xbase.lib.ObjectExtensions.operator_doubleArrow(ObjectExtensions.java:139)
	at ingraph.cypher2relalg.RelalgBuilder._buildRelalgLogicalExpression(RelalgBuilder.java:936)
	at ingraph.cypher2relalg.RelalgBuilder.buildRelalgLogicalExpression(RelalgBuilder.java:1658)
	at ingraph.cypher2relalg.RelalgBuilder.lambda$_buildRelalg$19(RelalgBuilder.java:682)
	at org.eclipse.xtext.xbase.lib.ObjectExtensions.operator_doubleArrow(ObjectExtensions.java:139)
	at ingraph.cypher2relalg.RelalgBuilder._buildRelalg(RelalgBuilder.java:685)
	at ingraph.cypher2relalg.RelalgBuilder.buildRelalg(RelalgBuilder.java:1628)
	at ingraph.cypher2relalg.RelalgBuilder.lambda$null$2(RelalgBuilder.java:329)
	at org.eclipse.xtext.xbase.lib.ObjectExtensions.operator_doubleArrow(ObjectExtensions.java:139)
	at ingraph.cypher2relalg.RelalgBuilder.lambda$_buildRelalgSubQuery$3(RelalgBuilder.java:332)
	at org.eclipse.xtext.xbase.lib.internal.FunctionDelegate.apply(FunctionDelegate.java:42)
	at com.google.common.collect.Iterators$7.transform(Iterators.java:750)
	at com.google.common.collect.TransformedIterator.next(TransformedIterator.java:47)
	at org.eclipse.xtext.xbase.lib.IteratorExtensions.head(IteratorExtensions.java:140)
	at org.eclipse.xtext.xbase.lib.IterableExtensions.head(IterableExtensions.java:119)
	at ingraph.cypher2relalg.RelalgBuilder._buildRelalgSubQuery(RelalgBuilder.java:338)
	at ingraph.cypher2relalg.RelalgBuilder._buildRelalg(RelalgBuilder.java:283)
	at ingraph.cypher2relalg.RelalgBuilder.buildRelalg(RelalgBuilder.java:1622)
	at ingraph.cypher2relalg.RelalgBuilder.build(RelalgBuilder.java:214)
	at ingraph.cypher2relalg.Cypher2Relalg.processCypher(Cypher2Relalg.java:22)
	at ingraph.cypher2relalg.tck.tests.MatchAcceptanceParserTest.testMatchAcceptance_04(MatchAcceptanceParserTest.java:106)
	at sun.reflect.NativeMethodAccessorImpl.invoke0(Native Method)
	at sun.reflect.NativeMethodAccessorImpl.invoke(NativeMethodAccessorImpl.java:62)
	at sun.reflect.DelegatingMethodAccessorImpl.invoke(DelegatingMethodAccessorImpl.java:43)
	at java.lang.reflect.Method.invoke(Method.java:498)
	at org.junit.runners.model.FrameworkMethod$1.runReflectiveCall(FrameworkMethod.java:50)
	at org.junit.internal.runners.model.ReflectiveCallable.run(ReflectiveCallable.java:12)
	at org.junit.runners.model.FrameworkMethod.invokeExplosively(FrameworkMethod.java:47)
	at org.junit.internal.runners.statements.InvokeMethod.evaluate(InvokeMethod.java:17)
	at org.junit.runners.ParentRunner.runLeaf(ParentRunner.java:325)
	at org.junit.runners.BlockJUnit4ClassRunner.runChild(BlockJUnit4ClassRunner.java:78)
	at org.junit.runners.BlockJUnit4ClassRunner.runChild(BlockJUnit4ClassRunner.java:57)
	at org.junit.runners.ParentRunner$3.run(ParentRunner.java:290)
	at org.junit.runners.ParentRunner$1.schedule(ParentRunner.java:71)
	at org.junit.runners.ParentRunner.runChildren(ParentRunner.java:288)
	at org.junit.runners.ParentRunner.access$000(ParentRunner.java:58)
	at org.junit.runners.ParentRunner$2.evaluate(ParentRunner.java:268)
	at org.junit.runners.ParentRunner.run(ParentRunner.java:363)
	at org.gradle.api.internal.tasks.testing.junit.JUnitTestClassExecuter.runTestClass(JUnitTestClassExecuter.java:114)
	at org.gradle.api.internal.tasks.testing.junit.JUnitTestClassExecuter.execute(JUnitTestClassExecuter.java:57)
	at org.gradle.api.internal.tasks.testing.junit.JUnitTestClassProcessor.processTestClass(JUnitTestClassProcessor.java:66)
	at org.gradle.api.internal.tasks.testing.SuiteTestClassProcessor.processTestClass(SuiteTestClassProcessor.java:51)
	at sun.reflect.GeneratedMethodAccessor81.invoke(Unknown Source)
	at sun.reflect.DelegatingMethodAccessorImpl.invoke(DelegatingMethodAccessorImpl.java:43)
	at java.lang.reflect.Method.invoke(Method.java:498)
	at org.gradle.internal.dispatch.ReflectionDispatch.dispatch(ReflectionDispatch.java:35)
	at org.gradle.internal.dispatch.ReflectionDispatch.dispatch(ReflectionDispatch.java:24)
	at org.gradle.internal.dispatch.ContextClassLoaderDispatch.dispatch(ContextClassLoaderDispatch.java:32)
	at org.gradle.internal.dispatch.ProxyDispatchAdapter$DispatchingInvocationHandler.invoke(ProxyDispatchAdapter.java:93)
	at com.sun.proxy.$Proxy2.processTestClass(Unknown Source)
	at org.gradle.api.internal.tasks.testing.worker.TestWorker.processTestClass(TestWorker.java:109)
	at sun.reflect.GeneratedMethodAccessor80.invoke(Unknown Source)
	at sun.reflect.DelegatingMethodAccessorImpl.invoke(DelegatingMethodAccessorImpl.java:43)
	at java.lang.reflect.Method.invoke(Method.java:498)
	at org.gradle.internal.dispatch.ReflectionDispatch.dispatch(ReflectionDispatch.java:35)
	at org.gradle.internal.dispatch.ReflectionDispatch.dispatch(ReflectionDispatch.java:24)
	at org.gradle.internal.remote.internal.hub.MessageHub$Handler.run(MessageHub.java:377)
	at org.gradle.internal.concurrent.ExecutorPolicy$CatchAndRecordFailures.onExecute(ExecutorPolicy.java:54)
	at org.gradle.internal.concurrent.StoppableExecutorImpl$1.run(StoppableExecutorImpl.java:40)
	at java.util.concurrent.ThreadPoolExecutor.runWorker(ThreadPoolExecutor.java:1142)
	at java.util.concurrent.ThreadPoolExecutor$Worker.run(ThreadPoolExecutor.java:617)
	at java.lang.Thread.run(Thread.java:745)
</pre>
</span>
</div>
<div class="test">
<a name="testMatchAcceptance_06"></a>
<h3 class="failures">testMatchAcceptance_06</h3>
<span class="code">
<pre>java.lang.RuntimeException: Unrecoverable error during compilation: Variable name not found: a
	at ingraph.cypher2relalg.util.IngraphLogger.unrecoverableError(IngraphLogger.java:88)
	at ingraph.cypher2relalg.VariableBuilder._buildRelalgVariable(VariableBuilder.java:325)
	at ingraph.cypher2relalg.VariableBuilder.buildRelalgVariable(VariableBuilder.java:610)
	at ingraph.cypher2relalg.VariableBuilder.lambda$_buildVariableExpression$8(VariableBuilder.java:577)
	at org.eclipse.xtext.xbase.lib.ObjectExtensions.operator_doubleArrow(ObjectExtensions.java:139)
	at ingraph.cypher2relalg.VariableBuilder._buildVariableExpression(VariableBuilder.java:582)
	at ingraph.cypher2relalg.VariableBuilder.buildVariableExpression(VariableBuilder.java:632)
	at ingraph.cypher2relalg.RelalgBuilder._buildRelalgExpression(RelalgBuilder.java:1094)
	at ingraph.cypher2relalg.RelalgBuilder.buildRelalgExpression(RelalgBuilder.java:1724)
	at ingraph.cypher2relalg.RelalgBuilder.lambda$null$8(RelalgBuilder.java:450)
	at org.eclipse.xtext.xbase.lib.internal.FunctionDelegate.apply(FunctionDelegate.java:42)
	at com.google.common.collect.Lists$TransformingRandomAccessList$1.transform(Lists.java:651)
	at com.google.common.collect.TransformedIterator.next(TransformedIterator.java:47)
	at java.util.AbstractCollection.addAll(AbstractCollection.java:343)
	at java.util.LinkedHashSet.&lt;init&gt;(LinkedHashSet.java:169)
	at org.eclipse.emf.common.util.AbstractEList.getNonDuplicates(AbstractEList.java:1164)
	at org.eclipse.emf.common.util.AbstractEList.addAll(AbstractEList.java:368)
	at ingraph.cypher2relalg.RelalgBuilder.lambda$buildRelalgReturnBody$9(RelalgBuilder.java:454)
	at org.eclipse.xtext.xbase.lib.ObjectExtensions.operator_doubleArrow(ObjectExtensions.java:139)
	at ingraph.cypher2relalg.RelalgBuilder.buildRelalgReturnBody(RelalgBuilder.java:456)
	at ingraph.cypher2relalg.RelalgBuilder._buildRelalgReturn(RelalgBuilder.java:601)
	at ingraph.cypher2relalg.RelalgBuilder.buildRelalgReturn(RelalgBuilder.java:1641)
	at ingraph.cypher2relalg.RelalgBuilder._buildRelalgSubQuery(RelalgBuilder.java:363)
	at ingraph.cypher2relalg.RelalgBuilder._buildRelalg(RelalgBuilder.java:283)
	at ingraph.cypher2relalg.RelalgBuilder.buildRelalg(RelalgBuilder.java:1622)
	at ingraph.cypher2relalg.RelalgBuilder.build(RelalgBuilder.java:214)
	at ingraph.cypher2relalg.Cypher2Relalg.processCypher(Cypher2Relalg.java:22)
	at ingraph.cypher2relalg.tck.tests.MatchAcceptanceParserTest.testMatchAcceptance_06(MatchAcceptanceParserTest.java:154)
	at sun.reflect.NativeMethodAccessorImpl.invoke0(Native Method)
	at sun.reflect.NativeMethodAccessorImpl.invoke(NativeMethodAccessorImpl.java:62)
	at sun.reflect.DelegatingMethodAccessorImpl.invoke(DelegatingMethodAccessorImpl.java:43)
	at java.lang.reflect.Method.invoke(Method.java:498)
	at org.junit.runners.model.FrameworkMethod$1.runReflectiveCall(FrameworkMethod.java:50)
	at org.junit.internal.runners.model.ReflectiveCallable.run(ReflectiveCallable.java:12)
	at org.junit.runners.model.FrameworkMethod.invokeExplosively(FrameworkMethod.java:47)
	at org.junit.internal.runners.statements.InvokeMethod.evaluate(InvokeMethod.java:17)
	at org.junit.runners.ParentRunner.runLeaf(ParentRunner.java:325)
	at org.junit.runners.BlockJUnit4ClassRunner.runChild(BlockJUnit4ClassRunner.java:78)
	at org.junit.runners.BlockJUnit4ClassRunner.runChild(BlockJUnit4ClassRunner.java:57)
	at org.junit.runners.ParentRunner$3.run(ParentRunner.java:290)
	at org.junit.runners.ParentRunner$1.schedule(ParentRunner.java:71)
	at org.junit.runners.ParentRunner.runChildren(ParentRunner.java:288)
	at org.junit.runners.ParentRunner.access$000(ParentRunner.java:58)
	at org.junit.runners.ParentRunner$2.evaluate(ParentRunner.java:268)
	at org.junit.runners.ParentRunner.run(ParentRunner.java:363)
	at org.gradle.api.internal.tasks.testing.junit.JUnitTestClassExecuter.runTestClass(JUnitTestClassExecuter.java:114)
	at org.gradle.api.internal.tasks.testing.junit.JUnitTestClassExecuter.execute(JUnitTestClassExecuter.java:57)
	at org.gradle.api.internal.tasks.testing.junit.JUnitTestClassProcessor.processTestClass(JUnitTestClassProcessor.java:66)
	at org.gradle.api.internal.tasks.testing.SuiteTestClassProcessor.processTestClass(SuiteTestClassProcessor.java:51)
	at sun.reflect.GeneratedMethodAccessor81.invoke(Unknown Source)
	at sun.reflect.DelegatingMethodAccessorImpl.invoke(DelegatingMethodAccessorImpl.java:43)
	at java.lang.reflect.Method.invoke(Method.java:498)
	at org.gradle.internal.dispatch.ReflectionDispatch.dispatch(ReflectionDispatch.java:35)
	at org.gradle.internal.dispatch.ReflectionDispatch.dispatch(ReflectionDispatch.java:24)
	at org.gradle.internal.dispatch.ContextClassLoaderDispatch.dispatch(ContextClassLoaderDispatch.java:32)
	at org.gradle.internal.dispatch.ProxyDispatchAdapter$DispatchingInvocationHandler.invoke(ProxyDispatchAdapter.java:93)
	at com.sun.proxy.$Proxy2.processTestClass(Unknown Source)
	at org.gradle.api.internal.tasks.testing.worker.TestWorker.processTestClass(TestWorker.java:109)
	at sun.reflect.GeneratedMethodAccessor80.invoke(Unknown Source)
	at sun.reflect.DelegatingMethodAccessorImpl.invoke(DelegatingMethodAccessorImpl.java:43)
	at java.lang.reflect.Method.invoke(Method.java:498)
	at org.gradle.internal.dispatch.ReflectionDispatch.dispatch(ReflectionDispatch.java:35)
	at org.gradle.internal.dispatch.ReflectionDispatch.dispatch(ReflectionDispatch.java:24)
	at org.gradle.internal.remote.internal.hub.MessageHub$Handler.run(MessageHub.java:377)
	at org.gradle.internal.concurrent.ExecutorPolicy$CatchAndRecordFailures.onExecute(ExecutorPolicy.java:54)
	at org.gradle.internal.concurrent.StoppableExecutorImpl$1.run(StoppableExecutorImpl.java:40)
	at java.util.concurrent.ThreadPoolExecutor.runWorker(ThreadPoolExecutor.java:1142)
	at java.util.concurrent.ThreadPoolExecutor$Worker.run(ThreadPoolExecutor.java:617)
	at java.lang.Thread.run(Thread.java:745)
</pre>
</span>
</div>
<div class="test">
<a name="testMatchAcceptance_08"></a>
<h3 class="failures">testMatchAcceptance_08</h3>
<span class="code">
<pre>java.lang.RuntimeException: Unrecoverable error during compilation: Variable name not found: n
	at ingraph.cypher2relalg.util.IngraphLogger.unrecoverableError(IngraphLogger.java:88)
	at ingraph.cypher2relalg.VariableBuilder._buildRelalgVariable(VariableBuilder.java:325)
	at ingraph.cypher2relalg.VariableBuilder.buildRelalgVariable(VariableBuilder.java:610)
	at ingraph.cypher2relalg.VariableBuilder.lambda$_buildVariableExpression$8(VariableBuilder.java:577)
	at org.eclipse.xtext.xbase.lib.ObjectExtensions.operator_doubleArrow(ObjectExtensions.java:139)
	at ingraph.cypher2relalg.VariableBuilder._buildVariableExpression(VariableBuilder.java:582)
	at ingraph.cypher2relalg.VariableBuilder.buildVariableExpression(VariableBuilder.java:632)
	at ingraph.cypher2relalg.RelalgBuilder._buildRelalgExpression(RelalgBuilder.java:1094)
	at ingraph.cypher2relalg.RelalgBuilder.buildRelalgExpression(RelalgBuilder.java:1724)
	at ingraph.cypher2relalg.RelalgBuilder.lambda$null$8(RelalgBuilder.java:450)
	at org.eclipse.xtext.xbase.lib.internal.FunctionDelegate.apply(FunctionDelegate.java:42)
	at com.google.common.collect.Lists$TransformingRandomAccessList$1.transform(Lists.java:651)
	at com.google.common.collect.TransformedIterator.next(TransformedIterator.java:47)
	at java.util.AbstractCollection.addAll(AbstractCollection.java:343)
	at java.util.LinkedHashSet.&lt;init&gt;(LinkedHashSet.java:169)
	at org.eclipse.emf.common.util.AbstractEList.getNonDuplicates(AbstractEList.java:1164)
	at org.eclipse.emf.common.util.AbstractEList.addAll(AbstractEList.java:368)
	at ingraph.cypher2relalg.RelalgBuilder.lambda$buildRelalgReturnBody$9(RelalgBuilder.java:454)
	at org.eclipse.xtext.xbase.lib.ObjectExtensions.operator_doubleArrow(ObjectExtensions.java:139)
	at ingraph.cypher2relalg.RelalgBuilder.buildRelalgReturnBody(RelalgBuilder.java:456)
	at ingraph.cypher2relalg.RelalgBuilder._buildRelalgReturn(RelalgBuilder.java:601)
	at ingraph.cypher2relalg.RelalgBuilder.buildRelalgReturn(RelalgBuilder.java:1641)
	at ingraph.cypher2relalg.RelalgBuilder._buildRelalgSubQuery(RelalgBuilder.java:363)
	at ingraph.cypher2relalg.RelalgBuilder._buildRelalg(RelalgBuilder.java:283)
	at ingraph.cypher2relalg.RelalgBuilder.buildRelalg(RelalgBuilder.java:1622)
	at ingraph.cypher2relalg.RelalgBuilder.build(RelalgBuilder.java:214)
	at ingraph.cypher2relalg.Cypher2Relalg.processCypher(Cypher2Relalg.java:22)
	at ingraph.cypher2relalg.tck.tests.MatchAcceptanceParserTest.testMatchAcceptance_08(MatchAcceptanceParserTest.java:203)
	at sun.reflect.NativeMethodAccessorImpl.invoke0(Native Method)
	at sun.reflect.NativeMethodAccessorImpl.invoke(NativeMethodAccessorImpl.java:62)
	at sun.reflect.DelegatingMethodAccessorImpl.invoke(DelegatingMethodAccessorImpl.java:43)
	at java.lang.reflect.Method.invoke(Method.java:498)
	at org.junit.runners.model.FrameworkMethod$1.runReflectiveCall(FrameworkMethod.java:50)
	at org.junit.internal.runners.model.ReflectiveCallable.run(ReflectiveCallable.java:12)
	at org.junit.runners.model.FrameworkMethod.invokeExplosively(FrameworkMethod.java:47)
	at org.junit.internal.runners.statements.InvokeMethod.evaluate(InvokeMethod.java:17)
	at org.junit.runners.ParentRunner.runLeaf(ParentRunner.java:325)
	at org.junit.runners.BlockJUnit4ClassRunner.runChild(BlockJUnit4ClassRunner.java:78)
	at org.junit.runners.BlockJUnit4ClassRunner.runChild(BlockJUnit4ClassRunner.java:57)
	at org.junit.runners.ParentRunner$3.run(ParentRunner.java:290)
	at org.junit.runners.ParentRunner$1.schedule(ParentRunner.java:71)
	at org.junit.runners.ParentRunner.runChildren(ParentRunner.java:288)
	at org.junit.runners.ParentRunner.access$000(ParentRunner.java:58)
	at org.junit.runners.ParentRunner$2.evaluate(ParentRunner.java:268)
	at org.junit.runners.ParentRunner.run(ParentRunner.java:363)
	at org.gradle.api.internal.tasks.testing.junit.JUnitTestClassExecuter.runTestClass(JUnitTestClassExecuter.java:114)
	at org.gradle.api.internal.tasks.testing.junit.JUnitTestClassExecuter.execute(JUnitTestClassExecuter.java:57)
	at org.gradle.api.internal.tasks.testing.junit.JUnitTestClassProcessor.processTestClass(JUnitTestClassProcessor.java:66)
	at org.gradle.api.internal.tasks.testing.SuiteTestClassProcessor.processTestClass(SuiteTestClassProcessor.java:51)
	at sun.reflect.GeneratedMethodAccessor81.invoke(Unknown Source)
	at sun.reflect.DelegatingMethodAccessorImpl.invoke(DelegatingMethodAccessorImpl.java:43)
	at java.lang.reflect.Method.invoke(Method.java:498)
	at org.gradle.internal.dispatch.ReflectionDispatch.dispatch(ReflectionDispatch.java:35)
	at org.gradle.internal.dispatch.ReflectionDispatch.dispatch(ReflectionDispatch.java:24)
	at org.gradle.internal.dispatch.ContextClassLoaderDispatch.dispatch(ContextClassLoaderDispatch.java:32)
	at org.gradle.internal.dispatch.ProxyDispatchAdapter$DispatchingInvocationHandler.invoke(ProxyDispatchAdapter.java:93)
	at com.sun.proxy.$Proxy2.processTestClass(Unknown Source)
	at org.gradle.api.internal.tasks.testing.worker.TestWorker.processTestClass(TestWorker.java:109)
	at sun.reflect.GeneratedMethodAccessor80.invoke(Unknown Source)
	at sun.reflect.DelegatingMethodAccessorImpl.invoke(DelegatingMethodAccessorImpl.java:43)
	at java.lang.reflect.Method.invoke(Method.java:498)
	at org.gradle.internal.dispatch.ReflectionDispatch.dispatch(ReflectionDispatch.java:35)
	at org.gradle.internal.dispatch.ReflectionDispatch.dispatch(ReflectionDispatch.java:24)
	at org.gradle.internal.remote.internal.hub.MessageHub$Handler.run(MessageHub.java:377)
	at org.gradle.internal.concurrent.ExecutorPolicy$CatchAndRecordFailures.onExecute(ExecutorPolicy.java:54)
	at org.gradle.internal.concurrent.StoppableExecutorImpl$1.run(StoppableExecutorImpl.java:40)
	at java.util.concurrent.ThreadPoolExecutor.runWorker(ThreadPoolExecutor.java:1142)
	at java.util.concurrent.ThreadPoolExecutor$Worker.run(ThreadPoolExecutor.java:617)
	at java.lang.Thread.run(Thread.java:745)
</pre>
</span>
</div>
<div class="test">
<a name="testMatchAcceptance_18"></a>
<h3 class="failures">testMatchAcceptance_18</h3>
<span class="code">
<pre>java.lang.UnsupportedOperationException: Not supported (yet) Variable assignment not supported for PatternPart (in MATCH clause)
	at ingraph.cypher2relalg.util.IngraphLogger.unsupported(IngraphLogger.java:75)
	at ingraph.cypher2relalg.RelalgBuilder._buildRelalg(RelalgBuilder.java:1470)
	at ingraph.cypher2relalg.RelalgBuilder.buildRelalg(RelalgBuilder.java:1632)
	at ingraph.cypher2relalg.RelalgBuilder.lambda$_buildRelalg$17(RelalgBuilder.java:658)
	at org.eclipse.xtext.xbase.lib.internal.FunctionDelegate.apply(FunctionDelegate.java:42)
	at com.google.common.collect.Lists$TransformingRandomAccessList$1.transform(Lists.java:651)
	at com.google.common.collect.TransformedIterator.next(TransformedIterator.java:47)
	at ingraph.cypher2relalg.util.Cypher2RelalgUtil.buildLeftDeepTree(Cypher2RelalgUtil.java:69)
	at ingraph.cypher2relalg.RelalgBuilder.lambda$_buildRelalg$18(RelalgBuilder.java:667)
	at org.eclipse.xtext.xbase.lib.ObjectExtensions.operator_doubleArrow(ObjectExtensions.java:139)
	at ingraph.cypher2relalg.RelalgBuilder._buildRelalg(RelalgBuilder.java:670)
	at ingraph.cypher2relalg.RelalgBuilder.buildRelalg(RelalgBuilder.java:1628)
	at ingraph.cypher2relalg.RelalgBuilder.lambda$null$2(RelalgBuilder.java:329)
	at org.eclipse.xtext.xbase.lib.ObjectExtensions.operator_doubleArrow(ObjectExtensions.java:139)
	at ingraph.cypher2relalg.RelalgBuilder.lambda$_buildRelalgSubQuery$3(RelalgBuilder.java:332)
	at org.eclipse.xtext.xbase.lib.internal.FunctionDelegate.apply(FunctionDelegate.java:42)
	at com.google.common.collect.Iterators$7.transform(Iterators.java:750)
	at com.google.common.collect.TransformedIterator.next(TransformedIterator.java:47)
	at org.eclipse.xtext.xbase.lib.IteratorExtensions.head(IteratorExtensions.java:140)
	at org.eclipse.xtext.xbase.lib.IterableExtensions.head(IterableExtensions.java:119)
	at ingraph.cypher2relalg.RelalgBuilder._buildRelalgSubQuery(RelalgBuilder.java:338)
	at ingraph.cypher2relalg.RelalgBuilder._buildRelalg(RelalgBuilder.java:283)
	at ingraph.cypher2relalg.RelalgBuilder.buildRelalg(RelalgBuilder.java:1622)
	at ingraph.cypher2relalg.RelalgBuilder.build(RelalgBuilder.java:214)
	at ingraph.cypher2relalg.Cypher2Relalg.processCypher(Cypher2Relalg.java:22)
	at ingraph.cypher2relalg.tck.tests.MatchAcceptanceParserTest.testMatchAcceptance_18(MatchAcceptanceParserTest.java:455)
	at sun.reflect.NativeMethodAccessorImpl.invoke0(Native Method)
	at sun.reflect.NativeMethodAccessorImpl.invoke(NativeMethodAccessorImpl.java:62)
	at sun.reflect.DelegatingMethodAccessorImpl.invoke(DelegatingMethodAccessorImpl.java:43)
	at java.lang.reflect.Method.invoke(Method.java:498)
	at org.junit.runners.model.FrameworkMethod$1.runReflectiveCall(FrameworkMethod.java:50)
	at org.junit.internal.runners.model.ReflectiveCallable.run(ReflectiveCallable.java:12)
	at org.junit.runners.model.FrameworkMethod.invokeExplosively(FrameworkMethod.java:47)
	at org.junit.internal.runners.statements.InvokeMethod.evaluate(InvokeMethod.java:17)
	at org.junit.runners.ParentRunner.runLeaf(ParentRunner.java:325)
	at org.junit.runners.BlockJUnit4ClassRunner.runChild(BlockJUnit4ClassRunner.java:78)
	at org.junit.runners.BlockJUnit4ClassRunner.runChild(BlockJUnit4ClassRunner.java:57)
	at org.junit.runners.ParentRunner$3.run(ParentRunner.java:290)
	at org.junit.runners.ParentRunner$1.schedule(ParentRunner.java:71)
	at org.junit.runners.ParentRunner.runChildren(ParentRunner.java:288)
	at org.junit.runners.ParentRunner.access$000(ParentRunner.java:58)
	at org.junit.runners.ParentRunner$2.evaluate(ParentRunner.java:268)
	at org.junit.runners.ParentRunner.run(ParentRunner.java:363)
	at org.gradle.api.internal.tasks.testing.junit.JUnitTestClassExecuter.runTestClass(JUnitTestClassExecuter.java:114)
	at org.gradle.api.internal.tasks.testing.junit.JUnitTestClassExecuter.execute(JUnitTestClassExecuter.java:57)
	at org.gradle.api.internal.tasks.testing.junit.JUnitTestClassProcessor.processTestClass(JUnitTestClassProcessor.java:66)
	at org.gradle.api.internal.tasks.testing.SuiteTestClassProcessor.processTestClass(SuiteTestClassProcessor.java:51)
	at sun.reflect.GeneratedMethodAccessor81.invoke(Unknown Source)
	at sun.reflect.DelegatingMethodAccessorImpl.invoke(DelegatingMethodAccessorImpl.java:43)
	at java.lang.reflect.Method.invoke(Method.java:498)
	at org.gradle.internal.dispatch.ReflectionDispatch.dispatch(ReflectionDispatch.java:35)
	at org.gradle.internal.dispatch.ReflectionDispatch.dispatch(ReflectionDispatch.java:24)
	at org.gradle.internal.dispatch.ContextClassLoaderDispatch.dispatch(ContextClassLoaderDispatch.java:32)
	at org.gradle.internal.dispatch.ProxyDispatchAdapter$DispatchingInvocationHandler.invoke(ProxyDispatchAdapter.java:93)
	at com.sun.proxy.$Proxy2.processTestClass(Unknown Source)
	at org.gradle.api.internal.tasks.testing.worker.TestWorker.processTestClass(TestWorker.java:109)
	at sun.reflect.GeneratedMethodAccessor80.invoke(Unknown Source)
	at sun.reflect.DelegatingMethodAccessorImpl.invoke(DelegatingMethodAccessorImpl.java:43)
	at java.lang.reflect.Method.invoke(Method.java:498)
	at org.gradle.internal.dispatch.ReflectionDispatch.dispatch(ReflectionDispatch.java:35)
	at org.gradle.internal.dispatch.ReflectionDispatch.dispatch(ReflectionDispatch.java:24)
	at org.gradle.internal.remote.internal.hub.MessageHub$Handler.run(MessageHub.java:377)
	at org.gradle.internal.concurrent.ExecutorPolicy$CatchAndRecordFailures.onExecute(ExecutorPolicy.java:54)
	at org.gradle.internal.concurrent.StoppableExecutorImpl$1.run(StoppableExecutorImpl.java:40)
	at java.util.concurrent.ThreadPoolExecutor.runWorker(ThreadPoolExecutor.java:1142)
	at java.util.concurrent.ThreadPoolExecutor$Worker.run(ThreadPoolExecutor.java:617)
	at java.lang.Thread.run(Thread.java:745)
</pre>
</span>
</div>
<div class="test">
<a name="testMatchAcceptance_19"></a>
<h3 class="failures">testMatchAcceptance_19</h3>
<span class="code">
<pre>java.lang.UnsupportedOperationException: Not supported (yet) Variable assignment not supported for PatternPart (in MATCH clause)
	at ingraph.cypher2relalg.util.IngraphLogger.unsupported(IngraphLogger.java:75)
	at ingraph.cypher2relalg.RelalgBuilder._buildRelalg(RelalgBuilder.java:1470)
	at ingraph.cypher2relalg.RelalgBuilder.buildRelalg(RelalgBuilder.java:1632)
	at ingraph.cypher2relalg.RelalgBuilder.lambda$_buildRelalg$17(RelalgBuilder.java:658)
	at org.eclipse.xtext.xbase.lib.internal.FunctionDelegate.apply(FunctionDelegate.java:42)
	at com.google.common.collect.Lists$TransformingRandomAccessList$1.transform(Lists.java:651)
	at com.google.common.collect.TransformedIterator.next(TransformedIterator.java:47)
	at ingraph.cypher2relalg.util.Cypher2RelalgUtil.buildLeftDeepTree(Cypher2RelalgUtil.java:69)
	at ingraph.cypher2relalg.RelalgBuilder.lambda$_buildRelalg$18(RelalgBuilder.java:667)
	at org.eclipse.xtext.xbase.lib.ObjectExtensions.operator_doubleArrow(ObjectExtensions.java:139)
	at ingraph.cypher2relalg.RelalgBuilder._buildRelalg(RelalgBuilder.java:670)
	at ingraph.cypher2relalg.RelalgBuilder.buildRelalg(RelalgBuilder.java:1628)
	at ingraph.cypher2relalg.RelalgBuilder.lambda$null$2(RelalgBuilder.java:329)
	at org.eclipse.xtext.xbase.lib.ObjectExtensions.operator_doubleArrow(ObjectExtensions.java:139)
	at ingraph.cypher2relalg.RelalgBuilder.lambda$_buildRelalgSubQuery$3(RelalgBuilder.java:332)
	at org.eclipse.xtext.xbase.lib.internal.FunctionDelegate.apply(FunctionDelegate.java:42)
	at com.google.common.collect.Iterators$7.transform(Iterators.java:750)
	at com.google.common.collect.TransformedIterator.next(TransformedIterator.java:47)
	at org.eclipse.xtext.xbase.lib.IteratorExtensions.head(IteratorExtensions.java:140)
	at org.eclipse.xtext.xbase.lib.IterableExtensions.head(IterableExtensions.java:119)
	at ingraph.cypher2relalg.RelalgBuilder._buildRelalgSubQuery(RelalgBuilder.java:338)
	at ingraph.cypher2relalg.RelalgBuilder._buildRelalg(RelalgBuilder.java:283)
	at ingraph.cypher2relalg.RelalgBuilder.buildRelalg(RelalgBuilder.java:1622)
	at ingraph.cypher2relalg.RelalgBuilder.build(RelalgBuilder.java:214)
	at ingraph.cypher2relalg.Cypher2Relalg.processCypher(Cypher2Relalg.java:22)
	at ingraph.cypher2relalg.tck.tests.MatchAcceptanceParserTest.testMatchAcceptance_19(MatchAcceptanceParserTest.java:477)
	at sun.reflect.NativeMethodAccessorImpl.invoke0(Native Method)
	at sun.reflect.NativeMethodAccessorImpl.invoke(NativeMethodAccessorImpl.java:62)
	at sun.reflect.DelegatingMethodAccessorImpl.invoke(DelegatingMethodAccessorImpl.java:43)
	at java.lang.reflect.Method.invoke(Method.java:498)
	at org.junit.runners.model.FrameworkMethod$1.runReflectiveCall(FrameworkMethod.java:50)
	at org.junit.internal.runners.model.ReflectiveCallable.run(ReflectiveCallable.java:12)
	at org.junit.runners.model.FrameworkMethod.invokeExplosively(FrameworkMethod.java:47)
	at org.junit.internal.runners.statements.InvokeMethod.evaluate(InvokeMethod.java:17)
	at org.junit.runners.ParentRunner.runLeaf(ParentRunner.java:325)
	at org.junit.runners.BlockJUnit4ClassRunner.runChild(BlockJUnit4ClassRunner.java:78)
	at org.junit.runners.BlockJUnit4ClassRunner.runChild(BlockJUnit4ClassRunner.java:57)
	at org.junit.runners.ParentRunner$3.run(ParentRunner.java:290)
	at org.junit.runners.ParentRunner$1.schedule(ParentRunner.java:71)
	at org.junit.runners.ParentRunner.runChildren(ParentRunner.java:288)
	at org.junit.runners.ParentRunner.access$000(ParentRunner.java:58)
	at org.junit.runners.ParentRunner$2.evaluate(ParentRunner.java:268)
	at org.junit.runners.ParentRunner.run(ParentRunner.java:363)
	at org.gradle.api.internal.tasks.testing.junit.JUnitTestClassExecuter.runTestClass(JUnitTestClassExecuter.java:114)
	at org.gradle.api.internal.tasks.testing.junit.JUnitTestClassExecuter.execute(JUnitTestClassExecuter.java:57)
	at org.gradle.api.internal.tasks.testing.junit.JUnitTestClassProcessor.processTestClass(JUnitTestClassProcessor.java:66)
	at org.gradle.api.internal.tasks.testing.SuiteTestClassProcessor.processTestClass(SuiteTestClassProcessor.java:51)
	at sun.reflect.GeneratedMethodAccessor81.invoke(Unknown Source)
	at sun.reflect.DelegatingMethodAccessorImpl.invoke(DelegatingMethodAccessorImpl.java:43)
	at java.lang.reflect.Method.invoke(Method.java:498)
	at org.gradle.internal.dispatch.ReflectionDispatch.dispatch(ReflectionDispatch.java:35)
	at org.gradle.internal.dispatch.ReflectionDispatch.dispatch(ReflectionDispatch.java:24)
	at org.gradle.internal.dispatch.ContextClassLoaderDispatch.dispatch(ContextClassLoaderDispatch.java:32)
	at org.gradle.internal.dispatch.ProxyDispatchAdapter$DispatchingInvocationHandler.invoke(ProxyDispatchAdapter.java:93)
	at com.sun.proxy.$Proxy2.processTestClass(Unknown Source)
	at org.gradle.api.internal.tasks.testing.worker.TestWorker.processTestClass(TestWorker.java:109)
	at sun.reflect.GeneratedMethodAccessor80.invoke(Unknown Source)
	at sun.reflect.DelegatingMethodAccessorImpl.invoke(DelegatingMethodAccessorImpl.java:43)
	at java.lang.reflect.Method.invoke(Method.java:498)
	at org.gradle.internal.dispatch.ReflectionDispatch.dispatch(ReflectionDispatch.java:35)
	at org.gradle.internal.dispatch.ReflectionDispatch.dispatch(ReflectionDispatch.java:24)
	at org.gradle.internal.remote.internal.hub.MessageHub$Handler.run(MessageHub.java:377)
	at org.gradle.internal.concurrent.ExecutorPolicy$CatchAndRecordFailures.onExecute(ExecutorPolicy.java:54)
	at org.gradle.internal.concurrent.StoppableExecutorImpl$1.run(StoppableExecutorImpl.java:40)
	at java.util.concurrent.ThreadPoolExecutor.runWorker(ThreadPoolExecutor.java:1142)
	at java.util.concurrent.ThreadPoolExecutor$Worker.run(ThreadPoolExecutor.java:617)
	at java.lang.Thread.run(Thread.java:745)
</pre>
</span>
</div>
<div class="test">
<a name="testMatchAcceptance_20"></a>
<h3 class="failures">testMatchAcceptance_20</h3>
<span class="code">
<pre>java.lang.UnsupportedOperationException: Not supported (yet) Variable assignment not supported for PatternPart (in MATCH clause)
	at ingraph.cypher2relalg.util.IngraphLogger.unsupported(IngraphLogger.java:75)
	at ingraph.cypher2relalg.RelalgBuilder._buildRelalg(RelalgBuilder.java:1470)
	at ingraph.cypher2relalg.RelalgBuilder.buildRelalg(RelalgBuilder.java:1632)
	at ingraph.cypher2relalg.RelalgBuilder.lambda$_buildRelalg$17(RelalgBuilder.java:658)
	at org.eclipse.xtext.xbase.lib.internal.FunctionDelegate.apply(FunctionDelegate.java:42)
	at com.google.common.collect.Lists$TransformingRandomAccessList$1.transform(Lists.java:651)
	at com.google.common.collect.TransformedIterator.next(TransformedIterator.java:47)
	at ingraph.cypher2relalg.util.Cypher2RelalgUtil.buildLeftDeepTree(Cypher2RelalgUtil.java:69)
	at ingraph.cypher2relalg.RelalgBuilder.lambda$_buildRelalg$18(RelalgBuilder.java:667)
	at org.eclipse.xtext.xbase.lib.ObjectExtensions.operator_doubleArrow(ObjectExtensions.java:139)
	at ingraph.cypher2relalg.RelalgBuilder._buildRelalg(RelalgBuilder.java:670)
	at ingraph.cypher2relalg.RelalgBuilder.buildRelalg(RelalgBuilder.java:1628)
	at ingraph.cypher2relalg.RelalgBuilder.lambda$null$2(RelalgBuilder.java:329)
	at org.eclipse.xtext.xbase.lib.ObjectExtensions.operator_doubleArrow(ObjectExtensions.java:139)
	at ingraph.cypher2relalg.RelalgBuilder.lambda$_buildRelalgSubQuery$3(RelalgBuilder.java:332)
	at org.eclipse.xtext.xbase.lib.internal.FunctionDelegate.apply(FunctionDelegate.java:42)
	at com.google.common.collect.Iterators$7.transform(Iterators.java:750)
	at com.google.common.collect.TransformedIterator.next(TransformedIterator.java:47)
	at org.eclipse.xtext.xbase.lib.IteratorExtensions.head(IteratorExtensions.java:140)
	at org.eclipse.xtext.xbase.lib.IterableExtensions.head(IterableExtensions.java:119)
	at ingraph.cypher2relalg.RelalgBuilder._buildRelalgSubQuery(RelalgBuilder.java:338)
	at ingraph.cypher2relalg.RelalgBuilder._buildRelalg(RelalgBuilder.java:283)
	at ingraph.cypher2relalg.RelalgBuilder.buildRelalg(RelalgBuilder.java:1622)
	at ingraph.cypher2relalg.RelalgBuilder.build(RelalgBuilder.java:214)
	at ingraph.cypher2relalg.Cypher2Relalg.processCypher(Cypher2Relalg.java:22)
	at ingraph.cypher2relalg.tck.tests.MatchAcceptanceParserTest.testMatchAcceptance_20(MatchAcceptanceParserTest.java:501)
	at sun.reflect.NativeMethodAccessorImpl.invoke0(Native Method)
	at sun.reflect.NativeMethodAccessorImpl.invoke(NativeMethodAccessorImpl.java:62)
	at sun.reflect.DelegatingMethodAccessorImpl.invoke(DelegatingMethodAccessorImpl.java:43)
	at java.lang.reflect.Method.invoke(Method.java:498)
	at org.junit.runners.model.FrameworkMethod$1.runReflectiveCall(FrameworkMethod.java:50)
	at org.junit.internal.runners.model.ReflectiveCallable.run(ReflectiveCallable.java:12)
	at org.junit.runners.model.FrameworkMethod.invokeExplosively(FrameworkMethod.java:47)
	at org.junit.internal.runners.statements.InvokeMethod.evaluate(InvokeMethod.java:17)
	at org.junit.runners.ParentRunner.runLeaf(ParentRunner.java:325)
	at org.junit.runners.BlockJUnit4ClassRunner.runChild(BlockJUnit4ClassRunner.java:78)
	at org.junit.runners.BlockJUnit4ClassRunner.runChild(BlockJUnit4ClassRunner.java:57)
	at org.junit.runners.ParentRunner$3.run(ParentRunner.java:290)
	at org.junit.runners.ParentRunner$1.schedule(ParentRunner.java:71)
	at org.junit.runners.ParentRunner.runChildren(ParentRunner.java:288)
	at org.junit.runners.ParentRunner.access$000(ParentRunner.java:58)
	at org.junit.runners.ParentRunner$2.evaluate(ParentRunner.java:268)
	at org.junit.runners.ParentRunner.run(ParentRunner.java:363)
	at org.gradle.api.internal.tasks.testing.junit.JUnitTestClassExecuter.runTestClass(JUnitTestClassExecuter.java:114)
	at org.gradle.api.internal.tasks.testing.junit.JUnitTestClassExecuter.execute(JUnitTestClassExecuter.java:57)
	at org.gradle.api.internal.tasks.testing.junit.JUnitTestClassProcessor.processTestClass(JUnitTestClassProcessor.java:66)
	at org.gradle.api.internal.tasks.testing.SuiteTestClassProcessor.processTestClass(SuiteTestClassProcessor.java:51)
	at sun.reflect.GeneratedMethodAccessor81.invoke(Unknown Source)
	at sun.reflect.DelegatingMethodAccessorImpl.invoke(DelegatingMethodAccessorImpl.java:43)
	at java.lang.reflect.Method.invoke(Method.java:498)
	at org.gradle.internal.dispatch.ReflectionDispatch.dispatch(ReflectionDispatch.java:35)
	at org.gradle.internal.dispatch.ReflectionDispatch.dispatch(ReflectionDispatch.java:24)
	at org.gradle.internal.dispatch.ContextClassLoaderDispatch.dispatch(ContextClassLoaderDispatch.java:32)
	at org.gradle.internal.dispatch.ProxyDispatchAdapter$DispatchingInvocationHandler.invoke(ProxyDispatchAdapter.java:93)
	at com.sun.proxy.$Proxy2.processTestClass(Unknown Source)
	at org.gradle.api.internal.tasks.testing.worker.TestWorker.processTestClass(TestWorker.java:109)
	at sun.reflect.GeneratedMethodAccessor80.invoke(Unknown Source)
	at sun.reflect.DelegatingMethodAccessorImpl.invoke(DelegatingMethodAccessorImpl.java:43)
	at java.lang.reflect.Method.invoke(Method.java:498)
	at org.gradle.internal.dispatch.ReflectionDispatch.dispatch(ReflectionDispatch.java:35)
	at org.gradle.internal.dispatch.ReflectionDispatch.dispatch(ReflectionDispatch.java:24)
	at org.gradle.internal.remote.internal.hub.MessageHub$Handler.run(MessageHub.java:377)
	at org.gradle.internal.concurrent.ExecutorPolicy$CatchAndRecordFailures.onExecute(ExecutorPolicy.java:54)
	at org.gradle.internal.concurrent.StoppableExecutorImpl$1.run(StoppableExecutorImpl.java:40)
	at java.util.concurrent.ThreadPoolExecutor.runWorker(ThreadPoolExecutor.java:1142)
	at java.util.concurrent.ThreadPoolExecutor$Worker.run(ThreadPoolExecutor.java:617)
	at java.lang.Thread.run(Thread.java:745)
</pre>
</span>
</div>
<div class="test">
<a name="testMatchAcceptance_21"></a>
<h3 class="failures">testMatchAcceptance_21</h3>
<span class="code">
<pre>java.lang.UnsupportedOperationException: Not supported (yet) Variable assignment not supported for PatternPart (in MATCH clause)
	at ingraph.cypher2relalg.util.IngraphLogger.unsupported(IngraphLogger.java:75)
	at ingraph.cypher2relalg.RelalgBuilder._buildRelalg(RelalgBuilder.java:1470)
	at ingraph.cypher2relalg.RelalgBuilder.buildRelalg(RelalgBuilder.java:1632)
	at ingraph.cypher2relalg.RelalgBuilder.lambda$_buildRelalg$17(RelalgBuilder.java:658)
	at org.eclipse.xtext.xbase.lib.internal.FunctionDelegate.apply(FunctionDelegate.java:42)
	at com.google.common.collect.Lists$TransformingRandomAccessList$1.transform(Lists.java:651)
	at com.google.common.collect.TransformedIterator.next(TransformedIterator.java:47)
	at ingraph.cypher2relalg.util.Cypher2RelalgUtil.buildLeftDeepTree(Cypher2RelalgUtil.java:69)
	at ingraph.cypher2relalg.RelalgBuilder.lambda$_buildRelalg$18(RelalgBuilder.java:667)
	at org.eclipse.xtext.xbase.lib.ObjectExtensions.operator_doubleArrow(ObjectExtensions.java:139)
	at ingraph.cypher2relalg.RelalgBuilder._buildRelalg(RelalgBuilder.java:670)
	at ingraph.cypher2relalg.RelalgBuilder.buildRelalg(RelalgBuilder.java:1628)
	at ingraph.cypher2relalg.RelalgBuilder.lambda$null$2(RelalgBuilder.java:329)
	at org.eclipse.xtext.xbase.lib.ObjectExtensions.operator_doubleArrow(ObjectExtensions.java:139)
	at ingraph.cypher2relalg.RelalgBuilder.lambda$_buildRelalgSubQuery$3(RelalgBuilder.java:332)
	at org.eclipse.xtext.xbase.lib.internal.FunctionDelegate.apply(FunctionDelegate.java:42)
	at com.google.common.collect.Iterators$7.transform(Iterators.java:750)
	at com.google.common.collect.TransformedIterator.next(TransformedIterator.java:47)
	at org.eclipse.xtext.xbase.lib.IteratorExtensions.head(IteratorExtensions.java:140)
	at org.eclipse.xtext.xbase.lib.IterableExtensions.head(IterableExtensions.java:119)
	at ingraph.cypher2relalg.RelalgBuilder._buildRelalgSubQuery(RelalgBuilder.java:338)
	at ingraph.cypher2relalg.RelalgBuilder._buildRelalg(RelalgBuilder.java:283)
	at ingraph.cypher2relalg.RelalgBuilder.buildRelalg(RelalgBuilder.java:1622)
	at ingraph.cypher2relalg.RelalgBuilder.build(RelalgBuilder.java:214)
	at ingraph.cypher2relalg.Cypher2Relalg.processCypher(Cypher2Relalg.java:22)
	at ingraph.cypher2relalg.tck.tests.MatchAcceptanceParserTest.testMatchAcceptance_21(MatchAcceptanceParserTest.java:525)
	at sun.reflect.NativeMethodAccessorImpl.invoke0(Native Method)
	at sun.reflect.NativeMethodAccessorImpl.invoke(NativeMethodAccessorImpl.java:62)
	at sun.reflect.DelegatingMethodAccessorImpl.invoke(DelegatingMethodAccessorImpl.java:43)
	at java.lang.reflect.Method.invoke(Method.java:498)
	at org.junit.runners.model.FrameworkMethod$1.runReflectiveCall(FrameworkMethod.java:50)
	at org.junit.internal.runners.model.ReflectiveCallable.run(ReflectiveCallable.java:12)
	at org.junit.runners.model.FrameworkMethod.invokeExplosively(FrameworkMethod.java:47)
	at org.junit.internal.runners.statements.InvokeMethod.evaluate(InvokeMethod.java:17)
	at org.junit.runners.ParentRunner.runLeaf(ParentRunner.java:325)
	at org.junit.runners.BlockJUnit4ClassRunner.runChild(BlockJUnit4ClassRunner.java:78)
	at org.junit.runners.BlockJUnit4ClassRunner.runChild(BlockJUnit4ClassRunner.java:57)
	at org.junit.runners.ParentRunner$3.run(ParentRunner.java:290)
	at org.junit.runners.ParentRunner$1.schedule(ParentRunner.java:71)
	at org.junit.runners.ParentRunner.runChildren(ParentRunner.java:288)
	at org.junit.runners.ParentRunner.access$000(ParentRunner.java:58)
	at org.junit.runners.ParentRunner$2.evaluate(ParentRunner.java:268)
	at org.junit.runners.ParentRunner.run(ParentRunner.java:363)
	at org.gradle.api.internal.tasks.testing.junit.JUnitTestClassExecuter.runTestClass(JUnitTestClassExecuter.java:114)
	at org.gradle.api.internal.tasks.testing.junit.JUnitTestClassExecuter.execute(JUnitTestClassExecuter.java:57)
	at org.gradle.api.internal.tasks.testing.junit.JUnitTestClassProcessor.processTestClass(JUnitTestClassProcessor.java:66)
	at org.gradle.api.internal.tasks.testing.SuiteTestClassProcessor.processTestClass(SuiteTestClassProcessor.java:51)
	at sun.reflect.GeneratedMethodAccessor81.invoke(Unknown Source)
	at sun.reflect.DelegatingMethodAccessorImpl.invoke(DelegatingMethodAccessorImpl.java:43)
	at java.lang.reflect.Method.invoke(Method.java:498)
	at org.gradle.internal.dispatch.ReflectionDispatch.dispatch(ReflectionDispatch.java:35)
	at org.gradle.internal.dispatch.ReflectionDispatch.dispatch(ReflectionDispatch.java:24)
	at org.gradle.internal.dispatch.ContextClassLoaderDispatch.dispatch(ContextClassLoaderDispatch.java:32)
	at org.gradle.internal.dispatch.ProxyDispatchAdapter$DispatchingInvocationHandler.invoke(ProxyDispatchAdapter.java:93)
	at com.sun.proxy.$Proxy2.processTestClass(Unknown Source)
	at org.gradle.api.internal.tasks.testing.worker.TestWorker.processTestClass(TestWorker.java:109)
	at sun.reflect.GeneratedMethodAccessor80.invoke(Unknown Source)
	at sun.reflect.DelegatingMethodAccessorImpl.invoke(DelegatingMethodAccessorImpl.java:43)
	at java.lang.reflect.Method.invoke(Method.java:498)
	at org.gradle.internal.dispatch.ReflectionDispatch.dispatch(ReflectionDispatch.java:35)
	at org.gradle.internal.dispatch.ReflectionDispatch.dispatch(ReflectionDispatch.java:24)
	at org.gradle.internal.remote.internal.hub.MessageHub$Handler.run(MessageHub.java:377)
	at org.gradle.internal.concurrent.ExecutorPolicy$CatchAndRecordFailures.onExecute(ExecutorPolicy.java:54)
	at org.gradle.internal.concurrent.StoppableExecutorImpl$1.run(StoppableExecutorImpl.java:40)
	at java.util.concurrent.ThreadPoolExecutor.runWorker(ThreadPoolExecutor.java:1142)
	at java.util.concurrent.ThreadPoolExecutor$Worker.run(ThreadPoolExecutor.java:617)
	at java.lang.Thread.run(Thread.java:745)
</pre>
</span>
</div>
<div class="test">
<a name="testMatchAcceptance_22"></a>
<h3 class="failures">testMatchAcceptance_22</h3>
<span class="code">
<pre>java.lang.UnsupportedOperationException: Not supported (yet) Variable assignment not supported for PatternPart (in MATCH clause)
	at ingraph.cypher2relalg.util.IngraphLogger.unsupported(IngraphLogger.java:75)
	at ingraph.cypher2relalg.RelalgBuilder._buildRelalg(RelalgBuilder.java:1470)
	at ingraph.cypher2relalg.RelalgBuilder.buildRelalg(RelalgBuilder.java:1632)
	at ingraph.cypher2relalg.RelalgBuilder.lambda$_buildRelalg$17(RelalgBuilder.java:658)
	at org.eclipse.xtext.xbase.lib.internal.FunctionDelegate.apply(FunctionDelegate.java:42)
	at com.google.common.collect.Lists$TransformingRandomAccessList$1.transform(Lists.java:651)
	at com.google.common.collect.TransformedIterator.next(TransformedIterator.java:47)
	at ingraph.cypher2relalg.util.Cypher2RelalgUtil.buildLeftDeepTree(Cypher2RelalgUtil.java:69)
	at ingraph.cypher2relalg.RelalgBuilder.lambda$_buildRelalg$18(RelalgBuilder.java:667)
	at org.eclipse.xtext.xbase.lib.ObjectExtensions.operator_doubleArrow(ObjectExtensions.java:139)
	at ingraph.cypher2relalg.RelalgBuilder._buildRelalg(RelalgBuilder.java:670)
	at ingraph.cypher2relalg.RelalgBuilder.buildRelalg(RelalgBuilder.java:1628)
	at ingraph.cypher2relalg.RelalgBuilder.lambda$null$2(RelalgBuilder.java:329)
	at org.eclipse.xtext.xbase.lib.ObjectExtensions.operator_doubleArrow(ObjectExtensions.java:139)
	at ingraph.cypher2relalg.RelalgBuilder.lambda$_buildRelalgSubQuery$3(RelalgBuilder.java:332)
	at org.eclipse.xtext.xbase.lib.internal.FunctionDelegate.apply(FunctionDelegate.java:42)
	at com.google.common.collect.Iterators$7.transform(Iterators.java:750)
	at com.google.common.collect.TransformedIterator.next(TransformedIterator.java:47)
	at org.eclipse.xtext.xbase.lib.IteratorExtensions.head(IteratorExtensions.java:140)
	at org.eclipse.xtext.xbase.lib.IterableExtensions.head(IterableExtensions.java:119)
	at ingraph.cypher2relalg.RelalgBuilder._buildRelalgSubQuery(RelalgBuilder.java:338)
	at ingraph.cypher2relalg.RelalgBuilder._buildRelalg(RelalgBuilder.java:283)
	at ingraph.cypher2relalg.RelalgBuilder.buildRelalg(RelalgBuilder.java:1622)
	at ingraph.cypher2relalg.RelalgBuilder.build(RelalgBuilder.java:214)
	at ingraph.cypher2relalg.Cypher2Relalg.processCypher(Cypher2Relalg.java:22)
	at ingraph.cypher2relalg.tck.tests.MatchAcceptanceParserTest.testMatchAcceptance_22(MatchAcceptanceParserTest.java:547)
	at sun.reflect.NativeMethodAccessorImpl.invoke0(Native Method)
	at sun.reflect.NativeMethodAccessorImpl.invoke(NativeMethodAccessorImpl.java:62)
	at sun.reflect.DelegatingMethodAccessorImpl.invoke(DelegatingMethodAccessorImpl.java:43)
	at java.lang.reflect.Method.invoke(Method.java:498)
	at org.junit.runners.model.FrameworkMethod$1.runReflectiveCall(FrameworkMethod.java:50)
	at org.junit.internal.runners.model.ReflectiveCallable.run(ReflectiveCallable.java:12)
	at org.junit.runners.model.FrameworkMethod.invokeExplosively(FrameworkMethod.java:47)
	at org.junit.internal.runners.statements.InvokeMethod.evaluate(InvokeMethod.java:17)
	at org.junit.runners.ParentRunner.runLeaf(ParentRunner.java:325)
	at org.junit.runners.BlockJUnit4ClassRunner.runChild(BlockJUnit4ClassRunner.java:78)
	at org.junit.runners.BlockJUnit4ClassRunner.runChild(BlockJUnit4ClassRunner.java:57)
	at org.junit.runners.ParentRunner$3.run(ParentRunner.java:290)
	at org.junit.runners.ParentRunner$1.schedule(ParentRunner.java:71)
	at org.junit.runners.ParentRunner.runChildren(ParentRunner.java:288)
	at org.junit.runners.ParentRunner.access$000(ParentRunner.java:58)
	at org.junit.runners.ParentRunner$2.evaluate(ParentRunner.java:268)
	at org.junit.runners.ParentRunner.run(ParentRunner.java:363)
	at org.gradle.api.internal.tasks.testing.junit.JUnitTestClassExecuter.runTestClass(JUnitTestClassExecuter.java:114)
	at org.gradle.api.internal.tasks.testing.junit.JUnitTestClassExecuter.execute(JUnitTestClassExecuter.java:57)
	at org.gradle.api.internal.tasks.testing.junit.JUnitTestClassProcessor.processTestClass(JUnitTestClassProcessor.java:66)
	at org.gradle.api.internal.tasks.testing.SuiteTestClassProcessor.processTestClass(SuiteTestClassProcessor.java:51)
	at sun.reflect.GeneratedMethodAccessor81.invoke(Unknown Source)
	at sun.reflect.DelegatingMethodAccessorImpl.invoke(DelegatingMethodAccessorImpl.java:43)
	at java.lang.reflect.Method.invoke(Method.java:498)
	at org.gradle.internal.dispatch.ReflectionDispatch.dispatch(ReflectionDispatch.java:35)
	at org.gradle.internal.dispatch.ReflectionDispatch.dispatch(ReflectionDispatch.java:24)
	at org.gradle.internal.dispatch.ContextClassLoaderDispatch.dispatch(ContextClassLoaderDispatch.java:32)
	at org.gradle.internal.dispatch.ProxyDispatchAdapter$DispatchingInvocationHandler.invoke(ProxyDispatchAdapter.java:93)
	at com.sun.proxy.$Proxy2.processTestClass(Unknown Source)
	at org.gradle.api.internal.tasks.testing.worker.TestWorker.processTestClass(TestWorker.java:109)
	at sun.reflect.GeneratedMethodAccessor80.invoke(Unknown Source)
	at sun.reflect.DelegatingMethodAccessorImpl.invoke(DelegatingMethodAccessorImpl.java:43)
	at java.lang.reflect.Method.invoke(Method.java:498)
	at org.gradle.internal.dispatch.ReflectionDispatch.dispatch(ReflectionDispatch.java:35)
	at org.gradle.internal.dispatch.ReflectionDispatch.dispatch(ReflectionDispatch.java:24)
	at org.gradle.internal.remote.internal.hub.MessageHub$Handler.run(MessageHub.java:377)
	at org.gradle.internal.concurrent.ExecutorPolicy$CatchAndRecordFailures.onExecute(ExecutorPolicy.java:54)
	at org.gradle.internal.concurrent.StoppableExecutorImpl$1.run(StoppableExecutorImpl.java:40)
	at java.util.concurrent.ThreadPoolExecutor.runWorker(ThreadPoolExecutor.java:1142)
	at java.util.concurrent.ThreadPoolExecutor$Worker.run(ThreadPoolExecutor.java:617)
	at java.lang.Thread.run(Thread.java:745)
</pre>
</span>
</div>
<div class="test">
<a name="testMatchAcceptance_23"></a>
<h3 class="failures">testMatchAcceptance_23</h3>
<span class="code">
<pre>java.lang.UnsupportedOperationException: Not supported (yet) Variable assignment not supported for PatternPart (in MATCH clause)
	at ingraph.cypher2relalg.util.IngraphLogger.unsupported(IngraphLogger.java:75)
	at ingraph.cypher2relalg.RelalgBuilder._buildRelalg(RelalgBuilder.java:1470)
	at ingraph.cypher2relalg.RelalgBuilder.buildRelalg(RelalgBuilder.java:1632)
	at ingraph.cypher2relalg.RelalgBuilder.lambda$_buildRelalg$17(RelalgBuilder.java:658)
	at org.eclipse.xtext.xbase.lib.internal.FunctionDelegate.apply(FunctionDelegate.java:42)
	at com.google.common.collect.Lists$TransformingRandomAccessList$1.transform(Lists.java:651)
	at com.google.common.collect.TransformedIterator.next(TransformedIterator.java:47)
	at ingraph.cypher2relalg.util.Cypher2RelalgUtil.buildLeftDeepTree(Cypher2RelalgUtil.java:69)
	at ingraph.cypher2relalg.RelalgBuilder.lambda$_buildRelalg$18(RelalgBuilder.java:667)
	at org.eclipse.xtext.xbase.lib.ObjectExtensions.operator_doubleArrow(ObjectExtensions.java:139)
	at ingraph.cypher2relalg.RelalgBuilder._buildRelalg(RelalgBuilder.java:670)
	at ingraph.cypher2relalg.RelalgBuilder.buildRelalg(RelalgBuilder.java:1628)
	at ingraph.cypher2relalg.RelalgBuilder.lambda$null$2(RelalgBuilder.java:329)
	at org.eclipse.xtext.xbase.lib.ObjectExtensions.operator_doubleArrow(ObjectExtensions.java:139)
	at ingraph.cypher2relalg.RelalgBuilder.lambda$_buildRelalgSubQuery$3(RelalgBuilder.java:332)
	at org.eclipse.xtext.xbase.lib.internal.FunctionDelegate.apply(FunctionDelegate.java:42)
	at com.google.common.collect.Iterators$7.transform(Iterators.java:750)
	at com.google.common.collect.TransformedIterator.next(TransformedIterator.java:47)
	at org.eclipse.xtext.xbase.lib.IteratorExtensions.head(IteratorExtensions.java:140)
	at org.eclipse.xtext.xbase.lib.IterableExtensions.head(IterableExtensions.java:119)
	at ingraph.cypher2relalg.RelalgBuilder._buildRelalgSubQuery(RelalgBuilder.java:338)
	at ingraph.cypher2relalg.RelalgBuilder._buildRelalg(RelalgBuilder.java:283)
	at ingraph.cypher2relalg.RelalgBuilder.buildRelalg(RelalgBuilder.java:1622)
	at ingraph.cypher2relalg.RelalgBuilder.build(RelalgBuilder.java:214)
	at ingraph.cypher2relalg.Cypher2Relalg.processCypher(Cypher2Relalg.java:22)
	at ingraph.cypher2relalg.tck.tests.MatchAcceptanceParserTest.testMatchAcceptance_23(MatchAcceptanceParserTest.java:569)
	at sun.reflect.NativeMethodAccessorImpl.invoke0(Native Method)
	at sun.reflect.NativeMethodAccessorImpl.invoke(NativeMethodAccessorImpl.java:62)
	at sun.reflect.DelegatingMethodAccessorImpl.invoke(DelegatingMethodAccessorImpl.java:43)
	at java.lang.reflect.Method.invoke(Method.java:498)
	at org.junit.runners.model.FrameworkMethod$1.runReflectiveCall(FrameworkMethod.java:50)
	at org.junit.internal.runners.model.ReflectiveCallable.run(ReflectiveCallable.java:12)
	at org.junit.runners.model.FrameworkMethod.invokeExplosively(FrameworkMethod.java:47)
	at org.junit.internal.runners.statements.InvokeMethod.evaluate(InvokeMethod.java:17)
	at org.junit.runners.ParentRunner.runLeaf(ParentRunner.java:325)
	at org.junit.runners.BlockJUnit4ClassRunner.runChild(BlockJUnit4ClassRunner.java:78)
	at org.junit.runners.BlockJUnit4ClassRunner.runChild(BlockJUnit4ClassRunner.java:57)
	at org.junit.runners.ParentRunner$3.run(ParentRunner.java:290)
	at org.junit.runners.ParentRunner$1.schedule(ParentRunner.java:71)
	at org.junit.runners.ParentRunner.runChildren(ParentRunner.java:288)
	at org.junit.runners.ParentRunner.access$000(ParentRunner.java:58)
	at org.junit.runners.ParentRunner$2.evaluate(ParentRunner.java:268)
	at org.junit.runners.ParentRunner.run(ParentRunner.java:363)
	at org.gradle.api.internal.tasks.testing.junit.JUnitTestClassExecuter.runTestClass(JUnitTestClassExecuter.java:114)
	at org.gradle.api.internal.tasks.testing.junit.JUnitTestClassExecuter.execute(JUnitTestClassExecuter.java:57)
	at org.gradle.api.internal.tasks.testing.junit.JUnitTestClassProcessor.processTestClass(JUnitTestClassProcessor.java:66)
	at org.gradle.api.internal.tasks.testing.SuiteTestClassProcessor.processTestClass(SuiteTestClassProcessor.java:51)
	at sun.reflect.GeneratedMethodAccessor81.invoke(Unknown Source)
	at sun.reflect.DelegatingMethodAccessorImpl.invoke(DelegatingMethodAccessorImpl.java:43)
	at java.lang.reflect.Method.invoke(Method.java:498)
	at org.gradle.internal.dispatch.ReflectionDispatch.dispatch(ReflectionDispatch.java:35)
	at org.gradle.internal.dispatch.ReflectionDispatch.dispatch(ReflectionDispatch.java:24)
	at org.gradle.internal.dispatch.ContextClassLoaderDispatch.dispatch(ContextClassLoaderDispatch.java:32)
	at org.gradle.internal.dispatch.ProxyDispatchAdapter$DispatchingInvocationHandler.invoke(ProxyDispatchAdapter.java:93)
	at com.sun.proxy.$Proxy2.processTestClass(Unknown Source)
	at org.gradle.api.internal.tasks.testing.worker.TestWorker.processTestClass(TestWorker.java:109)
	at sun.reflect.GeneratedMethodAccessor80.invoke(Unknown Source)
	at sun.reflect.DelegatingMethodAccessorImpl.invoke(DelegatingMethodAccessorImpl.java:43)
	at java.lang.reflect.Method.invoke(Method.java:498)
	at org.gradle.internal.dispatch.ReflectionDispatch.dispatch(ReflectionDispatch.java:35)
	at org.gradle.internal.dispatch.ReflectionDispatch.dispatch(ReflectionDispatch.java:24)
	at org.gradle.internal.remote.internal.hub.MessageHub$Handler.run(MessageHub.java:377)
	at org.gradle.internal.concurrent.ExecutorPolicy$CatchAndRecordFailures.onExecute(ExecutorPolicy.java:54)
	at org.gradle.internal.concurrent.StoppableExecutorImpl$1.run(StoppableExecutorImpl.java:40)
	at java.util.concurrent.ThreadPoolExecutor.runWorker(ThreadPoolExecutor.java:1142)
	at java.util.concurrent.ThreadPoolExecutor$Worker.run(ThreadPoolExecutor.java:617)
	at java.lang.Thread.run(Thread.java:745)
</pre>
</span>
</div>
<div class="test">
<a name="testMatchAcceptance_27"></a>
<h3 class="failures">testMatchAcceptance_27</h3>
<span class="code">
<pre>java.lang.UnsupportedOperationException: Not supported (yet) Variable assignment not supported for PatternPart (in MATCH clause)
	at ingraph.cypher2relalg.util.IngraphLogger.unsupported(IngraphLogger.java:75)
	at ingraph.cypher2relalg.RelalgBuilder._buildRelalg(RelalgBuilder.java:1470)
	at ingraph.cypher2relalg.RelalgBuilder.buildRelalg(RelalgBuilder.java:1632)
	at ingraph.cypher2relalg.RelalgBuilder.lambda$_buildRelalg$17(RelalgBuilder.java:658)
	at org.eclipse.xtext.xbase.lib.internal.FunctionDelegate.apply(FunctionDelegate.java:42)
	at com.google.common.collect.Lists$TransformingRandomAccessList$1.transform(Lists.java:651)
	at com.google.common.collect.TransformedIterator.next(TransformedIterator.java:47)
	at ingraph.cypher2relalg.util.Cypher2RelalgUtil.buildLeftDeepTree(Cypher2RelalgUtil.java:69)
	at ingraph.cypher2relalg.RelalgBuilder.lambda$_buildRelalg$18(RelalgBuilder.java:667)
	at org.eclipse.xtext.xbase.lib.ObjectExtensions.operator_doubleArrow(ObjectExtensions.java:139)
	at ingraph.cypher2relalg.RelalgBuilder._buildRelalg(RelalgBuilder.java:670)
	at ingraph.cypher2relalg.RelalgBuilder.buildRelalg(RelalgBuilder.java:1628)
	at ingraph.cypher2relalg.RelalgBuilder.lambda$null$2(RelalgBuilder.java:329)
	at org.eclipse.xtext.xbase.lib.ObjectExtensions.operator_doubleArrow(ObjectExtensions.java:139)
	at ingraph.cypher2relalg.RelalgBuilder.lambda$_buildRelalgSubQuery$3(RelalgBuilder.java:332)
	at org.eclipse.xtext.xbase.lib.internal.FunctionDelegate.apply(FunctionDelegate.java:42)
	at com.google.common.collect.Iterators$7.transform(Iterators.java:750)
	at com.google.common.collect.TransformedIterator.next(TransformedIterator.java:47)
	at org.eclipse.xtext.xbase.lib.IteratorExtensions.head(IteratorExtensions.java:140)
	at org.eclipse.xtext.xbase.lib.IterableExtensions.head(IterableExtensions.java:119)
	at ingraph.cypher2relalg.RelalgBuilder._buildRelalgSubQuery(RelalgBuilder.java:338)
	at ingraph.cypher2relalg.RelalgBuilder._buildRelalg(RelalgBuilder.java:283)
	at ingraph.cypher2relalg.RelalgBuilder.buildRelalg(RelalgBuilder.java:1622)
	at ingraph.cypher2relalg.RelalgBuilder.build(RelalgBuilder.java:214)
	at ingraph.cypher2relalg.Cypher2Relalg.processCypher(Cypher2Relalg.java:22)
	at ingraph.cypher2relalg.tck.tests.MatchAcceptanceParserTest.testMatchAcceptance_27(MatchAcceptanceParserTest.java:657)
	at sun.reflect.NativeMethodAccessorImpl.invoke0(Native Method)
	at sun.reflect.NativeMethodAccessorImpl.invoke(NativeMethodAccessorImpl.java:62)
	at sun.reflect.DelegatingMethodAccessorImpl.invoke(DelegatingMethodAccessorImpl.java:43)
	at java.lang.reflect.Method.invoke(Method.java:498)
	at org.junit.runners.model.FrameworkMethod$1.runReflectiveCall(FrameworkMethod.java:50)
	at org.junit.internal.runners.model.ReflectiveCallable.run(ReflectiveCallable.java:12)
	at org.junit.runners.model.FrameworkMethod.invokeExplosively(FrameworkMethod.java:47)
	at org.junit.internal.runners.statements.InvokeMethod.evaluate(InvokeMethod.java:17)
	at org.junit.runners.ParentRunner.runLeaf(ParentRunner.java:325)
	at org.junit.runners.BlockJUnit4ClassRunner.runChild(BlockJUnit4ClassRunner.java:78)
	at org.junit.runners.BlockJUnit4ClassRunner.runChild(BlockJUnit4ClassRunner.java:57)
	at org.junit.runners.ParentRunner$3.run(ParentRunner.java:290)
	at org.junit.runners.ParentRunner$1.schedule(ParentRunner.java:71)
	at org.junit.runners.ParentRunner.runChildren(ParentRunner.java:288)
	at org.junit.runners.ParentRunner.access$000(ParentRunner.java:58)
	at org.junit.runners.ParentRunner$2.evaluate(ParentRunner.java:268)
	at org.junit.runners.ParentRunner.run(ParentRunner.java:363)
	at org.gradle.api.internal.tasks.testing.junit.JUnitTestClassExecuter.runTestClass(JUnitTestClassExecuter.java:114)
	at org.gradle.api.internal.tasks.testing.junit.JUnitTestClassExecuter.execute(JUnitTestClassExecuter.java:57)
	at org.gradle.api.internal.tasks.testing.junit.JUnitTestClassProcessor.processTestClass(JUnitTestClassProcessor.java:66)
	at org.gradle.api.internal.tasks.testing.SuiteTestClassProcessor.processTestClass(SuiteTestClassProcessor.java:51)
	at sun.reflect.GeneratedMethodAccessor81.invoke(Unknown Source)
	at sun.reflect.DelegatingMethodAccessorImpl.invoke(DelegatingMethodAccessorImpl.java:43)
	at java.lang.reflect.Method.invoke(Method.java:498)
	at org.gradle.internal.dispatch.ReflectionDispatch.dispatch(ReflectionDispatch.java:35)
	at org.gradle.internal.dispatch.ReflectionDispatch.dispatch(ReflectionDispatch.java:24)
	at org.gradle.internal.dispatch.ContextClassLoaderDispatch.dispatch(ContextClassLoaderDispatch.java:32)
	at org.gradle.internal.dispatch.ProxyDispatchAdapter$DispatchingInvocationHandler.invoke(ProxyDispatchAdapter.java:93)
	at com.sun.proxy.$Proxy2.processTestClass(Unknown Source)
	at org.gradle.api.internal.tasks.testing.worker.TestWorker.processTestClass(TestWorker.java:109)
	at sun.reflect.GeneratedMethodAccessor80.invoke(Unknown Source)
	at sun.reflect.DelegatingMethodAccessorImpl.invoke(DelegatingMethodAccessorImpl.java:43)
	at java.lang.reflect.Method.invoke(Method.java:498)
	at org.gradle.internal.dispatch.ReflectionDispatch.dispatch(ReflectionDispatch.java:35)
	at org.gradle.internal.dispatch.ReflectionDispatch.dispatch(ReflectionDispatch.java:24)
	at org.gradle.internal.remote.internal.hub.MessageHub$Handler.run(MessageHub.java:377)
	at org.gradle.internal.concurrent.ExecutorPolicy$CatchAndRecordFailures.onExecute(ExecutorPolicy.java:54)
	at org.gradle.internal.concurrent.StoppableExecutorImpl$1.run(StoppableExecutorImpl.java:40)
	at java.util.concurrent.ThreadPoolExecutor.runWorker(ThreadPoolExecutor.java:1142)
	at java.util.concurrent.ThreadPoolExecutor$Worker.run(ThreadPoolExecutor.java:617)
	at java.lang.Thread.run(Thread.java:745)
</pre>
</span>
</div>
<div class="test">
<a name="testMatchAcceptance_28"></a>
<h3 class="failures">testMatchAcceptance_28</h3>
<span class="code">
<pre>java.lang.UnsupportedOperationException: Not supported (yet) Variable assignment not supported for PatternPart (in MATCH clause)
	at ingraph.cypher2relalg.util.IngraphLogger.unsupported(IngraphLogger.java:75)
	at ingraph.cypher2relalg.RelalgBuilder._buildRelalg(RelalgBuilder.java:1470)
	at ingraph.cypher2relalg.RelalgBuilder.buildRelalg(RelalgBuilder.java:1632)
	at ingraph.cypher2relalg.RelalgBuilder.lambda$_buildRelalg$17(RelalgBuilder.java:658)
	at org.eclipse.xtext.xbase.lib.internal.FunctionDelegate.apply(FunctionDelegate.java:42)
	at com.google.common.collect.Lists$TransformingRandomAccessList$1.transform(Lists.java:651)
	at com.google.common.collect.TransformedIterator.next(TransformedIterator.java:47)
	at ingraph.cypher2relalg.util.Cypher2RelalgUtil.buildLeftDeepTree(Cypher2RelalgUtil.java:69)
	at ingraph.cypher2relalg.RelalgBuilder.lambda$_buildRelalg$18(RelalgBuilder.java:667)
	at org.eclipse.xtext.xbase.lib.ObjectExtensions.operator_doubleArrow(ObjectExtensions.java:139)
	at ingraph.cypher2relalg.RelalgBuilder._buildRelalg(RelalgBuilder.java:670)
	at ingraph.cypher2relalg.RelalgBuilder.buildRelalg(RelalgBuilder.java:1628)
	at ingraph.cypher2relalg.RelalgBuilder.lambda$null$2(RelalgBuilder.java:329)
	at org.eclipse.xtext.xbase.lib.ObjectExtensions.operator_doubleArrow(ObjectExtensions.java:139)
	at ingraph.cypher2relalg.RelalgBuilder.lambda$_buildRelalgSubQuery$3(RelalgBuilder.java:332)
	at org.eclipse.xtext.xbase.lib.internal.FunctionDelegate.apply(FunctionDelegate.java:42)
	at com.google.common.collect.Iterators$7.transform(Iterators.java:750)
	at com.google.common.collect.TransformedIterator.next(TransformedIterator.java:47)
	at org.eclipse.xtext.xbase.lib.IteratorExtensions.head(IteratorExtensions.java:140)
	at org.eclipse.xtext.xbase.lib.IterableExtensions.head(IterableExtensions.java:119)
	at ingraph.cypher2relalg.RelalgBuilder._buildRelalgSubQuery(RelalgBuilder.java:338)
	at ingraph.cypher2relalg.RelalgBuilder._buildRelalg(RelalgBuilder.java:283)
	at ingraph.cypher2relalg.RelalgBuilder.buildRelalg(RelalgBuilder.java:1622)
	at ingraph.cypher2relalg.RelalgBuilder.build(RelalgBuilder.java:214)
	at ingraph.cypher2relalg.Cypher2Relalg.processCypher(Cypher2Relalg.java:22)
	at ingraph.cypher2relalg.tck.tests.MatchAcceptanceParserTest.testMatchAcceptance_28(MatchAcceptanceParserTest.java:679)
	at sun.reflect.NativeMethodAccessorImpl.invoke0(Native Method)
	at sun.reflect.NativeMethodAccessorImpl.invoke(NativeMethodAccessorImpl.java:62)
	at sun.reflect.DelegatingMethodAccessorImpl.invoke(DelegatingMethodAccessorImpl.java:43)
	at java.lang.reflect.Method.invoke(Method.java:498)
	at org.junit.runners.model.FrameworkMethod$1.runReflectiveCall(FrameworkMethod.java:50)
	at org.junit.internal.runners.model.ReflectiveCallable.run(ReflectiveCallable.java:12)
	at org.junit.runners.model.FrameworkMethod.invokeExplosively(FrameworkMethod.java:47)
	at org.junit.internal.runners.statements.InvokeMethod.evaluate(InvokeMethod.java:17)
	at org.junit.runners.ParentRunner.runLeaf(ParentRunner.java:325)
	at org.junit.runners.BlockJUnit4ClassRunner.runChild(BlockJUnit4ClassRunner.java:78)
	at org.junit.runners.BlockJUnit4ClassRunner.runChild(BlockJUnit4ClassRunner.java:57)
	at org.junit.runners.ParentRunner$3.run(ParentRunner.java:290)
	at org.junit.runners.ParentRunner$1.schedule(ParentRunner.java:71)
	at org.junit.runners.ParentRunner.runChildren(ParentRunner.java:288)
	at org.junit.runners.ParentRunner.access$000(ParentRunner.java:58)
	at org.junit.runners.ParentRunner$2.evaluate(ParentRunner.java:268)
	at org.junit.runners.ParentRunner.run(ParentRunner.java:363)
	at org.gradle.api.internal.tasks.testing.junit.JUnitTestClassExecuter.runTestClass(JUnitTestClassExecuter.java:114)
	at org.gradle.api.internal.tasks.testing.junit.JUnitTestClassExecuter.execute(JUnitTestClassExecuter.java:57)
	at org.gradle.api.internal.tasks.testing.junit.JUnitTestClassProcessor.processTestClass(JUnitTestClassProcessor.java:66)
	at org.gradle.api.internal.tasks.testing.SuiteTestClassProcessor.processTestClass(SuiteTestClassProcessor.java:51)
	at sun.reflect.GeneratedMethodAccessor81.invoke(Unknown Source)
	at sun.reflect.DelegatingMethodAccessorImpl.invoke(DelegatingMethodAccessorImpl.java:43)
	at java.lang.reflect.Method.invoke(Method.java:498)
	at org.gradle.internal.dispatch.ReflectionDispatch.dispatch(ReflectionDispatch.java:35)
	at org.gradle.internal.dispatch.ReflectionDispatch.dispatch(ReflectionDispatch.java:24)
	at org.gradle.internal.dispatch.ContextClassLoaderDispatch.dispatch(ContextClassLoaderDispatch.java:32)
	at org.gradle.internal.dispatch.ProxyDispatchAdapter$DispatchingInvocationHandler.invoke(ProxyDispatchAdapter.java:93)
	at com.sun.proxy.$Proxy2.processTestClass(Unknown Source)
	at org.gradle.api.internal.tasks.testing.worker.TestWorker.processTestClass(TestWorker.java:109)
	at sun.reflect.GeneratedMethodAccessor80.invoke(Unknown Source)
	at sun.reflect.DelegatingMethodAccessorImpl.invoke(DelegatingMethodAccessorImpl.java:43)
	at java.lang.reflect.Method.invoke(Method.java:498)
	at org.gradle.internal.dispatch.ReflectionDispatch.dispatch(ReflectionDispatch.java:35)
	at org.gradle.internal.dispatch.ReflectionDispatch.dispatch(ReflectionDispatch.java:24)
	at org.gradle.internal.remote.internal.hub.MessageHub$Handler.run(MessageHub.java:377)
	at org.gradle.internal.concurrent.ExecutorPolicy$CatchAndRecordFailures.onExecute(ExecutorPolicy.java:54)
	at org.gradle.internal.concurrent.StoppableExecutorImpl$1.run(StoppableExecutorImpl.java:40)
	at java.util.concurrent.ThreadPoolExecutor.runWorker(ThreadPoolExecutor.java:1142)
	at java.util.concurrent.ThreadPoolExecutor$Worker.run(ThreadPoolExecutor.java:617)
	at java.lang.Thread.run(Thread.java:745)
</pre>
</span>
</div>
<div class="test">
<a name="testMatchAcceptance_29"></a>
<h3 class="failures">testMatchAcceptance_29</h3>
<span class="code">
<pre>java.lang.UnsupportedOperationException: Not supported (yet) Variable assignment not supported for PatternPart (in MATCH clause)
	at ingraph.cypher2relalg.util.IngraphLogger.unsupported(IngraphLogger.java:75)
	at ingraph.cypher2relalg.RelalgBuilder._buildRelalg(RelalgBuilder.java:1470)
	at ingraph.cypher2relalg.RelalgBuilder.buildRelalg(RelalgBuilder.java:1632)
	at ingraph.cypher2relalg.RelalgBuilder.lambda$_buildRelalg$17(RelalgBuilder.java:658)
	at org.eclipse.xtext.xbase.lib.internal.FunctionDelegate.apply(FunctionDelegate.java:42)
	at com.google.common.collect.Lists$TransformingRandomAccessList$1.transform(Lists.java:651)
	at com.google.common.collect.TransformedIterator.next(TransformedIterator.java:47)
	at ingraph.cypher2relalg.util.Cypher2RelalgUtil.buildLeftDeepTree(Cypher2RelalgUtil.java:69)
	at ingraph.cypher2relalg.RelalgBuilder.lambda$_buildRelalg$18(RelalgBuilder.java:667)
	at org.eclipse.xtext.xbase.lib.ObjectExtensions.operator_doubleArrow(ObjectExtensions.java:139)
	at ingraph.cypher2relalg.RelalgBuilder._buildRelalg(RelalgBuilder.java:670)
	at ingraph.cypher2relalg.RelalgBuilder.buildRelalg(RelalgBuilder.java:1628)
	at ingraph.cypher2relalg.RelalgBuilder.lambda$null$2(RelalgBuilder.java:329)
	at org.eclipse.xtext.xbase.lib.ObjectExtensions.operator_doubleArrow(ObjectExtensions.java:139)
	at ingraph.cypher2relalg.RelalgBuilder.lambda$_buildRelalgSubQuery$3(RelalgBuilder.java:332)
	at org.eclipse.xtext.xbase.lib.internal.FunctionDelegate.apply(FunctionDelegate.java:42)
	at com.google.common.collect.Iterators$7.transform(Iterators.java:750)
	at com.google.common.collect.TransformedIterator.next(TransformedIterator.java:47)
	at org.eclipse.xtext.xbase.lib.IteratorExtensions.head(IteratorExtensions.java:140)
	at org.eclipse.xtext.xbase.lib.IterableExtensions.head(IterableExtensions.java:119)
	at ingraph.cypher2relalg.RelalgBuilder._buildRelalgSubQuery(RelalgBuilder.java:338)
	at ingraph.cypher2relalg.RelalgBuilder._buildRelalg(RelalgBuilder.java:283)
	at ingraph.cypher2relalg.RelalgBuilder.buildRelalg(RelalgBuilder.java:1622)
	at ingraph.cypher2relalg.RelalgBuilder.build(RelalgBuilder.java:214)
	at ingraph.cypher2relalg.Cypher2Relalg.processCypher(Cypher2Relalg.java:22)
	at ingraph.cypher2relalg.tck.tests.MatchAcceptanceParserTest.testMatchAcceptance_29(MatchAcceptanceParserTest.java:701)
	at sun.reflect.NativeMethodAccessorImpl.invoke0(Native Method)
	at sun.reflect.NativeMethodAccessorImpl.invoke(NativeMethodAccessorImpl.java:62)
	at sun.reflect.DelegatingMethodAccessorImpl.invoke(DelegatingMethodAccessorImpl.java:43)
	at java.lang.reflect.Method.invoke(Method.java:498)
	at org.junit.runners.model.FrameworkMethod$1.runReflectiveCall(FrameworkMethod.java:50)
	at org.junit.internal.runners.model.ReflectiveCallable.run(ReflectiveCallable.java:12)
	at org.junit.runners.model.FrameworkMethod.invokeExplosively(FrameworkMethod.java:47)
	at org.junit.internal.runners.statements.InvokeMethod.evaluate(InvokeMethod.java:17)
	at org.junit.runners.ParentRunner.runLeaf(ParentRunner.java:325)
	at org.junit.runners.BlockJUnit4ClassRunner.runChild(BlockJUnit4ClassRunner.java:78)
	at org.junit.runners.BlockJUnit4ClassRunner.runChild(BlockJUnit4ClassRunner.java:57)
	at org.junit.runners.ParentRunner$3.run(ParentRunner.java:290)
	at org.junit.runners.ParentRunner$1.schedule(ParentRunner.java:71)
	at org.junit.runners.ParentRunner.runChildren(ParentRunner.java:288)
	at org.junit.runners.ParentRunner.access$000(ParentRunner.java:58)
	at org.junit.runners.ParentRunner$2.evaluate(ParentRunner.java:268)
	at org.junit.runners.ParentRunner.run(ParentRunner.java:363)
	at org.gradle.api.internal.tasks.testing.junit.JUnitTestClassExecuter.runTestClass(JUnitTestClassExecuter.java:114)
	at org.gradle.api.internal.tasks.testing.junit.JUnitTestClassExecuter.execute(JUnitTestClassExecuter.java:57)
	at org.gradle.api.internal.tasks.testing.junit.JUnitTestClassProcessor.processTestClass(JUnitTestClassProcessor.java:66)
	at org.gradle.api.internal.tasks.testing.SuiteTestClassProcessor.processTestClass(SuiteTestClassProcessor.java:51)
	at sun.reflect.GeneratedMethodAccessor81.invoke(Unknown Source)
	at sun.reflect.DelegatingMethodAccessorImpl.invoke(DelegatingMethodAccessorImpl.java:43)
	at java.lang.reflect.Method.invoke(Method.java:498)
	at org.gradle.internal.dispatch.ReflectionDispatch.dispatch(ReflectionDispatch.java:35)
	at org.gradle.internal.dispatch.ReflectionDispatch.dispatch(ReflectionDispatch.java:24)
	at org.gradle.internal.dispatch.ContextClassLoaderDispatch.dispatch(ContextClassLoaderDispatch.java:32)
	at org.gradle.internal.dispatch.ProxyDispatchAdapter$DispatchingInvocationHandler.invoke(ProxyDispatchAdapter.java:93)
	at com.sun.proxy.$Proxy2.processTestClass(Unknown Source)
	at org.gradle.api.internal.tasks.testing.worker.TestWorker.processTestClass(TestWorker.java:109)
	at sun.reflect.GeneratedMethodAccessor80.invoke(Unknown Source)
	at sun.reflect.DelegatingMethodAccessorImpl.invoke(DelegatingMethodAccessorImpl.java:43)
	at java.lang.reflect.Method.invoke(Method.java:498)
	at org.gradle.internal.dispatch.ReflectionDispatch.dispatch(ReflectionDispatch.java:35)
	at org.gradle.internal.dispatch.ReflectionDispatch.dispatch(ReflectionDispatch.java:24)
	at org.gradle.internal.remote.internal.hub.MessageHub$Handler.run(MessageHub.java:377)
	at org.gradle.internal.concurrent.ExecutorPolicy$CatchAndRecordFailures.onExecute(ExecutorPolicy.java:54)
	at org.gradle.internal.concurrent.StoppableExecutorImpl$1.run(StoppableExecutorImpl.java:40)
	at java.util.concurrent.ThreadPoolExecutor.runWorker(ThreadPoolExecutor.java:1142)
	at java.util.concurrent.ThreadPoolExecutor$Worker.run(ThreadPoolExecutor.java:617)
	at java.lang.Thread.run(Thread.java:745)
</pre>
</span>
</div>
</div>
<div id="tab1" class="tab">
<h2>Tests</h2>
<table>
<thead>
<tr>
<th>Test</th>
<th>Duration</th>
<th>Result</th>
</tr>
</thead>
<tr>
<td class="failures">testMatchAcceptance_01</td>
<td>0.112s</td>
<td class="failures">failed</td>
</tr>
<tr>
<td class="failures">testMatchAcceptance_02</td>
<td>0.109s</td>
<td class="failures">failed</td>
</tr>
<tr>
<td class="success">testMatchAcceptance_03</td>
<td>0.078s</td>
<td class="success">passed</td>
</tr>
<tr>
<td class="failures">testMatchAcceptance_04</td>
<td>0.074s</td>
<td class="failures">failed</td>
</tr>
<tr>
<td class="success">testMatchAcceptance_05</td>
<td>0.243s</td>
<td class="success">passed</td>
</tr>
<tr>
<td class="failures">testMatchAcceptance_06</td>
<td>0.228s</td>
<td class="failures">failed</td>
</tr>
<tr>
<td class="success">testMatchAcceptance_07</td>
<td>0.077s</td>
<td class="success">passed</td>
</tr>
<tr>
<td class="failures">testMatchAcceptance_08</td>
<td>0.081s</td>
<td class="failures">failed</td>
</tr>
<tr>
<td class="success">testMatchAcceptance_09</td>
<td>0.073s</td>
<td class="success">passed</td>
</tr>
<tr>
<td class="success">testMatchAcceptance_10</td>
<td>0.102s</td>
<td class="success">passed</td>
</tr>
<tr>
<td class="success">testMatchAcceptance_11</td>
<td>0.126s</td>
<td class="success">passed</td>
</tr>
<tr>
<td class="success">testMatchAcceptance_12</td>
<td>0.080s</td>
<td class="success">passed</td>
</tr>
<tr>
<td class="success">testMatchAcceptance_13</td>
<td>0.123s</td>
<td class="success">passed</td>
</tr>
<tr>
<td class="success">testMatchAcceptance_14</td>
<td>0.186s</td>
<td class="success">passed</td>
</tr>
<tr>
<td class="success">testMatchAcceptance_15</td>
<td>0.084s</td>
<td class="success">passed</td>
</tr>
<tr>
<td class="success">testMatchAcceptance_16</td>
<td>0.091s</td>
<td class="success">passed</td>
</tr>
<tr>
<td class="success">testMatchAcceptance_17</td>
<td>0.078s</td>
<td class="success">passed</td>
</tr>
<tr>
<td class="failures">testMatchAcceptance_18</td>
<td>0.108s</td>
<td class="failures">failed</td>
</tr>
<tr>
<td class="failures">testMatchAcceptance_19</td>
<td>0.104s</td>
<td class="failures">failed</td>
</tr>
<tr>
<td class="failures">testMatchAcceptance_20</td>
<td>0.082s</td>
<td class="failures">failed</td>
</tr>
<tr>
<td class="failures">testMatchAcceptance_21</td>
<td>0.120s</td>
<td class="failures">failed</td>
</tr>
<tr>
<td class="failures">testMatchAcceptance_22</td>
<td>0.107s</td>
<td class="failures">failed</td>
</tr>
<tr>
<td class="failures">testMatchAcceptance_23</td>
<td>0.091s</td>
<td class="failures">failed</td>
</tr>
<tr>
<td class="success">testMatchAcceptance_24</td>
<td>0.174s</td>
<td class="success">passed</td>
</tr>
<tr>
<td class="success">testMatchAcceptance_25</td>
<td>0.207s</td>
<td class="success">passed</td>
</tr>
<tr>
<td class="success">testMatchAcceptance_26</td>
<td>0.130s</td>
<td class="success">passed</td>
</tr>
<tr>
<td class="failures">testMatchAcceptance_27</td>
<td>0.103s</td>
<td class="failures">failed</td>
</tr>
<tr>
<td class="failures">testMatchAcceptance_28</td>
<td>0.118s</td>
<td class="failures">failed</td>
</tr>
<tr>
<td class="failures">testMatchAcceptance_29</td>
<td>0.129s</td>
<td class="failures">failed</td>
</tr>
<tr>
<td class="success">testMatchAcceptance_30</td>
<td>0.089s</td>
<td class="success">passed</td>
</tr>
</table>
</div>
<div id="tab2" class="tab">
<h2>Standard error</h2>
<span class="code">
<pre>Mar 03, 2017 8:50:13 AM ingraph.cypher2relalg.util.IngraphLogger log
SEVERE: Variable assignment not supported for PatternPart (in MATCH clause)
Mar 03, 2017 8:50:13 AM ingraph.cypher2relalg.util.IngraphLogger log
SEVERE: Variable assignment not supported for PatternPart (in MATCH clause)
Mar 03, 2017 8:50:13 AM ingraph.cypher2relalg.util.IngraphLogger log
SEVERE: Variable assignment not supported for PatternPart (in MATCH clause)
Mar 03, 2017 8:50:13 AM ingraph.cypher2relalg.util.IngraphLogger log
SEVERE: Variable assignment not supported for PatternPart (in MATCH clause)
Mar 03, 2017 8:50:13 AM ingraph.cypher2relalg.util.IngraphLogger log
SEVERE: Variable assignment not supported for PatternPart (in MATCH clause)
Mar 03, 2017 8:50:13 AM ingraph.cypher2relalg.util.IngraphLogger log
SEVERE: Variable assignment not supported for PatternPart (in MATCH clause)
Mar 03, 2017 8:50:13 AM ingraph.cypher2relalg.util.IngraphLogger log
SEVERE: Variable assignment not supported for PatternPart (in MATCH clause)
Mar 03, 2017 8:50:13 AM ingraph.cypher2relalg.util.IngraphLogger log
SEVERE: Variable assignment not supported for PatternPart (in MATCH clause)
Mar 03, 2017 8:50:13 AM ingraph.cypher2relalg.util.IngraphLogger log
SEVERE: Variable assignment not supported for PatternPart (in MATCH clause)
Mar 03, 2017 8:50:13 AM ingraph.cypher2relalg.util.IngraphLogger log
SEVERE: Variable assignment not supported for PatternPart (in MATCH clause)
Mar 03, 2017 8:50:13 AM ingraph.cypher2relalg.util.IngraphLogger log
SEVERE: Variable assignment not supported for PatternPart (in MATCH clause)
Mar 03, 2017 8:50:13 AM ingraph.cypher2relalg.util.IngraphLogger log
SEVERE: Variable assignment not supported for PatternPart (in MATCH clause)
Mar 03, 2017 8:50:13 AM ingraph.cypher2relalg.util.IngraphLogger log
SEVERE: Variable assignment not supported for PatternPart (in MATCH clause)
Mar 03, 2017 8:50:13 AM ingraph.cypher2relalg.util.IngraphLogger log
SEVERE: Variable assignment not supported for PatternPart (in MATCH clause)
Mar 03, 2017 8:50:13 AM ingraph.cypher2relalg.util.IngraphLogger log
SEVERE: Variable assignment not supported for PatternPart (in MATCH clause)
Mar 03, 2017 8:50:13 AM ingraph.cypher2relalg.util.IngraphLogger log
SEVERE: Variable assignment not supported for PatternPart (in MATCH clause)
Mar 03, 2017 8:50:13 AM ingraph.cypher2relalg.util.IngraphLogger log
SEVERE: Variable assignment not supported for PatternPart (in MATCH clause)
Mar 03, 2017 8:50:13 AM ingraph.cypher2relalg.util.IngraphLogger log
SEVERE: Variable assignment not supported for PatternPart (in MATCH clause)
Mar 03, 2017 8:50:13 AM ingraph.cypher2relalg.util.IngraphLogger log
SEVERE: Variable assignment not supported for PatternPart (in MATCH clause)
Mar 03, 2017 8:50:13 AM ingraph.cypher2relalg.util.IngraphLogger log
SEVERE: Variable assignment not supported for PatternPart (in MATCH clause)
Mar 03, 2017 8:50:13 AM ingraph.cypher2relalg.util.IngraphLogger log
SEVERE: Variable assignment not supported for PatternPart (in MATCH clause)
Mar 03, 2017 8:50:13 AM ingraph.cypher2relalg.util.IngraphLogger log
SEVERE: Variable assignment not supported for PatternPart (in MATCH clause)
Mar 03, 2017 8:50:13 AM ingraph.cypher2relalg.util.IngraphLogger log
SEVERE: Variable assignment not supported for PatternPart (in MATCH clause)
Mar 03, 2017 8:50:13 AM ingraph.cypher2relalg.util.IngraphLogger log
SEVERE: Variable assignment not supported for PatternPart (in MATCH clause)
Mar 03, 2017 8:50:13 AM ingraph.cypher2relalg.util.IngraphLogger log
SEVERE: Variable assignment not supported for PatternPart (in MATCH clause)
Mar 03, 2017 8:50:13 AM ingraph.cypher2relalg.util.IngraphLogger log
SEVERE: Variable assignment not supported for PatternPart (in MATCH clause)
Mar 03, 2017 8:50:13 AM ingraph.cypher2relalg.util.IngraphLogger log
SEVERE: Variable assignment not supported for PatternPart (in MATCH clause)
Mar 03, 2017 8:50:13 AM ingraph.cypher2relalg.util.IngraphLogger log
SEVERE: Variable assignment not supported for PatternPart (in MATCH clause)
Mar 03, 2017 8:50:13 AM ingraph.cypher2relalg.util.IngraphLogger log
SEVERE: Variable assignment not supported for PatternPart (in MATCH clause)
Mar 03, 2017 8:50:13 AM ingraph.cypher2relalg.util.IngraphLogger log
SEVERE: Variable assignment not supported for PatternPart (in MATCH clause)
Mar 03, 2017 8:50:13 AM ingraph.cypher2relalg.util.IngraphLogger log
SEVERE: Variable assignment not supported for PatternPart (in MATCH clause)
Mar 03, 2017 8:50:13 AM ingraph.cypher2relalg.util.IngraphLogger log
SEVERE: Variable assignment not supported for PatternPart (in MATCH clause)
Mar 03, 2017 8:50:13 AM ingraph.cypher2relalg.util.IngraphLogger log
SEVERE: Variable assignment not supported for PatternPart (in MATCH clause)
Mar 03, 2017 8:50:13 AM ingraph.cypher2relalg.util.IngraphLogger log
SEVERE: Variable assignment not supported for PatternPart (in MATCH clause)
Mar 03, 2017 8:50:13 AM ingraph.cypher2relalg.util.IngraphLogger log
SEVERE: Variable assignment not supported for PatternPart (in MATCH clause)
Mar 03, 2017 8:50:13 AM ingraph.cypher2relalg.util.IngraphLogger log
SEVERE: Variable assignment not supported for PatternPart (in MATCH clause)
Mar 03, 2017 8:50:13 AM ingraph.cypher2relalg.util.IngraphLogger log
SEVERE: Variable assignment not supported for PatternPart (in MATCH clause)
Mar 03, 2017 8:50:13 AM ingraph.cypher2relalg.util.IngraphLogger log
SEVERE: Variable assignment not supported for PatternPart (in MATCH clause)
Mar 03, 2017 8:50:13 AM ingraph.cypher2relalg.util.IngraphLogger log
SEVERE: Variable assignment not supported for PatternPart (in MATCH clause)
Mar 03, 2017 8:50:13 AM ingraph.cypher2relalg.util.IngraphLogger log
SEVERE: Variable assignment not supported for PatternPart (in MATCH clause)
Mar 03, 2017 8:50:13 AM ingraph.cypher2relalg.util.IngraphLogger log
SEVERE: Variable assignment not supported for PatternPart (in MATCH clause)
Mar 03, 2017 8:50:13 AM ingraph.cypher2relalg.util.IngraphLogger log
SEVERE: Variable assignment not supported for PatternPart (in MATCH clause)
Mar 03, 2017 8:50:13 AM ingraph.cypher2relalg.util.IngraphLogger log
SEVERE: Variable assignment not supported for PatternPart (in MATCH clause)
Mar 03, 2017 8:50:13 AM ingraph.cypher2relalg.util.IngraphLogger log
SEVERE: Variable assignment not supported for PatternPart (in MATCH clause)
Mar 03, 2017 8:50:13 AM ingraph.cypher2relalg.util.IngraphLogger log
SEVERE: Variable assignment not supported for PatternPart (in MATCH clause)
Mar 03, 2017 8:50:13 AM ingraph.cypher2relalg.util.IngraphLogger log
SEVERE: Variable assignment not supported for PatternPart (in MATCH clause)
Mar 03, 2017 8:50:13 AM ingraph.cypher2relalg.util.IngraphLogger log
SEVERE: Variable assignment not supported for PatternPart (in MATCH clause)
Mar 03, 2017 8:50:13 AM ingraph.cypher2relalg.util.IngraphLogger log
SEVERE: Variable assignment not supported for PatternPart (in MATCH clause)
Mar 03, 2017 8:50:13 AM ingraph.cypher2relalg.util.IngraphLogger log
SEVERE: Variable assignment not supported for PatternPart (in MATCH clause)
Mar 03, 2017 8:50:13 AM ingraph.cypher2relalg.util.IngraphLogger log
SEVERE: Variable assignment not supported for PatternPart (in MATCH clause)
Mar 03, 2017 8:50:13 AM ingraph.cypher2relalg.util.IngraphLogger log
SEVERE: Variable assignment not supported for PatternPart (in MATCH clause)
Mar 03, 2017 8:50:13 AM ingraph.cypher2relalg.util.IngraphLogger log
SEVERE: Variable assignment not supported for PatternPart (in MATCH clause)
Mar 03, 2017 8:50:13 AM ingraph.cypher2relalg.util.IngraphLogger log
SEVERE: Variable assignment not supported for PatternPart (in MATCH clause)
Mar 03, 2017 8:50:13 AM ingraph.cypher2relalg.util.IngraphLogger log
SEVERE: Variable assignment not supported for PatternPart (in MATCH clause)
Mar 03, 2017 8:50:13 AM ingraph.cypher2relalg.util.IngraphLogger log
SEVERE: Variable assignment not supported for PatternPart (in MATCH clause)
Mar 03, 2017 8:50:13 AM ingraph.cypher2relalg.util.IngraphLogger log
SEVERE: Variable assignment not supported for PatternPart (in MATCH clause)
Mar 03, 2017 8:50:13 AM ingraph.cypher2relalg.util.IngraphLogger log
SEVERE: Variable assignment not supported for PatternPart (in MATCH clause)
Mar 03, 2017 8:50:13 AM ingraph.cypher2relalg.util.IngraphLogger log
SEVERE: Variable assignment not supported for PatternPart (in MATCH clause)
Mar 03, 2017 8:50:13 AM ingraph.cypher2relalg.util.IngraphLogger log
SEVERE: Variable assignment not supported for PatternPart (in MATCH clause)
Mar 03, 2017 8:50:13 AM ingraph.cypher2relalg.util.IngraphLogger log
SEVERE: Variable assignment not supported for PatternPart (in MATCH clause)
Mar 03, 2017 8:50:13 AM ingraph.cypher2relalg.util.IngraphLogger log
SEVERE: Variable assignment not supported for PatternPart (in MATCH clause)
Mar 03, 2017 8:50:13 AM ingraph.cypher2relalg.util.IngraphLogger log
SEVERE: Variable assignment not supported for PatternPart (in MATCH clause)
Mar 03, 2017 8:50:13 AM ingraph.cypher2relalg.util.IngraphLogger log
SEVERE: Variable assignment not supported for PatternPart (in MATCH clause)
Mar 03, 2017 8:50:13 AM ingraph.cypher2relalg.util.IngraphLogger log
SEVERE: Variable assignment not supported for PatternPart (in MATCH clause)
Mar 03, 2017 8:50:13 AM ingraph.cypher2relalg.util.IngraphLogger log
SEVERE: Variable assignment not supported for PatternPart (in MATCH clause)
Mar 03, 2017 8:50:13 AM ingraph.cypher2relalg.util.IngraphLogger log
SEVERE: Variable assignment not supported for PatternPart (in MATCH clause)
Mar 03, 2017 8:50:13 AM ingraph.cypher2relalg.util.IngraphLogger log
SEVERE: Variable assignment not supported for PatternPart (in MATCH clause)
Mar 03, 2017 8:50:13 AM ingraph.cypher2relalg.util.IngraphLogger log
SEVERE: Variable assignment not supported for PatternPart (in MATCH clause)
Mar 03, 2017 8:50:13 AM ingraph.cypher2relalg.util.IngraphLogger log
SEVERE: Variable assignment not supported for PatternPart (in MATCH clause)
Mar 03, 2017 8:50:13 AM ingraph.cypher2relalg.util.IngraphLogger log
SEVERE: Variable assignment not supported for PatternPart (in MATCH clause)
Mar 03, 2017 8:50:13 AM ingraph.cypher2relalg.util.IngraphLogger log
SEVERE: Variable assignment not supported for PatternPart (in MATCH clause)
Mar 03, 2017 8:50:13 AM ingraph.cypher2relalg.util.IngraphLogger log
SEVERE: Variable assignment not supported for PatternPart (in MATCH clause)
Mar 03, 2017 8:50:13 AM ingraph.cypher2relalg.util.IngraphLogger log
SEVERE: Variable assignment not supported for PatternPart (in MATCH clause)
Mar 03, 2017 8:50:13 AM ingraph.cypher2relalg.util.IngraphLogger log
SEVERE: Variable assignment not supported for PatternPart (in MATCH clause)
Mar 03, 2017 8:50:13 AM ingraph.cypher2relalg.util.IngraphLogger log
SEVERE: Variable assignment not supported for PatternPart (in MATCH clause)
Mar 03, 2017 8:50:13 AM ingraph.cypher2relalg.util.IngraphLogger log
SEVERE: Variable name not found: a
Mar 03, 2017 8:50:13 AM ingraph.cypher2relalg.util.IngraphLogger log
SEVERE: Variable name not found: a
Mar 03, 2017 8:50:13 AM ingraph.cypher2relalg.util.IngraphLogger log
SEVERE: Variable name not found: a
Mar 03, 2017 8:50:13 AM ingraph.cypher2relalg.util.IngraphLogger log
SEVERE: Variable name not found: a
Mar 03, 2017 8:50:13 AM ingraph.cypher2relalg.util.IngraphLogger log
SEVERE: Variable name not found: a
Mar 03, 2017 8:50:13 AM ingraph.cypher2relalg.util.IngraphLogger log
SEVERE: Variable name not found: a
Mar 03, 2017 8:50:13 AM ingraph.cypher2relalg.util.IngraphLogger log
SEVERE: Variable name not found: a
Mar 03, 2017 8:50:13 AM ingraph.cypher2relalg.util.IngraphLogger log
SEVERE: Variable name not found: a
Mar 03, 2017 8:50:13 AM ingraph.cypher2relalg.util.IngraphLogger log
SEVERE: Variable name not found: a
Mar 03, 2017 8:50:13 AM ingraph.cypher2relalg.util.IngraphLogger log
SEVERE: Variable name not found: a
Mar 03, 2017 8:50:13 AM ingraph.cypher2relalg.util.IngraphLogger log
SEVERE: Variable name not found: a
Mar 03, 2017 8:50:13 AM ingraph.cypher2relalg.util.IngraphLogger log
SEVERE: Variable name not found: a
Mar 03, 2017 8:50:14 AM ingraph.cypher2relalg.util.IngraphLogger log
SEVERE: Variable name not found: n
Mar 03, 2017 8:50:14 AM ingraph.cypher2relalg.util.IngraphLogger log
SEVERE: Variable name not found: n
Mar 03, 2017 8:50:14 AM ingraph.cypher2relalg.util.IngraphLogger log
SEVERE: Variable name not found: n
Mar 03, 2017 8:50:14 AM ingraph.cypher2relalg.util.IngraphLogger log
SEVERE: Variable name not found: n
Mar 03, 2017 8:50:14 AM ingraph.cypher2relalg.util.IngraphLogger log
SEVERE: Variable name not found: n
Mar 03, 2017 8:50:14 AM ingraph.cypher2relalg.util.IngraphLogger log
SEVERE: Variable name not found: n
Mar 03, 2017 8:50:14 AM ingraph.cypher2relalg.util.IngraphLogger log
SEVERE: Variable name not found: n
Mar 03, 2017 8:50:14 AM ingraph.cypher2relalg.util.IngraphLogger log
SEVERE: Variable name not found: n
Mar 03, 2017 8:50:14 AM ingraph.cypher2relalg.util.IngraphLogger log
SEVERE: Variable name not found: n
Mar 03, 2017 8:50:14 AM ingraph.cypher2relalg.util.IngraphLogger log
SEVERE: Variable name not found: n
Mar 03, 2017 8:50:14 AM ingraph.cypher2relalg.util.IngraphLogger log
SEVERE: Variable name not found: n
Mar 03, 2017 8:50:14 AM ingraph.cypher2relalg.util.IngraphLogger log
SEVERE: Variable name not found: n
Mar 03, 2017 8:50:14 AM ingraph.cypher2relalg.util.IngraphLogger log
SEVERE: Variable name not found: n
Mar 03, 2017 8:50:14 AM ingraph.cypher2relalg.util.IngraphLogger log
SEVERE: Variable name not found: n
Mar 03, 2017 8:50:14 AM ingraph.cypher2relalg.util.IngraphLogger log
SEVERE: Variable name not found: n
Mar 03, 2017 8:50:14 AM ingraph.cypher2relalg.util.IngraphLogger log
SEVERE: Variable name not found: n
Mar 03, 2017 8:50:14 AM ingraph.cypher2relalg.util.IngraphLogger log
SEVERE: Variable name not found: n
Mar 03, 2017 8:50:15 AM ingraph.cypher2relalg.util.IngraphLogger log
SEVERE: Variable assignment not supported for PatternPart (in MATCH clause)
Mar 03, 2017 8:50:15 AM ingraph.cypher2relalg.util.IngraphLogger log
SEVERE: Variable assignment not supported for PatternPart (in MATCH clause)
Mar 03, 2017 8:50:15 AM ingraph.cypher2relalg.util.IngraphLogger log
SEVERE: Variable assignment not supported for PatternPart (in MATCH clause)
Mar 03, 2017 8:50:15 AM ingraph.cypher2relalg.util.IngraphLogger log
SEVERE: Variable assignment not supported for PatternPart (in MATCH clause)
Mar 03, 2017 8:50:15 AM ingraph.cypher2relalg.util.IngraphLogger log
SEVERE: Variable assignment not supported for PatternPart (in MATCH clause)
Mar 03, 2017 8:50:15 AM ingraph.cypher2relalg.util.IngraphLogger log
SEVERE: Variable assignment not supported for PatternPart (in MATCH clause)
Mar 03, 2017 8:50:15 AM ingraph.cypher2relalg.util.IngraphLogger log
SEVERE: Variable assignment not supported for PatternPart (in MATCH clause)
Mar 03, 2017 8:50:15 AM ingraph.cypher2relalg.util.IngraphLogger log
SEVERE: Variable assignment not supported for PatternPart (in MATCH clause)
Mar 03, 2017 8:50:15 AM ingraph.cypher2relalg.util.IngraphLogger log
SEVERE: Variable assignment not supported for PatternPart (in MATCH clause)
Mar 03, 2017 8:50:15 AM ingraph.cypher2relalg.util.IngraphLogger log
SEVERE: Variable assignment not supported for PatternPart (in MATCH clause)
Mar 03, 2017 8:50:15 AM ingraph.cypher2relalg.util.IngraphLogger log
SEVERE: Variable assignment not supported for PatternPart (in MATCH clause)
Mar 03, 2017 8:50:15 AM ingraph.cypher2relalg.util.IngraphLogger log
SEVERE: Variable assignment not supported for PatternPart (in MATCH clause)
Mar 03, 2017 8:50:15 AM ingraph.cypher2relalg.util.IngraphLogger log
SEVERE: Variable assignment not supported for PatternPart (in MATCH clause)
Mar 03, 2017 8:50:15 AM ingraph.cypher2relalg.util.IngraphLogger log
SEVERE: Variable assignment not supported for PatternPart (in MATCH clause)
Mar 03, 2017 8:50:15 AM ingraph.cypher2relalg.util.IngraphLogger log
SEVERE: Variable assignment not supported for PatternPart (in MATCH clause)
Mar 03, 2017 8:50:15 AM ingraph.cypher2relalg.util.IngraphLogger log
SEVERE: Variable assignment not supported for PatternPart (in MATCH clause)
Mar 03, 2017 8:50:15 AM ingraph.cypher2relalg.util.IngraphLogger log
SEVERE: Variable assignment not supported for PatternPart (in MATCH clause)
Mar 03, 2017 8:50:15 AM ingraph.cypher2relalg.util.IngraphLogger log
SEVERE: Variable assignment not supported for PatternPart (in MATCH clause)
Mar 03, 2017 8:50:15 AM ingraph.cypher2relalg.util.IngraphLogger log
SEVERE: Variable assignment not supported for PatternPart (in MATCH clause)
Mar 03, 2017 8:50:15 AM ingraph.cypher2relalg.util.IngraphLogger log
SEVERE: Variable assignment not supported for PatternPart (in MATCH clause)
Mar 03, 2017 8:50:15 AM ingraph.cypher2relalg.util.IngraphLogger log
SEVERE: Variable assignment not supported for PatternPart (in MATCH clause)
Mar 03, 2017 8:50:15 AM ingraph.cypher2relalg.util.IngraphLogger log
SEVERE: Variable assignment not supported for PatternPart (in MATCH clause)
Mar 03, 2017 8:50:15 AM ingraph.cypher2relalg.util.IngraphLogger log
SEVERE: Variable assignment not supported for PatternPart (in MATCH clause)
Mar 03, 2017 8:50:15 AM ingraph.cypher2relalg.util.IngraphLogger log
SEVERE: Variable assignment not supported for PatternPart (in MATCH clause)
Mar 03, 2017 8:50:15 AM ingraph.cypher2relalg.util.IngraphLogger log
SEVERE: Variable assignment not supported for PatternPart (in MATCH clause)
Mar 03, 2017 8:50:15 AM ingraph.cypher2relalg.util.IngraphLogger log
SEVERE: Variable assignment not supported for PatternPart (in MATCH clause)
Mar 03, 2017 8:50:15 AM ingraph.cypher2relalg.util.IngraphLogger log
SEVERE: Variable assignment not supported for PatternPart (in MATCH clause)
Mar 03, 2017 8:50:15 AM ingraph.cypher2relalg.util.IngraphLogger log
SEVERE: Variable assignment not supported for PatternPart (in MATCH clause)
Mar 03, 2017 8:50:15 AM ingraph.cypher2relalg.util.IngraphLogger log
SEVERE: Variable assignment not supported for PatternPart (in MATCH clause)
Mar 03, 2017 8:50:15 AM ingraph.cypher2relalg.util.IngraphLogger log
SEVERE: Variable assignment not supported for PatternPart (in MATCH clause)
Mar 03, 2017 8:50:15 AM ingraph.cypher2relalg.util.IngraphLogger log
SEVERE: Variable assignment not supported for PatternPart (in MATCH clause)
Mar 03, 2017 8:50:15 AM ingraph.cypher2relalg.util.IngraphLogger log
SEVERE: Variable assignment not supported for PatternPart (in MATCH clause)
Mar 03, 2017 8:50:15 AM ingraph.cypher2relalg.util.IngraphLogger log
SEVERE: Variable assignment not supported for PatternPart (in MATCH clause)
Mar 03, 2017 8:50:15 AM ingraph.cypher2relalg.util.IngraphLogger log
SEVERE: Variable assignment not supported for PatternPart (in MATCH clause)
Mar 03, 2017 8:50:15 AM ingraph.cypher2relalg.util.IngraphLogger log
SEVERE: Variable assignment not supported for PatternPart (in MATCH clause)
Mar 03, 2017 8:50:15 AM ingraph.cypher2relalg.util.IngraphLogger log
SEVERE: Variable assignment not supported for PatternPart (in MATCH clause)
Mar 03, 2017 8:50:15 AM ingraph.cypher2relalg.util.IngraphLogger log
SEVERE: Variable assignment not supported for PatternPart (in MATCH clause)
Mar 03, 2017 8:50:15 AM ingraph.cypher2relalg.util.IngraphLogger log
SEVERE: Variable assignment not supported for PatternPart (in MATCH clause)
Mar 03, 2017 8:50:15 AM ingraph.cypher2relalg.util.IngraphLogger log
SEVERE: Variable assignment not supported for PatternPart (in MATCH clause)
Mar 03, 2017 8:50:15 AM ingraph.cypher2relalg.util.IngraphLogger log
SEVERE: Variable assignment not supported for PatternPart (in MATCH clause)
Mar 03, 2017 8:50:15 AM ingraph.cypher2relalg.util.IngraphLogger log
SEVERE: Variable assignment not supported for PatternPart (in MATCH clause)
Mar 03, 2017 8:50:15 AM ingraph.cypher2relalg.util.IngraphLogger log
SEVERE: Variable assignment not supported for PatternPart (in MATCH clause)
Mar 03, 2017 8:50:15 AM ingraph.cypher2relalg.util.IngraphLogger log
SEVERE: Variable assignment not supported for PatternPart (in MATCH clause)
Mar 03, 2017 8:50:15 AM ingraph.cypher2relalg.util.IngraphLogger log
SEVERE: Variable assignment not supported for PatternPart (in MATCH clause)
Mar 03, 2017 8:50:15 AM ingraph.cypher2relalg.util.IngraphLogger log
SEVERE: Variable assignment not supported for PatternPart (in MATCH clause)
Mar 03, 2017 8:50:15 AM ingraph.cypher2relalg.util.IngraphLogger log
SEVERE: Variable assignment not supported for PatternPart (in MATCH clause)
Mar 03, 2017 8:50:15 AM ingraph.cypher2relalg.util.IngraphLogger log
SEVERE: Variable assignment not supported for PatternPart (in MATCH clause)
Mar 03, 2017 8:50:15 AM ingraph.cypher2relalg.util.IngraphLogger log
SEVERE: Variable assignment not supported for PatternPart (in MATCH clause)
Mar 03, 2017 8:50:15 AM ingraph.cypher2relalg.util.IngraphLogger log
SEVERE: Variable assignment not supported for PatternPart (in MATCH clause)
Mar 03, 2017 8:50:15 AM ingraph.cypher2relalg.util.IngraphLogger log
SEVERE: Variable assignment not supported for PatternPart (in MATCH clause)
Mar 03, 2017 8:50:15 AM ingraph.cypher2relalg.util.IngraphLogger log
SEVERE: Variable assignment not supported for PatternPart (in MATCH clause)
Mar 03, 2017 8:50:15 AM ingraph.cypher2relalg.util.IngraphLogger log
SEVERE: Variable assignment not supported for PatternPart (in MATCH clause)
Mar 03, 2017 8:50:15 AM ingraph.cypher2relalg.util.IngraphLogger log
SEVERE: Variable assignment not supported for PatternPart (in MATCH clause)
Mar 03, 2017 8:50:15 AM ingraph.cypher2relalg.util.IngraphLogger log
SEVERE: Variable assignment not supported for PatternPart (in MATCH clause)
Mar 03, 2017 8:50:15 AM ingraph.cypher2relalg.util.IngraphLogger log
SEVERE: Variable assignment not supported for PatternPart (in MATCH clause)
Mar 03, 2017 8:50:15 AM ingraph.cypher2relalg.util.IngraphLogger log
SEVERE: Variable assignment not supported for PatternPart (in MATCH clause)
Mar 03, 2017 8:50:15 AM ingraph.cypher2relalg.util.IngraphLogger log
SEVERE: Variable assignment not supported for PatternPart (in MATCH clause)
Mar 03, 2017 8:50:15 AM ingraph.cypher2relalg.util.IngraphLogger log
SEVERE: Variable assignment not supported for PatternPart (in MATCH clause)
Mar 03, 2017 8:50:15 AM ingraph.cypher2relalg.util.IngraphLogger log
SEVERE: Variable assignment not supported for PatternPart (in MATCH clause)
Mar 03, 2017 8:50:15 AM ingraph.cypher2relalg.util.IngraphLogger log
SEVERE: Variable assignment not supported for PatternPart (in MATCH clause)
Mar 03, 2017 8:50:15 AM ingraph.cypher2relalg.util.IngraphLogger log
SEVERE: Variable assignment not supported for PatternPart (in MATCH clause)
Mar 03, 2017 8:50:15 AM ingraph.cypher2relalg.util.IngraphLogger log
SEVERE: Variable assignment not supported for PatternPart (in MATCH clause)
Mar 03, 2017 8:50:15 AM ingraph.cypher2relalg.util.IngraphLogger log
SEVERE: Variable assignment not supported for PatternPart (in MATCH clause)
Mar 03, 2017 8:50:15 AM ingraph.cypher2relalg.util.IngraphLogger log
SEVERE: Variable assignment not supported for PatternPart (in MATCH clause)
Mar 03, 2017 8:50:15 AM ingraph.cypher2relalg.util.IngraphLogger log
SEVERE: Variable assignment not supported for PatternPart (in MATCH clause)
Mar 03, 2017 8:50:15 AM ingraph.cypher2relalg.util.IngraphLogger log
SEVERE: Variable assignment not supported for PatternPart (in MATCH clause)
Mar 03, 2017 8:50:15 AM ingraph.cypher2relalg.util.IngraphLogger log
SEVERE: Variable assignment not supported for PatternPart (in MATCH clause)
Mar 03, 2017 8:50:15 AM ingraph.cypher2relalg.util.IngraphLogger log
SEVERE: Variable assignment not supported for PatternPart (in MATCH clause)
Mar 03, 2017 8:50:15 AM ingraph.cypher2relalg.util.IngraphLogger log
SEVERE: Variable assignment not supported for PatternPart (in MATCH clause)
Mar 03, 2017 8:50:15 AM ingraph.cypher2relalg.util.IngraphLogger log
SEVERE: Variable assignment not supported for PatternPart (in MATCH clause)
Mar 03, 2017 8:50:15 AM ingraph.cypher2relalg.util.IngraphLogger log
SEVERE: Variable assignment not supported for PatternPart (in MATCH clause)
Mar 03, 2017 8:50:15 AM ingraph.cypher2relalg.util.IngraphLogger log
SEVERE: Variable assignment not supported for PatternPart (in MATCH clause)
Mar 03, 2017 8:50:15 AM ingraph.cypher2relalg.util.IngraphLogger log
SEVERE: Variable assignment not supported for PatternPart (in MATCH clause)
Mar 03, 2017 8:50:15 AM ingraph.cypher2relalg.util.IngraphLogger log
SEVERE: Variable assignment not supported for PatternPart (in MATCH clause)
Mar 03, 2017 8:50:15 AM ingraph.cypher2relalg.util.IngraphLogger log
SEVERE: Variable assignment not supported for PatternPart (in MATCH clause)
Mar 03, 2017 8:50:15 AM ingraph.cypher2relalg.util.IngraphLogger log
SEVERE: Variable assignment not supported for PatternPart (in MATCH clause)
Mar 03, 2017 8:50:15 AM ingraph.cypher2relalg.util.IngraphLogger log
SEVERE: Variable assignment not supported for PatternPart (in MATCH clause)
Mar 03, 2017 8:50:15 AM ingraph.cypher2relalg.util.IngraphLogger log
SEVERE: Variable assignment not supported for PatternPart (in MATCH clause)
Mar 03, 2017 8:50:15 AM ingraph.cypher2relalg.util.IngraphLogger log
SEVERE: Variable assignment not supported for PatternPart (in MATCH clause)
Mar 03, 2017 8:50:15 AM ingraph.cypher2relalg.util.IngraphLogger log
SEVERE: Variable assignment not supported for PatternPart (in MATCH clause)
Mar 03, 2017 8:50:15 AM ingraph.cypher2relalg.util.IngraphLogger log
SEVERE: Variable assignment not supported for PatternPart (in MATCH clause)
Mar 03, 2017 8:50:15 AM ingraph.cypher2relalg.util.IngraphLogger log
SEVERE: Variable assignment not supported for PatternPart (in MATCH clause)
Mar 03, 2017 8:50:15 AM ingraph.cypher2relalg.util.IngraphLogger log
SEVERE: Variable assignment not supported for PatternPart (in MATCH clause)
Mar 03, 2017 8:50:15 AM ingraph.cypher2relalg.util.IngraphLogger log
SEVERE: Variable assignment not supported for PatternPart (in MATCH clause)
Mar 03, 2017 8:50:15 AM ingraph.cypher2relalg.util.IngraphLogger log
SEVERE: Variable assignment not supported for PatternPart (in MATCH clause)
Mar 03, 2017 8:50:15 AM ingraph.cypher2relalg.util.IngraphLogger log
SEVERE: Variable assignment not supported for PatternPart (in MATCH clause)
Mar 03, 2017 8:50:15 AM ingraph.cypher2relalg.util.IngraphLogger log
SEVERE: Variable assignment not supported for PatternPart (in MATCH clause)
Mar 03, 2017 8:50:15 AM ingraph.cypher2relalg.util.IngraphLogger log
SEVERE: Variable assignment not supported for PatternPart (in MATCH clause)
Mar 03, 2017 8:50:15 AM ingraph.cypher2relalg.util.IngraphLogger log
SEVERE: Variable assignment not supported for PatternPart (in MATCH clause)
Mar 03, 2017 8:50:15 AM ingraph.cypher2relalg.util.IngraphLogger log
SEVERE: Variable assignment not supported for PatternPart (in MATCH clause)
Mar 03, 2017 8:50:15 AM ingraph.cypher2relalg.util.IngraphLogger log
SEVERE: Variable assignment not supported for PatternPart (in MATCH clause)
Mar 03, 2017 8:50:15 AM ingraph.cypher2relalg.util.IngraphLogger log
SEVERE: Variable assignment not supported for PatternPart (in MATCH clause)
Mar 03, 2017 8:50:15 AM ingraph.cypher2relalg.util.IngraphLogger log
SEVERE: Variable assignment not supported for PatternPart (in MATCH clause)
Mar 03, 2017 8:50:15 AM ingraph.cypher2relalg.util.IngraphLogger log
SEVERE: Variable assignment not supported for PatternPart (in MATCH clause)
Mar 03, 2017 8:50:15 AM ingraph.cypher2relalg.util.IngraphLogger log
SEVERE: Variable assignment not supported for PatternPart (in MATCH clause)
Mar 03, 2017 8:50:15 AM ingraph.cypher2relalg.util.IngraphLogger log
SEVERE: Variable assignment not supported for PatternPart (in MATCH clause)
Mar 03, 2017 8:50:15 AM ingraph.cypher2relalg.util.IngraphLogger log
SEVERE: Variable assignment not supported for PatternPart (in MATCH clause)
Mar 03, 2017 8:50:15 AM ingraph.cypher2relalg.util.IngraphLogger log
SEVERE: Variable assignment not supported for PatternPart (in MATCH clause)
Mar 03, 2017 8:50:15 AM ingraph.cypher2relalg.util.IngraphLogger log
SEVERE: Variable assignment not supported for PatternPart (in MATCH clause)
Mar 03, 2017 8:50:15 AM ingraph.cypher2relalg.util.IngraphLogger log
SEVERE: Variable assignment not supported for PatternPart (in MATCH clause)
Mar 03, 2017 8:50:15 AM ingraph.cypher2relalg.util.IngraphLogger log
SEVERE: Variable assignment not supported for PatternPart (in MATCH clause)
Mar 03, 2017 8:50:15 AM ingraph.cypher2relalg.util.IngraphLogger log
SEVERE: Variable assignment not supported for PatternPart (in MATCH clause)
Mar 03, 2017 8:50:15 AM ingraph.cypher2relalg.util.IngraphLogger log
SEVERE: Variable assignment not supported for PatternPart (in MATCH clause)
Mar 03, 2017 8:50:15 AM ingraph.cypher2relalg.util.IngraphLogger log
SEVERE: Variable assignment not supported for PatternPart (in MATCH clause)
Mar 03, 2017 8:50:15 AM ingraph.cypher2relalg.util.IngraphLogger log
SEVERE: Variable assignment not supported for PatternPart (in MATCH clause)
Mar 03, 2017 8:50:15 AM ingraph.cypher2relalg.util.IngraphLogger log
SEVERE: Variable assignment not supported for PatternPart (in MATCH clause)
Mar 03, 2017 8:50:15 AM ingraph.cypher2relalg.util.IngraphLogger log
SEVERE: Variable assignment not supported for PatternPart (in MATCH clause)
Mar 03, 2017 8:50:15 AM ingraph.cypher2relalg.util.IngraphLogger log
SEVERE: Variable assignment not supported for PatternPart (in MATCH clause)
Mar 03, 2017 8:50:15 AM ingraph.cypher2relalg.util.IngraphLogger log
SEVERE: Variable assignment not supported for PatternPart (in MATCH clause)
Mar 03, 2017 8:50:15 AM ingraph.cypher2relalg.util.IngraphLogger log
SEVERE: Variable assignment not supported for PatternPart (in MATCH clause)
Mar 03, 2017 8:50:15 AM ingraph.cypher2relalg.util.IngraphLogger log
SEVERE: Variable assignment not supported for PatternPart (in MATCH clause)
Mar 03, 2017 8:50:15 AM ingraph.cypher2relalg.util.IngraphLogger log
SEVERE: Variable assignment not supported for PatternPart (in MATCH clause)
Mar 03, 2017 8:50:15 AM ingraph.cypher2relalg.util.IngraphLogger log
SEVERE: Variable assignment not supported for PatternPart (in MATCH clause)
Mar 03, 2017 8:50:15 AM ingraph.cypher2relalg.util.IngraphLogger log
SEVERE: Variable assignment not supported for PatternPart (in MATCH clause)
Mar 03, 2017 8:50:15 AM ingraph.cypher2relalg.util.IngraphLogger log
SEVERE: Variable assignment not supported for PatternPart (in MATCH clause)
Mar 03, 2017 8:50:15 AM ingraph.cypher2relalg.util.IngraphLogger log
SEVERE: Variable assignment not supported for PatternPart (in MATCH clause)
Mar 03, 2017 8:50:15 AM ingraph.cypher2relalg.util.IngraphLogger log
SEVERE: Variable assignment not supported for PatternPart (in MATCH clause)
Mar 03, 2017 8:50:15 AM ingraph.cypher2relalg.util.IngraphLogger log
SEVERE: Variable assignment not supported for PatternPart (in MATCH clause)
Mar 03, 2017 8:50:15 AM ingraph.cypher2relalg.util.IngraphLogger log
SEVERE: Variable assignment not supported for PatternPart (in MATCH clause)
Mar 03, 2017 8:50:15 AM ingraph.cypher2relalg.util.IngraphLogger log
SEVERE: Variable assignment not supported for PatternPart (in MATCH clause)
Mar 03, 2017 8:50:15 AM ingraph.cypher2relalg.util.IngraphLogger log
SEVERE: Variable assignment not supported for PatternPart (in MATCH clause)
Mar 03, 2017 8:50:15 AM ingraph.cypher2relalg.util.IngraphLogger log
SEVERE: Variable assignment not supported for PatternPart (in MATCH clause)
Mar 03, 2017 8:50:15 AM ingraph.cypher2relalg.util.IngraphLogger log
SEVERE: Variable assignment not supported for PatternPart (in MATCH clause)
Mar 03, 2017 8:50:15 AM ingraph.cypher2relalg.util.IngraphLogger log
SEVERE: Variable assignment not supported for PatternPart (in MATCH clause)
Mar 03, 2017 8:50:15 AM ingraph.cypher2relalg.util.IngraphLogger log
SEVERE: Variable assignment not supported for PatternPart (in MATCH clause)
Mar 03, 2017 8:50:15 AM ingraph.cypher2relalg.util.IngraphLogger log
SEVERE: Variable assignment not supported for PatternPart (in MATCH clause)
Mar 03, 2017 8:50:15 AM ingraph.cypher2relalg.util.IngraphLogger log
SEVERE: Variable assignment not supported for PatternPart (in MATCH clause)
Mar 03, 2017 8:50:15 AM ingraph.cypher2relalg.util.IngraphLogger log
SEVERE: Variable assignment not supported for PatternPart (in MATCH clause)
Mar 03, 2017 8:50:15 AM ingraph.cypher2relalg.util.IngraphLogger log
SEVERE: Variable assignment not supported for PatternPart (in MATCH clause)
Mar 03, 2017 8:50:15 AM ingraph.cypher2relalg.util.IngraphLogger log
SEVERE: Variable assignment not supported for PatternPart (in MATCH clause)
Mar 03, 2017 8:50:15 AM ingraph.cypher2relalg.util.IngraphLogger log
SEVERE: Variable assignment not supported for PatternPart (in MATCH clause)
Mar 03, 2017 8:50:15 AM ingraph.cypher2relalg.util.IngraphLogger log
SEVERE: Variable assignment not supported for PatternPart (in MATCH clause)
Mar 03, 2017 8:50:15 AM ingraph.cypher2relalg.util.IngraphLogger log
SEVERE: Variable assignment not supported for PatternPart (in MATCH clause)
Mar 03, 2017 8:50:15 AM ingraph.cypher2relalg.util.IngraphLogger log
SEVERE: Variable assignment not supported for PatternPart (in MATCH clause)
Mar 03, 2017 8:50:15 AM ingraph.cypher2relalg.util.IngraphLogger log
SEVERE: Variable assignment not supported for PatternPart (in MATCH clause)
Mar 03, 2017 8:50:15 AM ingraph.cypher2relalg.util.IngraphLogger log
SEVERE: Variable assignment not supported for PatternPart (in MATCH clause)
Mar 03, 2017 8:50:15 AM ingraph.cypher2relalg.util.IngraphLogger log
SEVERE: Variable assignment not supported for PatternPart (in MATCH clause)
Mar 03, 2017 8:50:15 AM ingraph.cypher2relalg.util.IngraphLogger log
SEVERE: Variable assignment not supported for PatternPart (in MATCH clause)
Mar 03, 2017 8:50:15 AM ingraph.cypher2relalg.util.IngraphLogger log
SEVERE: Variable assignment not supported for PatternPart (in MATCH clause)
Mar 03, 2017 8:50:15 AM ingraph.cypher2relalg.util.IngraphLogger log
SEVERE: Variable assignment not supported for PatternPart (in MATCH clause)
Mar 03, 2017 8:50:15 AM ingraph.cypher2relalg.util.IngraphLogger log
SEVERE: Variable assignment not supported for PatternPart (in MATCH clause)
Mar 03, 2017 8:50:15 AM ingraph.cypher2relalg.util.IngraphLogger log
SEVERE: Variable assignment not supported for PatternPart (in MATCH clause)
Mar 03, 2017 8:50:15 AM ingraph.cypher2relalg.util.IngraphLogger log
SEVERE: Variable assignment not supported for PatternPart (in MATCH clause)
Mar 03, 2017 8:50:15 AM ingraph.cypher2relalg.util.IngraphLogger log
SEVERE: Variable assignment not supported for PatternPart (in MATCH clause)
Mar 03, 2017 8:50:15 AM ingraph.cypher2relalg.util.IngraphLogger log
SEVERE: Variable assignment not supported for PatternPart (in MATCH clause)
Mar 03, 2017 8:50:15 AM ingraph.cypher2relalg.util.IngraphLogger log
SEVERE: Variable assignment not supported for PatternPart (in MATCH clause)
Mar 03, 2017 8:50:15 AM ingraph.cypher2relalg.util.IngraphLogger log
SEVERE: Variable assignment not supported for PatternPart (in MATCH clause)
Mar 03, 2017 8:50:15 AM ingraph.cypher2relalg.util.IngraphLogger log
SEVERE: Variable assignment not supported for PatternPart (in MATCH clause)
Mar 03, 2017 8:50:15 AM ingraph.cypher2relalg.util.IngraphLogger log
SEVERE: Variable assignment not supported for PatternPart (in MATCH clause)
Mar 03, 2017 8:50:15 AM ingraph.cypher2relalg.util.IngraphLogger log
SEVERE: Variable assignment not supported for PatternPart (in MATCH clause)
Mar 03, 2017 8:50:15 AM ingraph.cypher2relalg.util.IngraphLogger log
SEVERE: Variable assignment not supported for PatternPart (in MATCH clause)
Mar 03, 2017 8:50:15 AM ingraph.cypher2relalg.util.IngraphLogger log
SEVERE: Variable assignment not supported for PatternPart (in MATCH clause)
Mar 03, 2017 8:50:15 AM ingraph.cypher2relalg.util.IngraphLogger log
SEVERE: Variable assignment not supported for PatternPart (in MATCH clause)
Mar 03, 2017 8:50:15 AM ingraph.cypher2relalg.util.IngraphLogger log
SEVERE: Variable assignment not supported for PatternPart (in MATCH clause)
Mar 03, 2017 8:50:15 AM ingraph.cypher2relalg.util.IngraphLogger log
SEVERE: Variable assignment not supported for PatternPart (in MATCH clause)
Mar 03, 2017 8:50:15 AM ingraph.cypher2relalg.util.IngraphLogger log
SEVERE: Variable assignment not supported for PatternPart (in MATCH clause)
Mar 03, 2017 8:50:15 AM ingraph.cypher2relalg.util.IngraphLogger log
SEVERE: Variable assignment not supported for PatternPart (in MATCH clause)
Mar 03, 2017 8:50:15 AM ingraph.cypher2relalg.util.IngraphLogger log
SEVERE: Variable assignment not supported for PatternPart (in MATCH clause)
Mar 03, 2017 8:50:15 AM ingraph.cypher2relalg.util.IngraphLogger log
SEVERE: Variable assignment not supported for PatternPart (in MATCH clause)
Mar 03, 2017 8:50:15 AM ingraph.cypher2relalg.util.IngraphLogger log
SEVERE: Variable assignment not supported for PatternPart (in MATCH clause)
Mar 03, 2017 8:50:15 AM ingraph.cypher2relalg.util.IngraphLogger log
SEVERE: Variable assignment not supported for PatternPart (in MATCH clause)
Mar 03, 2017 8:50:15 AM ingraph.cypher2relalg.util.IngraphLogger log
SEVERE: Variable assignment not supported for PatternPart (in MATCH clause)
Mar 03, 2017 8:50:15 AM ingraph.cypher2relalg.util.IngraphLogger log
SEVERE: Variable assignment not supported for PatternPart (in MATCH clause)
Mar 03, 2017 8:50:15 AM ingraph.cypher2relalg.util.IngraphLogger log
SEVERE: Variable assignment not supported for PatternPart (in MATCH clause)
Mar 03, 2017 8:50:15 AM ingraph.cypher2relalg.util.IngraphLogger log
SEVERE: Variable assignment not supported for PatternPart (in MATCH clause)
Mar 03, 2017 8:50:15 AM ingraph.cypher2relalg.util.IngraphLogger log
SEVERE: Variable assignment not supported for PatternPart (in MATCH clause)
Mar 03, 2017 8:50:15 AM ingraph.cypher2relalg.util.IngraphLogger log
SEVERE: Variable assignment not supported for PatternPart (in MATCH clause)
Mar 03, 2017 8:50:15 AM ingraph.cypher2relalg.util.IngraphLogger log
SEVERE: Variable assignment not supported for PatternPart (in MATCH clause)
Mar 03, 2017 8:50:15 AM ingraph.cypher2relalg.util.IngraphLogger log
SEVERE: Variable assignment not supported for PatternPart (in MATCH clause)
Mar 03, 2017 8:50:15 AM ingraph.cypher2relalg.util.IngraphLogger log
SEVERE: Variable assignment not supported for PatternPart (in MATCH clause)
Mar 03, 2017 8:50:15 AM ingraph.cypher2relalg.util.IngraphLogger log
SEVERE: Variable assignment not supported for PatternPart (in MATCH clause)
Mar 03, 2017 8:50:15 AM ingraph.cypher2relalg.util.IngraphLogger log
SEVERE: Variable assignment not supported for PatternPart (in MATCH clause)
Mar 03, 2017 8:50:15 AM ingraph.cypher2relalg.util.IngraphLogger log
SEVERE: Variable assignment not supported for PatternPart (in MATCH clause)
Mar 03, 2017 8:50:15 AM ingraph.cypher2relalg.util.IngraphLogger log
SEVERE: Variable assignment not supported for PatternPart (in MATCH clause)
Mar 03, 2017 8:50:15 AM ingraph.cypher2relalg.util.IngraphLogger log
SEVERE: Variable assignment not supported for PatternPart (in MATCH clause)
Mar 03, 2017 8:50:15 AM ingraph.cypher2relalg.util.IngraphLogger log
SEVERE: Variable assignment not supported for PatternPart (in MATCH clause)
Mar 03, 2017 8:50:15 AM ingraph.cypher2relalg.util.IngraphLogger log
SEVERE: Variable assignment not supported for PatternPart (in MATCH clause)
Mar 03, 2017 8:50:15 AM ingraph.cypher2relalg.util.IngraphLogger log
SEVERE: Variable assignment not supported for PatternPart (in MATCH clause)
Mar 03, 2017 8:50:15 AM ingraph.cypher2relalg.util.IngraphLogger log
SEVERE: Variable assignment not supported for PatternPart (in MATCH clause)
Mar 03, 2017 8:50:15 AM ingraph.cypher2relalg.util.IngraphLogger log
SEVERE: Variable assignment not supported for PatternPart (in MATCH clause)
Mar 03, 2017 8:50:15 AM ingraph.cypher2relalg.util.IngraphLogger log
SEVERE: Variable assignment not supported for PatternPart (in MATCH clause)
Mar 03, 2017 8:50:15 AM ingraph.cypher2relalg.util.IngraphLogger log
SEVERE: Variable assignment not supported for PatternPart (in MATCH clause)
Mar 03, 2017 8:50:15 AM ingraph.cypher2relalg.util.IngraphLogger log
SEVERE: Variable assignment not supported for PatternPart (in MATCH clause)
Mar 03, 2017 8:50:15 AM ingraph.cypher2relalg.util.IngraphLogger log
SEVERE: Variable assignment not supported for PatternPart (in MATCH clause)
Mar 03, 2017 8:50:15 AM ingraph.cypher2relalg.util.IngraphLogger log
SEVERE: Variable assignment not supported for PatternPart (in MATCH clause)
Mar 03, 2017 8:50:15 AM ingraph.cypher2relalg.util.IngraphLogger log
SEVERE: Variable assignment not supported for PatternPart (in MATCH clause)
Mar 03, 2017 8:50:15 AM ingraph.cypher2relalg.util.IngraphLogger log
SEVERE: Variable assignment not supported for PatternPart (in MATCH clause)
Mar 03, 2017 8:50:15 AM ingraph.cypher2relalg.util.IngraphLogger log
SEVERE: Variable assignment not supported for PatternPart (in MATCH clause)
Mar 03, 2017 8:50:15 AM ingraph.cypher2relalg.util.IngraphLogger log
SEVERE: Variable assignment not supported for PatternPart (in MATCH clause)
Mar 03, 2017 8:50:15 AM ingraph.cypher2relalg.util.IngraphLogger log
SEVERE: Variable assignment not supported for PatternPart (in MATCH clause)
Mar 03, 2017 8:50:15 AM ingraph.cypher2relalg.util.IngraphLogger log
SEVERE: Variable assignment not supported for PatternPart (in MATCH clause)
Mar 03, 2017 8:50:15 AM ingraph.cypher2relalg.util.IngraphLogger log
SEVERE: Variable assignment not supported for PatternPart (in MATCH clause)
Mar 03, 2017 8:50:15 AM ingraph.cypher2relalg.util.IngraphLogger log
SEVERE: Variable assignment not supported for PatternPart (in MATCH clause)
Mar 03, 2017 8:50:15 AM ingraph.cypher2relalg.util.IngraphLogger log
SEVERE: Variable assignment not supported for PatternPart (in MATCH clause)
Mar 03, 2017 8:50:15 AM ingraph.cypher2relalg.util.IngraphLogger log
SEVERE: Variable assignment not supported for PatternPart (in MATCH clause)
Mar 03, 2017 8:50:15 AM ingraph.cypher2relalg.util.IngraphLogger log
SEVERE: Variable assignment not supported for PatternPart (in MATCH clause)
Mar 03, 2017 8:50:15 AM ingraph.cypher2relalg.util.IngraphLogger log
SEVERE: Variable assignment not supported for PatternPart (in MATCH clause)
Mar 03, 2017 8:50:15 AM ingraph.cypher2relalg.util.IngraphLogger log
SEVERE: Variable assignment not supported for PatternPart (in MATCH clause)
Mar 03, 2017 8:50:15 AM ingraph.cypher2relalg.util.IngraphLogger log
SEVERE: Variable assignment not supported for PatternPart (in MATCH clause)
Mar 03, 2017 8:50:15 AM ingraph.cypher2relalg.util.IngraphLogger log
SEVERE: Variable assignment not supported for PatternPart (in MATCH clause)
Mar 03, 2017 8:50:15 AM ingraph.cypher2relalg.util.IngraphLogger log
SEVERE: Variable assignment not supported for PatternPart (in MATCH clause)
Mar 03, 2017 8:50:15 AM ingraph.cypher2relalg.util.IngraphLogger log
SEVERE: Variable assignment not supported for PatternPart (in MATCH clause)
Mar 03, 2017 8:50:15 AM ingraph.cypher2relalg.util.IngraphLogger log
SEVERE: Variable assignment not supported for PatternPart (in MATCH clause)
Mar 03, 2017 8:50:15 AM ingraph.cypher2relalg.util.IngraphLogger log
SEVERE: Variable assignment not supported for PatternPart (in MATCH clause)
Mar 03, 2017 8:50:15 AM ingraph.cypher2relalg.util.IngraphLogger log
SEVERE: Variable assignment not supported for PatternPart (in MATCH clause)
Mar 03, 2017 8:50:15 AM ingraph.cypher2relalg.util.IngraphLogger log
SEVERE: Variable assignment not supported for PatternPart (in MATCH clause)
Mar 03, 2017 8:50:15 AM ingraph.cypher2relalg.util.IngraphLogger log
SEVERE: Variable assignment not supported for PatternPart (in MATCH clause)
Mar 03, 2017 8:50:15 AM ingraph.cypher2relalg.util.IngraphLogger log
SEVERE: Variable assignment not supported for PatternPart (in MATCH clause)
Mar 03, 2017 8:50:15 AM ingraph.cypher2relalg.util.IngraphLogger log
SEVERE: Variable assignment not supported for PatternPart (in MATCH clause)
Mar 03, 2017 8:50:15 AM ingraph.cypher2relalg.util.IngraphLogger log
SEVERE: Variable assignment not supported for PatternPart (in MATCH clause)
Mar 03, 2017 8:50:15 AM ingraph.cypher2relalg.util.IngraphLogger log
SEVERE: Variable assignment not supported for PatternPart (in MATCH clause)
Mar 03, 2017 8:50:15 AM ingraph.cypher2relalg.util.IngraphLogger log
SEVERE: Variable assignment not supported for PatternPart (in MATCH clause)
Mar 03, 2017 8:50:15 AM ingraph.cypher2relalg.util.IngraphLogger log
SEVERE: Variable assignment not supported for PatternPart (in MATCH clause)
Mar 03, 2017 8:50:15 AM ingraph.cypher2relalg.util.IngraphLogger log
SEVERE: Variable assignment not supported for PatternPart (in MATCH clause)
Mar 03, 2017 8:50:15 AM ingraph.cypher2relalg.util.IngraphLogger log
SEVERE: Variable assignment not supported for PatternPart (in MATCH clause)
Mar 03, 2017 8:50:15 AM ingraph.cypher2relalg.util.IngraphLogger log
SEVERE: Variable assignment not supported for PatternPart (in MATCH clause)
Mar 03, 2017 8:50:15 AM ingraph.cypher2relalg.util.IngraphLogger log
SEVERE: Variable assignment not supported for PatternPart (in MATCH clause)
Mar 03, 2017 8:50:15 AM ingraph.cypher2relalg.util.IngraphLogger log
SEVERE: Variable assignment not supported for PatternPart (in MATCH clause)
Mar 03, 2017 8:50:15 AM ingraph.cypher2relalg.util.IngraphLogger log
SEVERE: Variable assignment not supported for PatternPart (in MATCH clause)
Mar 03, 2017 8:50:15 AM ingraph.cypher2relalg.util.IngraphLogger log
SEVERE: Variable assignment not supported for PatternPart (in MATCH clause)
Mar 03, 2017 8:50:15 AM ingraph.cypher2relalg.util.IngraphLogger log
SEVERE: Variable assignment not supported for PatternPart (in MATCH clause)
Mar 03, 2017 8:50:15 AM ingraph.cypher2relalg.util.IngraphLogger log
SEVERE: Variable assignment not supported for PatternPart (in MATCH clause)
Mar 03, 2017 8:50:15 AM ingraph.cypher2relalg.util.IngraphLogger log
SEVERE: Variable assignment not supported for PatternPart (in MATCH clause)
Mar 03, 2017 8:50:15 AM ingraph.cypher2relalg.util.IngraphLogger log
SEVERE: Variable assignment not supported for PatternPart (in MATCH clause)
Mar 03, 2017 8:50:15 AM ingraph.cypher2relalg.util.IngraphLogger log
SEVERE: Variable assignment not supported for PatternPart (in MATCH clause)
Mar 03, 2017 8:50:15 AM ingraph.cypher2relalg.util.IngraphLogger log
SEVERE: Variable assignment not supported for PatternPart (in MATCH clause)
Mar 03, 2017 8:50:15 AM ingraph.cypher2relalg.util.IngraphLogger log
SEVERE: Variable assignment not supported for PatternPart (in MATCH clause)
Mar 03, 2017 8:50:15 AM ingraph.cypher2relalg.util.IngraphLogger log
SEVERE: Variable assignment not supported for PatternPart (in MATCH clause)
Mar 03, 2017 8:50:15 AM ingraph.cypher2relalg.util.IngraphLogger log
SEVERE: Variable assignment not supported for PatternPart (in MATCH clause)
Mar 03, 2017 8:50:15 AM ingraph.cypher2relalg.util.IngraphLogger log
SEVERE: Variable assignment not supported for PatternPart (in MATCH clause)
Mar 03, 2017 8:50:15 AM ingraph.cypher2relalg.util.IngraphLogger log
SEVERE: Variable assignment not supported for PatternPart (in MATCH clause)
Mar 03, 2017 8:50:15 AM ingraph.cypher2relalg.util.IngraphLogger log
SEVERE: Variable assignment not supported for PatternPart (in MATCH clause)
Mar 03, 2017 8:50:15 AM ingraph.cypher2relalg.util.IngraphLogger log
SEVERE: Variable assignment not supported for PatternPart (in MATCH clause)
Mar 03, 2017 8:50:15 AM ingraph.cypher2relalg.util.IngraphLogger log
SEVERE: Variable assignment not supported for PatternPart (in MATCH clause)
Mar 03, 2017 8:50:15 AM ingraph.cypher2relalg.util.IngraphLogger log
SEVERE: Variable assignment not supported for PatternPart (in MATCH clause)
Mar 03, 2017 8:50:15 AM ingraph.cypher2relalg.util.IngraphLogger log
SEVERE: Variable assignment not supported for PatternPart (in MATCH clause)
Mar 03, 2017 8:50:15 AM ingraph.cypher2relalg.util.IngraphLogger log
SEVERE: Variable assignment not supported for PatternPart (in MATCH clause)
Mar 03, 2017 8:50:15 AM ingraph.cypher2relalg.util.IngraphLogger log
SEVERE: Variable assignment not supported for PatternPart (in MATCH clause)
Mar 03, 2017 8:50:15 AM ingraph.cypher2relalg.util.IngraphLogger log
SEVERE: Variable assignment not supported for PatternPart (in MATCH clause)
Mar 03, 2017 8:50:15 AM ingraph.cypher2relalg.util.IngraphLogger log
SEVERE: Variable assignment not supported for PatternPart (in MATCH clause)
Mar 03, 2017 8:50:15 AM ingraph.cypher2relalg.util.IngraphLogger log
SEVERE: Variable assignment not supported for PatternPart (in MATCH clause)
Mar 03, 2017 8:50:15 AM ingraph.cypher2relalg.util.IngraphLogger log
SEVERE: Variable assignment not supported for PatternPart (in MATCH clause)
Mar 03, 2017 8:50:15 AM ingraph.cypher2relalg.util.IngraphLogger log
SEVERE: Variable assignment not supported for PatternPart (in MATCH clause)
Mar 03, 2017 8:50:15 AM ingraph.cypher2relalg.util.IngraphLogger log
SEVERE: Variable assignment not supported for PatternPart (in MATCH clause)
Mar 03, 2017 8:50:15 AM ingraph.cypher2relalg.util.IngraphLogger log
SEVERE: Variable assignment not supported for PatternPart (in MATCH clause)
Mar 03, 2017 8:50:15 AM ingraph.cypher2relalg.util.IngraphLogger log
SEVERE: Variable assignment not supported for PatternPart (in MATCH clause)
Mar 03, 2017 8:50:15 AM ingraph.cypher2relalg.util.IngraphLogger log
SEVERE: Variable assignment not supported for PatternPart (in MATCH clause)
Mar 03, 2017 8:50:15 AM ingraph.cypher2relalg.util.IngraphLogger log
SEVERE: Variable assignment not supported for PatternPart (in MATCH clause)
Mar 03, 2017 8:50:15 AM ingraph.cypher2relalg.util.IngraphLogger log
SEVERE: Variable assignment not supported for PatternPart (in MATCH clause)
Mar 03, 2017 8:50:15 AM ingraph.cypher2relalg.util.IngraphLogger log
SEVERE: Variable assignment not supported for PatternPart (in MATCH clause)
Mar 03, 2017 8:50:15 AM ingraph.cypher2relalg.util.IngraphLogger log
SEVERE: Variable assignment not supported for PatternPart (in MATCH clause)
Mar 03, 2017 8:50:15 AM ingraph.cypher2relalg.util.IngraphLogger log
SEVERE: Variable assignment not supported for PatternPart (in MATCH clause)
Mar 03, 2017 8:50:16 AM ingraph.cypher2relalg.util.IngraphLogger log
SEVERE: Variable assignment not supported for PatternPart (in MATCH clause)
Mar 03, 2017 8:50:16 AM ingraph.cypher2relalg.util.IngraphLogger log
SEVERE: Variable assignment not supported for PatternPart (in MATCH clause)
Mar 03, 2017 8:50:16 AM ingraph.cypher2relalg.util.IngraphLogger log
SEVERE: Variable assignment not supported for PatternPart (in MATCH clause)
Mar 03, 2017 8:50:16 AM ingraph.cypher2relalg.util.IngraphLogger log
SEVERE: Variable assignment not supported for PatternPart (in MATCH clause)
Mar 03, 2017 8:50:16 AM ingraph.cypher2relalg.util.IngraphLogger log
SEVERE: Variable assignment not supported for PatternPart (in MATCH clause)
Mar 03, 2017 8:50:16 AM ingraph.cypher2relalg.util.IngraphLogger log
SEVERE: Variable assignment not supported for PatternPart (in MATCH clause)
Mar 03, 2017 8:50:16 AM ingraph.cypher2relalg.util.IngraphLogger log
SEVERE: Variable assignment not supported for PatternPart (in MATCH clause)
Mar 03, 2017 8:50:16 AM ingraph.cypher2relalg.util.IngraphLogger log
SEVERE: Variable assignment not supported for PatternPart (in MATCH clause)
Mar 03, 2017 8:50:16 AM ingraph.cypher2relalg.util.IngraphLogger log
SEVERE: Variable assignment not supported for PatternPart (in MATCH clause)
Mar 03, 2017 8:50:16 AM ingraph.cypher2relalg.util.IngraphLogger log
SEVERE: Variable assignment not supported for PatternPart (in MATCH clause)
Mar 03, 2017 8:50:16 AM ingraph.cypher2relalg.util.IngraphLogger log
SEVERE: Variable assignment not supported for PatternPart (in MATCH clause)
Mar 03, 2017 8:50:16 AM ingraph.cypher2relalg.util.IngraphLogger log
SEVERE: Variable assignment not supported for PatternPart (in MATCH clause)
Mar 03, 2017 8:50:16 AM ingraph.cypher2relalg.util.IngraphLogger log
SEVERE: Variable assignment not supported for PatternPart (in MATCH clause)
Mar 03, 2017 8:50:16 AM ingraph.cypher2relalg.util.IngraphLogger log
SEVERE: Variable assignment not supported for PatternPart (in MATCH clause)
Mar 03, 2017 8:50:16 AM ingraph.cypher2relalg.util.IngraphLogger log
SEVERE: Variable assignment not supported for PatternPart (in MATCH clause)
Mar 03, 2017 8:50:16 AM ingraph.cypher2relalg.util.IngraphLogger log
SEVERE: Variable assignment not supported for PatternPart (in MATCH clause)
Mar 03, 2017 8:50:16 AM ingraph.cypher2relalg.util.IngraphLogger log
SEVERE: Variable assignment not supported for PatternPart (in MATCH clause)
Mar 03, 2017 8:50:16 AM ingraph.cypher2relalg.util.IngraphLogger log
SEVERE: Variable assignment not supported for PatternPart (in MATCH clause)
Mar 03, 2017 8:50:16 AM ingraph.cypher2relalg.util.IngraphLogger log
SEVERE: Variable assignment not supported for PatternPart (in MATCH clause)
Mar 03, 2017 8:50:16 AM ingraph.cypher2relalg.util.IngraphLogger log
SEVERE: Variable assignment not supported for PatternPart (in MATCH clause)
Mar 03, 2017 8:50:16 AM ingraph.cypher2relalg.util.IngraphLogger log
SEVERE: Variable assignment not supported for PatternPart (in MATCH clause)
Mar 03, 2017 8:50:16 AM ingraph.cypher2relalg.util.IngraphLogger log
SEVERE: Variable assignment not supported for PatternPart (in MATCH clause)
Mar 03, 2017 8:50:16 AM ingraph.cypher2relalg.util.IngraphLogger log
SEVERE: Variable assignment not supported for PatternPart (in MATCH clause)
Mar 03, 2017 8:50:16 AM ingraph.cypher2relalg.util.IngraphLogger log
SEVERE: Variable assignment not supported for PatternPart (in MATCH clause)
Mar 03, 2017 8:50:16 AM ingraph.cypher2relalg.util.IngraphLogger log
SEVERE: Variable assignment not supported for PatternPart (in MATCH clause)
Mar 03, 2017 8:50:16 AM ingraph.cypher2relalg.util.IngraphLogger log
SEVERE: Variable assignment not supported for PatternPart (in MATCH clause)
Mar 03, 2017 8:50:16 AM ingraph.cypher2relalg.util.IngraphLogger log
SEVERE: Variable assignment not supported for PatternPart (in MATCH clause)
Mar 03, 2017 8:50:16 AM ingraph.cypher2relalg.util.IngraphLogger log
SEVERE: Variable assignment not supported for PatternPart (in MATCH clause)
Mar 03, 2017 8:50:16 AM ingraph.cypher2relalg.util.IngraphLogger log
SEVERE: Variable assignment not supported for PatternPart (in MATCH clause)
Mar 03, 2017 8:50:16 AM ingraph.cypher2relalg.util.IngraphLogger log
SEVERE: Variable assignment not supported for PatternPart (in MATCH clause)
Mar 03, 2017 8:50:16 AM ingraph.cypher2relalg.util.IngraphLogger log
SEVERE: Variable assignment not supported for PatternPart (in MATCH clause)
Mar 03, 2017 8:50:16 AM ingraph.cypher2relalg.util.IngraphLogger log
SEVERE: Variable assignment not supported for PatternPart (in MATCH clause)
Mar 03, 2017 8:50:16 AM ingraph.cypher2relalg.util.IngraphLogger log
SEVERE: Variable assignment not supported for PatternPart (in MATCH clause)
Mar 03, 2017 8:50:16 AM ingraph.cypher2relalg.util.IngraphLogger log
SEVERE: Variable assignment not supported for PatternPart (in MATCH clause)
Mar 03, 2017 8:50:16 AM ingraph.cypher2relalg.util.IngraphLogger log
SEVERE: Variable assignment not supported for PatternPart (in MATCH clause)
Mar 03, 2017 8:50:16 AM ingraph.cypher2relalg.util.IngraphLogger log
SEVERE: Variable assignment not supported for PatternPart (in MATCH clause)
Mar 03, 2017 8:50:16 AM ingraph.cypher2relalg.util.IngraphLogger log
SEVERE: Variable assignment not supported for PatternPart (in MATCH clause)
Mar 03, 2017 8:50:16 AM ingraph.cypher2relalg.util.IngraphLogger log
SEVERE: Variable assignment not supported for PatternPart (in MATCH clause)
Mar 03, 2017 8:50:16 AM ingraph.cypher2relalg.util.IngraphLogger log
SEVERE: Variable assignment not supported for PatternPart (in MATCH clause)
Mar 03, 2017 8:50:16 AM ingraph.cypher2relalg.util.IngraphLogger log
SEVERE: Variable assignment not supported for PatternPart (in MATCH clause)
Mar 03, 2017 8:50:16 AM ingraph.cypher2relalg.util.IngraphLogger log
SEVERE: Variable assignment not supported for PatternPart (in MATCH clause)
Mar 03, 2017 8:50:16 AM ingraph.cypher2relalg.util.IngraphLogger log
SEVERE: Variable assignment not supported for PatternPart (in MATCH clause)
Mar 03, 2017 8:50:16 AM ingraph.cypher2relalg.util.IngraphLogger log
SEVERE: Variable assignment not supported for PatternPart (in MATCH clause)
Mar 03, 2017 8:50:16 AM ingraph.cypher2relalg.util.IngraphLogger log
SEVERE: Variable assignment not supported for PatternPart (in MATCH clause)
Mar 03, 2017 8:50:16 AM ingraph.cypher2relalg.util.IngraphLogger log
SEVERE: Variable assignment not supported for PatternPart (in MATCH clause)
Mar 03, 2017 8:50:16 AM ingraph.cypher2relalg.util.IngraphLogger log
SEVERE: Variable assignment not supported for PatternPart (in MATCH clause)
Mar 03, 2017 8:50:16 AM ingraph.cypher2relalg.util.IngraphLogger log
SEVERE: Variable assignment not supported for PatternPart (in MATCH clause)
Mar 03, 2017 8:50:16 AM ingraph.cypher2relalg.util.IngraphLogger log
SEVERE: Variable assignment not supported for PatternPart (in MATCH clause)
Mar 03, 2017 8:50:16 AM ingraph.cypher2relalg.util.IngraphLogger log
SEVERE: Variable assignment not supported for PatternPart (in MATCH clause)
Mar 03, 2017 8:50:16 AM ingraph.cypher2relalg.util.IngraphLogger log
SEVERE: Variable assignment not supported for PatternPart (in MATCH clause)
Mar 03, 2017 8:50:16 AM ingraph.cypher2relalg.util.IngraphLogger log
SEVERE: Variable assignment not supported for PatternPart (in MATCH clause)
Mar 03, 2017 8:50:16 AM ingraph.cypher2relalg.util.IngraphLogger log
SEVERE: Variable assignment not supported for PatternPart (in MATCH clause)
Mar 03, 2017 8:50:16 AM ingraph.cypher2relalg.util.IngraphLogger log
SEVERE: Variable assignment not supported for PatternPart (in MATCH clause)
Mar 03, 2017 8:50:16 AM ingraph.cypher2relalg.util.IngraphLogger log
SEVERE: Variable assignment not supported for PatternPart (in MATCH clause)
Mar 03, 2017 8:50:16 AM ingraph.cypher2relalg.util.IngraphLogger log
SEVERE: Variable assignment not supported for PatternPart (in MATCH clause)
Mar 03, 2017 8:50:16 AM ingraph.cypher2relalg.util.IngraphLogger log
SEVERE: Variable assignment not supported for PatternPart (in MATCH clause)
Mar 03, 2017 8:50:16 AM ingraph.cypher2relalg.util.IngraphLogger log
SEVERE: Variable assignment not supported for PatternPart (in MATCH clause)
Mar 03, 2017 8:50:16 AM ingraph.cypher2relalg.util.IngraphLogger log
SEVERE: Variable assignment not supported for PatternPart (in MATCH clause)
Mar 03, 2017 8:50:16 AM ingraph.cypher2relalg.util.IngraphLogger log
SEVERE: Variable assignment not supported for PatternPart (in MATCH clause)
Mar 03, 2017 8:50:16 AM ingraph.cypher2relalg.util.IngraphLogger log
SEVERE: Variable assignment not supported for PatternPart (in MATCH clause)
Mar 03, 2017 8:50:16 AM ingraph.cypher2relalg.util.IngraphLogger log
SEVERE: Variable assignment not supported for PatternPart (in MATCH clause)
Mar 03, 2017 8:50:16 AM ingraph.cypher2relalg.util.IngraphLogger log
SEVERE: Variable assignment not supported for PatternPart (in MATCH clause)
Mar 03, 2017 8:50:16 AM ingraph.cypher2relalg.util.IngraphLogger log
SEVERE: Variable assignment not supported for PatternPart (in MATCH clause)
Mar 03, 2017 8:50:16 AM ingraph.cypher2relalg.util.IngraphLogger log
SEVERE: Variable assignment not supported for PatternPart (in MATCH clause)
Mar 03, 2017 8:50:16 AM ingraph.cypher2relalg.util.IngraphLogger log
SEVERE: Variable assignment not supported for PatternPart (in MATCH clause)
Mar 03, 2017 8:50:16 AM ingraph.cypher2relalg.util.IngraphLogger log
SEVERE: Variable assignment not supported for PatternPart (in MATCH clause)
Mar 03, 2017 8:50:16 AM ingraph.cypher2relalg.util.IngraphLogger log
SEVERE: Variable assignment not supported for PatternPart (in MATCH clause)
Mar 03, 2017 8:50:16 AM ingraph.cypher2relalg.util.IngraphLogger log
SEVERE: Variable assignment not supported for PatternPart (in MATCH clause)
Mar 03, 2017 8:50:16 AM ingraph.cypher2relalg.util.IngraphLogger log
SEVERE: Variable assignment not supported for PatternPart (in MATCH clause)
Mar 03, 2017 8:50:16 AM ingraph.cypher2relalg.util.IngraphLogger log
SEVERE: Variable assignment not supported for PatternPart (in MATCH clause)
Mar 03, 2017 8:50:16 AM ingraph.cypher2relalg.util.IngraphLogger log
SEVERE: Variable assignment not supported for PatternPart (in MATCH clause)
Mar 03, 2017 8:50:16 AM ingraph.cypher2relalg.util.IngraphLogger log
SEVERE: Variable assignment not supported for PatternPart (in MATCH clause)
Mar 03, 2017 8:50:16 AM ingraph.cypher2relalg.util.IngraphLogger log
SEVERE: Variable assignment not supported for PatternPart (in MATCH clause)
Mar 03, 2017 8:50:16 AM ingraph.cypher2relalg.util.IngraphLogger log
SEVERE: Variable assignment not supported for PatternPart (in MATCH clause)
Mar 03, 2017 8:50:16 AM ingraph.cypher2relalg.util.IngraphLogger log
SEVERE: Variable assignment not supported for PatternPart (in MATCH clause)
Mar 03, 2017 8:50:16 AM ingraph.cypher2relalg.util.IngraphLogger log
SEVERE: Variable assignment not supported for PatternPart (in MATCH clause)
Mar 03, 2017 8:50:16 AM ingraph.cypher2relalg.util.IngraphLogger log
SEVERE: Variable assignment not supported for PatternPart (in MATCH clause)
Mar 03, 2017 8:50:16 AM ingraph.cypher2relalg.util.IngraphLogger log
SEVERE: Variable assignment not supported for PatternPart (in MATCH clause)
Mar 03, 2017 8:50:16 AM ingraph.cypher2relalg.util.IngraphLogger log
SEVERE: Variable assignment not supported for PatternPart (in MATCH clause)
Mar 03, 2017 8:50:16 AM ingraph.cypher2relalg.util.IngraphLogger log
SEVERE: Variable assignment not supported for PatternPart (in MATCH clause)
Mar 03, 2017 8:50:16 AM ingraph.cypher2relalg.util.IngraphLogger log
SEVERE: Variable assignment not supported for PatternPart (in MATCH clause)
Mar 03, 2017 8:50:16 AM ingraph.cypher2relalg.util.IngraphLogger log
SEVERE: Variable assignment not supported for PatternPart (in MATCH clause)
Mar 03, 2017 8:50:16 AM ingraph.cypher2relalg.util.IngraphLogger log
SEVERE: Variable assignment not supported for PatternPart (in MATCH clause)
Mar 03, 2017 8:50:16 AM ingraph.cypher2relalg.util.IngraphLogger log
SEVERE: Variable assignment not supported for PatternPart (in MATCH clause)
Mar 03, 2017 8:50:16 AM ingraph.cypher2relalg.util.IngraphLogger log
SEVERE: Variable assignment not supported for PatternPart (in MATCH clause)
Mar 03, 2017 8:50:16 AM ingraph.cypher2relalg.util.IngraphLogger log
SEVERE: Variable assignment not supported for PatternPart (in MATCH clause)
Mar 03, 2017 8:50:16 AM ingraph.cypher2relalg.util.IngraphLogger log
SEVERE: Variable assignment not supported for PatternPart (in MATCH clause)
Mar 03, 2017 8:50:16 AM ingraph.cypher2relalg.util.IngraphLogger log
SEVERE: Variable assignment not supported for PatternPart (in MATCH clause)
Mar 03, 2017 8:50:16 AM ingraph.cypher2relalg.util.IngraphLogger log
SEVERE: Variable assignment not supported for PatternPart (in MATCH clause)
Mar 03, 2017 8:50:16 AM ingraph.cypher2relalg.util.IngraphLogger log
SEVERE: Variable assignment not supported for PatternPart (in MATCH clause)
Mar 03, 2017 8:50:16 AM ingraph.cypher2relalg.util.IngraphLogger log
SEVERE: Variable assignment not supported for PatternPart (in MATCH clause)
Mar 03, 2017 8:50:16 AM ingraph.cypher2relalg.util.IngraphLogger log
SEVERE: Variable assignment not supported for PatternPart (in MATCH clause)
Mar 03, 2017 8:50:16 AM ingraph.cypher2relalg.util.IngraphLogger log
SEVERE: Variable assignment not supported for PatternPart (in MATCH clause)
Mar 03, 2017 8:50:16 AM ingraph.cypher2relalg.util.IngraphLogger log
SEVERE: Variable assignment not supported for PatternPart (in MATCH clause)
Mar 03, 2017 8:50:16 AM ingraph.cypher2relalg.util.IngraphLogger log
SEVERE: Variable assignment not supported for PatternPart (in MATCH clause)
Mar 03, 2017 8:50:16 AM ingraph.cypher2relalg.util.IngraphLogger log
SEVERE: Variable assignment not supported for PatternPart (in MATCH clause)
Mar 03, 2017 8:50:16 AM ingraph.cypher2relalg.util.IngraphLogger log
SEVERE: Variable assignment not supported for PatternPart (in MATCH clause)
Mar 03, 2017 8:50:16 AM ingraph.cypher2relalg.util.IngraphLogger log
SEVERE: Variable assignment not supported for PatternPart (in MATCH clause)
Mar 03, 2017 8:50:16 AM ingraph.cypher2relalg.util.IngraphLogger log
SEVERE: Variable assignment not supported for PatternPart (in MATCH clause)
Mar 03, 2017 8:50:16 AM ingraph.cypher2relalg.util.IngraphLogger log
SEVERE: Variable assignment not supported for PatternPart (in MATCH clause)
Mar 03, 2017 8:50:16 AM ingraph.cypher2relalg.util.IngraphLogger log
SEVERE: Variable assignment not supported for PatternPart (in MATCH clause)
Mar 03, 2017 8:50:16 AM ingraph.cypher2relalg.util.IngraphLogger log
SEVERE: Variable assignment not supported for PatternPart (in MATCH clause)
Mar 03, 2017 8:50:16 AM ingraph.cypher2relalg.util.IngraphLogger log
SEVERE: Variable assignment not supported for PatternPart (in MATCH clause)
Mar 03, 2017 8:50:16 AM ingraph.cypher2relalg.util.IngraphLogger log
SEVERE: Variable assignment not supported for PatternPart (in MATCH clause)
Mar 03, 2017 8:50:16 AM ingraph.cypher2relalg.util.IngraphLogger log
SEVERE: Variable assignment not supported for PatternPart (in MATCH clause)
Mar 03, 2017 8:50:16 AM ingraph.cypher2relalg.util.IngraphLogger log
SEVERE: Variable assignment not supported for PatternPart (in MATCH clause)
Mar 03, 2017 8:50:16 AM ingraph.cypher2relalg.util.IngraphLogger log
SEVERE: Variable assignment not supported for PatternPart (in MATCH clause)
Mar 03, 2017 8:50:16 AM ingraph.cypher2relalg.util.IngraphLogger log
SEVERE: Variable assignment not supported for PatternPart (in MATCH clause)
Mar 03, 2017 8:50:16 AM ingraph.cypher2relalg.util.IngraphLogger log
SEVERE: Variable assignment not supported for PatternPart (in MATCH clause)
Mar 03, 2017 8:50:16 AM ingraph.cypher2relalg.util.IngraphLogger log
SEVERE: Variable assignment not supported for PatternPart (in MATCH clause)
Mar 03, 2017 8:50:16 AM ingraph.cypher2relalg.util.IngraphLogger log
SEVERE: Variable assignment not supported for PatternPart (in MATCH clause)
Mar 03, 2017 8:50:16 AM ingraph.cypher2relalg.util.IngraphLogger log
SEVERE: Variable assignment not supported for PatternPart (in MATCH clause)
Mar 03, 2017 8:50:16 AM ingraph.cypher2relalg.util.IngraphLogger log
SEVERE: Variable assignment not supported for PatternPart (in MATCH clause)
Mar 03, 2017 8:50:16 AM ingraph.cypher2relalg.util.IngraphLogger log
SEVERE: Variable assignment not supported for PatternPart (in MATCH clause)
Mar 03, 2017 8:50:16 AM ingraph.cypher2relalg.util.IngraphLogger log
SEVERE: Variable assignment not supported for PatternPart (in MATCH clause)
Mar 03, 2017 8:50:16 AM ingraph.cypher2relalg.util.IngraphLogger log
SEVERE: Variable assignment not supported for PatternPart (in MATCH clause)
Mar 03, 2017 8:50:16 AM ingraph.cypher2relalg.util.IngraphLogger log
SEVERE: Variable assignment not supported for PatternPart (in MATCH clause)
Mar 03, 2017 8:50:16 AM ingraph.cypher2relalg.util.IngraphLogger log
SEVERE: Variable assignment not supported for PatternPart (in MATCH clause)
Mar 03, 2017 8:50:16 AM ingraph.cypher2relalg.util.IngraphLogger log
SEVERE: Variable assignment not supported for PatternPart (in MATCH clause)
Mar 03, 2017 8:50:16 AM ingraph.cypher2relalg.util.IngraphLogger log
SEVERE: Variable assignment not supported for PatternPart (in MATCH clause)
Mar 03, 2017 8:50:16 AM ingraph.cypher2relalg.util.IngraphLogger log
SEVERE: Variable assignment not supported for PatternPart (in MATCH clause)
Mar 03, 2017 8:50:16 AM ingraph.cypher2relalg.util.IngraphLogger log
SEVERE: Variable assignment not supported for PatternPart (in MATCH clause)
Mar 03, 2017 8:50:16 AM ingraph.cypher2relalg.util.IngraphLogger log
SEVERE: Variable assignment not supported for PatternPart (in MATCH clause)
Mar 03, 2017 8:50:16 AM ingraph.cypher2relalg.util.IngraphLogger log
SEVERE: Variable assignment not supported for PatternPart (in MATCH clause)
Mar 03, 2017 8:50:16 AM ingraph.cypher2relalg.util.IngraphLogger log
SEVERE: Variable assignment not supported for PatternPart (in MATCH clause)
Mar 03, 2017 8:50:16 AM ingraph.cypher2relalg.util.IngraphLogger log
SEVERE: Variable assignment not supported for PatternPart (in MATCH clause)
Mar 03, 2017 8:50:16 AM ingraph.cypher2relalg.util.IngraphLogger log
SEVERE: Variable assignment not supported for PatternPart (in MATCH clause)
Mar 03, 2017 8:50:16 AM ingraph.cypher2relalg.util.IngraphLogger log
SEVERE: Variable assignment not supported for PatternPart (in MATCH clause)
Mar 03, 2017 8:50:16 AM ingraph.cypher2relalg.util.IngraphLogger log
SEVERE: Variable assignment not supported for PatternPart (in MATCH clause)
Mar 03, 2017 8:50:16 AM ingraph.cypher2relalg.util.IngraphLogger log
SEVERE: Variable assignment not supported for PatternPart (in MATCH clause)
Mar 03, 2017 8:50:16 AM ingraph.cypher2relalg.util.IngraphLogger log
SEVERE: Variable assignment not supported for PatternPart (in MATCH clause)
Mar 03, 2017 8:50:16 AM ingraph.cypher2relalg.util.IngraphLogger log
SEVERE: Variable assignment not supported for PatternPart (in MATCH clause)
Mar 03, 2017 8:50:16 AM ingraph.cypher2relalg.util.IngraphLogger log
SEVERE: Variable assignment not supported for PatternPart (in MATCH clause)
Mar 03, 2017 8:50:16 AM ingraph.cypher2relalg.util.IngraphLogger log
SEVERE: Variable assignment not supported for PatternPart (in MATCH clause)
Mar 03, 2017 8:50:16 AM ingraph.cypher2relalg.util.IngraphLogger log
SEVERE: Variable assignment not supported for PatternPart (in MATCH clause)
Mar 03, 2017 8:50:16 AM ingraph.cypher2relalg.util.IngraphLogger log
SEVERE: Variable assignment not supported for PatternPart (in MATCH clause)
Mar 03, 2017 8:50:16 AM ingraph.cypher2relalg.util.IngraphLogger log
SEVERE: Variable assignment not supported for PatternPart (in MATCH clause)
Mar 03, 2017 8:50:16 AM ingraph.cypher2relalg.util.IngraphLogger log
SEVERE: Variable assignment not supported for PatternPart (in MATCH clause)
Mar 03, 2017 8:50:16 AM ingraph.cypher2relalg.util.IngraphLogger log
SEVERE: Variable assignment not supported for PatternPart (in MATCH clause)
Mar 03, 2017 8:50:16 AM ingraph.cypher2relalg.util.IngraphLogger log
SEVERE: Variable assignment not supported for PatternPart (in MATCH clause)
Mar 03, 2017 8:50:16 AM ingraph.cypher2relalg.util.IngraphLogger log
SEVERE: Variable assignment not supported for PatternPart (in MATCH clause)
Mar 03, 2017 8:50:16 AM ingraph.cypher2relalg.util.IngraphLogger log
SEVERE: Variable assignment not supported for PatternPart (in MATCH clause)
Mar 03, 2017 8:50:16 AM ingraph.cypher2relalg.util.IngraphLogger log
SEVERE: Variable assignment not supported for PatternPart (in MATCH clause)
Mar 03, 2017 8:50:16 AM ingraph.cypher2relalg.util.IngraphLogger log
SEVERE: Variable assignment not supported for PatternPart (in MATCH clause)
Mar 03, 2017 8:50:16 AM ingraph.cypher2relalg.util.IngraphLogger log
SEVERE: Variable assignment not supported for PatternPart (in MATCH clause)
Mar 03, 2017 8:50:16 AM ingraph.cypher2relalg.util.IngraphLogger log
SEVERE: Variable assignment not supported for PatternPart (in MATCH clause)
Mar 03, 2017 8:50:16 AM ingraph.cypher2relalg.util.IngraphLogger log
SEVERE: Variable assignment not supported for PatternPart (in MATCH clause)
Mar 03, 2017 8:50:16 AM ingraph.cypher2relalg.util.IngraphLogger log
SEVERE: Variable assignment not supported for PatternPart (in MATCH clause)
Mar 03, 2017 8:50:16 AM ingraph.cypher2relalg.util.IngraphLogger log
SEVERE: Variable assignment not supported for PatternPart (in MATCH clause)
Mar 03, 2017 8:50:16 AM ingraph.cypher2relalg.util.IngraphLogger log
SEVERE: Variable assignment not supported for PatternPart (in MATCH clause)
Mar 03, 2017 8:50:16 AM ingraph.cypher2relalg.util.IngraphLogger log
SEVERE: Variable assignment not supported for PatternPart (in MATCH clause)
Mar 03, 2017 8:50:16 AM ingraph.cypher2relalg.util.IngraphLogger log
SEVERE: Variable assignment not supported for PatternPart (in MATCH clause)
Mar 03, 2017 8:50:16 AM ingraph.cypher2relalg.util.IngraphLogger log
SEVERE: Variable assignment not supported for PatternPart (in MATCH clause)
Mar 03, 2017 8:50:16 AM ingraph.cypher2relalg.util.IngraphLogger log
SEVERE: Variable assignment not supported for PatternPart (in MATCH clause)
Mar 03, 2017 8:50:16 AM ingraph.cypher2relalg.util.IngraphLogger log
SEVERE: Variable assignment not supported for PatternPart (in MATCH clause)
Mar 03, 2017 8:50:16 AM ingraph.cypher2relalg.util.IngraphLogger log
SEVERE: Variable assignment not supported for PatternPart (in MATCH clause)
Mar 03, 2017 8:50:16 AM ingraph.cypher2relalg.util.IngraphLogger log
SEVERE: Variable assignment not supported for PatternPart (in MATCH clause)
Mar 03, 2017 8:50:16 AM ingraph.cypher2relalg.util.IngraphLogger log
SEVERE: Variable assignment not supported for PatternPart (in MATCH clause)
Mar 03, 2017 8:50:16 AM ingraph.cypher2relalg.util.IngraphLogger log
SEVERE: Variable assignment not supported for PatternPart (in MATCH clause)
Mar 03, 2017 8:50:16 AM ingraph.cypher2relalg.util.IngraphLogger log
SEVERE: Variable assignment not supported for PatternPart (in MATCH clause)
Mar 03, 2017 8:50:16 AM ingraph.cypher2relalg.util.IngraphLogger log
SEVERE: Variable assignment not supported for PatternPart (in MATCH clause)
Mar 03, 2017 8:50:16 AM ingraph.cypher2relalg.util.IngraphLogger log
SEVERE: Variable assignment not supported for PatternPart (in MATCH clause)
Mar 03, 2017 8:50:16 AM ingraph.cypher2relalg.util.IngraphLogger log
SEVERE: Variable assignment not supported for PatternPart (in MATCH clause)
Mar 03, 2017 8:50:16 AM ingraph.cypher2relalg.util.IngraphLogger log
SEVERE: Variable assignment not supported for PatternPart (in MATCH clause)
Mar 03, 2017 8:50:16 AM ingraph.cypher2relalg.util.IngraphLogger log
SEVERE: Variable assignment not supported for PatternPart (in MATCH clause)
Mar 03, 2017 8:50:16 AM ingraph.cypher2relalg.util.IngraphLogger log
SEVERE: Variable assignment not supported for PatternPart (in MATCH clause)
Mar 03, 2017 8:50:16 AM ingraph.cypher2relalg.util.IngraphLogger log
SEVERE: Variable assignment not supported for PatternPart (in MATCH clause)
Mar 03, 2017 8:50:16 AM ingraph.cypher2relalg.util.IngraphLogger log
SEVERE: Variable assignment not supported for PatternPart (in MATCH clause)
Mar 03, 2017 8:50:16 AM ingraph.cypher2relalg.util.IngraphLogger log
SEVERE: Variable assignment not supported for PatternPart (in MATCH clause)
Mar 03, 2017 8:50:16 AM ingraph.cypher2relalg.util.IngraphLogger log
SEVERE: Variable assignment not supported for PatternPart (in MATCH clause)
Mar 03, 2017 8:50:16 AM ingraph.cypher2relalg.util.IngraphLogger log
SEVERE: Variable assignment not supported for PatternPart (in MATCH clause)
</pre>
</span>
</div>
</div>
<div id="footer">
<p>
<div>
<label class="hidden" id="label-for-line-wrapping-toggle" for="line-wrapping-toggle">Wrap lines
<input id="line-wrapping-toggle" type="checkbox" autocomplete="off"/>
</label>
</div>Generated by 
<a href="http://www.gradle.org">Gradle 3.0</a> at Mar 3, 2017 8:50:47 AM</p>
</div>
</div>
</body>
</html>
