<!DOCTYPE html>
<html>
<head>
<meta http-equiv="Content-Type" content="text/html; charset=utf-8"/>
<meta http-equiv="x-ua-compatible" content="IE=edge"/>
<title>Test results - Class ingraph.cypher2relalg.tck.tests.OptionalMatchAcceptanceParserTest</title>
<link href="../css/base-style.css" rel="stylesheet" type="text/css"/>
<link href="../css/style.css" rel="stylesheet" type="text/css"/>
<script src="../js/report.js" type="text/javascript"></script>
</head>
<body>
<div id="content">
<h1>Class ingraph.cypher2relalg.tck.tests.OptionalMatchAcceptanceParserTest</h1>
<div class="breadcrumbs">
<a href="../index.html">all</a> &gt; 
<a href="../packages/ingraph.cypher2relalg.tck.tests.html">ingraph.cypher2relalg.tck.tests</a> &gt; OptionalMatchAcceptanceParserTest</div>
<div id="summary">
<table>
<tr>
<td>
<div class="summaryGroup">
<table>
<tr>
<td>
<div class="infoBox" id="tests">
<div class="counter">22</div>
<p>tests</p>
</div>
</td>
<td>
<div class="infoBox" id="failures">
<div class="counter">7</div>
<p>failures</p>
</div>
</td>
<td>
<div class="infoBox" id="ignored">
<div class="counter">0</div>
<p>ignored</p>
</div>
</td>
<td>
<div class="infoBox" id="duration">
<div class="counter">2.411s</div>
<p>duration</p>
</div>
</td>
</tr>
</table>
</div>
</td>
<td>
<div class="infoBox failures" id="successRate">
<div class="percent">68%</div>
<p>successful</p>
</div>
</td>
</tr>
</table>
</div>
<div id="tabs">
<ul class="tabLinks">
<li>
<a href="#tab0">Failed tests</a>
</li>
<li>
<a href="#tab1">Tests</a>
</li>
<li>
<a href="#tab2">Standard error</a>
</li>
</ul>
<div id="tab0" class="tab">
<h2>Failed tests</h2>
<div class="test">
<a name="testOptionalMatchAcceptance_02"></a>
<h3 class="failures">testOptionalMatchAcceptance_02</h3>
<span class="code">
<pre>java.lang.NullPointerException
	at ingraph.cypher2relalg.RelalgBuilder._buildRelalgLogicalExpression(RelalgBuilder.java:808)
	at ingraph.cypher2relalg.RelalgBuilder.buildRelalgLogicalExpression(RelalgBuilder.java:1678)
	at ingraph.cypher2relalg.RelalgBuilder.lambda$_buildRelalg$19(RelalgBuilder.java:682)
	at org.eclipse.xtext.xbase.lib.ObjectExtensions.operator_doubleArrow(ObjectExtensions.java:139)
	at ingraph.cypher2relalg.RelalgBuilder._buildRelalg(RelalgBuilder.java:685)
	at ingraph.cypher2relalg.RelalgBuilder.buildRelalg(RelalgBuilder.java:1628)
	at ingraph.cypher2relalg.RelalgBuilder.lambda$null$2(RelalgBuilder.java:329)
	at org.eclipse.xtext.xbase.lib.ObjectExtensions.operator_doubleArrow(ObjectExtensions.java:139)
	at ingraph.cypher2relalg.RelalgBuilder.lambda$_buildRelalgSubQuery$3(RelalgBuilder.java:332)
	at org.eclipse.xtext.xbase.lib.internal.FunctionDelegate.apply(FunctionDelegate.java:42)
	at com.google.common.collect.Iterators$7.transform(Iterators.java:750)
	at com.google.common.collect.TransformedIterator.next(TransformedIterator.java:47)
	at org.eclipse.xtext.xbase.lib.IteratorExtensions$3.computeNext(IteratorExtensions.java:239)
	at com.google.common.collect.AbstractIterator.tryToComputeNext(AbstractIterator.java:145)
	at com.google.common.collect.AbstractIterator.hasNext(AbstractIterator.java:140)
	at ingraph.cypher2relalg.util.Cypher2RelalgUtil.chainBinaryOperatorsLeft(Cypher2RelalgUtil.java:167)
	at ingraph.cypher2relalg.RelalgBuilder._buildRelalgSubQuery(RelalgBuilder.java:354)
	at ingraph.cypher2relalg.RelalgBuilder._buildRelalg(RelalgBuilder.java:283)
	at ingraph.cypher2relalg.RelalgBuilder.buildRelalg(RelalgBuilder.java:1622)
	at ingraph.cypher2relalg.RelalgBuilder.build(RelalgBuilder.java:214)
	at ingraph.cypher2relalg.Cypher2Relalg.processCypher(Cypher2Relalg.java:22)
	at ingraph.cypher2relalg.tck.tests.OptionalMatchAcceptanceParserTest.testOptionalMatchAcceptance_02(OptionalMatchAcceptanceParserTest.java:52)
	at sun.reflect.NativeMethodAccessorImpl.invoke0(Native Method)
	at sun.reflect.NativeMethodAccessorImpl.invoke(NativeMethodAccessorImpl.java:62)
	at sun.reflect.DelegatingMethodAccessorImpl.invoke(DelegatingMethodAccessorImpl.java:43)
	at java.lang.reflect.Method.invoke(Method.java:498)
	at org.junit.runners.model.FrameworkMethod$1.runReflectiveCall(FrameworkMethod.java:50)
	at org.junit.internal.runners.model.ReflectiveCallable.run(ReflectiveCallable.java:12)
	at org.junit.runners.model.FrameworkMethod.invokeExplosively(FrameworkMethod.java:47)
	at org.junit.internal.runners.statements.InvokeMethod.evaluate(InvokeMethod.java:17)
	at org.junit.runners.ParentRunner.runLeaf(ParentRunner.java:325)
	at org.junit.runners.BlockJUnit4ClassRunner.runChild(BlockJUnit4ClassRunner.java:78)
	at org.junit.runners.BlockJUnit4ClassRunner.runChild(BlockJUnit4ClassRunner.java:57)
	at org.junit.runners.ParentRunner$3.run(ParentRunner.java:290)
	at org.junit.runners.ParentRunner$1.schedule(ParentRunner.java:71)
	at org.junit.runners.ParentRunner.runChildren(ParentRunner.java:288)
	at org.junit.runners.ParentRunner.access$000(ParentRunner.java:58)
	at org.junit.runners.ParentRunner$2.evaluate(ParentRunner.java:268)
	at org.junit.runners.ParentRunner.run(ParentRunner.java:363)
	at org.gradle.api.internal.tasks.testing.junit.JUnitTestClassExecuter.runTestClass(JUnitTestClassExecuter.java:114)
	at org.gradle.api.internal.tasks.testing.junit.JUnitTestClassExecuter.execute(JUnitTestClassExecuter.java:57)
	at org.gradle.api.internal.tasks.testing.junit.JUnitTestClassProcessor.processTestClass(JUnitTestClassProcessor.java:66)
	at org.gradle.api.internal.tasks.testing.SuiteTestClassProcessor.processTestClass(SuiteTestClassProcessor.java:51)
	at sun.reflect.GeneratedMethodAccessor81.invoke(Unknown Source)
	at sun.reflect.DelegatingMethodAccessorImpl.invoke(DelegatingMethodAccessorImpl.java:43)
	at java.lang.reflect.Method.invoke(Method.java:498)
	at org.gradle.internal.dispatch.ReflectionDispatch.dispatch(ReflectionDispatch.java:35)
	at org.gradle.internal.dispatch.ReflectionDispatch.dispatch(ReflectionDispatch.java:24)
	at org.gradle.internal.dispatch.ContextClassLoaderDispatch.dispatch(ContextClassLoaderDispatch.java:32)
	at org.gradle.internal.dispatch.ProxyDispatchAdapter$DispatchingInvocationHandler.invoke(ProxyDispatchAdapter.java:93)
	at com.sun.proxy.$Proxy2.processTestClass(Unknown Source)
	at org.gradle.api.internal.tasks.testing.worker.TestWorker.processTestClass(TestWorker.java:109)
	at sun.reflect.GeneratedMethodAccessor80.invoke(Unknown Source)
	at sun.reflect.DelegatingMethodAccessorImpl.invoke(DelegatingMethodAccessorImpl.java:43)
	at java.lang.reflect.Method.invoke(Method.java:498)
	at org.gradle.internal.dispatch.ReflectionDispatch.dispatch(ReflectionDispatch.java:35)
	at org.gradle.internal.dispatch.ReflectionDispatch.dispatch(ReflectionDispatch.java:24)
	at org.gradle.internal.remote.internal.hub.MessageHub$Handler.run(MessageHub.java:377)
	at org.gradle.internal.concurrent.ExecutorPolicy$CatchAndRecordFailures.onExecute(ExecutorPolicy.java:54)
	at org.gradle.internal.concurrent.StoppableExecutorImpl$1.run(StoppableExecutorImpl.java:40)
	at java.util.concurrent.ThreadPoolExecutor.runWorker(ThreadPoolExecutor.java:1142)
	at java.util.concurrent.ThreadPoolExecutor$Worker.run(ThreadPoolExecutor.java:617)
	at java.lang.Thread.run(Thread.java:745)
</pre>
</span>
</div>
<div class="test">
<a name="testOptionalMatchAcceptance_07"></a>
<h3 class="failures">testOptionalMatchAcceptance_07</h3>
<span class="code">
<pre>java.lang.UnsupportedOperationException: Not supported (yet) Variable assignment not supported for PatternPart (in MATCH clause)
	at ingraph.cypher2relalg.util.IngraphLogger.unsupported(IngraphLogger.java:75)
	at ingraph.cypher2relalg.RelalgBuilder._buildRelalg(RelalgBuilder.java:1470)
	at ingraph.cypher2relalg.RelalgBuilder.buildRelalg(RelalgBuilder.java:1632)
	at ingraph.cypher2relalg.RelalgBuilder.lambda$_buildRelalg$17(RelalgBuilder.java:658)
	at org.eclipse.xtext.xbase.lib.internal.FunctionDelegate.apply(FunctionDelegate.java:42)
	at com.google.common.collect.Lists$TransformingRandomAccessList$1.transform(Lists.java:651)
	at com.google.common.collect.TransformedIterator.next(TransformedIterator.java:47)
	at ingraph.cypher2relalg.util.Cypher2RelalgUtil.buildLeftDeepTree(Cypher2RelalgUtil.java:69)
	at ingraph.cypher2relalg.RelalgBuilder.lambda$_buildRelalg$18(RelalgBuilder.java:667)
	at org.eclipse.xtext.xbase.lib.ObjectExtensions.operator_doubleArrow(ObjectExtensions.java:139)
	at ingraph.cypher2relalg.RelalgBuilder._buildRelalg(RelalgBuilder.java:670)
	at ingraph.cypher2relalg.RelalgBuilder.buildRelalg(RelalgBuilder.java:1628)
	at ingraph.cypher2relalg.RelalgBuilder.lambda$null$2(RelalgBuilder.java:329)
	at org.eclipse.xtext.xbase.lib.ObjectExtensions.operator_doubleArrow(ObjectExtensions.java:139)
	at ingraph.cypher2relalg.RelalgBuilder.lambda$_buildRelalgSubQuery$3(RelalgBuilder.java:332)
	at org.eclipse.xtext.xbase.lib.internal.FunctionDelegate.apply(FunctionDelegate.java:42)
	at com.google.common.collect.Iterators$7.transform(Iterators.java:750)
	at com.google.common.collect.TransformedIterator.next(TransformedIterator.java:47)
	at org.eclipse.xtext.xbase.lib.IteratorExtensions$3.computeNext(IteratorExtensions.java:239)
	at com.google.common.collect.AbstractIterator.tryToComputeNext(AbstractIterator.java:145)
	at com.google.common.collect.AbstractIterator.hasNext(AbstractIterator.java:140)
	at ingraph.cypher2relalg.util.Cypher2RelalgUtil.chainBinaryOperatorsLeft(Cypher2RelalgUtil.java:167)
	at ingraph.cypher2relalg.RelalgBuilder._buildRelalgSubQuery(RelalgBuilder.java:354)
	at ingraph.cypher2relalg.RelalgBuilder._buildRelalg(RelalgBuilder.java:283)
	at ingraph.cypher2relalg.RelalgBuilder.buildRelalg(RelalgBuilder.java:1622)
	at ingraph.cypher2relalg.RelalgBuilder.build(RelalgBuilder.java:214)
	at ingraph.cypher2relalg.Cypher2Relalg.processCypher(Cypher2Relalg.java:22)
	at ingraph.cypher2relalg.tck.tests.OptionalMatchAcceptanceParserTest.testOptionalMatchAcceptance_07(OptionalMatchAcceptanceParserTest.java:157)
	at sun.reflect.NativeMethodAccessorImpl.invoke0(Native Method)
	at sun.reflect.NativeMethodAccessorImpl.invoke(NativeMethodAccessorImpl.java:62)
	at sun.reflect.DelegatingMethodAccessorImpl.invoke(DelegatingMethodAccessorImpl.java:43)
	at java.lang.reflect.Method.invoke(Method.java:498)
	at org.junit.runners.model.FrameworkMethod$1.runReflectiveCall(FrameworkMethod.java:50)
	at org.junit.internal.runners.model.ReflectiveCallable.run(ReflectiveCallable.java:12)
	at org.junit.runners.model.FrameworkMethod.invokeExplosively(FrameworkMethod.java:47)
	at org.junit.internal.runners.statements.InvokeMethod.evaluate(InvokeMethod.java:17)
	at org.junit.runners.ParentRunner.runLeaf(ParentRunner.java:325)
	at org.junit.runners.BlockJUnit4ClassRunner.runChild(BlockJUnit4ClassRunner.java:78)
	at org.junit.runners.BlockJUnit4ClassRunner.runChild(BlockJUnit4ClassRunner.java:57)
	at org.junit.runners.ParentRunner$3.run(ParentRunner.java:290)
	at org.junit.runners.ParentRunner$1.schedule(ParentRunner.java:71)
	at org.junit.runners.ParentRunner.runChildren(ParentRunner.java:288)
	at org.junit.runners.ParentRunner.access$000(ParentRunner.java:58)
	at org.junit.runners.ParentRunner$2.evaluate(ParentRunner.java:268)
	at org.junit.runners.ParentRunner.run(ParentRunner.java:363)
	at org.gradle.api.internal.tasks.testing.junit.JUnitTestClassExecuter.runTestClass(JUnitTestClassExecuter.java:114)
	at org.gradle.api.internal.tasks.testing.junit.JUnitTestClassExecuter.execute(JUnitTestClassExecuter.java:57)
	at org.gradle.api.internal.tasks.testing.junit.JUnitTestClassProcessor.processTestClass(JUnitTestClassProcessor.java:66)
	at org.gradle.api.internal.tasks.testing.SuiteTestClassProcessor.processTestClass(SuiteTestClassProcessor.java:51)
	at sun.reflect.GeneratedMethodAccessor81.invoke(Unknown Source)
	at sun.reflect.DelegatingMethodAccessorImpl.invoke(DelegatingMethodAccessorImpl.java:43)
	at java.lang.reflect.Method.invoke(Method.java:498)
	at org.gradle.internal.dispatch.ReflectionDispatch.dispatch(ReflectionDispatch.java:35)
	at org.gradle.internal.dispatch.ReflectionDispatch.dispatch(ReflectionDispatch.java:24)
	at org.gradle.internal.dispatch.ContextClassLoaderDispatch.dispatch(ContextClassLoaderDispatch.java:32)
	at org.gradle.internal.dispatch.ProxyDispatchAdapter$DispatchingInvocationHandler.invoke(ProxyDispatchAdapter.java:93)
	at com.sun.proxy.$Proxy2.processTestClass(Unknown Source)
	at org.gradle.api.internal.tasks.testing.worker.TestWorker.processTestClass(TestWorker.java:109)
	at sun.reflect.GeneratedMethodAccessor80.invoke(Unknown Source)
	at sun.reflect.DelegatingMethodAccessorImpl.invoke(DelegatingMethodAccessorImpl.java:43)
	at java.lang.reflect.Method.invoke(Method.java:498)
	at org.gradle.internal.dispatch.ReflectionDispatch.dispatch(ReflectionDispatch.java:35)
	at org.gradle.internal.dispatch.ReflectionDispatch.dispatch(ReflectionDispatch.java:24)
	at org.gradle.internal.remote.internal.hub.MessageHub$Handler.run(MessageHub.java:377)
	at org.gradle.internal.concurrent.ExecutorPolicy$CatchAndRecordFailures.onExecute(ExecutorPolicy.java:54)
	at org.gradle.internal.concurrent.StoppableExecutorImpl$1.run(StoppableExecutorImpl.java:40)
	at java.util.concurrent.ThreadPoolExecutor.runWorker(ThreadPoolExecutor.java:1142)
	at java.util.concurrent.ThreadPoolExecutor$Worker.run(ThreadPoolExecutor.java:617)
	at java.lang.Thread.run(Thread.java:745)
</pre>
</span>
</div>
<div class="test">
<a name="testOptionalMatchAcceptance_10"></a>
<h3 class="failures">testOptionalMatchAcceptance_10</h3>
<span class="code">
<pre>java.lang.UnsupportedOperationException: Not supported (yet) Variable assignment not supported for PatternPart (in MATCH clause)
	at ingraph.cypher2relalg.util.IngraphLogger.unsupported(IngraphLogger.java:75)
	at ingraph.cypher2relalg.RelalgBuilder._buildRelalg(RelalgBuilder.java:1470)
	at ingraph.cypher2relalg.RelalgBuilder.buildRelalg(RelalgBuilder.java:1632)
	at ingraph.cypher2relalg.RelalgBuilder.lambda$_buildRelalg$17(RelalgBuilder.java:658)
	at org.eclipse.xtext.xbase.lib.internal.FunctionDelegate.apply(FunctionDelegate.java:42)
	at com.google.common.collect.Lists$TransformingRandomAccessList$1.transform(Lists.java:651)
	at com.google.common.collect.TransformedIterator.next(TransformedIterator.java:47)
	at ingraph.cypher2relalg.util.Cypher2RelalgUtil.buildLeftDeepTree(Cypher2RelalgUtil.java:69)
	at ingraph.cypher2relalg.RelalgBuilder.lambda$_buildRelalg$18(RelalgBuilder.java:667)
	at org.eclipse.xtext.xbase.lib.ObjectExtensions.operator_doubleArrow(ObjectExtensions.java:139)
	at ingraph.cypher2relalg.RelalgBuilder._buildRelalg(RelalgBuilder.java:670)
	at ingraph.cypher2relalg.RelalgBuilder.buildRelalg(RelalgBuilder.java:1628)
	at ingraph.cypher2relalg.RelalgBuilder.lambda$null$2(RelalgBuilder.java:329)
	at org.eclipse.xtext.xbase.lib.ObjectExtensions.operator_doubleArrow(ObjectExtensions.java:139)
	at ingraph.cypher2relalg.RelalgBuilder.lambda$_buildRelalgSubQuery$3(RelalgBuilder.java:332)
	at org.eclipse.xtext.xbase.lib.internal.FunctionDelegate.apply(FunctionDelegate.java:42)
	at com.google.common.collect.Iterators$7.transform(Iterators.java:750)
	at com.google.common.collect.TransformedIterator.next(TransformedIterator.java:47)
	at org.eclipse.xtext.xbase.lib.IteratorExtensions$3.computeNext(IteratorExtensions.java:239)
	at com.google.common.collect.AbstractIterator.tryToComputeNext(AbstractIterator.java:145)
	at com.google.common.collect.AbstractIterator.hasNext(AbstractIterator.java:140)
	at ingraph.cypher2relalg.util.Cypher2RelalgUtil.chainBinaryOperatorsLeft(Cypher2RelalgUtil.java:167)
	at ingraph.cypher2relalg.RelalgBuilder._buildRelalgSubQuery(RelalgBuilder.java:354)
	at ingraph.cypher2relalg.RelalgBuilder._buildRelalg(RelalgBuilder.java:283)
	at ingraph.cypher2relalg.RelalgBuilder.buildRelalg(RelalgBuilder.java:1622)
	at ingraph.cypher2relalg.RelalgBuilder.build(RelalgBuilder.java:214)
	at ingraph.cypher2relalg.Cypher2Relalg.processCypher(Cypher2Relalg.java:22)
	at ingraph.cypher2relalg.tck.tests.OptionalMatchAcceptanceParserTest.testOptionalMatchAcceptance_10(OptionalMatchAcceptanceParserTest.java:220)
	at sun.reflect.NativeMethodAccessorImpl.invoke0(Native Method)
	at sun.reflect.NativeMethodAccessorImpl.invoke(NativeMethodAccessorImpl.java:62)
	at sun.reflect.DelegatingMethodAccessorImpl.invoke(DelegatingMethodAccessorImpl.java:43)
	at java.lang.reflect.Method.invoke(Method.java:498)
	at org.junit.runners.model.FrameworkMethod$1.runReflectiveCall(FrameworkMethod.java:50)
	at org.junit.internal.runners.model.ReflectiveCallable.run(ReflectiveCallable.java:12)
	at org.junit.runners.model.FrameworkMethod.invokeExplosively(FrameworkMethod.java:47)
	at org.junit.internal.runners.statements.InvokeMethod.evaluate(InvokeMethod.java:17)
	at org.junit.runners.ParentRunner.runLeaf(ParentRunner.java:325)
	at org.junit.runners.BlockJUnit4ClassRunner.runChild(BlockJUnit4ClassRunner.java:78)
	at org.junit.runners.BlockJUnit4ClassRunner.runChild(BlockJUnit4ClassRunner.java:57)
	at org.junit.runners.ParentRunner$3.run(ParentRunner.java:290)
	at org.junit.runners.ParentRunner$1.schedule(ParentRunner.java:71)
	at org.junit.runners.ParentRunner.runChildren(ParentRunner.java:288)
	at org.junit.runners.ParentRunner.access$000(ParentRunner.java:58)
	at org.junit.runners.ParentRunner$2.evaluate(ParentRunner.java:268)
	at org.junit.runners.ParentRunner.run(ParentRunner.java:363)
	at org.gradle.api.internal.tasks.testing.junit.JUnitTestClassExecuter.runTestClass(JUnitTestClassExecuter.java:114)
	at org.gradle.api.internal.tasks.testing.junit.JUnitTestClassExecuter.execute(JUnitTestClassExecuter.java:57)
	at org.gradle.api.internal.tasks.testing.junit.JUnitTestClassProcessor.processTestClass(JUnitTestClassProcessor.java:66)
	at org.gradle.api.internal.tasks.testing.SuiteTestClassProcessor.processTestClass(SuiteTestClassProcessor.java:51)
	at sun.reflect.GeneratedMethodAccessor81.invoke(Unknown Source)
	at sun.reflect.DelegatingMethodAccessorImpl.invoke(DelegatingMethodAccessorImpl.java:43)
	at java.lang.reflect.Method.invoke(Method.java:498)
	at org.gradle.internal.dispatch.ReflectionDispatch.dispatch(ReflectionDispatch.java:35)
	at org.gradle.internal.dispatch.ReflectionDispatch.dispatch(ReflectionDispatch.java:24)
	at org.gradle.internal.dispatch.ContextClassLoaderDispatch.dispatch(ContextClassLoaderDispatch.java:32)
	at org.gradle.internal.dispatch.ProxyDispatchAdapter$DispatchingInvocationHandler.invoke(ProxyDispatchAdapter.java:93)
	at com.sun.proxy.$Proxy2.processTestClass(Unknown Source)
	at org.gradle.api.internal.tasks.testing.worker.TestWorker.processTestClass(TestWorker.java:109)
	at sun.reflect.GeneratedMethodAccessor80.invoke(Unknown Source)
	at sun.reflect.DelegatingMethodAccessorImpl.invoke(DelegatingMethodAccessorImpl.java:43)
	at java.lang.reflect.Method.invoke(Method.java:498)
	at org.gradle.internal.dispatch.ReflectionDispatch.dispatch(ReflectionDispatch.java:35)
	at org.gradle.internal.dispatch.ReflectionDispatch.dispatch(ReflectionDispatch.java:24)
	at org.gradle.internal.remote.internal.hub.MessageHub$Handler.run(MessageHub.java:377)
	at org.gradle.internal.concurrent.ExecutorPolicy$CatchAndRecordFailures.onExecute(ExecutorPolicy.java:54)
	at org.gradle.internal.concurrent.StoppableExecutorImpl$1.run(StoppableExecutorImpl.java:40)
	at java.util.concurrent.ThreadPoolExecutor.runWorker(ThreadPoolExecutor.java:1142)
	at java.util.concurrent.ThreadPoolExecutor$Worker.run(ThreadPoolExecutor.java:617)
	at java.lang.Thread.run(Thread.java:745)
</pre>
</span>
</div>
<div class="test">
<a name="testOptionalMatchAcceptance_14"></a>
<h3 class="failures">testOptionalMatchAcceptance_14</h3>
<span class="code">
<pre>java.lang.NullPointerException
	at ingraph.cypher2relalg.RelalgBuilder._buildRelalgLogicalExpression(RelalgBuilder.java:808)
	at ingraph.cypher2relalg.RelalgBuilder.buildRelalgLogicalExpression(RelalgBuilder.java:1678)
	at ingraph.cypher2relalg.RelalgBuilder._buildRelalgLogicalExpression(RelalgBuilder.java:837)
	at ingraph.cypher2relalg.RelalgBuilder.buildRelalgLogicalExpression(RelalgBuilder.java:1670)
	at ingraph.cypher2relalg.RelalgBuilder.lambda$_buildRelalgLogicalExpression$26(RelalgBuilder.java:815)
	at org.eclipse.xtext.xbase.lib.ObjectExtensions.operator_doubleArrow(ObjectExtensions.java:139)
	at ingraph.cypher2relalg.RelalgBuilder._buildRelalgLogicalExpression(RelalgBuilder.java:819)
	at ingraph.cypher2relalg.RelalgBuilder.buildRelalgLogicalExpression(RelalgBuilder.java:1678)
	at ingraph.cypher2relalg.RelalgBuilder.lambda$_buildRelalg$19(RelalgBuilder.java:682)
	at org.eclipse.xtext.xbase.lib.ObjectExtensions.operator_doubleArrow(ObjectExtensions.java:139)
	at ingraph.cypher2relalg.RelalgBuilder._buildRelalg(RelalgBuilder.java:685)
	at ingraph.cypher2relalg.RelalgBuilder.buildRelalg(RelalgBuilder.java:1628)
	at ingraph.cypher2relalg.RelalgBuilder.lambda$null$2(RelalgBuilder.java:329)
	at org.eclipse.xtext.xbase.lib.ObjectExtensions.operator_doubleArrow(ObjectExtensions.java:139)
	at ingraph.cypher2relalg.RelalgBuilder.lambda$_buildRelalgSubQuery$3(RelalgBuilder.java:332)
	at org.eclipse.xtext.xbase.lib.internal.FunctionDelegate.apply(FunctionDelegate.java:42)
	at com.google.common.collect.Iterators$7.transform(Iterators.java:750)
	at com.google.common.collect.TransformedIterator.next(TransformedIterator.java:47)
	at org.eclipse.xtext.xbase.lib.IteratorExtensions.head(IteratorExtensions.java:140)
	at org.eclipse.xtext.xbase.lib.IterableExtensions.head(IterableExtensions.java:119)
	at ingraph.cypher2relalg.RelalgBuilder._buildRelalgSubQuery(RelalgBuilder.java:338)
	at ingraph.cypher2relalg.RelalgBuilder._buildRelalg(RelalgBuilder.java:283)
	at ingraph.cypher2relalg.RelalgBuilder.buildRelalg(RelalgBuilder.java:1622)
	at ingraph.cypher2relalg.RelalgBuilder.build(RelalgBuilder.java:214)
	at ingraph.cypher2relalg.Cypher2Relalg.processCypher(Cypher2Relalg.java:22)
	at ingraph.cypher2relalg.tck.tests.OptionalMatchAcceptanceParserTest.testOptionalMatchAcceptance_14(OptionalMatchAcceptanceParserTest.java:298)
	at sun.reflect.NativeMethodAccessorImpl.invoke0(Native Method)
	at sun.reflect.NativeMethodAccessorImpl.invoke(NativeMethodAccessorImpl.java:62)
	at sun.reflect.DelegatingMethodAccessorImpl.invoke(DelegatingMethodAccessorImpl.java:43)
	at java.lang.reflect.Method.invoke(Method.java:498)
	at org.junit.runners.model.FrameworkMethod$1.runReflectiveCall(FrameworkMethod.java:50)
	at org.junit.internal.runners.model.ReflectiveCallable.run(ReflectiveCallable.java:12)
	at org.junit.runners.model.FrameworkMethod.invokeExplosively(FrameworkMethod.java:47)
	at org.junit.internal.runners.statements.InvokeMethod.evaluate(InvokeMethod.java:17)
	at org.junit.runners.ParentRunner.runLeaf(ParentRunner.java:325)
	at org.junit.runners.BlockJUnit4ClassRunner.runChild(BlockJUnit4ClassRunner.java:78)
	at org.junit.runners.BlockJUnit4ClassRunner.runChild(BlockJUnit4ClassRunner.java:57)
	at org.junit.runners.ParentRunner$3.run(ParentRunner.java:290)
	at org.junit.runners.ParentRunner$1.schedule(ParentRunner.java:71)
	at org.junit.runners.ParentRunner.runChildren(ParentRunner.java:288)
	at org.junit.runners.ParentRunner.access$000(ParentRunner.java:58)
	at org.junit.runners.ParentRunner$2.evaluate(ParentRunner.java:268)
	at org.junit.runners.ParentRunner.run(ParentRunner.java:363)
	at org.gradle.api.internal.tasks.testing.junit.JUnitTestClassExecuter.runTestClass(JUnitTestClassExecuter.java:114)
	at org.gradle.api.internal.tasks.testing.junit.JUnitTestClassExecuter.execute(JUnitTestClassExecuter.java:57)
	at org.gradle.api.internal.tasks.testing.junit.JUnitTestClassProcessor.processTestClass(JUnitTestClassProcessor.java:66)
	at org.gradle.api.internal.tasks.testing.SuiteTestClassProcessor.processTestClass(SuiteTestClassProcessor.java:51)
	at sun.reflect.GeneratedMethodAccessor81.invoke(Unknown Source)
	at sun.reflect.DelegatingMethodAccessorImpl.invoke(DelegatingMethodAccessorImpl.java:43)
	at java.lang.reflect.Method.invoke(Method.java:498)
	at org.gradle.internal.dispatch.ReflectionDispatch.dispatch(ReflectionDispatch.java:35)
	at org.gradle.internal.dispatch.ReflectionDispatch.dispatch(ReflectionDispatch.java:24)
	at org.gradle.internal.dispatch.ContextClassLoaderDispatch.dispatch(ContextClassLoaderDispatch.java:32)
	at org.gradle.internal.dispatch.ProxyDispatchAdapter$DispatchingInvocationHandler.invoke(ProxyDispatchAdapter.java:93)
	at com.sun.proxy.$Proxy2.processTestClass(Unknown Source)
	at org.gradle.api.internal.tasks.testing.worker.TestWorker.processTestClass(TestWorker.java:109)
	at sun.reflect.GeneratedMethodAccessor80.invoke(Unknown Source)
	at sun.reflect.DelegatingMethodAccessorImpl.invoke(DelegatingMethodAccessorImpl.java:43)
	at java.lang.reflect.Method.invoke(Method.java:498)
	at org.gradle.internal.dispatch.ReflectionDispatch.dispatch(ReflectionDispatch.java:35)
	at org.gradle.internal.dispatch.ReflectionDispatch.dispatch(ReflectionDispatch.java:24)
	at org.gradle.internal.remote.internal.hub.MessageHub$Handler.run(MessageHub.java:377)
	at org.gradle.internal.concurrent.ExecutorPolicy$CatchAndRecordFailures.onExecute(ExecutorPolicy.java:54)
	at org.gradle.internal.concurrent.StoppableExecutorImpl$1.run(StoppableExecutorImpl.java:40)
	at java.util.concurrent.ThreadPoolExecutor.runWorker(ThreadPoolExecutor.java:1142)
	at java.util.concurrent.ThreadPoolExecutor$Worker.run(ThreadPoolExecutor.java:617)
	at java.lang.Thread.run(Thread.java:745)
</pre>
</span>
</div>
<div class="test">
<a name="testOptionalMatchAcceptance_16"></a>
<h3 class="failures">testOptionalMatchAcceptance_16</h3>
<span class="code">
<pre>java.lang.UnsupportedOperationException: Not supported (yet) Variable assignment not supported for PatternPart (in MATCH clause)
	at ingraph.cypher2relalg.util.IngraphLogger.unsupported(IngraphLogger.java:75)
	at ingraph.cypher2relalg.RelalgBuilder._buildRelalg(RelalgBuilder.java:1470)
	at ingraph.cypher2relalg.RelalgBuilder.buildRelalg(RelalgBuilder.java:1632)
	at ingraph.cypher2relalg.RelalgBuilder.lambda$_buildRelalg$17(RelalgBuilder.java:658)
	at org.eclipse.xtext.xbase.lib.internal.FunctionDelegate.apply(FunctionDelegate.java:42)
	at com.google.common.collect.Lists$TransformingRandomAccessList$1.transform(Lists.java:651)
	at com.google.common.collect.TransformedIterator.next(TransformedIterator.java:47)
	at ingraph.cypher2relalg.util.Cypher2RelalgUtil.buildLeftDeepTree(Cypher2RelalgUtil.java:69)
	at ingraph.cypher2relalg.RelalgBuilder.lambda$_buildRelalg$18(RelalgBuilder.java:667)
	at org.eclipse.xtext.xbase.lib.ObjectExtensions.operator_doubleArrow(ObjectExtensions.java:139)
	at ingraph.cypher2relalg.RelalgBuilder._buildRelalg(RelalgBuilder.java:670)
	at ingraph.cypher2relalg.RelalgBuilder.buildRelalg(RelalgBuilder.java:1628)
	at ingraph.cypher2relalg.RelalgBuilder.lambda$null$2(RelalgBuilder.java:329)
	at org.eclipse.xtext.xbase.lib.ObjectExtensions.operator_doubleArrow(ObjectExtensions.java:139)
	at ingraph.cypher2relalg.RelalgBuilder.lambda$_buildRelalgSubQuery$3(RelalgBuilder.java:332)
	at org.eclipse.xtext.xbase.lib.internal.FunctionDelegate.apply(FunctionDelegate.java:42)
	at com.google.common.collect.Iterators$7.transform(Iterators.java:750)
	at com.google.common.collect.TransformedIterator.next(TransformedIterator.java:47)
	at org.eclipse.xtext.xbase.lib.IteratorExtensions$3.computeNext(IteratorExtensions.java:239)
	at com.google.common.collect.AbstractIterator.tryToComputeNext(AbstractIterator.java:145)
	at com.google.common.collect.AbstractIterator.hasNext(AbstractIterator.java:140)
	at ingraph.cypher2relalg.util.Cypher2RelalgUtil.chainBinaryOperatorsLeft(Cypher2RelalgUtil.java:167)
	at ingraph.cypher2relalg.RelalgBuilder._buildRelalgSubQuery(RelalgBuilder.java:354)
	at ingraph.cypher2relalg.RelalgBuilder._buildRelalg(RelalgBuilder.java:283)
	at ingraph.cypher2relalg.RelalgBuilder.buildRelalg(RelalgBuilder.java:1622)
	at ingraph.cypher2relalg.RelalgBuilder.build(RelalgBuilder.java:214)
	at ingraph.cypher2relalg.Cypher2Relalg.processCypher(Cypher2Relalg.java:22)
	at ingraph.cypher2relalg.tck.tests.OptionalMatchAcceptanceParserTest.testOptionalMatchAcceptance_16(OptionalMatchAcceptanceParserTest.java:336)
	at sun.reflect.NativeMethodAccessorImpl.invoke0(Native Method)
	at sun.reflect.NativeMethodAccessorImpl.invoke(NativeMethodAccessorImpl.java:62)
	at sun.reflect.DelegatingMethodAccessorImpl.invoke(DelegatingMethodAccessorImpl.java:43)
	at java.lang.reflect.Method.invoke(Method.java:498)
	at org.junit.runners.model.FrameworkMethod$1.runReflectiveCall(FrameworkMethod.java:50)
	at org.junit.internal.runners.model.ReflectiveCallable.run(ReflectiveCallable.java:12)
	at org.junit.runners.model.FrameworkMethod.invokeExplosively(FrameworkMethod.java:47)
	at org.junit.internal.runners.statements.InvokeMethod.evaluate(InvokeMethod.java:17)
	at org.junit.runners.ParentRunner.runLeaf(ParentRunner.java:325)
	at org.junit.runners.BlockJUnit4ClassRunner.runChild(BlockJUnit4ClassRunner.java:78)
	at org.junit.runners.BlockJUnit4ClassRunner.runChild(BlockJUnit4ClassRunner.java:57)
	at org.junit.runners.ParentRunner$3.run(ParentRunner.java:290)
	at org.junit.runners.ParentRunner$1.schedule(ParentRunner.java:71)
	at org.junit.runners.ParentRunner.runChildren(ParentRunner.java:288)
	at org.junit.runners.ParentRunner.access$000(ParentRunner.java:58)
	at org.junit.runners.ParentRunner$2.evaluate(ParentRunner.java:268)
	at org.junit.runners.ParentRunner.run(ParentRunner.java:363)
	at org.gradle.api.internal.tasks.testing.junit.JUnitTestClassExecuter.runTestClass(JUnitTestClassExecuter.java:114)
	at org.gradle.api.internal.tasks.testing.junit.JUnitTestClassExecuter.execute(JUnitTestClassExecuter.java:57)
	at org.gradle.api.internal.tasks.testing.junit.JUnitTestClassProcessor.processTestClass(JUnitTestClassProcessor.java:66)
	at org.gradle.api.internal.tasks.testing.SuiteTestClassProcessor.processTestClass(SuiteTestClassProcessor.java:51)
	at sun.reflect.GeneratedMethodAccessor81.invoke(Unknown Source)
	at sun.reflect.DelegatingMethodAccessorImpl.invoke(DelegatingMethodAccessorImpl.java:43)
	at java.lang.reflect.Method.invoke(Method.java:498)
	at org.gradle.internal.dispatch.ReflectionDispatch.dispatch(ReflectionDispatch.java:35)
	at org.gradle.internal.dispatch.ReflectionDispatch.dispatch(ReflectionDispatch.java:24)
	at org.gradle.internal.dispatch.ContextClassLoaderDispatch.dispatch(ContextClassLoaderDispatch.java:32)
	at org.gradle.internal.dispatch.ProxyDispatchAdapter$DispatchingInvocationHandler.invoke(ProxyDispatchAdapter.java:93)
	at com.sun.proxy.$Proxy2.processTestClass(Unknown Source)
	at org.gradle.api.internal.tasks.testing.worker.TestWorker.processTestClass(TestWorker.java:109)
	at sun.reflect.GeneratedMethodAccessor80.invoke(Unknown Source)
	at sun.reflect.DelegatingMethodAccessorImpl.invoke(DelegatingMethodAccessorImpl.java:43)
	at java.lang.reflect.Method.invoke(Method.java:498)
	at org.gradle.internal.dispatch.ReflectionDispatch.dispatch(ReflectionDispatch.java:35)
	at org.gradle.internal.dispatch.ReflectionDispatch.dispatch(ReflectionDispatch.java:24)
	at org.gradle.internal.remote.internal.hub.MessageHub$Handler.run(MessageHub.java:377)
	at org.gradle.internal.concurrent.ExecutorPolicy$CatchAndRecordFailures.onExecute(ExecutorPolicy.java:54)
	at org.gradle.internal.concurrent.StoppableExecutorImpl$1.run(StoppableExecutorImpl.java:40)
	at java.util.concurrent.ThreadPoolExecutor.runWorker(ThreadPoolExecutor.java:1142)
	at java.util.concurrent.ThreadPoolExecutor$Worker.run(ThreadPoolExecutor.java:617)
	at java.lang.Thread.run(Thread.java:745)
</pre>
</span>
</div>
<div class="test">
<a name="testOptionalMatchAcceptance_20"></a>
<h3 class="failures">testOptionalMatchAcceptance_20</h3>
<span class="code">
<pre>java.lang.RuntimeException: Unrecoverable error during compilation: Variable name not found: a
	at ingraph.cypher2relalg.util.IngraphLogger.unrecoverableError(IngraphLogger.java:88)
	at ingraph.cypher2relalg.VariableBuilder._buildRelalgVariable(VariableBuilder.java:325)
	at ingraph.cypher2relalg.VariableBuilder.buildRelalgVariable(VariableBuilder.java:610)
	at ingraph.cypher2relalg.VariableBuilder.lambda$_buildVariableExpression$8(VariableBuilder.java:577)
	at org.eclipse.xtext.xbase.lib.ObjectExtensions.operator_doubleArrow(ObjectExtensions.java:139)
	at ingraph.cypher2relalg.VariableBuilder._buildVariableExpression(VariableBuilder.java:582)
	at ingraph.cypher2relalg.VariableBuilder.buildVariableExpression(VariableBuilder.java:632)
	at ingraph.cypher2relalg.RelalgBuilder._buildRelalgExpression(RelalgBuilder.java:1094)
	at ingraph.cypher2relalg.RelalgBuilder.buildRelalgExpression(RelalgBuilder.java:1724)
	at ingraph.cypher2relalg.RelalgBuilder.lambda$null$8(RelalgBuilder.java:450)
	at org.eclipse.xtext.xbase.lib.internal.FunctionDelegate.apply(FunctionDelegate.java:42)
	at com.google.common.collect.Lists$TransformingRandomAccessList$1.transform(Lists.java:651)
	at com.google.common.collect.TransformedIterator.next(TransformedIterator.java:47)
	at java.util.AbstractCollection.addAll(AbstractCollection.java:343)
	at java.util.LinkedHashSet.&lt;init&gt;(LinkedHashSet.java:169)
	at org.eclipse.emf.common.util.AbstractEList.getNonDuplicates(AbstractEList.java:1164)
	at org.eclipse.emf.common.util.AbstractEList.addAll(AbstractEList.java:368)
	at ingraph.cypher2relalg.RelalgBuilder.lambda$buildRelalgReturnBody$9(RelalgBuilder.java:454)
	at org.eclipse.xtext.xbase.lib.ObjectExtensions.operator_doubleArrow(ObjectExtensions.java:139)
	at ingraph.cypher2relalg.RelalgBuilder.buildRelalgReturnBody(RelalgBuilder.java:456)
	at ingraph.cypher2relalg.RelalgBuilder._buildRelalgReturn(RelalgBuilder.java:616)
	at ingraph.cypher2relalg.RelalgBuilder.buildRelalgReturn(RelalgBuilder.java:1643)
	at ingraph.cypher2relalg.RelalgBuilder._buildRelalgSubQuery(RelalgBuilder.java:363)
	at ingraph.cypher2relalg.RelalgBuilder._buildRelalg(RelalgBuilder.java:283)
	at ingraph.cypher2relalg.RelalgBuilder.buildRelalg(RelalgBuilder.java:1622)
	at ingraph.cypher2relalg.RelalgBuilder.build(RelalgBuilder.java:214)
	at ingraph.cypher2relalg.Cypher2Relalg.processCypher(Cypher2Relalg.java:22)
	at ingraph.cypher2relalg.tck.tests.OptionalMatchAcceptanceParserTest.testOptionalMatchAcceptance_20(OptionalMatchAcceptanceParserTest.java:420)
	at sun.reflect.NativeMethodAccessorImpl.invoke0(Native Method)
	at sun.reflect.NativeMethodAccessorImpl.invoke(NativeMethodAccessorImpl.java:62)
	at sun.reflect.DelegatingMethodAccessorImpl.invoke(DelegatingMethodAccessorImpl.java:43)
	at java.lang.reflect.Method.invoke(Method.java:498)
	at org.junit.runners.model.FrameworkMethod$1.runReflectiveCall(FrameworkMethod.java:50)
	at org.junit.internal.runners.model.ReflectiveCallable.run(ReflectiveCallable.java:12)
	at org.junit.runners.model.FrameworkMethod.invokeExplosively(FrameworkMethod.java:47)
	at org.junit.internal.runners.statements.InvokeMethod.evaluate(InvokeMethod.java:17)
	at org.junit.runners.ParentRunner.runLeaf(ParentRunner.java:325)
	at org.junit.runners.BlockJUnit4ClassRunner.runChild(BlockJUnit4ClassRunner.java:78)
	at org.junit.runners.BlockJUnit4ClassRunner.runChild(BlockJUnit4ClassRunner.java:57)
	at org.junit.runners.ParentRunner$3.run(ParentRunner.java:290)
	at org.junit.runners.ParentRunner$1.schedule(ParentRunner.java:71)
	at org.junit.runners.ParentRunner.runChildren(ParentRunner.java:288)
	at org.junit.runners.ParentRunner.access$000(ParentRunner.java:58)
	at org.junit.runners.ParentRunner$2.evaluate(ParentRunner.java:268)
	at org.junit.runners.ParentRunner.run(ParentRunner.java:363)
	at org.gradle.api.internal.tasks.testing.junit.JUnitTestClassExecuter.runTestClass(JUnitTestClassExecuter.java:114)
	at org.gradle.api.internal.tasks.testing.junit.JUnitTestClassExecuter.execute(JUnitTestClassExecuter.java:57)
	at org.gradle.api.internal.tasks.testing.junit.JUnitTestClassProcessor.processTestClass(JUnitTestClassProcessor.java:66)
	at org.gradle.api.internal.tasks.testing.SuiteTestClassProcessor.processTestClass(SuiteTestClassProcessor.java:51)
	at sun.reflect.GeneratedMethodAccessor81.invoke(Unknown Source)
	at sun.reflect.DelegatingMethodAccessorImpl.invoke(DelegatingMethodAccessorImpl.java:43)
	at java.lang.reflect.Method.invoke(Method.java:498)
	at org.gradle.internal.dispatch.ReflectionDispatch.dispatch(ReflectionDispatch.java:35)
	at org.gradle.internal.dispatch.ReflectionDispatch.dispatch(ReflectionDispatch.java:24)
	at org.gradle.internal.dispatch.ContextClassLoaderDispatch.dispatch(ContextClassLoaderDispatch.java:32)
	at org.gradle.internal.dispatch.ProxyDispatchAdapter$DispatchingInvocationHandler.invoke(ProxyDispatchAdapter.java:93)
	at com.sun.proxy.$Proxy2.processTestClass(Unknown Source)
	at org.gradle.api.internal.tasks.testing.worker.TestWorker.processTestClass(TestWorker.java:109)
	at sun.reflect.GeneratedMethodAccessor80.invoke(Unknown Source)
	at sun.reflect.DelegatingMethodAccessorImpl.invoke(DelegatingMethodAccessorImpl.java:43)
	at java.lang.reflect.Method.invoke(Method.java:498)
	at org.gradle.internal.dispatch.ReflectionDispatch.dispatch(ReflectionDispatch.java:35)
	at org.gradle.internal.dispatch.ReflectionDispatch.dispatch(ReflectionDispatch.java:24)
	at org.gradle.internal.remote.internal.hub.MessageHub$Handler.run(MessageHub.java:377)
	at org.gradle.internal.concurrent.ExecutorPolicy$CatchAndRecordFailures.onExecute(ExecutorPolicy.java:54)
	at org.gradle.internal.concurrent.StoppableExecutorImpl$1.run(StoppableExecutorImpl.java:40)
	at java.util.concurrent.ThreadPoolExecutor.runWorker(ThreadPoolExecutor.java:1142)
	at java.util.concurrent.ThreadPoolExecutor$Worker.run(ThreadPoolExecutor.java:617)
	at java.lang.Thread.run(Thread.java:745)
</pre>
</span>
</div>
<div class="test">
<a name="testOptionalMatchAcceptance_22"></a>
<h3 class="failures">testOptionalMatchAcceptance_22</h3>
<span class="code">
<pre>java.lang.IllegalArgumentException: No enum constant relalg.function.Function.COLLECT
	at java.lang.Enum.valueOf(Enum.java:238)
	at relalg.function.Function.valueOf(Function.java:20)
	at ingraph.cypher2relalg.RelalgBuilder.populateFunctionExpression(RelalgBuilder.java:1607)
	at ingraph.cypher2relalg.RelalgBuilder._buildRelalgExpression(RelalgBuilder.java:1147)
	at ingraph.cypher2relalg.RelalgBuilder.buildRelalgExpression(RelalgBuilder.java:1720)
	at ingraph.cypher2relalg.RelalgBuilder.lambda$null$8(RelalgBuilder.java:450)
	at org.eclipse.xtext.xbase.lib.internal.FunctionDelegate.apply(FunctionDelegate.java:42)
	at com.google.common.collect.Lists$TransformingRandomAccessList$1.transform(Lists.java:651)
	at com.google.common.collect.TransformedIterator.next(TransformedIterator.java:47)
	at java.util.AbstractCollection.addAll(AbstractCollection.java:343)
	at java.util.LinkedHashSet.&lt;init&gt;(LinkedHashSet.java:169)
	at org.eclipse.emf.common.util.AbstractEList.getNonDuplicates(AbstractEList.java:1164)
	at org.eclipse.emf.common.util.AbstractEList.addAll(AbstractEList.java:368)
	at ingraph.cypher2relalg.RelalgBuilder.lambda$buildRelalgReturnBody$9(RelalgBuilder.java:454)
	at org.eclipse.xtext.xbase.lib.ObjectExtensions.operator_doubleArrow(ObjectExtensions.java:139)
	at ingraph.cypher2relalg.RelalgBuilder.buildRelalgReturnBody(RelalgBuilder.java:456)
	at ingraph.cypher2relalg.RelalgBuilder._buildRelalgReturn(RelalgBuilder.java:601)
	at ingraph.cypher2relalg.RelalgBuilder.buildRelalgReturn(RelalgBuilder.java:1641)
	at ingraph.cypher2relalg.RelalgBuilder._buildRelalgSubQuery(RelalgBuilder.java:363)
	at ingraph.cypher2relalg.RelalgBuilder._buildRelalg(RelalgBuilder.java:283)
	at ingraph.cypher2relalg.RelalgBuilder.buildRelalg(RelalgBuilder.java:1622)
	at ingraph.cypher2relalg.RelalgBuilder.build(RelalgBuilder.java:214)
	at ingraph.cypher2relalg.Cypher2Relalg.processCypher(Cypher2Relalg.java:22)
	at ingraph.cypher2relalg.tck.tests.OptionalMatchAcceptanceParserTest.testOptionalMatchAcceptance_22(OptionalMatchAcceptanceParserTest.java:468)
	at sun.reflect.NativeMethodAccessorImpl.invoke0(Native Method)
	at sun.reflect.NativeMethodAccessorImpl.invoke(NativeMethodAccessorImpl.java:62)
	at sun.reflect.DelegatingMethodAccessorImpl.invoke(DelegatingMethodAccessorImpl.java:43)
	at java.lang.reflect.Method.invoke(Method.java:498)
	at org.junit.runners.model.FrameworkMethod$1.runReflectiveCall(FrameworkMethod.java:50)
	at org.junit.internal.runners.model.ReflectiveCallable.run(ReflectiveCallable.java:12)
	at org.junit.runners.model.FrameworkMethod.invokeExplosively(FrameworkMethod.java:47)
	at org.junit.internal.runners.statements.InvokeMethod.evaluate(InvokeMethod.java:17)
	at org.junit.runners.ParentRunner.runLeaf(ParentRunner.java:325)
	at org.junit.runners.BlockJUnit4ClassRunner.runChild(BlockJUnit4ClassRunner.java:78)
	at org.junit.runners.BlockJUnit4ClassRunner.runChild(BlockJUnit4ClassRunner.java:57)
	at org.junit.runners.ParentRunner$3.run(ParentRunner.java:290)
	at org.junit.runners.ParentRunner$1.schedule(ParentRunner.java:71)
	at org.junit.runners.ParentRunner.runChildren(ParentRunner.java:288)
	at org.junit.runners.ParentRunner.access$000(ParentRunner.java:58)
	at org.junit.runners.ParentRunner$2.evaluate(ParentRunner.java:268)
	at org.junit.runners.ParentRunner.run(ParentRunner.java:363)
	at org.gradle.api.internal.tasks.testing.junit.JUnitTestClassExecuter.runTestClass(JUnitTestClassExecuter.java:114)
	at org.gradle.api.internal.tasks.testing.junit.JUnitTestClassExecuter.execute(JUnitTestClassExecuter.java:57)
	at org.gradle.api.internal.tasks.testing.junit.JUnitTestClassProcessor.processTestClass(JUnitTestClassProcessor.java:66)
	at org.gradle.api.internal.tasks.testing.SuiteTestClassProcessor.processTestClass(SuiteTestClassProcessor.java:51)
	at sun.reflect.GeneratedMethodAccessor81.invoke(Unknown Source)
	at sun.reflect.DelegatingMethodAccessorImpl.invoke(DelegatingMethodAccessorImpl.java:43)
	at java.lang.reflect.Method.invoke(Method.java:498)
	at org.gradle.internal.dispatch.ReflectionDispatch.dispatch(ReflectionDispatch.java:35)
	at org.gradle.internal.dispatch.ReflectionDispatch.dispatch(ReflectionDispatch.java:24)
	at org.gradle.internal.dispatch.ContextClassLoaderDispatch.dispatch(ContextClassLoaderDispatch.java:32)
	at org.gradle.internal.dispatch.ProxyDispatchAdapter$DispatchingInvocationHandler.invoke(ProxyDispatchAdapter.java:93)
	at com.sun.proxy.$Proxy2.processTestClass(Unknown Source)
	at org.gradle.api.internal.tasks.testing.worker.TestWorker.processTestClass(TestWorker.java:109)
	at sun.reflect.GeneratedMethodAccessor80.invoke(Unknown Source)
	at sun.reflect.DelegatingMethodAccessorImpl.invoke(DelegatingMethodAccessorImpl.java:43)
	at java.lang.reflect.Method.invoke(Method.java:498)
	at org.gradle.internal.dispatch.ReflectionDispatch.dispatch(ReflectionDispatch.java:35)
	at org.gradle.internal.dispatch.ReflectionDispatch.dispatch(ReflectionDispatch.java:24)
	at org.gradle.internal.remote.internal.hub.MessageHub$Handler.run(MessageHub.java:377)
	at org.gradle.internal.concurrent.ExecutorPolicy$CatchAndRecordFailures.onExecute(ExecutorPolicy.java:54)
	at org.gradle.internal.concurrent.StoppableExecutorImpl$1.run(StoppableExecutorImpl.java:40)
	at java.util.concurrent.ThreadPoolExecutor.runWorker(ThreadPoolExecutor.java:1142)
	at java.util.concurrent.ThreadPoolExecutor$Worker.run(ThreadPoolExecutor.java:617)
	at java.lang.Thread.run(Thread.java:745)
</pre>
</span>
</div>
</div>
<div id="tab1" class="tab">
<h2>Tests</h2>
<table>
<thead>
<tr>
<th>Test</th>
<th>Duration</th>
<th>Result</th>
</tr>
</thead>
<tr>
<td class="success">testOptionalMatchAcceptance_01</td>
<td>0.126s</td>
<td class="success">passed</td>
</tr>
<tr>
<td class="failures">testOptionalMatchAcceptance_02</td>
<td>0.161s</td>
<td class="failures">failed</td>
</tr>
<tr>
<td class="success">testOptionalMatchAcceptance_03</td>
<td>0.129s</td>
<td class="success">passed</td>
</tr>
<tr>
<td class="success">testOptionalMatchAcceptance_04</td>
<td>0.151s</td>
<td class="success">passed</td>
</tr>
<tr>
<td class="success">testOptionalMatchAcceptance_05</td>
<td>0.154s</td>
<td class="success">passed</td>
</tr>
<tr>
<td class="success">testOptionalMatchAcceptance_06</td>
<td>0.070s</td>
<td class="success">passed</td>
</tr>
<tr>
<td class="failures">testOptionalMatchAcceptance_07</td>
<td>0.077s</td>
<td class="failures">failed</td>
</tr>
<tr>
<td class="success">testOptionalMatchAcceptance_08</td>
<td>0.072s</td>
<td class="success">passed</td>
</tr>
<tr>
<td class="success">testOptionalMatchAcceptance_09</td>
<td>0.069s</td>
<td class="success">passed</td>
</tr>
<tr>
<td class="failures">testOptionalMatchAcceptance_10</td>
<td>0.076s</td>
<td class="failures">failed</td>
</tr>
<tr>
<td class="success">testOptionalMatchAcceptance_11</td>
<td>0.221s</td>
<td class="success">passed</td>
</tr>
<tr>
<td class="success">testOptionalMatchAcceptance_12</td>
<td>0.086s</td>
<td class="success">passed</td>
</tr>
<tr>
<td class="success">testOptionalMatchAcceptance_13</td>
<td>0.081s</td>
<td class="success">passed</td>
</tr>
<tr>
<td class="failures">testOptionalMatchAcceptance_14</td>
<td>0.067s</td>
<td class="failures">failed</td>
</tr>
<tr>
<td class="success">testOptionalMatchAcceptance_15</td>
<td>0.141s</td>
<td class="success">passed</td>
</tr>
<tr>
<td class="failures">testOptionalMatchAcceptance_16</td>
<td>0.113s</td>
<td class="failures">failed</td>
</tr>
<tr>
<td class="success">testOptionalMatchAcceptance_17</td>
<td>0.074s</td>
<td class="success">passed</td>
</tr>
<tr>
<td class="success">testOptionalMatchAcceptance_18</td>
<td>0.068s</td>
<td class="success">passed</td>
</tr>
<tr>
<td class="success">testOptionalMatchAcceptance_19</td>
<td>0.070s</td>
<td class="success">passed</td>
</tr>
<tr>
<td class="failures">testOptionalMatchAcceptance_20</td>
<td>0.079s</td>
<td class="failures">failed</td>
</tr>
<tr>
<td class="success">testOptionalMatchAcceptance_21</td>
<td>0.194s</td>
<td class="success">passed</td>
</tr>
<tr>
<td class="failures">testOptionalMatchAcceptance_22</td>
<td>0.132s</td>
<td class="failures">failed</td>
</tr>
</table>
</div>
<div id="tab2" class="tab">
<h2>Standard error</h2>
<span class="code">
<pre>Mar 03, 2017 8:50:19 AM ingraph.cypher2relalg.util.IngraphLogger log
SEVERE: Variable assignment not supported for PatternPart (in MATCH clause)
Mar 03, 2017 8:50:19 AM ingraph.cypher2relalg.util.IngraphLogger log
SEVERE: Variable assignment not supported for PatternPart (in MATCH clause)
Mar 03, 2017 8:50:19 AM ingraph.cypher2relalg.util.IngraphLogger log
SEVERE: Variable assignment not supported for PatternPart (in MATCH clause)
Mar 03, 2017 8:50:19 AM ingraph.cypher2relalg.util.IngraphLogger log
SEVERE: Variable assignment not supported for PatternPart (in MATCH clause)
Mar 03, 2017 8:50:19 AM ingraph.cypher2relalg.util.IngraphLogger log
SEVERE: Variable assignment not supported for PatternPart (in MATCH clause)
Mar 03, 2017 8:50:19 AM ingraph.cypher2relalg.util.IngraphLogger log
SEVERE: Variable assignment not supported for PatternPart (in MATCH clause)
Mar 03, 2017 8:50:19 AM ingraph.cypher2relalg.util.IngraphLogger log
SEVERE: Variable assignment not supported for PatternPart (in MATCH clause)
Mar 03, 2017 8:50:19 AM ingraph.cypher2relalg.util.IngraphLogger log
SEVERE: Variable assignment not supported for PatternPart (in MATCH clause)
Mar 03, 2017 8:50:19 AM ingraph.cypher2relalg.util.IngraphLogger log
SEVERE: Variable assignment not supported for PatternPart (in MATCH clause)
Mar 03, 2017 8:50:19 AM ingraph.cypher2relalg.util.IngraphLogger log
SEVERE: Variable assignment not supported for PatternPart (in MATCH clause)
Mar 03, 2017 8:50:19 AM ingraph.cypher2relalg.util.IngraphLogger log
SEVERE: Variable assignment not supported for PatternPart (in MATCH clause)
Mar 03, 2017 8:50:19 AM ingraph.cypher2relalg.util.IngraphLogger log
SEVERE: Variable assignment not supported for PatternPart (in MATCH clause)
Mar 03, 2017 8:50:19 AM ingraph.cypher2relalg.util.IngraphLogger log
SEVERE: Variable assignment not supported for PatternPart (in MATCH clause)
Mar 03, 2017 8:50:19 AM ingraph.cypher2relalg.util.IngraphLogger log
SEVERE: Variable assignment not supported for PatternPart (in MATCH clause)
Mar 03, 2017 8:50:19 AM ingraph.cypher2relalg.util.IngraphLogger log
SEVERE: Variable assignment not supported for PatternPart (in MATCH clause)
Mar 03, 2017 8:50:19 AM ingraph.cypher2relalg.util.IngraphLogger log
SEVERE: Variable assignment not supported for PatternPart (in MATCH clause)
Mar 03, 2017 8:50:19 AM ingraph.cypher2relalg.util.IngraphLogger log
SEVERE: Variable assignment not supported for PatternPart (in MATCH clause)
Mar 03, 2017 8:50:19 AM ingraph.cypher2relalg.util.IngraphLogger log
SEVERE: Variable assignment not supported for PatternPart (in MATCH clause)
Mar 03, 2017 8:50:19 AM ingraph.cypher2relalg.util.IngraphLogger log
SEVERE: Variable assignment not supported for PatternPart (in MATCH clause)
Mar 03, 2017 8:50:19 AM ingraph.cypher2relalg.util.IngraphLogger log
SEVERE: Variable assignment not supported for PatternPart (in MATCH clause)
Mar 03, 2017 8:50:19 AM ingraph.cypher2relalg.util.IngraphLogger log
SEVERE: Variable assignment not supported for PatternPart (in MATCH clause)
Mar 03, 2017 8:50:19 AM ingraph.cypher2relalg.util.IngraphLogger log
SEVERE: Variable assignment not supported for PatternPart (in MATCH clause)
Mar 03, 2017 8:50:19 AM ingraph.cypher2relalg.util.IngraphLogger log
SEVERE: Variable assignment not supported for PatternPart (in MATCH clause)
Mar 03, 2017 8:50:19 AM ingraph.cypher2relalg.util.IngraphLogger log
SEVERE: Variable assignment not supported for PatternPart (in MATCH clause)
Mar 03, 2017 8:50:19 AM ingraph.cypher2relalg.util.IngraphLogger log
SEVERE: Variable assignment not supported for PatternPart (in MATCH clause)
Mar 03, 2017 8:50:19 AM ingraph.cypher2relalg.util.IngraphLogger log
SEVERE: Variable assignment not supported for PatternPart (in MATCH clause)
Mar 03, 2017 8:50:19 AM ingraph.cypher2relalg.util.IngraphLogger log
SEVERE: Variable assignment not supported for PatternPart (in MATCH clause)
Mar 03, 2017 8:50:19 AM ingraph.cypher2relalg.util.IngraphLogger log
SEVERE: Variable assignment not supported for PatternPart (in MATCH clause)
Mar 03, 2017 8:50:19 AM ingraph.cypher2relalg.util.IngraphLogger log
SEVERE: Variable assignment not supported for PatternPart (in MATCH clause)
Mar 03, 2017 8:50:19 AM ingraph.cypher2relalg.util.IngraphLogger log
SEVERE: Variable assignment not supported for PatternPart (in MATCH clause)
Mar 03, 2017 8:50:19 AM ingraph.cypher2relalg.util.IngraphLogger log
SEVERE: Variable assignment not supported for PatternPart (in MATCH clause)
Mar 03, 2017 8:50:19 AM ingraph.cypher2relalg.util.IngraphLogger log
SEVERE: Variable assignment not supported for PatternPart (in MATCH clause)
Mar 03, 2017 8:50:19 AM ingraph.cypher2relalg.util.IngraphLogger log
SEVERE: Variable assignment not supported for PatternPart (in MATCH clause)
Mar 03, 2017 8:50:19 AM ingraph.cypher2relalg.util.IngraphLogger log
SEVERE: Variable assignment not supported for PatternPart (in MATCH clause)
Mar 03, 2017 8:50:19 AM ingraph.cypher2relalg.util.IngraphLogger log
SEVERE: Variable assignment not supported for PatternPart (in MATCH clause)
Mar 03, 2017 8:50:19 AM ingraph.cypher2relalg.util.IngraphLogger log
SEVERE: Variable assignment not supported for PatternPart (in MATCH clause)
Mar 03, 2017 8:50:19 AM ingraph.cypher2relalg.util.IngraphLogger log
SEVERE: Variable assignment not supported for PatternPart (in MATCH clause)
Mar 03, 2017 8:50:20 AM ingraph.cypher2relalg.util.IngraphLogger log
SEVERE: Variable assignment not supported for PatternPart (in MATCH clause)
Mar 03, 2017 8:50:20 AM ingraph.cypher2relalg.util.IngraphLogger log
SEVERE: Variable assignment not supported for PatternPart (in MATCH clause)
Mar 03, 2017 8:50:20 AM ingraph.cypher2relalg.util.IngraphLogger log
SEVERE: Variable assignment not supported for PatternPart (in MATCH clause)
Mar 03, 2017 8:50:20 AM ingraph.cypher2relalg.util.IngraphLogger log
SEVERE: Variable assignment not supported for PatternPart (in MATCH clause)
Mar 03, 2017 8:50:20 AM ingraph.cypher2relalg.util.IngraphLogger log
SEVERE: Variable assignment not supported for PatternPart (in MATCH clause)
Mar 03, 2017 8:50:20 AM ingraph.cypher2relalg.util.IngraphLogger log
SEVERE: Variable assignment not supported for PatternPart (in MATCH clause)
Mar 03, 2017 8:50:20 AM ingraph.cypher2relalg.util.IngraphLogger log
SEVERE: Variable assignment not supported for PatternPart (in MATCH clause)
Mar 03, 2017 8:50:20 AM ingraph.cypher2relalg.util.IngraphLogger log
SEVERE: Variable assignment not supported for PatternPart (in MATCH clause)
Mar 03, 2017 8:50:20 AM ingraph.cypher2relalg.util.IngraphLogger log
SEVERE: Variable assignment not supported for PatternPart (in MATCH clause)
Mar 03, 2017 8:50:20 AM ingraph.cypher2relalg.util.IngraphLogger log
SEVERE: Variable assignment not supported for PatternPart (in MATCH clause)
Mar 03, 2017 8:50:20 AM ingraph.cypher2relalg.util.IngraphLogger log
SEVERE: Variable assignment not supported for PatternPart (in MATCH clause)
Mar 03, 2017 8:50:20 AM ingraph.cypher2relalg.util.IngraphLogger log
SEVERE: Variable assignment not supported for PatternPart (in MATCH clause)
Mar 03, 2017 8:50:20 AM ingraph.cypher2relalg.util.IngraphLogger log
SEVERE: Variable assignment not supported for PatternPart (in MATCH clause)
Mar 03, 2017 8:50:20 AM ingraph.cypher2relalg.util.IngraphLogger log
SEVERE: Variable assignment not supported for PatternPart (in MATCH clause)
Mar 03, 2017 8:50:20 AM ingraph.cypher2relalg.util.IngraphLogger log
SEVERE: Variable assignment not supported for PatternPart (in MATCH clause)
Mar 03, 2017 8:50:20 AM ingraph.cypher2relalg.util.IngraphLogger log
SEVERE: Variable assignment not supported for PatternPart (in MATCH clause)
Mar 03, 2017 8:50:20 AM ingraph.cypher2relalg.util.IngraphLogger log
SEVERE: Variable assignment not supported for PatternPart (in MATCH clause)
Mar 03, 2017 8:50:20 AM ingraph.cypher2relalg.util.IngraphLogger log
SEVERE: Variable assignment not supported for PatternPart (in MATCH clause)
Mar 03, 2017 8:50:20 AM ingraph.cypher2relalg.util.IngraphLogger log
SEVERE: Variable assignment not supported for PatternPart (in MATCH clause)
Mar 03, 2017 8:50:20 AM ingraph.cypher2relalg.util.IngraphLogger log
SEVERE: Variable assignment not supported for PatternPart (in MATCH clause)
Mar 03, 2017 8:50:20 AM ingraph.cypher2relalg.util.IngraphLogger log
SEVERE: Variable assignment not supported for PatternPart (in MATCH clause)
Mar 03, 2017 8:50:20 AM ingraph.cypher2relalg.util.IngraphLogger log
SEVERE: Variable assignment not supported for PatternPart (in MATCH clause)
Mar 03, 2017 8:50:20 AM ingraph.cypher2relalg.util.IngraphLogger log
SEVERE: Variable assignment not supported for PatternPart (in MATCH clause)
Mar 03, 2017 8:50:20 AM ingraph.cypher2relalg.util.IngraphLogger log
SEVERE: Variable assignment not supported for PatternPart (in MATCH clause)
Mar 03, 2017 8:50:20 AM ingraph.cypher2relalg.util.IngraphLogger log
SEVERE: Variable assignment not supported for PatternPart (in MATCH clause)
Mar 03, 2017 8:50:20 AM ingraph.cypher2relalg.util.IngraphLogger log
SEVERE: Variable assignment not supported for PatternPart (in MATCH clause)
Mar 03, 2017 8:50:20 AM ingraph.cypher2relalg.util.IngraphLogger log
SEVERE: Variable assignment not supported for PatternPart (in MATCH clause)
Mar 03, 2017 8:50:20 AM ingraph.cypher2relalg.util.IngraphLogger log
SEVERE: Variable assignment not supported for PatternPart (in MATCH clause)
Mar 03, 2017 8:50:20 AM ingraph.cypher2relalg.util.IngraphLogger log
SEVERE: Variable assignment not supported for PatternPart (in MATCH clause)
Mar 03, 2017 8:50:20 AM ingraph.cypher2relalg.util.IngraphLogger log
SEVERE: Variable assignment not supported for PatternPart (in MATCH clause)
Mar 03, 2017 8:50:20 AM ingraph.cypher2relalg.util.IngraphLogger log
SEVERE: Variable assignment not supported for PatternPart (in MATCH clause)
Mar 03, 2017 8:50:20 AM ingraph.cypher2relalg.util.IngraphLogger log
SEVERE: Variable assignment not supported for PatternPart (in MATCH clause)
Mar 03, 2017 8:50:20 AM ingraph.cypher2relalg.util.IngraphLogger log
SEVERE: Variable assignment not supported for PatternPart (in MATCH clause)
Mar 03, 2017 8:50:20 AM ingraph.cypher2relalg.util.IngraphLogger log
SEVERE: Variable assignment not supported for PatternPart (in MATCH clause)
Mar 03, 2017 8:50:20 AM ingraph.cypher2relalg.util.IngraphLogger log
SEVERE: Variable assignment not supported for PatternPart (in MATCH clause)
Mar 03, 2017 8:50:20 AM ingraph.cypher2relalg.util.IngraphLogger log
SEVERE: Variable assignment not supported for PatternPart (in MATCH clause)
Mar 03, 2017 8:50:20 AM ingraph.cypher2relalg.util.IngraphLogger log
SEVERE: Variable assignment not supported for PatternPart (in MATCH clause)
Mar 03, 2017 8:50:20 AM ingraph.cypher2relalg.util.IngraphLogger log
SEVERE: Variable assignment not supported for PatternPart (in MATCH clause)
Mar 03, 2017 8:50:20 AM ingraph.cypher2relalg.util.IngraphLogger log
SEVERE: Variable assignment not supported for PatternPart (in MATCH clause)
Mar 03, 2017 8:50:20 AM ingraph.cypher2relalg.util.IngraphLogger log
SEVERE: Variable assignment not supported for PatternPart (in MATCH clause)
Mar 03, 2017 8:50:20 AM ingraph.cypher2relalg.util.IngraphLogger log
SEVERE: Variable assignment not supported for PatternPart (in MATCH clause)
Mar 03, 2017 8:50:20 AM ingraph.cypher2relalg.util.IngraphLogger log
SEVERE: Variable assignment not supported for PatternPart (in MATCH clause)
Mar 03, 2017 8:50:20 AM ingraph.cypher2relalg.util.IngraphLogger log
SEVERE: Variable assignment not supported for PatternPart (in MATCH clause)
Mar 03, 2017 8:50:20 AM ingraph.cypher2relalg.util.IngraphLogger log
SEVERE: Variable assignment not supported for PatternPart (in MATCH clause)
Mar 03, 2017 8:50:20 AM ingraph.cypher2relalg.util.IngraphLogger log
SEVERE: Variable assignment not supported for PatternPart (in MATCH clause)
Mar 03, 2017 8:50:20 AM ingraph.cypher2relalg.util.IngraphLogger log
SEVERE: Variable assignment not supported for PatternPart (in MATCH clause)
Mar 03, 2017 8:50:20 AM ingraph.cypher2relalg.util.IngraphLogger log
SEVERE: Variable assignment not supported for PatternPart (in MATCH clause)
Mar 03, 2017 8:50:20 AM ingraph.cypher2relalg.util.IngraphLogger log
SEVERE: Variable assignment not supported for PatternPart (in MATCH clause)
Mar 03, 2017 8:50:20 AM ingraph.cypher2relalg.util.IngraphLogger log
SEVERE: Variable assignment not supported for PatternPart (in MATCH clause)
Mar 03, 2017 8:50:20 AM ingraph.cypher2relalg.util.IngraphLogger log
SEVERE: Variable assignment not supported for PatternPart (in MATCH clause)
Mar 03, 2017 8:50:20 AM ingraph.cypher2relalg.util.IngraphLogger log
SEVERE: Variable assignment not supported for PatternPart (in MATCH clause)
Mar 03, 2017 8:50:20 AM ingraph.cypher2relalg.util.IngraphLogger log
SEVERE: Variable assignment not supported for PatternPart (in MATCH clause)
Mar 03, 2017 8:50:20 AM ingraph.cypher2relalg.util.IngraphLogger log
SEVERE: Variable assignment not supported for PatternPart (in MATCH clause)
Mar 03, 2017 8:50:20 AM ingraph.cypher2relalg.util.IngraphLogger log
SEVERE: Variable assignment not supported for PatternPart (in MATCH clause)
Mar 03, 2017 8:50:20 AM ingraph.cypher2relalg.util.IngraphLogger log
SEVERE: Variable assignment not supported for PatternPart (in MATCH clause)
Mar 03, 2017 8:50:20 AM ingraph.cypher2relalg.util.IngraphLogger log
SEVERE: Variable assignment not supported for PatternPart (in MATCH clause)
Mar 03, 2017 8:50:20 AM ingraph.cypher2relalg.util.IngraphLogger log
SEVERE: Variable assignment not supported for PatternPart (in MATCH clause)
Mar 03, 2017 8:50:20 AM ingraph.cypher2relalg.util.IngraphLogger log
SEVERE: Variable assignment not supported for PatternPart (in MATCH clause)
Mar 03, 2017 8:50:20 AM ingraph.cypher2relalg.util.IngraphLogger log
SEVERE: Variable assignment not supported for PatternPart (in MATCH clause)
Mar 03, 2017 8:50:20 AM ingraph.cypher2relalg.util.IngraphLogger log
SEVERE: Variable assignment not supported for PatternPart (in MATCH clause)
Mar 03, 2017 8:50:20 AM ingraph.cypher2relalg.util.IngraphLogger log
SEVERE: Variable assignment not supported for PatternPart (in MATCH clause)
Mar 03, 2017 8:50:20 AM ingraph.cypher2relalg.util.IngraphLogger log
SEVERE: Variable assignment not supported for PatternPart (in MATCH clause)
Mar 03, 2017 8:50:20 AM ingraph.cypher2relalg.util.IngraphLogger log
SEVERE: Variable assignment not supported for PatternPart (in MATCH clause)
Mar 03, 2017 8:50:20 AM ingraph.cypher2relalg.util.IngraphLogger log
SEVERE: Variable assignment not supported for PatternPart (in MATCH clause)
Mar 03, 2017 8:50:20 AM ingraph.cypher2relalg.util.IngraphLogger log
SEVERE: Variable assignment not supported for PatternPart (in MATCH clause)
Mar 03, 2017 8:50:20 AM ingraph.cypher2relalg.util.IngraphLogger log
SEVERE: Variable assignment not supported for PatternPart (in MATCH clause)
Mar 03, 2017 8:50:20 AM ingraph.cypher2relalg.util.IngraphLogger log
SEVERE: Variable assignment not supported for PatternPart (in MATCH clause)
Mar 03, 2017 8:50:20 AM ingraph.cypher2relalg.util.IngraphLogger log
SEVERE: Variable assignment not supported for PatternPart (in MATCH clause)
Mar 03, 2017 8:50:20 AM ingraph.cypher2relalg.util.IngraphLogger log
SEVERE: Variable assignment not supported for PatternPart (in MATCH clause)
Mar 03, 2017 8:50:20 AM ingraph.cypher2relalg.util.IngraphLogger log
SEVERE: Variable assignment not supported for PatternPart (in MATCH clause)
Mar 03, 2017 8:50:20 AM ingraph.cypher2relalg.util.IngraphLogger log
SEVERE: Variable assignment not supported for PatternPart (in MATCH clause)
Mar 03, 2017 8:50:20 AM ingraph.cypher2relalg.util.IngraphLogger log
SEVERE: Variable assignment not supported for PatternPart (in MATCH clause)
Mar 03, 2017 8:50:20 AM ingraph.cypher2relalg.util.IngraphLogger log
SEVERE: Variable assignment not supported for PatternPart (in MATCH clause)
Mar 03, 2017 8:50:20 AM ingraph.cypher2relalg.util.IngraphLogger log
SEVERE: Variable assignment not supported for PatternPart (in MATCH clause)
Mar 03, 2017 8:50:20 AM ingraph.cypher2relalg.util.IngraphLogger log
SEVERE: Variable assignment not supported for PatternPart (in MATCH clause)
Mar 03, 2017 8:50:20 AM ingraph.cypher2relalg.util.IngraphLogger log
SEVERE: Variable assignment not supported for PatternPart (in MATCH clause)
Mar 03, 2017 8:50:20 AM ingraph.cypher2relalg.util.IngraphLogger log
SEVERE: Variable assignment not supported for PatternPart (in MATCH clause)
Mar 03, 2017 8:50:20 AM ingraph.cypher2relalg.util.IngraphLogger log
SEVERE: Variable assignment not supported for PatternPart (in MATCH clause)
Mar 03, 2017 8:50:20 AM ingraph.cypher2relalg.util.IngraphLogger log
SEVERE: Variable assignment not supported for PatternPart (in MATCH clause)
Mar 03, 2017 8:50:20 AM ingraph.cypher2relalg.util.IngraphLogger log
SEVERE: Variable assignment not supported for PatternPart (in MATCH clause)
Mar 03, 2017 8:50:20 AM ingraph.cypher2relalg.util.IngraphLogger log
SEVERE: Variable assignment not supported for PatternPart (in MATCH clause)
Mar 03, 2017 8:50:20 AM ingraph.cypher2relalg.util.IngraphLogger log
SEVERE: Variable assignment not supported for PatternPart (in MATCH clause)
Mar 03, 2017 8:50:20 AM ingraph.cypher2relalg.util.IngraphLogger log
SEVERE: Variable assignment not supported for PatternPart (in MATCH clause)
Mar 03, 2017 8:50:20 AM ingraph.cypher2relalg.util.IngraphLogger log
SEVERE: Variable assignment not supported for PatternPart (in MATCH clause)
Mar 03, 2017 8:50:20 AM ingraph.cypher2relalg.util.IngraphLogger log
SEVERE: Variable assignment not supported for PatternPart (in MATCH clause)
Mar 03, 2017 8:50:20 AM ingraph.cypher2relalg.util.IngraphLogger log
SEVERE: Variable assignment not supported for PatternPart (in MATCH clause)
Mar 03, 2017 8:50:20 AM ingraph.cypher2relalg.util.IngraphLogger log
SEVERE: Variable assignment not supported for PatternPart (in MATCH clause)
Mar 03, 2017 8:50:20 AM ingraph.cypher2relalg.util.IngraphLogger log
SEVERE: Variable assignment not supported for PatternPart (in MATCH clause)
Mar 03, 2017 8:50:20 AM ingraph.cypher2relalg.util.IngraphLogger log
SEVERE: Variable assignment not supported for PatternPart (in MATCH clause)
Mar 03, 2017 8:50:20 AM ingraph.cypher2relalg.util.IngraphLogger log
SEVERE: Variable assignment not supported for PatternPart (in MATCH clause)
Mar 03, 2017 8:50:20 AM ingraph.cypher2relalg.util.IngraphLogger log
SEVERE: Variable assignment not supported for PatternPart (in MATCH clause)
Mar 03, 2017 8:50:20 AM ingraph.cypher2relalg.util.IngraphLogger log
SEVERE: Variable assignment not supported for PatternPart (in MATCH clause)
Mar 03, 2017 8:50:20 AM ingraph.cypher2relalg.util.IngraphLogger log
SEVERE: Variable assignment not supported for PatternPart (in MATCH clause)
Mar 03, 2017 8:50:20 AM ingraph.cypher2relalg.util.IngraphLogger log
SEVERE: Variable assignment not supported for PatternPart (in MATCH clause)
Mar 03, 2017 8:50:20 AM ingraph.cypher2relalg.util.IngraphLogger log
SEVERE: Variable assignment not supported for PatternPart (in MATCH clause)
Mar 03, 2017 8:50:20 AM ingraph.cypher2relalg.util.IngraphLogger log
SEVERE: Variable assignment not supported for PatternPart (in MATCH clause)
Mar 03, 2017 8:50:20 AM ingraph.cypher2relalg.util.IngraphLogger log
SEVERE: Variable assignment not supported for PatternPart (in MATCH clause)
Mar 03, 2017 8:50:20 AM ingraph.cypher2relalg.util.IngraphLogger log
SEVERE: Variable assignment not supported for PatternPart (in MATCH clause)
Mar 03, 2017 8:50:21 AM ingraph.cypher2relalg.util.IngraphLogger log
SEVERE: Variable name not found: a
Mar 03, 2017 8:50:21 AM ingraph.cypher2relalg.util.IngraphLogger log
SEVERE: Variable name not found: a
Mar 03, 2017 8:50:21 AM ingraph.cypher2relalg.util.IngraphLogger log
SEVERE: Variable name not found: a
Mar 03, 2017 8:50:21 AM ingraph.cypher2relalg.util.IngraphLogger log
SEVERE: Variable name not found: a
Mar 03, 2017 8:50:21 AM ingraph.cypher2relalg.util.IngraphLogger log
SEVERE: Variable name not found: a
Mar 03, 2017 8:50:21 AM ingraph.cypher2relalg.util.IngraphLogger log
SEVERE: Variable name not found: a
Mar 03, 2017 8:50:21 AM ingraph.cypher2relalg.util.IngraphLogger log
SEVERE: Variable name not found: a
Mar 03, 2017 8:50:21 AM ingraph.cypher2relalg.util.IngraphLogger log
SEVERE: Variable name not found: a
Mar 03, 2017 8:50:21 AM ingraph.cypher2relalg.util.IngraphLogger log
SEVERE: Variable name not found: a
Mar 03, 2017 8:50:21 AM ingraph.cypher2relalg.util.IngraphLogger log
SEVERE: Variable name not found: a
Mar 03, 2017 8:50:21 AM ingraph.cypher2relalg.util.IngraphLogger log
SEVERE: Variable name not found: a
Mar 03, 2017 8:50:21 AM ingraph.cypher2relalg.util.IngraphLogger log
SEVERE: Variable name not found: a
Mar 03, 2017 8:50:21 AM ingraph.cypher2relalg.util.IngraphLogger log
SEVERE: Variable name not found: a
Mar 03, 2017 8:50:21 AM ingraph.cypher2relalg.util.IngraphLogger log
SEVERE: Variable name not found: a
Mar 03, 2017 8:50:21 AM ingraph.cypher2relalg.util.IngraphLogger log
SEVERE: Variable name not found: a
Mar 03, 2017 8:50:21 AM ingraph.cypher2relalg.util.IngraphLogger log
SEVERE: Variable name not found: a
Mar 03, 2017 8:50:21 AM ingraph.cypher2relalg.util.IngraphLogger log
SEVERE: Variable name not found: a
Mar 03, 2017 8:50:21 AM ingraph.cypher2relalg.util.IngraphLogger log
SEVERE: Variable name not found: a
Mar 03, 2017 8:50:21 AM ingraph.cypher2relalg.util.IngraphLogger log
SEVERE: Variable name not found: a
Mar 03, 2017 8:50:21 AM ingraph.cypher2relalg.util.IngraphLogger log
SEVERE: Variable name not found: a
Mar 03, 2017 8:50:21 AM ingraph.cypher2relalg.util.IngraphLogger log
SEVERE: Variable name not found: a
Mar 03, 2017 8:50:21 AM ingraph.cypher2relalg.util.IngraphLogger log
SEVERE: Variable name not found: a
Mar 03, 2017 8:50:21 AM ingraph.cypher2relalg.util.IngraphLogger log
SEVERE: Variable name not found: a
Mar 03, 2017 8:50:21 AM ingraph.cypher2relalg.util.IngraphLogger log
SEVERE: Variable name not found: a
Mar 03, 2017 8:50:21 AM ingraph.cypher2relalg.util.IngraphLogger log
SEVERE: Variable name not found: a
Mar 03, 2017 8:50:21 AM ingraph.cypher2relalg.util.IngraphLogger log
SEVERE: Variable name not found: a
Mar 03, 2017 8:50:21 AM ingraph.cypher2relalg.util.IngraphLogger log
SEVERE: Variable name not found: a
Mar 03, 2017 8:50:21 AM ingraph.cypher2relalg.util.IngraphLogger log
SEVERE: Variable name not found: a
Mar 03, 2017 8:50:21 AM ingraph.cypher2relalg.util.IngraphLogger log
SEVERE: Variable name not found: a
Mar 03, 2017 8:50:21 AM ingraph.cypher2relalg.util.IngraphLogger log
SEVERE: Variable name not found: a
Mar 03, 2017 8:50:21 AM ingraph.cypher2relalg.util.IngraphLogger log
SEVERE: Variable name not found: a
Mar 03, 2017 8:50:21 AM ingraph.cypher2relalg.util.IngraphLogger log
SEVERE: Variable name not found: a
Mar 03, 2017 8:50:21 AM ingraph.cypher2relalg.util.IngraphLogger log
SEVERE: Variable name not found: a
Mar 03, 2017 8:50:21 AM ingraph.cypher2relalg.util.IngraphLogger log
SEVERE: Variable name not found: a
Mar 03, 2017 8:50:21 AM ingraph.cypher2relalg.util.IngraphLogger log
SEVERE: Variable name not found: a
Mar 03, 2017 8:50:21 AM ingraph.cypher2relalg.util.IngraphLogger log
SEVERE: Variable name not found: a
Mar 03, 2017 8:50:21 AM ingraph.cypher2relalg.util.IngraphLogger log
SEVERE: Variable name not found: a
Mar 03, 2017 8:50:21 AM ingraph.cypher2relalg.util.IngraphLogger log
SEVERE: Variable name not found: a
Mar 03, 2017 8:50:21 AM ingraph.cypher2relalg.util.IngraphLogger log
SEVERE: Variable name not found: a
Mar 03, 2017 8:50:21 AM ingraph.cypher2relalg.util.IngraphLogger log
SEVERE: Variable name not found: a
Mar 03, 2017 8:50:21 AM ingraph.cypher2relalg.util.IngraphLogger log
SEVERE: Variable name not found: a
Mar 03, 2017 8:50:21 AM ingraph.cypher2relalg.util.IngraphLogger log
SEVERE: Variable name not found: a
Mar 03, 2017 8:50:21 AM ingraph.cypher2relalg.util.IngraphLogger log
SEVERE: Variable name not found: a
Mar 03, 2017 8:50:21 AM ingraph.cypher2relalg.util.IngraphLogger log
SEVERE: Variable name not found: a
Mar 03, 2017 8:50:21 AM ingraph.cypher2relalg.util.IngraphLogger log
SEVERE: Variable name not found: a
Mar 03, 2017 8:50:21 AM ingraph.cypher2relalg.util.IngraphLogger log
SEVERE: Variable name not found: a
Mar 03, 2017 8:50:21 AM ingraph.cypher2relalg.util.IngraphLogger log
SEVERE: Variable name not found: a
Mar 03, 2017 8:50:21 AM ingraph.cypher2relalg.util.IngraphLogger log
SEVERE: Variable name not found: a
Mar 03, 2017 8:50:21 AM ingraph.cypher2relalg.util.IngraphLogger log
SEVERE: Variable name not found: a
Mar 03, 2017 8:50:21 AM ingraph.cypher2relalg.util.IngraphLogger log
SEVERE: Variable name not found: a
Mar 03, 2017 8:50:21 AM ingraph.cypher2relalg.util.IngraphLogger log
SEVERE: Variable name not found: a
Mar 03, 2017 8:50:21 AM ingraph.cypher2relalg.util.IngraphLogger log
SEVERE: Variable name not found: a
Mar 03, 2017 8:50:21 AM ingraph.cypher2relalg.util.IngraphLogger log
SEVERE: Variable name not found: a
Mar 03, 2017 8:50:21 AM ingraph.cypher2relalg.util.IngraphLogger log
SEVERE: Variable name not found: a
Mar 03, 2017 8:50:21 AM ingraph.cypher2relalg.util.IngraphLogger log
SEVERE: Variable name not found: a
Mar 03, 2017 8:50:21 AM ingraph.cypher2relalg.util.IngraphLogger log
SEVERE: Variable name not found: a
Mar 03, 2017 8:50:21 AM ingraph.cypher2relalg.util.IngraphLogger log
SEVERE: Variable name not found: a
Mar 03, 2017 8:50:21 AM ingraph.cypher2relalg.util.IngraphLogger log
SEVERE: Variable name not found: a
Mar 03, 2017 8:50:21 AM ingraph.cypher2relalg.util.IngraphLogger log
SEVERE: Variable name not found: a
Mar 03, 2017 8:50:21 AM ingraph.cypher2relalg.util.IngraphLogger log
SEVERE: Variable name not found: a
Mar 03, 2017 8:50:21 AM ingraph.cypher2relalg.util.IngraphLogger log
SEVERE: Variable name not found: a
Mar 03, 2017 8:50:21 AM ingraph.cypher2relalg.util.IngraphLogger log
SEVERE: Variable name not found: a
Mar 03, 2017 8:50:21 AM ingraph.cypher2relalg.util.IngraphLogger log
SEVERE: Variable name not found: a
Mar 03, 2017 8:50:21 AM ingraph.cypher2relalg.util.IngraphLogger log
SEVERE: Variable name not found: a
</pre>
</span>
</div>
</div>
<div id="footer">
<p>
<div>
<label class="hidden" id="label-for-line-wrapping-toggle" for="line-wrapping-toggle">Wrap lines
<input id="line-wrapping-toggle" type="checkbox" autocomplete="off"/>
</label>
</div>Generated by 
<a href="http://www.gradle.org">Gradle 3.0</a> at Mar 3, 2017 8:50:47 AM</p>
</div>
</div>
</body>
</html>
